Game: Engine InvDisplayer global.otherentities.InvAdder
Game: Engine Dart Dart
Game: Engine RazLH_EntryFX global.props.Geometry
Game: Engine RankBling global.otherentities.RankBling
Game: Engine respwanerStart GEN_respawnpoint
Game: Engine OleIsland global.props.Teleporter
Game: Engine MeatGoo global.props.Geometry
Game: Engine CaravanStatic global.sound.SoundSource
Game: Engine NI_caravanFog NI_caravanFog
Game: Engine Lanterns global.props.Geometry
Game: Engine LilOlemedow mc.props.Meadow
Game: Engine Cobweb2 global.collectibles.Cobweb
Game: Engine Cobweb3 global.collectibles.Cobweb
Game: Engine hallOmeat global.props.Teleporter
Game: Engine Prop47 Prop
Game: Engine Prop2B Prop
Game: Engine ScriptBase8D ScriptBase
Game: Engine DemonBunny5D mc.characters.DemonBunny
Game: Engine KnifeThrowerTunnelOfLove26 global.enemies.KnifeThrowerTunnelOfLove
Game: Engine KnifeThrower44 global.enemies.KnifeThrower
Game: Engine DemonBunny5F mc.characters.DemonBunny
Game: Engine DemonBunny60 mc.characters.DemonBunny
Game: Engine ScriptBase90 ScriptBase
Game: Engine FireBreathingLion3 global.props.Geometry
Game: Engine Prop30 Prop
Game: Engine KnifeDude5 global.enemies.KnifeThrowerTunnelOfLove
Game: Engine __Dupe_splRailLovM__1 global.props.Railslide
Game: Engine suitcaseBAG global.collectibles.EmotionalBaggage
Game: Engine suitcaseBAGLeftTear global.effects.EmoBagTearFX
Game: Engine suitcaseBAGRightTear global.effects.EmoBagTearFX
Game: Engine door2 global.props.TriggeredGeometry
Game: Engine FireBreathingLion global.props.Geometry
Game: Engine FireBreathingLion4 global.props.Geometry
Game: Engine RingMaster global.props.Geometry
Game: Engine FireBreathingLion5 global.props.Geometry
Game: Engine splRope14 global.props.Tightrope
Game: Engine CobWebSparkleFX3C global.effects.CobWebSparkleFX
Game: Engine Cobweb1 global.collectibles.Cobweb
Game: Engine splRope17 global.props.Tightrope
Game: Engine TentEntrance2 global.props.Teleporter
Game: Engine respwaner GEN_respawnpoint
Game: Engine purseBAGRightTear global.effects.EmoBagTearFX
Game: Engine purseBAG global.collectibles.EmotionalBaggage
Game: Engine purseBAGLeftTear global.effects.EmoBagTearFX
Game: Engine FireBreathingLion6 global.props.Geometry
Game: Engine steamertrunkTAG global.collectibles.EmotionalBaggageTag
Game: Engine RedemptionMachine global.characters.RedemptionMachine
Game: Engine MCTCtoMCBB global.props.Teleporter
Game: Engine MeleeCraneFX8F global.effects.MeleeCraneFX
Game: Engine TelekinesisClaw2TKHolder dummy
Game: Engine TelekinesisClaw2 TKClaw
Game: Engine TelekinesisClaw1RazTKClawLine ParticleEmitter
Game: Engine MeleeFistFade8E global.effects.MeleeFistFade
Game: Engine RazRH_SwishFX1 global.props.Geometry
Game: Engine Clairvoyance_Cloud ParticleEmitter
Game: Engine PsiBlast5DeflectedPsiBlast global.props.Geometry
Game: Engine PsiBlast5 PsiBlast
Game: Engine Dialog_Cloud ParticleEmitter
Game: Engine PalmBombSuperHandsFX8C global.effects.PalmBombSuperHandsFX
Game: Engine RazRH_SwishFX2 global.props.Geometry
Game: Engine PalmBombSuperFX8B global.effects.PalmBombSuperFX
Game: Engine RazLH_ShockFX global.props.DartShockwave
Game: Engine RazLH_SwishFX4 global.props.Geometry
Game: Engine RazLH_SwishFX3 global.props.Geometry
Game: Engine PsiBlast4DeflectedPsiBlast global.props.Geometry
Game: Engine RazLH_SwishFX2 global.props.Geometry
Game: Engine RazLH_SwishFX1 global.props.Geometry
Game: Engine PsiBlast4 PsiBlast
Game: Engine TelekinesisClaw1TKHolder dummy
Game: Engine PsiBlast3DeflectedPsiBlast global.props.Geometry
Game: Engine PalmBombFX8A global.effects.PalmBombFX
Game: Engine MeleeFistFade89 global.effects.MeleeFistFade
Game: Engine RazRH_SwishFX3 global.props.Geometry
Game: Engine PsiBlast3 PsiBlast
Game: Engine OleHealthGauge0 mc.props.OleHealthGauge
Game: Engine MeleeHitNot88 global.effects.MeleeHitNot
Game: Engine MeleeHitNot87 global.effects.MeleeHitNot
Game: Engine PsiBlast2DeflectedPsiBlast global.props.Geometry
Game: Engine TelekinesisClaw1 TKClaw
Game: Engine TKClawRazTKClawLine ParticleEmitter
Game: Engine posters global.props.Geometry
Game: Engine MeleeHit86 global.effects.MeleeHit
Game: Engine MeleeHit85 global.effects.MeleeHit
Game: Engine MeleeHit84 global.effects.MeleeHit
Game: Engine Decorator83 global.props.Decorator
Game: Engine RazPsiShieldFX global.effects.PsiShieldFX
Game: Engine RankUpFX82_Sparka1 dummy
Game: Engine RankUpFX82 global.effects.RankUpFX
Game: Engine FigmentFX81_Mista1 dummy
Game: Engine FigmentFX81 global.effects.FigmentFX
Game: Engine PutAwayFX80 global.effects.PutAwayFX
Game: Engine fog ni.effects.CaravanGroundFogFX
Game: Engine Butcher ScriptBase
Game: Engine GoodDadGhost7F mc.props.GoodDadGhost
Game: Engine DialogBubble_SubCloud_0 ParticleEmitter
Game: Engine baconPoofFX7E global.effects.baconPoofFX
Game: Engine InstaHintFord global.characters.InstaHintFord
Game: Engine SafetyNet1 mc.props.SafetyNet
Game: Engine TKClawTKHolder dummy
Game: Engine TKClaw TKClaw
Game: Engine WaterRingsFX7D global.effects.WaterRingsFX
Game: Engine Global global.GlobalClass
Game: Engine FigmentGlobals global.collectibles.FigmentGlobals
Game: Engine FireStartExplodeFX1 global.effects.FireStartExplodeFX
Game: Engine RazPsiShield PsiShield
Game: Engine Decorator2 global.props.Decorator
Game: Engine PlayerInvulIndicator global.effects.RazDamageFX
Game: Engine RazPreDeathFX3 global.effects.RazPreDeathFX
Game: Engine RazRespawnFX4 global.effects.RazRespawnFX
Game: Engine Dart_FXa global.effects.InvisoEyeFX
Game: Engine Dart_FXb global.effects.PsiShieldFailFX
Game: Engine Dart_FXe global.effects.NoAmmoFX
Game: Engine WaterRingsFX7C global.effects.WaterRingsFX
Game: Engine WaterSplash7B global.effects.WaterSplash
Game: Engine FireStartExplodeSuperFX5 global.effects.FireStartExplodeSuperFX
Game: Engine DialogBubble_SubCloud_2 ParticleEmitter
Game: Engine RazRH global.props.DartMeleeHand
Game: Engine GenGibsE global.effects.GenGibs
Game: Engine GenGibsE_affector dummy
Game: Engine GenGibsF global.effects.GenGibs
Game: Engine GenGibsF_affector dummy
Game: Engine GenGibs10 global.effects.GenGibs
Game: Engine GenGibs10_affector dummy
Game: Engine Thought_Bubble_Spring ParticleEmitter
Game: Engine GenGibs11 global.effects.GenGibs
Game: Engine GenGibs11_affector dummy
Game: Engine GenGibs12 global.effects.GenGibs
Game: Engine GenGibs12_affector dummy
Game: Engine GenGibs13 global.effects.GenGibs
Game: Engine GenGibs13_affector dummy
Game: Engine ClairCamUpdater14 global.otherentities.ClairCamUpdater
Game: Engine ConfusionGrenade16 global.props.ConfusionGrenade
Game: Engine ConfusionGrenade16_fx1 global.effects.ConfusionFuseFX
Game: Engine ConfusionGrenade16_fx2 global.effects.ConfusionBombFX
Game: Engine ConfusionGrenade16_fx2_StreakPopa1 dummy
Game: Engine BallPopFX17 global.effects.BallPopFX
Game: Engine ThoughtBubbleRings global.effects.PsiBallRingsFX
Game: Engine ThoughtBubbleBounce global.effects.PsiBallRingsBounceFX
Game: Engine ThoughtBubbleRings2 global.effects.PsiBallRingsFX
Game: Engine ThoughtBubbleBounce2 global.effects.PsiBallRingsBounceFX
Game: Engine ball_trail engine.BallTrail
Game: Engine ThoughtBubbleSpikes ScriptBase
Game: Engine PsiRailFX18 global.effects.PsiRailFX
Game: Engine PsiBlastFX19 global.effects.PsiBlastFX
Game: Engine PsiBlastHitFX1A global.effects.PsiBlastHitFX
Game: Engine PsiBlastAirHit1B global.effects.PsiBlastAirHit
Game: Engine PsiBlastDeflectFX1C global.effects.PsiBlastDeflectFX
Game: Engine PsiBlastHitSuperFX1D global.effects.PsiBlastHitSuperFX
Game: Engine RailSlideMetalFX20 global.effects.RailSlideMetalFX
Game: Engine KnifeDude4_Ball Gen_CollideBall
Game: Engine Knife21 global.enemies.Knife
Game: Engine KnifeCantilever22 global.enemies.KnifeCantilever
Game: Engine LedgeDirtFX23 global.effects.LedgeDirtFX
Game: Engine Knife24 global.enemies.Knife
Game: Engine KnifeCantilever25 global.enemies.KnifeCantilever
Game: Engine Thought_SubCloud_2 ParticleEmitter
Game: Engine KnifeThrowerTunnelOfLove26_Ball Gen_CollideBall
Game: Engine Knife27 global.enemies.Knife
Game: Engine KnifeCantilever28 global.enemies.KnifeCantilever
Game: Engine GenGibs29 global.effects.GenGibs
Game: Engine GenGibs29_affector dummy
Game: Engine EnemyDeathFX2A global.effects.EnemyDeathFX
Game: Engine Thought_SubCloud_1 ParticleEmitter
Game: Engine KnifeGlintFX2C mc.effects.KnifeGlintFX
Game: Engine KnifeDude5_Ball Gen_CollideBall
Game: Engine Knife2E global.enemies.Knife
Game: Engine KnifeCantilever2F global.enemies.KnifeCantilever
Game: Engine PsiBlast1DeflectedPsiBlast global.props.Geometry
Game: Engine KnifeDude6_Ball Gen_CollideBall
Game: Engine Knife31 global.enemies.Knife
Game: Engine KnifeCantilever32 global.enemies.KnifeCantilever
Game: Engine KnifeDude7_Ball Gen_CollideBall
Game: Engine Knife34 global.enemies.Knife
Game: Engine KnifeCantilever35 global.enemies.KnifeCantilever
Game: Engine SplashFX7A_Dropsa1 dummy
Game: Engine SplashFX7A global.effects.SplashFX
Game: Engine RazLH global.props.DartMeleeHand
Game: Engine LedgeDirtFX94 global.effects.LedgeDirtFX
Game: Engine PsiBlast2 PsiBlast
Game: Engine DialogBubble_SubCloud_1 ParticleEmitter
Game: Engine SplashFX79_Dropsa1 dummy
Game: Engine PsiBlast1 PsiBlast
Game: Engine PsiBlast0DeflectedPsiBlast global.props.Geometry
Game: Engine PsiBlast0 PsiBlast
Game: Engine SplashFX79 global.effects.SplashFX
Game: Engine SplashFX78_Dropsa1 dummy
Game: Engine RazSteamRecoverFX6 global.effects.RazSteamRecoverFX
Game: Engine TelekinesisClaw2RazTKClawLine ParticleEmitter
Game: Engine SplashFX78 global.effects.SplashFX
Game: Engine KnifeDude_Ball Gen_CollideBall
Game: Engine Knife40 global.enemies.Knife
Game: Engine KnifeCantilever41 global.enemies.KnifeCantilever
Game: Engine Knife42 global.enemies.Knife
Game: Engine KnifeCantilever43 global.enemies.KnifeCantilever
Game: Engine Thought_SubCloud_0 ParticleEmitter
Game: Engine KnifeThrower44_Ball Gen_CollideBall
Game: Engine Knife45 global.enemies.Knife
Game: Engine KnifeCantilever46 global.enemies.KnifeCantilever
Game: Engine Thought_Cloud ParticleEmitter
Game: Engine KnifeDude1_Ball Gen_CollideBall
Game: Engine Knife49 global.enemies.Knife
Game: Engine KnifeCantilever4A global.enemies.KnifeCantilever
Game: Engine KnifeDude2_Ball Gen_CollideBall
Game: Engine Knife4C global.enemies.Knife
Game: Engine KnifeCantilever4D global.enemies.KnifeCantilever
Game: Engine KnifeDude3_Ball Gen_CollideBall
Game: Engine Knife4F global.enemies.Knife
Game: Engine KnifeCantilever50 global.enemies.KnifeCantilever
Game: Engine SplashFX77_Dropsa1 dummy
Game: Engine BunnyGrinder1_CuteBunny Prop
Game: Engine PipeSquirtFX52 sa.effects.PipeSquirtFX
Game: Engine BunnyGrinder3_CuteBunny Prop
Game: Engine PipeSquirtFX53 sa.effects.PipeSquirtFX
Game: Engine BunnyGrinder4_CuteBunny Prop
Game: Engine PipeSquirtFX54 sa.effects.PipeSquirtFX
Game: Engine BunnyGrinder5_CuteBunny Prop
Game: Engine PipeSquirtFX55 sa.effects.PipeSquirtFX
Game: Engine BunnyGrinder2_CuteBunny Prop
Game: Engine PipeSquirtFX56 sa.effects.PipeSquirtFX
Game: Engine SplashFX77 global.effects.SplashFX
Game: Engine SplashFX76_Dropsa1 dummy
Game: Engine SplashFX76 global.effects.SplashFX
Game: Engine SaltFX global.props.Geometry
Game: Engine Thought_Bubble_Roll ParticleEmitter
Game: Engine DemonBunny5D_Ball Gen_CollideBall
Game: Engine DemonBunny5D_MeleeSwish global.props.Geometry
Game: Engine GenGibs5E global.effects.GenGibs
Game: Engine GenGibs5E_affector dummy
Game: Engine ThoughtBubble ThoughtBubble
Game: Engine DemonBunny5F_Ball Gen_CollideBall
Game: Engine DemonBunny5F_MeleeSwish global.props.Geometry
Game: Engine DemonBunny60_Ball Gen_CollideBall
Game: Engine DemonBunny60_MeleeSwish global.props.Geometry
Game: Engine ConfusionFX61 global.effects.ConfusionFX
Game: Engine ConfusionFX62 global.effects.ConfusionFX
Game: Engine ConfusionFX63 global.effects.ConfusionFX
Game: Engine ConfusionFX64 global.effects.ConfusionFX
Game: Engine ConfusionFX65 global.effects.ConfusionFX
Game: Engine ConfusionFX66 global.effects.ConfusionFX
Game: Engine ConfusionFX67 global.effects.ConfusionFX
Game: Engine ConfusionFX68 global.effects.ConfusionFX
Game: Engine HealthAmmo69 global.collectibles.HealthAmmo
Game: Engine HealthAmmo6A global.collectibles.HealthAmmo
Game: Engine HealthAmmo6B global.collectibles.HealthAmmo
Game: Engine ConfusionAmmo6C global.collectibles.ConfusionAmmo
Game: Engine ConfusionAmmo6D global.collectibles.ConfusionAmmo
Game: Engine ConfusionAmmo6E global.collectibles.ConfusionAmmo
Game: Engine PsiBlastAmmo6F global.collectibles.PsiBlastAmmo
Game: Engine PsiBlastAmmo70 global.collectibles.PsiBlastAmmo
Game: Engine PsiBlastAmmo71 global.collectibles.PsiBlastAmmo
Game: Engine ArrowheadAmmo72 global.collectibles.ArrowheadAmmo
Game: Engine ArrowheadAmmo73 global.collectibles.ArrowheadAmmo
Game: Engine ArrowheadAmmo74 global.collectibles.ArrowheadAmmo
Game: Engine mc.MCTCCutscenes mc.MCTCCutscenes
Game: Engine EZSceneTools75 global.camera.EZSceneTools
Game: Engine cutsceneEmoTag ScriptBase
Game: Engine WaterFXManager global.effects.WaterFXManager
Game: Engine RunningRippleFX global.effects.RunningRippleFX
Game: Engine WaterRingsFX global.effects.WaterRingsFX
Game: Engine Dart_FXf global.effects.invisibilityShockwaveFX
Game: Engine Dart_FXf_Streamersa1 dummy
Game: Engine FireBreathingLion8 global.props.Geometry
Game: Engine steamertrunkBAGLeftTear global.effects.EmoBagTearFX
Game: Engine hatboxTag global.collectibles.EmotionalBaggageTag
Game: Engine splRailLovM global.props.Railslide
Game: Engine steamertrunkBAG global.collectibles.EmotionalBaggage
Game: Engine respawner2 GEN_respawnpoint
Game: Engine GEN_dartstart GEN_dartstart
Game: Engine steamertrunkBAGRightTear global.effects.EmoBagTearFX
Game: Engine MCTCOatmeal1 global.characters.Oatmeal
Game: Engine Dfog global.otherentities.SetFogAndZ
Game: Engine MaxConfusionAmmo global.collectibles.MaxConfusionUp
Game: Engine Geometry3B global.props.Geometry
Game: Engine SupremeInterestFX3A global.effects.SupremeInterestFX
Game: Engine LilOle mc.characters.KidCoach
Game: Engine splRope16 global.props.Tightrope
Game: Engine Prop2D Prop
Game: Engine KnifeDude4 global.enemies.KnifeThrowerTunnelOfLove
Game: Engine Prop51 Prop
Game: Engine KnifeDude3 global.enemies.KnifeThrower
Game: Engine Highflying1 trapeez
Game: Engine splRope15 global.props.Tightrope
Game: Engine GiantFlea2 global.props.Geometry
Game: Engine FireBreathingLion7 global.props.Geometry
Game: Engine KTW1 mc.props.KnifeThrowerWheel
Game: Engine KTW mc.props.KnifeThrowerWheel
Game: Engine GiantFlea global.props.Geometry
Game: Engine GiantFlea1 global.props.Geometry
Game: Engine splRail12 global.props.Railslide
Game: Engine Prop36 Prop
Game: Engine KnifeDude7 global.enemies.KnifeThrowerTunnelOfLove
Game: Engine BunnyGrinder2 mc.props.MeatGrinder
Game: Engine door1 global.props.TriggeredGeometry
Game: Engine BunnyGrinder3 mc.props.MeatGrinder
Game: Engine Prop4E Prop
Game: Engine GiantFlea5 global.props.Geometry
Game: Engine KnifeDude2 global.enemies.KnifeThrower
Game: Engine duffleBAGLeftTear global.effects.EmoBagTearFX
Game: Engine Prop33 Prop
Game: Engine KnifeDude6 global.enemies.KnifeThrowerTunnelOfLove
Game: Engine duffleBAG global.collectibles.EmotionalBaggage
Game: Engine duffleBAGRightTear global.effects.EmoBagTearFX
Game: Engine Prop4B Prop
Game: Engine KnifeDude1 global.enemies.KnifeThrower
Game: Engine MeatPlatform34238 ca.props.FloatingPlatform
Game: Engine MeatPlatform34237 ca.props.FloatingPlatform
Game: Engine MeatPlatform34231 ca.props.FloatingPlatform
Game: Engine Prop48 Prop
Game: Engine KnifeDude global.enemies.KnifeThrower
Game: Engine UnicycleFlea2 global.props.Geometry
Game: Engine BunnyGrinder5 mc.props.MeatGrinder
Game: Engine DuffleTag global.collectibles.EmotionalBaggageTag
Game: Engine InterestFX37 global.effects.InterestFX
Game: Engine MeatPlatform ca.props.FloatingPlatform
Game: Engine hatboxBAGLeftTear global.effects.EmoBagTearFX
Game: Engine GiantFlea3 global.props.Geometry
Game: Engine hatboxBAGRightTear global.effects.EmoBagTearFX
Game: Engine respawner5 GEN_respawnpoint
Game: Engine hatboxBAG global.collectibles.EmotionalBaggage
Game: Engine UnicycleFlea1 global.props.Geometry
Game: Engine Highflying trapeez
Game: Engine MeatPlatform34235 ca.props.FloatingPlatform
Game: Engine MCTCOatmeal2 global.characters.Oatmeal
Game: Engine MeatPlatform34232 ca.props.FloatingPlatform
Game: Engine BunnyGrinder4 mc.props.MeatGrinder
Game: Engine GiantFlea4 global.props.Geometry
Game: Engine MeatPlatform34233 ca.props.FloatingPlatform
Game: Engine Bunny0 mc.characters.Bunny
Game: Engine FatLady mc.props.FatLady
Game: Engine splRail11 global.props.Railslide
Game: Engine SafetyTramp1 global.props.Launcher
Game: Engine InterestFX57 global.effects.InterestFX
Game: Engine purseTag global.collectibles.EmotionalBaggageTag
Game: Engine meatvault global.characters.Vault
Game: Engine CrazyDancingClown global.props.Geometry
Game: Engine TentEntrance3 global.props.Teleporter
Game: Engine Turkey global.props.RotatingGeometry
Game: Engine MeatPlatform34236 ca.props.FloatingPlatform
Game: Engine MeatPlatform34234 ca.props.FloatingPlatform
Game: Engine InterestFX58 global.effects.InterestFX
Game: Engine suitcaseTag global.collectibles.EmotionalBaggageTag
Game: Engine Cantelevers4 global.props.Geometry
Game: Engine UnicycleFlea global.props.Geometry
Game: Engine splLadd9 global.props.Ladder
Game: Engine splRope13 global.props.Tightrope
Game: Engine Cantelevers5 global.props.Geometry
Game: Engine BunnyGrinder1 mc.props.MeatGrinder
Game: Engine Cantelevers9 global.props.Geometry
Game: Engine TentEntrance1 global.props.Teleporter
Game: Engine Cantelevers8 global.props.Geometry
Game: Engine Cantelevers7 global.props.Geometry
Game: Engine Cantelevers6 global.props.Geometry
Game: Engine splLadd10 global.props.Ladder
Game: Engine curtiantramp2 global.props.BouncyTrampoline
Game: Engine Deathspawner global.props.DeathPlane