Game: Engine InvDisplayer global.otherentities.InvAdder
Game: Engine Dart Dart
Game: Engine RazLH_EntryFX global.props.Geometry
Game: Engine RankBling global.otherentities.RankBling
Game: Engine Ford ca.characters.Ford
Game: Engine NewsScreen3 ca.props.NewsScreen
Game: Engine NewsScreen ca.props.NewsScreen
Game: Engine NewsScreen1 ca.props.NewsScreen
Game: Engine NewsScreen5 ca.props.NewsScreen
Game: Engine NewsScreen4 ca.props.NewsScreen
Game: Engine NewsScreen2 ca.props.NewsScreen
Game: Engine PSIMarkerCollector global.props.PSIMarkerCollector
Game: Engine CobwebLoom global.props.CobwebLoom
Game: Engine EquipmentHumSound global.sound.SoundSource
Game: Engine EquipmentBeepingSound global.sound.SoundSource
Game: Engine Floating_platform4 ca.props.FloatingPlatform
Game: Engine Floating_platform5 ca.props.FloatingPlatform
Game: Engine Floating_platform32 ca.props.FloatingPlatform
Game: Engine Floating_platform3 ca.props.FloatingPlatform
Game: Engine gio_GIO_2 global.props.GIO
Game: Engine gio_GIO_1 global.props.GIO
Game: Engine Floating_platform9 ca.props.FloatingPlatform
Game: Engine Floating_platform2 ca.props.FloatingPlatform
Game: Engine Floating_platform1 ca.props.FloatingPlatform
Game: Engine Floating_platform ca.props.FloatingPlatform
Game: Engine gio_GIO_3 global.props.GIO
Game: Engine gio_GIO_0 global.props.GIO
Game: Engine gio_GIO_10 global.props.GIO
Game: Engine Floating_platform31 ca.props.FloatingPlatform
Game: Engine gio_GIO_9 global.props.GIO
Game: Engine gio_GIO_4 global.props.GIO
Game: Engine gio_GIO_14 global.props.GIO
Game: Engine RAZSTART GEN_dartstart
Game: Engine gio_GIO_5 global.props.GIO
Game: Engine gio_GIO_6 global.props.GIO
Game: Engine gio_GIO_7 global.props.GIO
Game: Engine gio_GIO_8 global.props.GIO
Game: Engine gio_GIO_11 global.props.GIO
Game: Engine Floating_platform7 ca.props.FloatingPlatform
Game: Engine Floating_platform8 ca.props.FloatingPlatform
Game: Engine gio_GIO_15 global.props.GIO
Game: Engine gio_GIO_16 global.props.GIO
Game: Engine gio_GIO_12 global.props.GIO
Game: Engine InterestFX13 global.effects.InterestFX
Game: Engine PsiCard1 global.collectibles.PSIChallengeCard
Game: Engine PsiChallengeCardFX18 global.effects.PsiChallengeCardFX
Game: Engine Floating_platform29 ca.props.FloatingPlatform
Game: Engine gio_GIO_13 global.props.GIO
Game: Engine cajaStump ca.props.TreestumpTeleporter
Game: Engine Dart_FXf global.effects.invisibilityShockwaveFX
Game: Engine Dart_FXf_Streamersa1 dummy
Game: Engine PsiChallengeCardFX16 global.effects.PsiChallengeCardFX
Game: Engine PsiChallengeCardFX15 global.effects.PsiChallengeCardFX
Game: Engine gio_GIO_17 global.props.GIO
Game: Engine gio_GIO_18 global.props.GIO
Game: Engine InterestFX1E global.effects.InterestFX
Game: Engine gio_GIO_20 global.props.GIO
Game: Engine DialogTreeManager68 global.otherentities.DialogTreeManager
Game: Engine InterestFX66 global.effects.InterestFX
Game: Engine DialogBubble_SubCloud_2 ParticleEmitter
Game: Engine dripMesh global.props.Geometry
Game: Engine DialogBubble_SubCloud_1 ParticleEmitter
Game: Engine PSIChallengeCard65 global.collectibles.PSIChallengeCard
Game: Engine Thought_Bubble_Roll ParticleEmitter
Game: Engine FigmentGlobals global.collectibles.FigmentGlobals
Game: Engine FireStartExplodeFX0 global.effects.FireStartExplodeFX
Game: Engine DialogBubble_SubCloud_0 ParticleEmitter
Game: Engine RazPsiShield PsiShield
Game: Engine Decorator1 global.props.Decorator
Game: Engine PlayerInvulIndicator global.effects.RazDamageFX
Game: Engine RazPreDeathFX2 global.effects.RazPreDeathFX
Game: Engine RazRespawnFX3 global.effects.RazRespawnFX
Game: Engine Dart_FXa global.effects.InvisoEyeFX
Game: Engine Dart_FXb global.effects.PsiShieldFailFX
Game: Engine Dart_FXe global.effects.NoAmmoFX
Game: Engine Dialog_Cloud ParticleEmitter
Game: Engine Clairvoyance_Cloud ParticleEmitter
Game: Engine PsiBlast5DeflectedPsiBlast global.props.Geometry
Game: Engine FireStartExplodeSuperFX4 global.effects.FireStartExplodeSuperFX
Game: Engine RazSteamRecoverFX5 global.effects.RazSteamRecoverFX
Game: Engine RazLH global.props.DartMeleeHand
Game: Engine RazRH global.props.DartMeleeHand
Game: Engine GenGibs8 global.effects.GenGibs
Game: Engine GenGibs8_affector dummy
Game: Engine ClairCamUpdater9 global.otherentities.ClairCamUpdater
Game: Engine ConfusionGrenadeB global.props.ConfusionGrenade
Game: Engine ConfusionGrenadeB_fx1 global.effects.ConfusionFuseFX
Game: Engine ConfusionGrenadeB_fx2 global.effects.ConfusionBombFX
Game: Engine ConfusionGrenadeB_fx2_StreakPopa1 dummy
Game: Engine BallPopFXC global.effects.BallPopFX
Game: Engine ThoughtBubbleRings global.effects.PsiBallRingsFX
Game: Engine ThoughtBubbleBounce global.effects.PsiBallRingsBounceFX
Game: Engine ThoughtBubbleRings2 global.effects.PsiBallRingsFX
Game: Engine ThoughtBubbleBounce2 global.effects.PsiBallRingsBounceFX
Game: Engine ball_trail engine.BallTrail
Game: Engine ThoughtBubbleSpikes ScriptBase
Game: Engine PsiRailFXD global.effects.PsiRailFX
Game: Engine PsiBlastFXE global.effects.PsiBlastFX
Game: Engine PsiBlastHitFXF global.effects.PsiBlastHitFX
Game: Engine PsiBlastAirHit10 global.effects.PsiBlastAirHit
Game: Engine PsiBlastDeflectFX11 global.effects.PsiBlastDeflectFX
Game: Engine PsiBlastHitSuperFX12 global.effects.PsiBlastHitSuperFX
Game: Engine PsiBlast5 PsiBlast
Game: Engine PsiBlast4DeflectedPsiBlast global.props.Geometry
Game: Engine PsiBlast4 PsiBlast
Game: Engine InterestFX64 global.effects.InterestFX
Game: Engine PsiBlast3DeflectedPsiBlast global.props.Geometry
Game: Engine PsiBlast3 PsiBlast
Game: Engine PsiBlast2DeflectedPsiBlast global.props.Geometry
Game: Engine PsiBlast2 PsiBlast
Game: Engine PsiBlast1DeflectedPsiBlast global.props.Geometry
Game: Engine PsiBlast1 PsiBlast
Game: Engine PsiChallengeCardFX17 global.effects.PsiChallengeCardFX
Game: Engine PsiBlast0DeflectedPsiBlast global.props.Geometry
Game: Engine PsiBlast0 PsiBlast
Game: Engine PSIChallengeCard63 global.collectibles.PSIChallengeCard
Game: Engine Mud1A ca.effects.Mud
Game: Engine Mud1A_Muda1 dummy
Game: Engine AmbiencePlayer global.sound.RandomAmbiencePlayer
Game: Engine KidFurniture global.props.Geometry
Game: Engine SquirrelGibSmoke ca.effects.SquirrelJibSmokeFX
Game: Engine TelekinesisClaw2RazTKClawLine ParticleEmitter
Game: Engine TelekinesisClaw2TKHolder dummy
Game: Engine TelekinesisClaw2 TKClaw
Game: Engine TelekinesisClaw1RazTKClawLine ParticleEmitter
Game: Engine TelekinesisClaw1TKHolder dummy
Game: Engine Hindenbugs global.effects.HindenbugEmitter
Game: Engine TelekinesisClaw1 TKClaw
Game: Engine TKClawRazTKClawLine ParticleEmitter
Game: Engine ThoughtBubble ThoughtBubble
Game: Engine TKClawTKHolder dummy
Game: Engine TKClaw TKClaw
Game: Engine Global global.GlobalClass
Game: Engine Thought_Bubble_Spring ParticleEmitter
Game: Engine SaltFX global.props.Geometry
Game: Engine ConfusionFX24 global.effects.ConfusionFX
Game: Engine ConfusionFX25 global.effects.ConfusionFX
Game: Engine ConfusionFX26 global.effects.ConfusionFX
Game: Engine ConfusionFX27 global.effects.ConfusionFX
Game: Engine ConfusionFX28 global.effects.ConfusionFX
Game: Engine ConfusionFX29 global.effects.ConfusionFX
Game: Engine ConfusionFX2A global.effects.ConfusionFX
Game: Engine ConfusionFX2B global.effects.ConfusionFX
Game: Engine HealthAmmo2C global.collectibles.HealthAmmo
Game: Engine HealthAmmo2D global.collectibles.HealthAmmo
Game: Engine HealthAmmo2E global.collectibles.HealthAmmo
Game: Engine ConfusionAmmo2F global.collectibles.ConfusionAmmo
Game: Engine ConfusionAmmo30 global.collectibles.ConfusionAmmo
Game: Engine ConfusionAmmo31 global.collectibles.ConfusionAmmo
Game: Engine PsiBlastAmmo32 global.collectibles.PsiBlastAmmo
Game: Engine PsiBlastAmmo33 global.collectibles.PsiBlastAmmo
Game: Engine PsiBlastAmmo34 global.collectibles.PsiBlastAmmo
Game: Engine ArrowheadAmmo35 global.collectibles.ArrowheadAmmo
Game: Engine ArrowheadAmmo36 global.collectibles.ArrowheadAmmo
Game: Engine ArrowheadAmmo37 global.collectibles.ArrowheadAmmo
Game: Engine ca.CAJACutscenes ca.CAJACutscenes
Game: Engine EZSceneTools38 global.camera.EZSceneTools
Game: Engine cutsceneEmoTag ScriptBase
Game: Engine WaterFXManager global.effects.WaterFXManager
Game: Engine RunningRippleFX global.effects.RunningRippleFX
Game: Engine WaterRingsFX global.effects.WaterRingsFX
Game: Engine SplashFX39 global.effects.SplashFX
Game: Engine SplashFX39_Dropsa1 dummy
Game: Engine SplashFX3A global.effects.SplashFX
Game: Engine SplashFX3A_Dropsa1 dummy
Game: Engine SplashFX3B global.effects.SplashFX
Game: Engine SplashFX3B_Dropsa1 dummy
Game: Engine SplashFX3C global.effects.SplashFX
Game: Engine SplashFX3C_Dropsa1 dummy
Game: Engine SplashFX3D global.effects.SplashFX
Game: Engine SplashFX3D_Dropsa1 dummy
Game: Engine WaterSplash3E global.effects.WaterSplash
Game: Engine WaterRingsFX3F global.effects.WaterRingsFX
Game: Engine WaterRingsFX40 global.effects.WaterRingsFX
Game: Engine InstaHintFord global.characters.InstaHintFord
Game: Engine baconPoofFX41 global.effects.baconPoofFX
Game: Engine Thought_SubCloud_2 ParticleEmitter
Game: Engine Tutorial ca.props.FordTutorials
Game: Engine TutorialCensor ca.characters.TutorialCensor
Game: Engine TutorialCensor_Ball Gen_CollideBall
Game: Engine TutorialCensor_MeleeSwish global.props.Geometry
Game: Engine LedgeDirtFX62 global.effects.LedgeDirtFX
Game: Engine TutorialCensor42_Ball Gen_CollideBall
Game: Engine TutorialCensor42_MeleeSwish global.props.Geometry
Game: Engine GenGibs43 global.effects.GenGibs
Game: Engine GenGibs43_affector dummy
Game: Engine EnemyDeathFX44 global.effects.EnemyDeathFX
Game: Engine SmokelessExplosion45 global.effects.SmokelessExplosion
Game: Engine SmokelessExplosion45_StreakPopa1 dummy
Game: Engine SmokelessExplosion46 global.effects.SmokelessExplosion
Game: Engine SmokelessExplosion46_StreakPopa1 dummy
Game: Engine SmokelessExplosion47 global.effects.SmokelessExplosion
Game: Engine SmokelessExplosion47_StreakPopa1 dummy
Game: Engine FireProp1 ca.props.TutorialFireProp
Game: Engine FireProp2 ca.props.TutorialFireProp
Game: Engine FireProp3 ca.props.TutorialFireProp
Game: Engine Thought_SubCloud_1 ParticleEmitter
Game: Engine TKProp1 ca.props.TutorialTKProp
Game: Engine TKHoop1 ca.props.TutorialTKHoop
Game: Engine SnapTargetHelper48 global.otherentities.SnapTargetHelper
Game: Engine TKHoop2 ca.props.TutorialTKHoop
Game: Engine SnapTargetHelper49 global.otherentities.SnapTargetHelper
Game: Engine TKHoop3 ca.props.TutorialTKHoop
Game: Engine SnapTargetHelper4A global.otherentities.SnapTargetHelper
Game: Engine PsitaniumChunkFX4D ca.effects.PsitaniumChunkFX
Game: Engine Thought_SubCloud_0 ParticleEmitter
Game: Engine fog ni.effects.CaravanGroundFogFX
Game: Engine RazRH_SwishFX3 global.props.Geometry
Game: Engine PutAwayFX4E global.effects.PutAwayFX
Game: Engine FigmentFX4F global.effects.FigmentFX
Game: Engine FigmentFX4F_Mista1 dummy
Game: Engine RankUpFX50 global.effects.RankUpFX
Game: Engine RankUpFX50_Sparka1 dummy
Game: Engine RazPsiShieldFX global.effects.PsiShieldFX
Game: Engine Decorator51 global.props.Decorator
Game: Engine MeleeHit52 global.effects.MeleeHit
Game: Engine MeleeHit53 global.effects.MeleeHit
Game: Engine MeleeHit54 global.effects.MeleeHit
Game: Engine MeleeHitNot55 global.effects.MeleeHitNot
Game: Engine MeleeHitNot56 global.effects.MeleeHitNot
Game: Engine MeleeFistFade57 global.effects.MeleeFistFade
Game: Engine PalmBombFX58 global.effects.PalmBombFX
Game: Engine RazLH_SwishFX1 global.props.Geometry
Game: Engine RazLH_SwishFX2 global.props.Geometry
Game: Engine RazLH_SwishFX3 global.props.Geometry
Game: Engine RazLH_SwishFX4 global.props.Geometry
Game: Engine Thought_Cloud ParticleEmitter
Game: Engine RazLH_ShockFX global.props.DartShockwave
Game: Engine PalmBombSuperFX59 global.effects.PalmBombSuperFX
Game: Engine PalmBombSuperHandsFX5A global.effects.PalmBombSuperHandsFX
Game: Engine RazRH_SwishFX2 global.props.Geometry
Game: Engine MeleeFistFade5C global.effects.MeleeFistFade
Game: Engine MeleeCraneFX5D global.effects.MeleeCraneFX
Game: Engine RazRH_SwishFX1 global.props.Geometry
Game: Engine PsiChallengeCardFX14 global.effects.PsiChallengeCardFX
Game: Engine PsiCard global.collectibles.PSIChallengeCard
Game: Engine InterestFX19 global.effects.InterestFX
Game: Engine gio_GIO_19 global.props.GIO
Game: Engine ScriptBase5B ScriptBase
Game: Engine ScriptBase5E ScriptBase
Game: Engine TutorialCensor42 ca.characters.TutorialCensor
Game: Engine Minecart ca.props.MineCart
Game: Engine NI_caravanFog NI_caravanFog
Game: Engine FireProp4 ca.props.TutorialFirePropCar