Game: Engine Dart Dart
Game: Engine RazLH_EntryFX global.props.Geometry
Game: Engine Bunk0_dartMarkOutB dummy
Game: Engine RankBling global.otherentities.RankBling
Game: Engine gio_GIO_108 global.props.GIO
Game: Engine gio_GIO_107 global.props.GIO
Game: Engine gio_GIO_109 global.props.GIO
Game: Engine gio_GIO_106 global.props.GIO
Game: Engine GlobalBugs global.effects.HindenbugEmitter
Game: Engine gio_GIO_110 global.props.GIO
Game: Engine Pollen global.effects.PollenEmitter
Game: Engine Bunk0_ExtCamB dummy
Game: Engine gio_GIO_111 global.props.GIO
Game: Engine gio_GIO_105 global.props.GIO
Game: Engine Bunk0_dartMarkInB dummy
Game: Engine gio_GIO_102 global.props.GIO
Game: Engine gio_GIO_103 global.props.GIO
Game: Engine gio_GIO_7 global.props.GIO
Game: Engine gio_GIO_112 global.props.GIO
Game: Engine gio_GIO_104 global.props.GIO
Game: Engine CuteBird8 ca.characters.CuteBird
Game: Engine AHIdleFX2C global.effects.AHIdleFX
Game: Engine Arrowhead2 global.collectibles.Arrowhead
Game: Engine gio_GIO_101 global.props.GIO
Game: Engine OuthouseDoor1 ca.props.OuthouseDoor
Game: Engine Chops ca.characters.Chops
Game: Engine gio_GIO_12 global.props.GIO
Game: Engine OuthouseSoundSource global.sound.SoundSource
Game: Engine gio_GIO_94 global.props.GIO
Game: Engine PsiCards1 global.collectibles.PSIChallengeCard
Game: Engine InterestFX49 global.effects.InterestFX
Game: Engine PsiChallengeCardFX4A global.effects.PsiChallengeCardFX
Game: Engine Vernon ca.characters.Vernon
Game: Engine PsiCards9 global.collectibles.PSIChallengeCard
Game: Engine InterestFX59 global.effects.InterestFX
Game: Engine gio_GIO_189 global.props.GIO
Game: Engine gio_GIO_95 global.props.GIO
Game: Engine PsiChallengeCardFX5A global.effects.PsiChallengeCardFX
Game: Engine Arrowhead11 global.collectibles.Arrowhead
Game: Engine AHIdleFX31 global.effects.AHIdleFX
Game: Engine gio_GIO_198 global.props.GIO
Game: Engine JT ca.characters.JT
Game: Engine gio_GIO_211 global.props.GIO
Game: Engine InterestFX51 global.effects.InterestFX
Game: Engine PsiCards4 global.collectibles.PSIChallengeCard
Game: Engine PsiChallengeCardFX4E global.effects.PsiChallengeCardFX
Game: Engine PsiChallengeCardFX5C global.effects.PsiChallengeCardFX
Game: Engine PsiCards10 global.collectibles.PSIChallengeCard
Game: Engine InterestFX5B global.effects.InterestFX
Game: Engine Crystal ca.characters.Crystal
Game: Engine gio_GIO_100 global.props.GIO
Game: Engine gio_GIO_96 global.props.GIO
Game: Engine Elton ca.characters.Elton
Game: Engine Geometry6F global.props.Geometry
Game: Engine gio_GIO_215 global.props.GIO
Game: Engine gio_GIO_210 global.props.GIO
Game: Engine Cantilever04 global.props.Geometry
Game: Engine DragonFlyA ca.characters.Dragonfly
Game: Engine gio_GIO_113 global.props.GIO
Game: Engine Elka ca.characters.Elka
Game: Engine Clem ca.characters.Clem
Game: Engine Geometry6D global.props.Geometry
Game: Engine CuteBird9 ca.characters.CuteBird
Game: Engine Cantilever01 global.props.Geometry
Game: Engine gio_GIO_97 global.props.GIO
Game: Engine Arrowhead6 global.collectibles.Arrowhead
Game: Engine AHIdleFXAC global.effects.AHIdleFX
Game: Engine gio_GIO_117 global.props.GIO
Game: Engine gio_GIO_114 global.props.GIO
Game: Engine gio_GIO_116 global.props.GIO
Game: Engine AHIdleFXAD global.effects.AHIdleFX
Game: Engine Arrowhead12 global.collectibles.Arrowhead
Game: Engine PsiChallengeCardFX5E global.effects.PsiChallengeCardFX
Game: Engine gio_GIO_115 global.props.GIO
Game: Engine Grate ca.props.Grate
Game: Engine InterestFX5D global.effects.InterestFX
Game: Engine PsiCards11 global.collectibles.PSIChallengeCard
Game: Engine Arrowhead3 global.collectibles.Arrowhead
Game: Engine AHIdleFXAA global.effects.AHIdleFX
Game: Engine CuteBird5 ca.characters.CuteBird
Game: Engine gio_GIO_199 global.props.GIO
Game: Engine CuteBird10 ca.characters.CuteBird
Game: Engine splLaddWellLadder_f global.props.Ladder
Game: Engine gio_GIO_118 global.props.GIO
Game: Engine Bunk0_ExtCamC dummy
Game: Engine Trapeze04 trapeez
Game: Engine gio_GIO_209 global.props.GIO
Game: Engine gio_GIO_181 global.props.GIO
Game: Engine gio_GIO_99 global.props.GIO
Game: Engine Arrowhead5 global.collectibles.Arrowhead
Game: Engine AHIdleFXAB global.effects.AHIdleFX
Game: Engine gio_GIO_79 global.props.GIO
Game: Engine Canopy63 CameraAlphaEntity
Game: Engine SignLSO2 ca.props.Sign
Game: Engine gio_GIO_98 global.props.GIO
Game: Engine gio_GIO_65 global.props.GIO
Game: Engine Trampoline1 global.props.BouncyTrampoline
Game: Engine gio_GIO_67 global.props.GIO
Game: Engine CuteBird3 ca.characters.CuteBird
Game: Engine gio_GIO_78 global.props.GIO
Game: Engine Bunk0_dartMarkOutC dummy
Game: Engine Bunk0_dartMarkOutA dummy
Game: Engine Pole14c_lf gen_proploader
Game: Engine gio_GIO_86 global.props.GIO
Game: Engine gio_GIO_68 global.props.GIO
Game: Engine gio_GIO_66 global.props.GIO
Game: Engine gio_GIO_85 global.props.GIO
Game: Engine gio_GIO_180 global.props.GIO
Game: Engine gio_GIO_64 global.props.GIO
Game: Engine InterestFX55 global.effects.InterestFX
Game: Engine PsiCards7 global.collectibles.PSIChallengeCard
Game: Engine gio_GIO_69 global.props.GIO
Game: Engine gio_GIO_63 global.props.GIO
Game: Engine LoudSpeaker4A ca.props.Loudspeaker
Game: Engine gio_GIO_119 global.props.GIO
Game: Engine PsiChallengeCardFX56 global.effects.PsiChallengeCardFX
Game: Engine gio_GIO_1 global.props.GIO
Game: Engine splRope0 global.props.Tightrope
Game: Engine gio_GIO_84 global.props.GIO
Game: Engine gio_GIO_188 global.props.GIO
Game: Engine gio_GIO_120 global.props.GIO
Game: Engine gio_GIO_70 global.props.GIO
Game: Engine gio_GIO_83 global.props.GIO
Game: Engine LoudSpeaker1A ca.props.Loudspeaker
Game: Engine Bunk0_ExtCamA dummy
Game: Engine CuteBird2 ca.characters.CuteBird
Game: Engine gio_GIO_87 global.props.GIO
Game: Engine gio_GIO_5 global.props.GIO
Game: Engine gio_GIO_71 global.props.GIO
Game: Engine LoudSpeaker3A ca.props.Loudspeaker
Game: Engine gio_GIO_82 global.props.GIO
Game: Engine GEN_dartstart GEN_dartstart
Game: Engine gio_GIO_6 global.props.GIO
Game: Engine gio_GIO_81 global.props.GIO
Game: Engine LoudSpeaker2A ca.props.Loudspeaker
Game: Engine gio_GIO_72 global.props.GIO
Game: Engine Bobby ca.characters.Bobby
Game: Engine gio_GIO_80 global.props.GIO
Game: Engine gio_GIO_214 global.props.GIO
Game: Engine Bunk0_dartMarkInA dummy
Game: Engine InterestFX57 global.effects.InterestFX
Game: Engine PsiCards8 global.collectibles.PSIChallengeCard
Game: Engine Bunk0_dartMarkInC dummy
Game: Engine DragonFlyB ca.characters.Dragonfly
Game: Engine Benny ca.characters.Benny
Game: Engine gio_GIO_73 global.props.GIO
Game: Engine PsiChallengeCardFX58 global.effects.PsiChallengeCardFX
Game: Engine gio_GIO_182 global.props.GIO
Game: Engine gio_GIO_74 global.props.GIO
Game: Engine SalamanderA ca.characters.Salamander
Game: Engine gio_GIO_208 global.props.GIO
Game: Engine gio_GIO_75 global.props.GIO
Game: Engine gio_GIO_91 global.props.GIO
Game: Engine gio_GIO_212 global.props.GIO
Game: Engine gio_GIO_179 global.props.GIO
Game: Engine gio_GIO_121 global.props.GIO
Game: Engine gio_GIO_129 global.props.GIO
Game: Engine splRail6 global.props.Railslide
Game: Engine gio_GIO_51 global.props.GIO
Game: Engine gio_GIO_0 global.props.GIO
Game: Engine PsiCards6 global.collectibles.PSIChallengeCard
Game: Engine InterestFX53 global.effects.InterestFX
Game: Engine gio_GIO_92 global.props.GIO
Game: Engine PsiChallengeCardFX54 global.effects.PsiChallengeCardFX
Game: Engine Nils ca.characters.Nils
Game: Engine gio_GIO_190 global.props.GIO
Game: Engine gio_GIO_172 global.props.GIO
Game: Engine gio_GIO_202 global.props.GIO
Game: Engine gio_GIO_130 global.props.GIO
Game: Engine gio_GIO_52 global.props.GIO
Game: Engine gio_GIO_216 global.props.GIO
Game: Engine Canopy20 CameraAlphaEntity
Game: Engine gio_GIO_76 global.props.GIO
Game: Engine gio_GIO_132 global.props.GIO
Game: Engine gio_GIO_200 global.props.GIO
Game: Engine GrasshoperB ca.characters.Grasshopper
Game: Engine gio_GIO_174 global.props.GIO
Game: Engine gio_GIO_131 global.props.GIO
Game: Engine gio_GIO_201 global.props.GIO
Game: Engine gio_GIO_173 global.props.GIO
Game: Engine InterestFX50 global.effects.InterestFX
Game: Engine PsiChallengeCardFX4B global.effects.PsiChallengeCardFX
Game: Engine PsiCards3 global.collectibles.PSIChallengeCard
Game: Engine splRail7 global.props.Railslide
Game: Engine gio_GIO_62 global.props.GIO
Game: Engine gio_GIO_50 global.props.GIO
Game: Engine gio_GIO_15 global.props.GIO
Game: Engine gio_GIO_127 global.props.GIO
Game: Engine gio_GIO_128 global.props.GIO
Game: Engine gio_GIO_191 global.props.GIO
Game: Engine gio_GIO_20 global.props.GIO
Game: Engine splLadd1 global.props.Ladder
Game: Engine gio_GIO_61 global.props.GIO
Game: Engine gio_GIO_60 global.props.GIO
Game: Engine gio_GIO_126 global.props.GIO
Game: Engine gio_GIO_93 global.props.GIO
Game: Engine Arrowhead4 global.collectibles.Arrowhead
Game: Engine gio_GIO_89 global.props.GIO
Game: Engine gio_GIO_123 global.props.GIO
Game: Engine gio_GIO_77 global.props.GIO
Game: Engine gio_GIO_133 global.props.GIO
Game: Engine gio_GIO_122 global.props.GIO
Game: Engine gio_GIO_125 global.props.GIO
Game: Engine gio_GIO_195 global.props.GIO
Game: Engine CuteBird4 ca.characters.CuteBird
Game: Engine gio_GIO_213 global.props.GIO
Game: Engine Arrowhead7 global.collectibles.Arrowhead
Game: Engine gio_GIO_124 global.props.GIO
Game: Engine Trampoline2 global.props.BouncyTrampoline
Game: Engine DogenSquirrel2 ca.characters.Squirrel
Game: Engine splRope8 global.props.Tightrope
Game: Engine gio_GIO_88 global.props.GIO
Game: Engine gio_GIO_59 global.props.GIO
Game: Engine Geometry6A global.props.Geometry
Game: Engine PsiChallengeMarker global.collectibles.PsiChallengeMarker
Game: Engine gio_GIO_90 global.props.GIO
Game: Engine gio_GIO_58 global.props.GIO
Game: Engine gio_GIO_16 global.props.GIO
Game: Engine gio_GIO_171 global.props.GIO
Game: Engine Arrowhead1 global.collectibles.Arrowhead
Game: Engine CuteBird1 ca.characters.CuteBird
Game: Engine gio_GIO_55 global.props.GIO
Game: Engine gio_GIO_57 global.props.GIO
Game: Engine gio_GIO_53 global.props.GIO
Game: Engine ActivatedFridgeDoor global.props.Door
Game: Engine Arrowhead9 global.collectibles.Arrowhead
Game: Engine gio_GIO_14 global.props.GIO
Game: Engine gio_GIO_135 global.props.GIO
Game: Engine ScavIceBlock ca.props.IceBlock
Game: Engine ScavSandwich ca.props.ScavengerHuntItem
Game: Engine gio_GIO_196 global.props.GIO
Game: Engine gio_GIO_184 global.props.GIO
Game: Engine gio_GIO_19 global.props.GIO
Game: Engine gio_GIO_56 global.props.GIO
Game: Engine Dogen ca.characters.Dogen
Game: Engine Quentin ca.characters.Quentin
Game: Engine splRail5 global.props.Railslide
Game: Engine Hindenbugs global.effects.HindenbugEmitter
Game: Engine Phoebe ca.characters.Phoebe
Game: Engine gio_GIO_203 global.props.GIO
Game: Engine gio_GIO_170 global.props.GIO
Game: Engine DogenSquirrel3 ca.characters.Squirrel
Game: Engine DogenSquirrel1 ca.characters.Squirrel
Game: Engine gio_GIO_134 global.props.GIO
Game: Engine gio_GIO_54 global.props.GIO
Game: Engine SalamanderB ca.characters.Salamander
Game: Engine gio_GIO_2 global.props.GIO
Game: Engine gio_GIO_44 global.props.GIO
Game: Engine gio_GIO_136 global.props.GIO
Game: Engine LoudSpeaker1B ca.props.Loudspeaker
Game: Engine Pole14b_lf gen_proploader
Game: Engine LoudSpeaker4B ca.props.Loudspeaker
Game: Engine LoudSpeaker2B ca.props.Loudspeaker
Game: Engine splRail11 global.props.Railslide
Game: Engine splRail10 global.props.Railslide
Game: Engine LoudSpeaker3B ca.props.Loudspeaker
Game: Engine PsiCards12 global.collectibles.PSIChallengeCard
Game: Engine InterestFX5F global.effects.InterestFX
Game: Engine PsiChallengeCardFX60 global.effects.PsiChallengeCardFX
Game: Engine splRail13 global.props.Railslide
Game: Engine InterestFX47 global.effects.InterestFX
Game: Engine PsiCards2 global.collectibles.PSIChallengeCard
Game: Engine chair global.props.Geometry
Game: Engine GrasshoperA ca.characters.Grasshopper
Game: Engine PsiChallengeCardFX4C global.effects.PsiChallengeCardFX
Game: Engine Chloe ca.characters.Chloe
Game: Engine Radio ca.props.Radio
Game: Engine Trapeze05 trapeez
Game: Engine Coach ca.characters.Coach
Game: Engine CoachCrop ScriptBase
Game: Engine Arrowhead10 global.collectibles.Arrowhead
Game: Engine GrasshoperD ca.characters.Grasshopper
Game: Engine SalamanderD ca.characters.Salamander
Game: Engine NewFan global.props.RotatingDecorator
Game: Engine FanSoundSource global.sound.SoundSource
Game: Engine splRail15 global.props.Railslide
Game: Engine splRail12 global.props.Railslide
Game: Engine splRail19 global.props.Railslide
Game: Engine splRail14 global.props.Railslide
Game: Engine Lili ca.characters.Lili
Game: Engine splRail16 global.props.Railslide
Game: Engine splRail9 global.props.Railslide
Game: Engine DragonFlyD ca.characters.Dragonfly
Game: Engine splLadd2 global.props.Ladder
Game: Engine SignLSO3 ca.props.Sign
Game: Engine splRail4 global.props.Railslide
Game: Engine Canopy21 CameraAlphaEntity
Game: Engine SalamanderC ca.characters.Salamander
Game: Engine Arrowhead8 global.collectibles.Arrowhead
Game: Engine InterestFX52 global.effects.InterestFX
Game: Engine PsiCards5 global.collectibles.PSIChallengeCard
Game: Engine PsiChallengeCardFX4D global.effects.PsiChallengeCardFX
Game: Engine Maloof ca.characters.Maloof
Game: Engine CuteBird6 ca.characters.CuteBird
Game: Engine splRail18 global.props.Railslide
Game: Engine DragonFlyC ca.characters.Dragonfly
Game: Engine SquirrelGibForCS global.props.Geometry
Game: Engine splRail3 global.props.Railslide
Game: Engine splRail17 global.props.Railslide
Game: Engine CuteBird7 ca.characters.CuteBird
Game: Engine GrasshoperC ca.characters.Grasshopper
Game: Engine Mikhail ca.characters.Mikhail
Game: Engine cakcStump ca.props.TreestumpTeleporter
Game: Engine TreestumpGag1 ca.props.TreestumpTeleporterGag
Game: Engine TreestumpGrate global.props.Geometry
Game: Engine SignLSO ca.props.Sign
Game: Engine Ford ca.characters.Ford
Game: Engine Broom gen_proploader
Game: Engine Dustpan gen_proploader
Game: Engine SignLSO1 ca.props.Sign
Game: Engine CAKCtoCAMA1 ca.props.CATeleporter
Game: Engine Canopy80 CameraAlphaEntity
Game: Engine InvDisplayer global.otherentities.InvAdder
Game: Engine Canopy73 CameraAlphaEntity
Game: Engine Dart_FXf global.effects.invisibilityShockwaveFX
Game: Engine Dart_FXf_Streamersa1 dummy
Game: Engine Dialog_Cloud ParticleEmitter
Game: Engine Clairvoyance_Cloud ParticleEmitter
Game: Engine Dart_FXb global.effects.PsiShieldFailFX
Game: Engine GenGibs3F_affector dummy
Game: Engine GenGibs3F global.effects.GenGibs
Game: Engine RailSlideMetalFX38 global.effects.RailSlideMetalFX
Game: Engine PsiBlast5DeflectedPsiBlast global.props.Geometry
Game: Engine PsiBlast5 PsiBlast
Game: Engine Dart_FXa global.effects.InvisoEyeFX
Game: Engine PsiBlast4DeflectedPsiBlast global.props.Geometry
Game: Engine PsiBlast4 PsiBlast
Game: Engine PsiBlast3DeflectedPsiBlast global.props.Geometry
Game: Engine RailSlideWoodFX37 global.effects.RailSlideWoodFX
Game: Engine RazRespawnFX3 global.effects.RazRespawnFX
Game: Engine RazPreDeathFX2 global.effects.RazPreDeathFX
Game: Engine DialogBubble_SubCloud_0 ParticleEmitter
Game: Engine Decorator1 global.props.Decorator
Game: Engine RazPsiShield PsiShield
Game: Engine FireStartExplodeFX0 global.effects.FireStartExplodeFX
Game: Engine FigmentGlobals global.collectibles.FigmentGlobals
Game: Engine PsiBlast3 PsiBlast
Game: Engine DialogBubble_SubCloud_1 ParticleEmitter
Game: Engine PsiBlast2 PsiBlast
Game: Engine PsiBlast1DeflectedPsiBlast global.props.Geometry
Game: Engine PsiBlast1 PsiBlast
Game: Engine PsiBlast0DeflectedPsiBlast global.props.Geometry
Game: Engine DialogBubble_SubCloud_2 ParticleEmitter
Game: Engine LedgeDirtFXA8 global.effects.LedgeDirtFX
Game: Engine waterFallStreak global.props.Geometry
Game: Engine SetFogAndZ global.otherentities.SetFogAndZ
Game: Engine TreeSafetyCol global.props.Geometry
Game: Engine Dart_FXe global.effects.NoAmmoFX
Game: Engine ThoughtBubbleRings2 global.effects.PsiBallRingsFX
Game: Engine dripMesh global.props.Geometry
Game: Engine ThoughtBubbleBounce global.effects.PsiBallRingsBounceFX
Game: Engine ThoughtBubbleBounce2 global.effects.PsiBallRingsBounceFX
Game: Engine ball_trail engine.BallTrail
Game: Engine CAKCtoCAGP2 ca.props.CATeleporter
Game: Engine Mud6B ca.effects.Mud
Game: Engine Mud6B_Muda1 dummy
Game: Engine AmbiencePlayer global.sound.RandomAmbiencePlayer
Game: Engine PlayerInvulIndicator global.effects.RazDamageFX
Game: Engine FireStartExplodeSuperFX4 global.effects.FireStartExplodeSuperFX
Game: Engine CAKCtoCAGP1 ca.props.CATeleporter
Game: Engine CAKCtoCARE3 ca.props.CATeleporter
Game: Engine PsiBlast0 PsiBlast
Game: Engine CAKCtoCARE2 ca.props.CATeleporter
Game: Engine CAKCtoCARE1 ca.props.CATeleporter
Game: Engine ThoughtBubbleRings global.effects.PsiBallRingsFX
Game: Engine SquirrelGibSmoke ca.effects.SquirrelJibSmokeFX
Game: Engine ThoughtBubbleSpikes ScriptBase
Game: Engine Mover2B global.otherentities.Mover
Game: Engine BallPopFX13 global.effects.BallPopFX
Game: Engine ConfusionGrenade12_fx2_StreakPopa1 dummy
Game: Engine AHCollectionFX2A_Payoffa1 dummy
Game: Engine AHCollectionFX2A global.effects.AHCollectionFX
Game: Engine TelekinesisClaw2RazTKClawLine ParticleEmitter
Game: Engine AHGasFX29 global.effects.AHGasFX
Game: Engine SaltFX global.props.Geometry
Game: Engine ConfusionFX76 global.effects.ConfusionFX
Game: Engine ConfusionFX77 global.effects.ConfusionFX
Game: Engine ConfusionFX78 global.effects.ConfusionFX
Game: Engine ConfusionFX79 global.effects.ConfusionFX
Game: Engine ConfusionFX7A global.effects.ConfusionFX
Game: Engine ConfusionFX7B global.effects.ConfusionFX
Game: Engine ConfusionFX7C global.effects.ConfusionFX
Game: Engine ConfusionFX7D global.effects.ConfusionFX
Game: Engine HealthAmmo7E global.collectibles.HealthAmmo
Game: Engine HealthAmmo7F global.collectibles.HealthAmmo
Game: Engine HealthAmmo80 global.collectibles.HealthAmmo
Game: Engine ConfusionAmmo81 global.collectibles.ConfusionAmmo
Game: Engine ConfusionAmmo82 global.collectibles.ConfusionAmmo
Game: Engine ConfusionAmmo83 global.collectibles.ConfusionAmmo
Game: Engine PsiBlastAmmo84 global.collectibles.PsiBlastAmmo
Game: Engine PsiBlastAmmo85 global.collectibles.PsiBlastAmmo
Game: Engine PsiBlastAmmo86 global.collectibles.PsiBlastAmmo
Game: Engine ArrowheadAmmo87 global.collectibles.ArrowheadAmmo
Game: Engine ArrowheadAmmo88 global.collectibles.ArrowheadAmmo
Game: Engine ArrowheadAmmo89 global.collectibles.ArrowheadAmmo
Game: Engine ca.CAKCCutscenes ca.CAKCCutscenes
Game: Engine EZSceneTools8A global.camera.EZSceneTools
Game: Engine cutsceneEmoTag ScriptBase
Game: Engine WaterFXManager global.effects.WaterFXManager
Game: Engine RunningRippleFX global.effects.RunningRippleFX
Game: Engine WaterRingsFX global.effects.WaterRingsFX
Game: Engine SplashFX8B global.effects.SplashFX
Game: Engine SplashFX8B_Dropsa1 dummy
Game: Engine SplashFX8C global.effects.SplashFX
Game: Engine SplashFX8C_Dropsa1 dummy
Game: Engine SplashFX8D global.effects.SplashFX
Game: Engine SplashFX8D_Dropsa1 dummy
Game: Engine SplashFX8E global.effects.SplashFX
Game: Engine SplashFX8E_Dropsa1 dummy
Game: Engine SplashFX8F global.effects.SplashFX
Game: Engine SplashFX8F_Dropsa1 dummy
Game: Engine WaterSplash90 global.effects.WaterSplash
Game: Engine WaterRingsFX91 global.effects.WaterRingsFX
Game: Engine WaterRingsFX92 global.effects.WaterRingsFX
Game: Engine InstaHintFord global.characters.InstaHintFord
Game: Engine baconPoofFX93 global.effects.baconPoofFX
Game: Engine MillaAnnouncer global.props.Geometry
Game: Engine FordAnnouncer global.props.Geometry
Game: Engine TelekinesisClaw2TKHolder dummy
Game: Engine TelekinesisClaw2 TKClaw
Game: Engine TelekinesisClaw1RazTKClawLine ParticleEmitter
Game: Engine PutAwayFX94 global.effects.PutAwayFX
Game: Engine FigmentFX95 global.effects.FigmentFX
Game: Engine FigmentFX95_Mista1 dummy
Game: Engine RankUpFX96 global.effects.RankUpFX
Game: Engine RankUpFX96_Sparka1 dummy
Game: Engine RazPsiShieldFX global.effects.PsiShieldFX
Game: Engine Decorator97 global.props.Decorator
Game: Engine MeleeHit98 global.effects.MeleeHit
Game: Engine MeleeHit99 global.effects.MeleeHit
Game: Engine MeleeHit9A global.effects.MeleeHit
Game: Engine MeleeHitNot9B global.effects.MeleeHitNot
Game: Engine MeleeHitNot9C global.effects.MeleeHitNot
Game: Engine MeleeFistFade9D global.effects.MeleeFistFade
Game: Engine PalmBombFX9E global.effects.PalmBombFX
Game: Engine RazLH_SwishFX1 global.props.Geometry
Game: Engine RazLH_SwishFX2 global.props.Geometry
Game: Engine RazLH_SwishFX3 global.props.Geometry
Game: Engine RazLH_SwishFX4 global.props.Geometry
Game: Engine RazLH_ShockFX global.props.DartShockwave
Game: Engine PalmBombSuperFX9F global.effects.PalmBombSuperFX
Game: Engine PalmBombSuperHandsFXA0 global.effects.PalmBombSuperHandsFX
Game: Engine MeleeFistFadeA2 global.effects.MeleeFistFade
Game: Engine MeleeCraneFXA3 global.effects.MeleeCraneFX
Game: Engine RazRH_SwishFX1 global.props.Geometry
Game: Engine RazRH_SwishFX2 global.props.Geometry
Game: Engine RazRH_SwishFX3 global.props.Geometry
Game: Engine ConfusionGrenade12_fx2 global.effects.ConfusionBombFX
Game: Engine PsiBlastHitSuperFX19 global.effects.PsiBlastHitSuperFX
Game: Engine ConfusionGrenade12_fx1 global.effects.ConfusionFuseFX
Game: Engine canopies1 global.props.Geometry
Game: Engine ThoughtBubble ThoughtBubble
Game: Engine Leaves global.props.Geometry
Game: Engine polySurface1427098 global.props.Geometry
Game: Engine polySurface1427095 global.props.Geometry
Game: Engine treetop global.props.Geometry
Game: Engine treetopzz4 global.props.Geometry
Game: Engine polySurface1427100 global.props.Geometry
Game: Engine TelekinesisClaw1TKHolder dummy
Game: Engine treetop3 global.props.Geometry
Game: Engine treetop4 global.props.Geometry
Game: Engine polySurface1427150 global.props.Geometry
Game: Engine treetop1a global.props.Geometry
Game: Engine treetopzz3 global.props.Geometry
Game: Engine TelekinesisClaw1 TKClaw
Game: Engine TKClawRazTKClawLine ParticleEmitter
Game: Engine TKClawTKHolder dummy
Game: Engine TKClaw TKClaw
Game: Engine Global global.GlobalClass
Game: Engine Thought_Bubble_Spring ParticleEmitter
Game: Engine Thought_SubCloud_2 ParticleEmitter
Game: Engine Thought_SubCloud_1 ParticleEmitter
Game: Engine Thought_SubCloud_0 ParticleEmitter
Game: Engine treetop6 global.props.Geometry
Game: Engine polySurface1427091 global.props.Geometry
Game: Engine treetopzz2 global.props.Geometry
Game: Engine treetop8 global.props.Geometry
Game: Engine treetops7 global.props.Geometry
Game: Engine polySurface1427094 global.props.Geometry
Game: Engine PsiBlastDeflectFX18 global.effects.PsiBlastDeflectFX
Game: Engine polySurface1427092 global.props.Geometry
Game: Engine treetop2 global.props.Geometry
Game: Engine polySurface1427101 global.props.Geometry
Game: Engine treetop10 global.props.Geometry
Game: Engine polySurface1427097 global.props.Geometry
Game: Engine treetop5 global.props.Geometry
Game: Engine polySurface1427099 global.props.Geometry
Game: Engine polySurface142747 global.props.Geometry
Game: Engine treetop9 global.props.Geometry
Game: Engine PsiBlastAirHit17 global.effects.PsiBlastAirHit
Game: Engine ConfusionGrenade12 global.props.ConfusionGrenade
Game: Engine ClairCamUpdater10 global.otherentities.ClairCamUpdater
Game: Engine PsiBlastHitFX16 global.effects.PsiBlastHitFX
Game: Engine RazSteamRecoverFX5 global.effects.RazSteamRecoverFX
Game: Engine Thought_Cloud ParticleEmitter
Game: Engine Thought_Bubble_Roll ParticleEmitter
Game: Engine PsiBlastFX15 global.effects.PsiBlastFX
Game: Engine PsiRailFX14 global.effects.PsiRailFX
Game: Engine RazLH global.props.DartMeleeHand
Game: Engine RazRH global.props.DartMeleeHand
Game: Engine PsiBlast2DeflectedPsiBlast global.props.Geometry
Game: Engine Canopy74 CameraAlphaEntity
Game: Engine treetop1b global.props.Geometry
Game: Engine Canopy59 CameraAlphaEntity
Game: Engine ScriptBaseA1 ScriptBase
Game: Engine ScriptBaseA4 ScriptBase
Game: Engine Minecart ca.props.MineCart