Game: Engine InvDisplayer global.otherentities.InvAdder
Game: Engine Dart Dart
Game: Engine RazLH_EntryFX global.props.Geometry
Game: Engine startpoint GEN_dartstart
Game: Engine gravityreset5 global.otherentities.GravityTrigger
Game: Engine respawnerStart GEN_respawnpoint
Game: Engine RankBling global.otherentities.RankBling
Game: Engine gio_Figment_164 global.collectibles.Figment
Game: Engine gio_GIO_417 global.props.GIO
Game: Engine gio_GIO_409 global.props.GIO
Game: Engine gio_GIO_416 global.props.GIO
Game: Engine Door10 mm.props.Door
Game: Engine gio_GIO_422 global.props.GIO
Game: Engine gio_GIO_426 global.props.GIO
Game: Engine gio_GIO_424 global.props.GIO
Game: Engine BoydFridgeDoor mm.props.FridgeDoor
Game: Engine gio_Figment_162 global.collectibles.Figment
Game: Engine gio_GIO_413 global.props.GIO
Game: Engine gio_GIO_414 global.props.GIO
Game: Engine BoydCamera mm.props.SpyCamBoyd
Game: Engine gio_Figment_159 global.collectibles.Figment
Game: Engine PsiPowerUpFX46 global.effects.PsiPowerUpFX
Game: Engine LSO_Clairvoyance global.collectibles.PsiPower
Game: Engine Cake as.props.Cake
Game: Engine GeometryD9 global.props.Geometry
Game: Engine gio_Figment_160 global.collectibles.Figment
Game: Engine InterestFXD8 global.effects.InterestFX
Game: Engine gio_GIO_421 global.props.GIO
Game: Engine gio_GIO_415 global.props.GIO
Game: Engine gio_GIO_423 global.props.GIO
Game: Engine gio_GIO_419 global.props.GIO
Game: Engine gio_Figment_156 global.collectibles.Figment
Game: Engine gio_Figment_161 global.collectibles.Figment
Game: Engine gio_GIO_418 global.props.GIO
Game: Engine gio_Figment_163 global.collectibles.Figment
Game: Engine gio_Figment_157 global.collectibles.Figment
Game: Engine gio_GIO_408 global.props.GIO
Game: Engine gio_GIO_407 global.props.GIO
Game: Engine gio_Figment_158 global.collectibles.Figment
Game: Engine gio_GIO_427 global.props.GIO
Game: Engine Boyd mm.characters.Boyd
Game: Engine gio_GIO_410 global.props.GIO
Game: Engine BoydRant mm.props.BoydRant
Game: Engine gio_GIO_425 global.props.GIO
Game: Engine gio_GIO_420 global.props.GIO
Game: Engine gio_GIO_411 global.props.GIO
Game: Engine gio_GIO_412 global.props.GIO
Game: Engine HouseFridgeDoor2 mm.props.FridgeDoorDomained
Game: Engine EmoBagPurseRightTear global.effects.EmoBagTearFX
Game: Engine DottedLine9 global.props.Geometry
Game: Engine EmoBagPurseLeftTear global.effects.EmoBagTearFX
Game: Engine EmoBagPurse global.collectibles.EmotionalBaggage
Game: Engine GmanRollingPin2RollingPin global.props.Geometry
Game: Engine GmanRollingPin1RollingPin global.props.Geometry
Game: Engine House1_FridgeDoor2 mm.props.FridgeDoorDomained
Game: Engine House1_FridgeDoor1 mm.props.FridgeDoorDomained
Game: Engine House1_FridgeDoor mm.props.FridgeDoorDomained
Game: Engine House1_FridgeDoor3 mm.props.FridgeDoorDomained
Game: Engine House1_FridgeDoor4 mm.props.FridgeDoorDomained
Game: Engine House1_FridgeDoor5 mm.props.FridgeDoorDomained
Game: Engine SupremeInterestFX6A global.effects.SupremeInterestFX
Game: Engine Geometry6B global.props.Geometry
Game: Engine MaxPsiBlastAmmo global.collectibles.MaxAmmoUp
Game: Engine GmanRollingPin3RollingPin global.props.Geometry
Game: Engine GmanRollingPin2 mm.characters.GmanRollingPin
Game: Engine EmoTagDufflebag global.collectibles.EmotionalBaggageTag
Game: Engine InterestFX66 global.effects.InterestFX
Game: Engine GmanRollingPin1 mm.characters.GmanRollingPin
Game: Engine FireplaceFlame3 ca.props.EternalFlame
Game: Engine FireplaceFlame5Fire bb.props.Fire
Game: Engine FireplaceFlame2Fire bb.props.Fire
Game: Engine GroundFireD0_Embersa1 dummy
Game: Engine FireplaceFlameFire bb.props.Fire
Game: Engine GroundFireCD bb.effects.GroundFire
Game: Engine GroundFireD2_Embersa1 dummy
Game: Engine GroundFireD2 bb.effects.GroundFire
Game: Engine GroundFireCD_Embersa1 dummy
Game: Engine GroundFireCF_Embersa1 dummy
Game: Engine FireplaceFlame1Fire bb.props.Fire
Game: Engine GroundFireCE bb.effects.GroundFire
Game: Engine FireplaceFlame3Fire bb.props.Fire
Game: Engine GroundFireD0 bb.effects.GroundFire
Game: Engine GroundFireCE_Embersa1 dummy
Game: Engine GroundFireD1_Embersa1 dummy
Game: Engine FireplaceFlame4Fire bb.props.Fire
Game: Engine GroundFireD1 bb.effects.GroundFire
Game: Engine FireplaceFlame5 ca.props.EternalFlame
Game: Engine FireplaceFlame4 ca.props.EternalFlame
Game: Engine GroundFireCF bb.effects.GroundFire
Game: Engine FireplaceFlame2 ca.props.EternalFlame
Game: Engine FireplaceFlame1 ca.props.EternalFlame
Game: Engine FireplaceFlame ca.props.EternalFlame
Game: Engine GmanRollingPin3 mm.characters.GmanRollingPin
Game: Engine InterestFX64 global.effects.InterestFX
Game: Engine RollingPin mm.props.PropRollingPin
Game: Engine Geometry65 global.props.Geometry
Game: Engine HouseFridgeDoor_house2_3 mm.props.FridgeDoorDomained
Game: Engine HouseFridgeDoor_house2_5 mm.props.FridgeDoorDomained
Game: Engine HouseFridgeDoor_house2_1 mm.props.FridgeDoorDomained
Game: Engine HouseFridgeDoor_house2_2 mm.props.FridgeDoorDomained
Game: Engine HouseFridgeDoor_house2_6 mm.props.FridgeDoorDomained
Game: Engine HouseFridgeDoor_house2_4 mm.props.FridgeDoorDomained
Game: Engine HouseFridgeDoor_house2_7 mm.props.FridgeDoorDomained
Game: Engine chopper7 mm.props.Chopper
Game: Engine chopper7ChopperMesh global.props.MovingGeometry
Game: Engine chopper8ChopperMesh global.props.MovingGeometry
Game: Engine chopper8 mm.props.Chopper
Game: Engine camera1 mm.props.Camera
Game: Engine respawner2 GEN_respawnpoint
Game: Engine camera2 mm.props.Camera
Game: Engine camera3 mm.props.Camera
Game: Engine GeometryD4 global.props.Geometry
Game: Engine Sign mm.props.PropSign
Game: Engine chopper6ChopperMesh global.props.MovingGeometry
Game: Engine chopper6 mm.props.Chopper
Game: Engine camera4 mm.props.Camera
Game: Engine camera5 mm.props.Camera
Game: Engine SupremeInterestFX5D global.effects.SupremeInterestFX
Game: Engine Plunger mm.props.PropPlunger
Game: Engine Geometry5E global.props.Geometry
Game: Engine Dart_FXf_Streamersa1 dummy
Game: Engine Dart_FXf global.effects.invisibilityShockwaveFX
Game: Engine InterestFX47 global.effects.InterestFX
Game: Engine SplashFXB3 global.effects.SplashFX
Game: Engine SplashFXB3_Dropsa1 dummy
Game: Engine SplashFXB1 global.effects.SplashFX
Game: Engine WaterSplashB4 global.effects.WaterSplash
Game: Engine WaterRingsFXB5 global.effects.WaterRingsFX
Game: Engine FigmentFXB9 global.effects.FigmentFX
Game: Engine WaterRingsFXB6 global.effects.WaterRingsFX
Game: Engine InstaHintFord global.characters.InstaHintFord
Game: Engine baconPoofFXB7 global.effects.baconPoofFX
Game: Engine BoydFakeWall global.props.Geometry
Game: Engine RankUpFXBA_Sparka1 dummy
Game: Engine RazPsiShieldFX global.effects.PsiShieldFX
Game: Engine DecoratorBB global.props.Decorator
Game: Engine MeleeHitBC global.effects.MeleeHit
Game: Engine SplashFXB0_Dropsa1 dummy
Game: Engine SplashFXB0 global.effects.SplashFX
Game: Engine Arrest mm.props.ArrestController
Game: Engine ArrestGauge mm.props.Gauge
Game: Engine TelekinesisClaw2RazTKClawLine ParticleEmitter
Game: Engine DummyPilot ScriptBase
Game: Engine DummyGman1 ScriptBase
Game: Engine DummyGman2 ScriptBase
Game: Engine CookieBomb global.props.Geometry
Game: Engine CookieBombFX mm.effects.CookieBoxExplosionFX
Game: Engine SplashFXAF_Dropsa1 dummy
Game: Engine SplashFXAF global.effects.SplashFX
Game: Engine WaterRingsFX global.effects.WaterRingsFX
Game: Engine LedgeDirtFXCC global.effects.LedgeDirtFX
Game: Engine PsiBlast0 PsiBlast
Game: Engine MeleeHitNotBF global.effects.MeleeHitNot
Game: Engine RazRH_SwishFX3 global.props.Geometry
Game: Engine RazRH_SwishFX2 global.props.Geometry
Game: Engine RunningRippleFX global.effects.RunningRippleFX
Game: Engine WaterFXManager global.effects.WaterFXManager
Game: Engine GeometryAE global.props.Geometry
Game: Engine RazRH_SwishFX1 global.props.Geometry
Game: Engine TelekinesisClaw2TKHolder dummy
Game: Engine GravityManager0 mm.GravityManager
Game: Engine TelekinesisClaw2 TKClaw
Game: Engine FigmentGlobals global.collectibles.FigmentGlobals
Game: Engine FireStartExplodeFX1 global.effects.FireStartExplodeFX
Game: Engine TelekinesisClaw1RazTKClawLine ParticleEmitter
Game: Engine RazPsiShield PsiShield
Game: Engine Decorator2 global.props.Decorator
Game: Engine PlayerInvulIndicator global.effects.RazDamageFX
Game: Engine RazPreDeathFX3 global.effects.RazPreDeathFX
Game: Engine RazRespawnFX4 global.effects.RazRespawnFX
Game: Engine Dart_FXa global.effects.InvisoEyeFX
Game: Engine Dart_FXb global.effects.PsiShieldFailFX
Game: Engine Dart_FXe global.effects.NoAmmoFX
Game: Engine RankUpFXBA global.effects.RankUpFX
Game: Engine BoydFenceCollisionPlug global.props.Geometry
Game: Engine SplashFXB1_Dropsa1 dummy
Game: Engine FireStartExplodeSuperFX5 global.effects.FireStartExplodeSuperFX
Game: Engine Rifle mm.props.PropRifle
Game: Engine GenGibsB global.effects.GenGibs
Game: Engine GenGibsB_affector dummy
Game: Engine GenGibsE global.effects.GenGibs
Game: Engine GenGibsE_affector dummy
Game: Engine GenGibs11 global.effects.GenGibs
Game: Engine GenGibs11_affector dummy
Game: Engine GenGibs14 global.effects.GenGibs
Game: Engine GenGibs14_affector dummy
Game: Engine GenGibs16 global.effects.GenGibs
Game: Engine GenGibs16_affector dummy
Game: Engine GenGibs18 global.effects.GenGibs
Game: Engine GenGibs18_affector dummy
Game: Engine FigmentFXB9_Mista1 dummy
Game: Engine GenGibs1A global.effects.GenGibs
Game: Engine GenGibs1A_affector dummy
Game: Engine SplashFXB2 global.effects.SplashFX
Game: Engine GenGibs1C global.effects.GenGibs
Game: Engine GenGibs1C_affector dummy
Game: Engine GenGibs1E global.effects.GenGibs
Game: Engine GenGibs1E_affector dummy
Game: Engine GenGibs20 global.effects.GenGibs
Game: Engine GenGibs20_affector dummy
Game: Engine GenGibs22 global.effects.GenGibs
Game: Engine GenGibs22_affector dummy
Game: Engine GenGibs24 global.effects.GenGibs
Game: Engine GenGibs24_affector dummy
Game: Engine GenGibs26 global.effects.GenGibs
Game: Engine GenGibs26_affector dummy
Game: Engine GenGibs28 global.effects.GenGibs
Game: Engine GenGibs28_affector dummy
Game: Engine GenGibs2A global.effects.GenGibs
Game: Engine GenGibs2A_affector dummy
Game: Engine GenGibs2E global.effects.GenGibs
Game: Engine GenGibs2E_affector dummy
Game: Engine GenGibs30 global.effects.GenGibs
Game: Engine GenGibs30_affector dummy
Game: Engine GenGibs32 global.effects.GenGibs
Game: Engine GenGibs32_affector dummy
Game: Engine GenGibs37 global.effects.GenGibs
Game: Engine GenGibs37_affector dummy
Game: Engine DialogBubble_SubCloud_2 ParticleEmitter
Game: Engine ClairCamUpdater39 global.otherentities.ClairCamUpdater
Game: Engine ConfusionGrenade3B global.props.ConfusionGrenade
Game: Engine ConfusionGrenade3B_fx1 global.effects.ConfusionFuseFX
Game: Engine ConfusionGrenade3B_fx2 global.effects.ConfusionBombFX
Game: Engine ConfusionGrenade3B_fx2_StreakPopa1 dummy
Game: Engine BallPopFX3C global.effects.BallPopFX
Game: Engine ThoughtBubbleRings global.effects.PsiBallRingsFX
Game: Engine ThoughtBubbleBounce global.effects.PsiBallRingsBounceFX
Game: Engine ThoughtBubbleRings2 global.effects.PsiBallRingsFX
Game: Engine ThoughtBubbleBounce2 global.effects.PsiBallRingsBounceFX
Game: Engine ball_trail engine.BallTrail
Game: Engine ThoughtBubbleSpikes ScriptBase
Game: Engine PsiRailFX3D global.effects.PsiRailFX
Game: Engine PsiBlastFX3E global.effects.PsiBlastFX
Game: Engine PsiBlastHitFX3F global.effects.PsiBlastHitFX
Game: Engine PsiBlastAirHit40 global.effects.PsiBlastAirHit
Game: Engine PsiBlastDeflectFX41 global.effects.PsiBlastDeflectFX
Game: Engine PsiBlastHitSuperFX42 global.effects.PsiBlastHitSuperFX
Game: Engine RailSlideElectroFX43 global.effects.RailSlideElectroFX
Game: Engine __Dupe_Sign__1 mm.props.PropSign
Game: Engine DialogBubble_SubCloud_1 ParticleEmitter
Game: Engine GeometryD7 global.props.Geometry
Game: Engine TelekinesisClaw1TKHolder dummy
Game: Engine TelekinesisClaw1 TKClaw
Game: Engine TKClawRazTKClawLine ParticleEmitter
Game: Engine TKClawTKHolder dummy
Game: Engine GmanChatterMaster mm.props.GmanChatterController
Game: Engine MeleeCraneFXC7 global.effects.MeleeCraneFX
Game: Engine MeleeFistFadeC6 global.effects.MeleeFistFade
Game: Engine DialogBubble_SubCloud_0 ParticleEmitter
Game: Engine DemonDitch global.props.Animator
Game: Engine cutsceneEmoTag ScriptBase
Game: Engine EZSceneToolsAC global.camera.EZSceneTools
Game: Engine mm.MMI1Cutscenes mm.MMI1Cutscenes
Game: Engine ArrowheadAmmoAB global.collectibles.ArrowheadAmmo
Game: Engine Dialog_Cloud ParticleEmitter
Game: Engine Clairvoyance_Cloud ParticleEmitter
Game: Engine TKClaw TKClaw
Game: Engine PsiBlast5DeflectedPsiBlast global.props.Geometry
Game: Engine PsiBlast5 PsiBlast
Game: Engine Global global.GlobalClass
Game: Engine PsiBlast4DeflectedPsiBlast global.props.Geometry
Game: Engine MMStuffExplosionFX53 mm.effects.MMStuffExplosionFX
Game: Engine MMStuffExplosionFX53_WooshSmokea1 dummy
Game: Engine PalmBombSuperHandsFXC4 global.effects.PalmBombSuperHandsFX
Game: Engine ArrowheadAmmoAA global.collectibles.ArrowheadAmmo
Game: Engine PsiBlast4 PsiBlast
Game: Engine Thought_Bubble_Spring ParticleEmitter
Game: Engine SpyExplosion63 mm.effects.SpyExplosion
Game: Engine SpyExplosion63_Firea1 dummy
Game: Engine SpyExplosion63_DustEmittera1 dummy
Game: Engine PutAwayFXB8 global.effects.PutAwayFX
Game: Engine SplashFXB2_Dropsa1 dummy
Game: Engine GoodDemonHole global.props.Animator
Game: Engine MeleeHitBD global.effects.MeleeHit
Game: Engine MeleeHitBE global.effects.MeleeHit
Game: Engine ArrowheadAmmoA9 global.collectibles.ArrowheadAmmo
Game: Engine PsiBlast3DeflectedPsiBlast global.props.Geometry
Game: Engine PsiBlast3 PsiBlast
Game: Engine PsiBlastAmmoA8 global.collectibles.PsiBlastAmmo
Game: Engine PalmBombSuperFXC3 global.effects.PalmBombSuperFX
Game: Engine PsiBlast2DeflectedPsiBlast global.props.Geometry
Game: Engine PsiBlast2 PsiBlast
Game: Engine RazLH_ShockFX global.props.DartShockwave
Game: Engine ThoughtBubble ThoughtBubble
Game: Engine RazLH_SwishFX4 global.props.Geometry
Game: Engine RazLH_SwishFX3 global.props.Geometry
Game: Engine RazLH_SwishFX2 global.props.Geometry
Game: Engine RazLH_SwishFX1 global.props.Geometry
Game: Engine Thought_SubCloud_2 ParticleEmitter
Game: Engine Thought_SubCloud_1 ParticleEmitter
Game: Engine CharResponseHandler7C global.util.CharResponseHandler
Game: Engine CharResponseHandler7D global.util.CharResponseHandler
Game: Engine PsiBlastAmmoA7 global.collectibles.PsiBlastAmmo
Game: Engine Thought_SubCloud_0 ParticleEmitter
Game: Engine PsiBlast1DeflectedPsiBlast global.props.Geometry
Game: Engine PsiBlastAmmoA6 global.collectibles.PsiBlastAmmo
Game: Engine polySurface1999 global.props.Geometry
Game: Engine Thought_Cloud ParticleEmitter
Game: Engine PalmBombFXC2 global.effects.PalmBombFX
Game: Engine MeleeFistFadeC1 global.effects.MeleeFistFade
Game: Engine PsiBlast1 PsiBlast
Game: Engine splGrav1 ScriptBase
Game: Engine splGrav2 ScriptBase
Game: Engine splGrav3 ScriptBase
Game: Engine splGrav4 ScriptBase
Game: Engine splGrav5 ScriptBase
Game: Engine splGrav6 ScriptBase
Game: Engine RazSteamRecoverFX6 global.effects.RazSteamRecoverFX
Game: Engine PsiBlast0DeflectedPsiBlast global.props.Geometry
Game: Engine Thought_Bubble_Roll ParticleEmitter
Game: Engine SaltFX global.props.Geometry
Game: Engine ConfusionAmmoA5 global.collectibles.ConfusionAmmo
Game: Engine ConfusionAmmoA4 global.collectibles.ConfusionAmmo
Game: Engine ConfusionAmmoA3 global.collectibles.ConfusionAmmo
Game: Engine Demon8C_Ball Gen_CollideBall
Game: Engine EnemyDeathFX8D global.effects.EnemyDeathFX
Game: Engine HealthAmmoA2 global.collectibles.HealthAmmo
Game: Engine HealthAmmoA1 global.collectibles.HealthAmmo
Game: Engine Demon8C_Hole global.props.Animator
Game: Engine DemonAttackArm8F global.enemies.DemonAttackArm
Game: Engine DemonAttackArm8F_Ball Gen_CollideBall
Game: Engine DemonAttackArm8F_MeleeSwish global.props.Geometry
Game: Engine DemonAttackArm90 global.enemies.DemonAttackArm
Game: Engine DemonAttackArm90_Ball Gen_CollideBall
Game: Engine DemonAttackArm90_MeleeSwish global.props.Geometry
Game: Engine DemonAttackArm91 global.enemies.DemonAttackArm
Game: Engine DemonAttackArm91_Ball Gen_CollideBall
Game: Engine DemonAttackArm91_MeleeSwish global.props.Geometry
Game: Engine DemonAttackArm92 global.enemies.DemonAttackArm
Game: Engine DemonAttackArm92_Ball Gen_CollideBall
Game: Engine DemonAttackArm92_MeleeSwish global.props.Geometry
Game: Engine DemonDeathFX93 global.effects.DemonDeathFX
Game: Engine DemonSacrifceFX94 global.effects.DemonSacrifceFX
Game: Engine DemonGrenade95 global.enemies.DemonGrenade
Game: Engine CensorSuicideFX96 global.effects.CensorSuicideFX
Game: Engine Geometry97 global.props.Geometry
Game: Engine ConfusionFX98 global.effects.ConfusionFX
Game: Engine ConfusionFX99 global.effects.ConfusionFX
Game: Engine ConfusionFX9A global.effects.ConfusionFX
Game: Engine ConfusionFX9B global.effects.ConfusionFX
Game: Engine ConfusionFX9C global.effects.ConfusionFX
Game: Engine ConfusionFX9D global.effects.ConfusionFX
Game: Engine ConfusionFX9E global.effects.ConfusionFX
Game: Engine ConfusionFX9F global.effects.ConfusionFX
Game: Engine HealthAmmoA0 global.collectibles.HealthAmmo
Game: Engine MeleeHitNotC0 global.effects.MeleeHitNot
Game: Engine RazLH global.props.DartMeleeHand
Game: Engine RazRH global.props.DartMeleeHand
Game: Engine Deathspawner global.props.DeathPlane
Game: Engine chopper9ChopperMesh global.props.MovingGeometry
Game: Engine chopper9 mm.props.Chopper
Game: Engine Demon8C global.enemies.Demon
Game: Engine ScriptBaseC8 ScriptBase
Game: Engine DemonDustFX8E global.effects.DemonDustFX
Game: Engine Demon8C_ShellFX global.characters.ActionActor
Game: Engine Demon8C_StoneFX global.props.Geometry
Game: Engine ScriptBaseC5 ScriptBase
Game: Engine chopper5 mm.props.Chopper
Game: Engine chopper5ChopperMesh global.props.MovingGeometry
Game: Engine chopper4ChopperMesh global.props.MovingGeometry
Game: Engine chopper4 mm.props.Chopper
Game: Engine chopper3ChopperMesh global.props.MovingGeometry
Game: Engine chopper3 mm.props.Chopper
Game: Engine chopper15 mm.props.Chopper
Game: Engine chopper15ChopperMesh global.props.MovingGeometry
Game: Engine chopper13ChopperMesh global.props.MovingGeometry
Game: Engine chopper13 mm.props.Chopper
Game: Engine chopper2ChopperMesh global.props.MovingGeometry
Game: Engine chopper2 mm.props.Chopper
Game: Engine Flamingo16 mm.props.SpyFlamingo
Game: Engine chopper16ChopperMesh global.props.MovingGeometry
Game: Engine chopper16 mm.props.Chopper
Game: Engine Flamingo17 mm.props.SpyFlamingo
Game: Engine Flamingo2 mm.props.SpyFlamingo
Game: Engine Garbage9 mm.props.SpyGarbage
Game: Engine Sedan1SatSoundSource global.sound.SoundSource
Game: Engine Geometry6F global.props.Geometry
Game: Engine Sedan1 mm.props.Sedan
Game: Engine MMI1Oatmeal1 global.characters.Oatmeal
Game: Engine To_Boyds_House3 ca.props.Sign
Game: Engine Hydrant10 mm.props.SpyHydrant
Game: Engine Garbage10 mm.props.SpyGarbage
Game: Engine Arrestrespawn1 GEN_respawnpoint
Game: Engine Door4 mm.props.Door
Game: Engine Garbage7 mm.props.SpyGarbage
Game: Engine Hydrant8 mm.props.SpyHydrant
Game: Engine ToCemetary ca.props.Sign
Game: Engine Mailbox8 mm.props.SpyMailbox
Game: Engine Hydrant11 mm.props.SpyHydrant
Game: Engine chopper12 mm.props.Chopper
Game: Engine chopper12ChopperMesh global.props.MovingGeometry
Game: Engine GmanSign3Sign global.props.Geometry
Game: Engine GmanSign1Sign global.props.Geometry
Game: Engine GmanSign3 mm.characters.GmanSign
Game: Engine DottedLine5 global.props.Geometry
Game: Engine Flamingo15 mm.props.SpyFlamingo
Game: Engine GmanSign1 mm.characters.GmanSign
Game: Engine GmanSign2Sign global.props.Geometry
Game: Engine Cobweb2 global.collectibles.Cobweb
Game: Engine ToCemetary1 ca.props.Sign
Game: Engine SquirtWhisper mm.characters.WhisperSquirt
Game: Engine chopper1 mm.props.Chopper
Game: Engine chopper1ChopperMesh global.props.MovingGeometry
Game: Engine To_Boyds_House2 ca.props.Sign
Game: Engine GmanSign2 mm.characters.GmanSign
Game: Engine Arrestrespawn2 GEN_respawnpoint
Game: Engine Mailbox9 mm.props.SpyMailbox
Game: Engine chopper10ChopperMesh global.props.MovingGeometry
Game: Engine chopper10 mm.props.Chopper
Game: Engine EmoTagHatbox global.collectibles.EmotionalBaggageTag
Game: Engine chopper14ChopperMesh global.props.MovingGeometry
Game: Engine chopper14 mm.props.Chopper
Game: Engine vaulty1 mm.characters.Vault
Game: Engine Mailbox15 mm.props.SpyMailbox
Game: Engine Mailbox4 mm.props.SpyMailbox
Game: Engine Mailbox11 mm.props.SpyMailbox
Game: Engine AnimatedFlagPole global.props.Geometry
Game: Engine Arrestrespawn7 GEN_respawnpoint
Game: Engine To_Boyds_House ca.props.Sign
Game: Engine gravityreset8 global.otherentities.GravityTrigger
Game: Engine splRailrail4_f global.props.Railslide
Game: Engine cookie2 mm.characters.CookieSquirt
Game: Engine Garbage8 mm.props.SpyGarbage
Game: Engine Flamingo1 mm.props.SpyFlamingo
Game: Engine Mailbox14 mm.props.SpyMailbox
Game: Engine KeypadDoor mm.props.KeypadDoor
Game: Engine splRailrail3_f global.props.Railslide
Game: Engine GmanKeypad1 mm.characters.GmanKeypad
Game: Engine DottedLine global.props.Geometry
Game: Engine ToThePostOffice1 ca.props.Sign
Game: Engine SquirtWhisper1 mm.characters.WhisperSquirt
Game: Engine Keypad mm.props.Keypad
Game: Engine Geometry84 global.props.Geometry
Game: Engine Sedan6 mm.props.Sedan
Game: Engine Arrestrespawn6 GEN_respawnpoint
Game: Engine Mailbox12 mm.props.SpyMailbox
Game: Engine EmoTagSteamertrunk global.collectibles.EmotionalBaggageTag
Game: Engine Geometry5C global.props.Geometry
Game: Engine OneUp1 global.collectibles.OneUp
Game: Engine MMI1Oatmeal2 global.characters.Oatmeal
Game: Engine EmoTagSuitcase1 global.collectibles.EmotionalBaggageTag
Game: Engine Flamingo13 mm.props.SpyFlamingo
Game: Engine Mailbox13 mm.props.SpyMailbox
Game: Engine Sedan6SatSoundSource global.sound.SoundSource
Game: Engine gravityreset1 global.otherentities.GravityTrigger
Game: Engine EmoBagSuitcase global.collectibles.EmotionalBaggage
Game: Engine EmoTagSuitcase global.collectibles.EmotionalBaggageTag
Game: Engine EmoBagSuitcaseLeftTear global.effects.EmoBagTearFX
Game: Engine EmoBagSuitcaseRightTear global.effects.EmoBagTearFX
Game: Engine Geometry86 global.props.Geometry
Game: Engine Sedan8 mm.props.Sedan
Game: Engine gravityreset10 global.otherentities.GravityTrigger
Game: Engine Flamingo12 mm.props.SpyFlamingo
Game: Engine GmanHedgeTrimmers4HedgeTrimmers global.props.Geometry
Game: Engine Mailbox16 mm.props.SpyMailbox
Game: Engine Sedan7SatSoundSource global.sound.SoundSource
Game: Engine DottedLine7 global.props.Geometry
Game: Engine Cobweb3 global.collectibles.Cobweb
Game: Engine Sedan5SatSoundSource global.sound.SoundSource
Game: Engine gravityreset14 global.otherentities.GravityTrigger
Game: Engine gravityreset15 global.otherentities.GravityTrigger
Game: Engine Mailbox17 mm.props.SpyMailbox
Game: Engine DottedLine6 global.props.Geometry
Game: Engine Hydrant1 mm.props.SpyHydrant
Game: Engine Flamingo11 mm.props.SpyFlamingo
Game: Engine Cobweb4 global.collectibles.Cobweb
Game: Engine GmanHedgeTrimmers4 mm.characters.GmanHedgeTrimmers
Game: Engine Flamingo14 mm.props.SpyFlamingo
Game: Engine WaterCan mm.props.PropWaterCan
Game: Engine GmanHedgeTrimmers1HedgeTrimmers global.props.Geometry
Game: Engine Sedan7 mm.props.Sedan
Game: Engine Geometry74 global.props.Geometry
Game: Engine Sedan8SatSoundSource global.sound.SoundSource
Game: Engine gravityreset12 global.otherentities.GravityTrigger
Game: Engine gravityreset7 global.otherentities.GravityTrigger
Game: Engine GmanPhone5Phone global.props.Geometry
Game: Engine GmanHedgeTrimmers1 mm.characters.GmanHedgeTrimmers
Game: Engine GmanPhone5 mm.characters.GmanPhone
Game: Engine SetFogAndZ global.otherentities.SetFogAndZ
Game: Engine SpyCamMaster mm.props.SpyCam
Game: Engine HedgeTrimmers mm.props.PropHedgeTrimmers
Game: Engine Geometry78 global.props.Geometry
Game: Engine Sedan5 mm.props.Sedan
Game: Engine Mailbox20 mm.props.SpyMailbox
Game: Engine Hydrant17 mm.props.SpyHydrant
Game: Engine Mailbox18 mm.props.SpyMailbox
Game: Engine ToCemetary2 ca.props.Sign
Game: Engine Mailbox10 mm.props.SpyMailbox
Game: Engine Mailbox19 mm.props.SpyMailbox
Game: Engine gravityreset13 global.otherentities.GravityTrigger
Game: Engine gravityreset11 global.otherentities.GravityTrigger
Game: Engine To_Boyds_House4 ca.props.Sign
Game: Engine Hydrant12 mm.props.SpyHydrant
Game: Engine Flamingo6 mm.props.SpyFlamingo
Game: Engine MaxLivesUp1 global.collectibles.MaxLivesUp
Game: Engine Geometry57 global.props.Geometry
Game: Engine To_The_Book_Depository ca.props.Sign
Game: Engine Mailbox6 mm.props.SpyMailbox
Game: Engine Arrestrespawn3 GEN_respawnpoint
Game: Engine cookie3 mm.characters.CookieSquirt
Game: Engine gravityreset3 global.otherentities.GravityTrigger
Game: Engine MMI1toMMI2 global.props.Teleporter
Game: Engine GmanPlunger2Plunger global.props.Geometry
Game: Engine GmanPlunger2 mm.characters.GmanPlunger
Game: Engine Flamingo10 mm.props.SpyFlamingo
Game: Engine DottedLine4 global.props.Geometry
Game: Engine GmanPlunger1Plunger global.props.Geometry
Game: Engine GmanPlunger1 mm.characters.GmanPlunger
Game: Engine ToThePostOffice ca.props.Sign
Game: Engine Arrestrespawn8 GEN_respawnpoint
Game: Engine Flamingo5 mm.props.SpyFlamingo
Game: Engine GmanPlunger3 mm.characters.GmanPlunger
Game: Engine GmanPlunger3Plunger global.props.Geometry
Game: Engine EmoBagHatbox global.collectibles.EmotionalBaggage
Game: Engine EmoBagHatboxRightTear global.effects.EmoBagTearFX
Game: Engine EmoBagHatboxLeftTear global.effects.EmoBagTearFX
Game: Engine gravityreset4 global.otherentities.GravityTrigger
Game: Engine CobWebSparkleFX4A global.effects.CobWebSparkleFX
Game: Engine webbie global.collectibles.Cobweb
Game: Engine ToTheArboretum1 ca.props.Sign
Game: Engine Hydrant16 mm.props.SpyHydrant
Game: Engine chopper17ChopperMesh global.props.MovingGeometry
Game: Engine chopper17 mm.props.Chopper
Game: Engine Hydrant15 mm.props.SpyHydrant
Game: Engine Flamingo4 mm.props.SpyFlamingo
Game: Engine Hydrant14 mm.props.SpyHydrant
Game: Engine polySurface3356 global.props.Geometry
Game: Engine cookie mm.characters.CookieSquirt
Game: Engine gravityreset6 global.otherentities.GravityTrigger
Game: Engine HedgeMazeDoor mm.props.HedgeMazeDoor
Game: Engine To_Boyds_House1 ca.props.Sign
Game: Engine ToCemetary4 ca.props.Sign
Game: Engine GmanWaterCan3WaterCan global.props.Geometry
Game: Engine GmanWaterCan3 mm.characters.GmanWaterCan
Game: Engine HedgeMazeDoorLeafEffect mm.effects.LeafGunFX
Game: Engine gravityreset9 global.otherentities.GravityTrigger
Game: Engine HedgeMazeTurnstile mm.props.HedgeMazeTurnstile
Game: Engine Flamingo7 mm.props.SpyFlamingo
Game: Engine Arrestrespawn4 GEN_respawnpoint
Game: Engine ToTheArboretum ca.props.Sign
Game: Engine Geometry4E global.props.Geometry
Game: Engine Flowers mm.props.PropFlowers
Game: Engine DottedLine2 global.props.Geometry
Game: Engine GmanWaterCan1WaterCan global.props.Geometry
Game: Engine GmanWaterCan1 mm.characters.GmanWaterCan
Game: Engine Flamingo9 mm.props.SpyFlamingo
Game: Engine HedgeCrow mm.characters.Crow
Game: Engine GmanFlowers2 mm.characters.GmanFlowers
Game: Engine GmanFlowers2Flowers global.props.Geometry
Game: Engine GmanFlowers3 mm.characters.GmanFlowers
Game: Engine GmanFlowers3Flowers global.props.Geometry
Game: Engine gravityreset2 global.otherentities.GravityTrigger
Game: Engine vaulty2 mm.characters.Vault
Game: Engine chopper11 mm.props.Chopper
Game: Engine chopper11ChopperMesh global.props.MovingGeometry
Game: Engine DottedLine3 global.props.Geometry
Game: Engine GmanFlowers4 mm.characters.GmanFlowers
Game: Engine GmanFlowers4Flowers global.props.Geometry
Game: Engine GmanFlowers5 mm.characters.GmanFlowers
Game: Engine SupremeInterestFX54 global.effects.SupremeInterestFX
Game: Engine Geometry55 global.props.Geometry
Game: Engine OneUp2 global.collectibles.OneUp
Game: Engine GmanFlowers5Flowers global.props.Geometry
Game: Engine Flamingo8 mm.props.SpyFlamingo
Game: Engine Flamingo3 mm.props.SpyFlamingo
Game: Engine flameFX2 global.props.Geometry
Game: Engine DemonFireD6 mm.effects.DemonFire
Game: Engine flameFX1 global.props.Geometry
Game: Engine DemonFireD5 mm.effects.DemonFire
Game: Engine GmanFlowers1 mm.characters.GmanFlowers
Game: Engine GmanFlowers1Flowers global.props.Geometry
Game: Engine MMbrambles mm.props.CryptBrambles
Game: Engine CemetaryDoor global.props.InteractiveObj
Game: Engine CemetaryClue mm.props.CemetaryClue
Game: Engine Geometry48 global.props.Geometry
Game: Engine EmoBagDufflebagLeftTear global.effects.EmoBagTearFX
Game: Engine EmoBagDufflebag global.collectibles.EmotionalBaggage
Game: Engine EmoBagDufflebagRightTear global.effects.EmoBagTearFX