Listing objects of class global.collectibles.PSIChallengeCard
global.collectibles.PSIChallengeCard PsiCard8 Position X,Y,Z -14396 -981 5422 Orientation OX,OY,OZ 0 0 0
global.collectibles.PSIChallengeCard PsiCard5 Position X,Y,Z -22146 1329 7063 Orientation OX,OY,OZ 0 0 0
global.collectibles.PSIChallengeCard PsiCard4 Position X,Y,Z -19190 409 2243 Orientation OX,OY,OZ 0 0 0
global.collectibles.PSIChallengeCard PsiCard9 Position X,Y,Z -12362 552 5484 Orientation OX,OY,OZ 0 0 0
global.collectibles.PSIChallengeCard PsiCard7 Position X,Y,Z -16137 -161 1986 Orientation OX,OY,OZ 0 0 0
global.collectibles.PSIChallengeCard PsiCard6 Position X,Y,Z -16401 1240 2029 Orientation OX,OY,OZ 0 0 0
global.collectibles.PSIChallengeCard PsiCard10 Position X,Y,Z -11880 1270 2555 Orientation OX,OY,OZ 0 0 0
global.collectibles.PSIChallengeCard PsiCard16 Position X,Y,Z -11871 2059 2462 Orientation OX,OY,OZ 0 0 0
global.collectibles.PSIChallengeCard PsiCard3 Position X,Y,Z -18895 743 -390 Orientation OX,OY,OZ 0 0 0
global.collectibles.PSIChallengeCard PsiCard11 Position X,Y,Z -12076 1170 56 Orientation OX,OY,OZ 0 0 0
global.collectibles.PSIChallengeCard PsiCard2 Position X,Y,Z -18291 1305 -2103 Orientation OX,OY,OZ 0 0 0
global.collectibles.PSIChallengeCard PsiCard15 Position X,Y,Z -17152 2097 -4488 Orientation OX,OY,OZ 0 0 0
global.collectibles.PSIChallengeCard PsiCard1 Position X,Y,Z -15952 1742 -4890 Orientation OX,OY,OZ 0 0 0
global.collectibles.PSIChallengeCard PsiCard20 Position X,Y,Z -13590 1378 -5441 Orientation OX,OY,OZ 0 0 0
global.collectibles.PSIChallengeCard PsiCard12 Position X,Y,Z -9140 1094 -3507 Orientation OX,OY,OZ 0 0 0
global.collectibles.PSIChallengeCard PsiCard19 Position X,Y,Z -8918 319 -4513 Orientation OX,OY,OZ 0 0 0
global.collectibles.PSIChallengeCard PsiCard Position X,Y,Z -14063 1328 -6949 Orientation OX,OY,OZ 0 0 0
global.collectibles.PSIChallengeCard PsiCard17 Position X,Y,Z -12774 1195 -7221 Orientation OX,OY,OZ 0 0 0
global.collectibles.PSIChallengeCard PsiCard13 Position X,Y,Z -7650 458 -5746 Orientation OX,OY,OZ 0 0 0
global.collectibles.PSIChallengeCard PsiCard18 Position X,Y,Z -11233 119 -8485 Orientation OX,OY,OZ 0 0 0
global.collectibles.PSIChallengeCard PsiCard14 Position X,Y,Z -10781 1949 -8730 Orientation OX,OY,OZ 0 0 0
!!!!!!!!!!!!!!!!!
Listing objects of class global.collectibles.PSIChallengeMarker
global.collectibles.PsiChallengeMarker PsiChallengeMarker Position X,Y,Z -14964 1414 -7964 Orientation OX,OY,OZ 0 0 0
!!!!!!!!!!!!!!!!!
Listing objects of class ca.props.ScavengerHuntItem
ca.props.ScavengerHuntItem ScavEgg Position X,Y,Z -12376 766 -3647 Orientation OX,OY,OZ 0 0 0
ca.props.ScavengerHuntItem ScavBone Position X,Y,Z -16416 3254 -4802 Orientation OX,OY,OZ 0 0 0
ca.props.ScavengerHuntItem ScavHuntPipe Position X,Y,Z -7218 489 -6388 Orientation OX,OY,OZ 0 0 0

--This position needs updated, puzzle item
ca.props.PSIBlastPuzzleHuntItem ScavIdol Position X,Y,Z -10000 -10000 -10000 Orientation OX,OY,OZ 0 178 0
!!!!!!!!!!!!!!!!!