Game: Engine InvDisplayer global.otherentities.InvAdder
Game: Engine Dart Dart
Game: Engine RazLH_EntryFX global.props.Geometry
Game: Engine RankBling global.otherentities.RankBling
Game: Engine RazStart GEN_dartstart
Game: Engine Arrestrespawn5 GEN_respawnpoint
Game: Engine gio_GIO_82 global.props.GIO
Game: Engine gio_GIO_78 global.props.GIO
Game: Engine gio_GIO_79 global.props.GIO
Game: Engine gio_GIO_83 global.props.GIO
Game: Engine gio_GIO_84 global.props.GIO
Game: Engine gio_GIO_85 global.props.GIO
Game: Engine gio_GIO_81 global.props.GIO
Game: Engine GmanRifle9 mm.characters.GmanRifle
Game: Engine GmanRifle9Rifle global.props.Geometry
Game: Engine gio_GIO_80 global.props.GIO
Game: Engine gio_GIO_86 global.props.GIO
Game: Engine gio_Figment_1 global.collectibles.Figment
Game: Engine GmanRifle8 mm.characters.GmanRifle
Game: Engine GmanRifle8Rifle global.props.Geometry
Game: Engine GmanRifle2Rifle global.props.Geometry
Game: Engine GenGibs39_affector dummy
Game: Engine GenGibs39 global.effects.GenGibs
Game: Engine GmanRifle2 mm.characters.GmanRifle
Game: Engine EnemyDeathFXB0 global.effects.EnemyDeathFX
Game: Engine MortarExplosionAE_Firea1 dummy
Game: Engine MortarExplosionAE bb.effects.MortarExplosion
Game: Engine TracerAB bb.props.Tracer
Game: Engine gio_GIO_93 global.props.GIO
Game: Engine To_The_Den_Moms_House ca.props.Sign
Game: Engine gio_GIO_94 global.props.GIO
Game: Engine GmanRifle5 mm.characters.GmanRifle
Game: Engine GmanRifle5Rifle global.props.Geometry
Game: Engine GmanRifle4 mm.characters.GmanRifle
Game: Engine GmanRifle4Rifle global.props.Geometry
Game: Engine gio_Figment_0 global.collectibles.Figment
Game: Engine gio_GIO_92 global.props.GIO
Game: Engine GmanPhone7 mm.characters.GmanPhone
Game: Engine GmanPhone7Phone global.props.Geometry
Game: Engine gio_GIO_95 global.props.GIO
Game: Engine GmanPhone8 mm.characters.GmanPhone
Game: Engine GmanPhone8Phone global.props.Geometry
Game: Engine DottedLine8 global.props.Geometry
Game: Engine gio_Figment_2 global.collectibles.Figment
Game: Engine gio_GIO_87 global.props.GIO
Game: Engine splRailrail1_f global.props.Railslide
Game: Engine splRailrail2_f global.props.Railslide
Game: Engine gio_GIO_96 global.props.GIO
Game: Engine GmanRifle6 mm.characters.GmanRifle
Game: Engine GmanRifle6Rifle global.props.Geometry
Game: Engine DottedLine1 global.props.Geometry
Game: Engine gio_GIO_88 global.props.GIO
Game: Engine GmanRifle3Rifle global.props.Geometry
Game: Engine gio_GIO_97 global.props.GIO
Game: Engine GmanRifle12 mm.characters.GmanRifle
Game: Engine GmanRifle12Rifle global.props.Geometry
Game: Engine GmanRifle3 mm.characters.GmanRifle
Game: Engine GmanRifle13 mm.characters.GmanRifle
Game: Engine GmanRifle13Rifle global.props.Geometry
Game: Engine gio_GIO_89 global.props.GIO
Game: Engine gio_GIO_98 global.props.GIO
Game: Engine GmanRifle10Rifle global.props.Geometry
Game: Engine GmanRifle10 mm.characters.GmanRifle
Game: Engine GmanRifle16 mm.characters.GmanRifle
Game: Engine GmanRifle16Rifle global.props.Geometry
Game: Engine GmanRifle15Rifle global.props.Geometry
Game: Engine GmanRifle15 mm.characters.GmanRifle
Game: Engine GmanRifle7Rifle global.props.Geometry
Game: Engine GmanRifle7 mm.characters.GmanRifle
Game: Engine GmanRifle14 mm.characters.GmanRifle
Game: Engine GmanRifle14Rifle global.props.Geometry
Game: Engine GmanRifle11 mm.characters.GmanRifle
Game: Engine GmanRifle1Rifle global.props.Geometry
Game: Engine GmanRifle11Rifle global.props.Geometry
Game: Engine GmanRifle1 mm.characters.GmanRifle
Game: Engine To_Boyds_House ca.props.Sign
Game: Engine GmanPhone5Phone global.props.Geometry
Game: Engine GmanPhone5 mm.characters.GmanPhone
Game: Engine SetFogAndZ global.otherentities.SetFogAndZ
Game: Engine ToCemetary2 ca.props.Sign
Game: Engine SniperMuzzleBlast mm.effects.SniperMuzzleBlastFX
Game: Engine Assassin mm.props.AssassinLaser
Game: Engine SniperSquirt global.props.Geometry
Game: Engine ToThePostOffice1 ca.props.Sign
Game: Engine Cobweb1 global.collectibles.Cobweb
Game: Engine CobWebSparkleFX48 global.effects.CobWebSparkleFX
Game: Engine gravityreset3 global.otherentities.GravityTrigger
Game: Engine gravityreset1 global.otherentities.GravityTrigger
Game: Engine To_The_Book_Depository ca.props.Sign
Game: Engine gravityreset4 global.otherentities.GravityTrigger
Game: Engine ToTheArboretum1 ca.props.Sign
Game: Engine EmoTagSuitcase1 global.collectibles.EmotionalBaggageTag
Game: Engine PhoneBase global.props.Geometry
Game: Engine Arrestrespawn3 GEN_respawnpoint
Game: Engine To_Boyds_House4 ca.props.Sign
Game: Engine ToThePostOffice ca.props.Sign
Game: Engine splRail0 global.props.Railslide
Game: Engine To_Boyds_House1 ca.props.Sign
Game: Engine ToCemetary4 ca.props.Sign
Game: Engine Arrestrespawn4 GEN_respawnpoint
Game: Engine DummyChopper global.props.Geometry
Game: Engine ToTheArboretum ca.props.Sign
Game: Engine EmoBagSteamertrunk global.collectibles.EmotionalBaggage
Game: Engine EmoBagSteamertrunkRightTear global.effects.EmoBagTearFX
Game: Engine EmoBagSteamertrunkLeftTear global.effects.EmoBagTearFX
Game: Engine gravityreset2 global.otherentities.GravityTrigger
Game: Engine chopper11 mm.props.Chopper
Game: Engine chopper11ChopperMesh global.props.MovingGeometry
Game: Engine EmoBagSuitcaseLeftTear global.effects.EmoBagTearFX
Game: Engine EmoBagSuitcase global.collectibles.EmotionalBaggage
Game: Engine EmoBagSuitcaseRightTear global.effects.EmoBagTearFX
Game: Engine chopper17ChopperMesh global.props.MovingGeometry
Game: Engine chopper17 mm.props.Chopper
Game: Engine To_Boyds_House2 ca.props.Sign
Game: Engine ToCemetary1 ca.props.Sign
Game: Engine Arrestrespawn2 GEN_respawnpoint
Game: Engine chopper16 mm.props.Chopper
Game: Engine chopper16ChopperMesh global.props.MovingGeometry
Game: Engine chopper15 mm.props.Chopper
Game: Engine chopper15ChopperMesh global.props.MovingGeometry
Game: Engine chopper1 mm.props.Chopper
Game: Engine chopper1ChopperMesh global.props.MovingGeometry
Game: Engine Arrestrespawn1 GEN_respawnpoint
Game: Engine ToCemetary ca.props.Sign
Game: Engine To_Boyds_House3 ca.props.Sign
Game: Engine InterestFX46 global.effects.InterestFX
Game: Engine Sign mm.props.PropSign
Game: Engine Geometry47 global.props.Geometry
Game: Engine chopper12 mm.props.Chopper
Game: Engine chopper12ChopperMesh global.props.MovingGeometry
Game: Engine chopper10 mm.props.Chopper
Game: Engine chopper10ChopperMesh global.props.MovingGeometry
Game: Engine MM_hazardTeleknobFXA7 mm.effects.MM_hazardTeleknobFX
Game: Engine tehRailBooBoo5 global.props.RailSlideObstacle
Game: Engine MM_hazardTeleknobFXA8 mm.effects.MM_hazardTeleknobFX
Game: Engine tehRailBooBoo11 global.props.RailSlideObstacle
Game: Engine chopper14 mm.props.Chopper
Game: Engine chopper14ChopperMesh global.props.MovingGeometry
Game: Engine chopper9 mm.props.Chopper
Game: Engine chopper9ChopperMesh global.props.MovingGeometry
Game: Engine BackgroundHouseGroup5 global.props.Geometry
Game: Engine chopper2ChopperMesh global.props.MovingGeometry
Game: Engine chopper2 mm.props.Chopper
Game: Engine BackgroundHouseGroup7 global.props.Geometry
Game: Engine chopper13 mm.props.Chopper
Game: Engine chopper13ChopperMesh global.props.MovingGeometry
Game: Engine MMI2toMMI1 global.props.Teleporter
Game: Engine tehRailBooBoo3 global.props.RailSlideObstacle
Game: Engine MM_hazardTeleknobFXA5 mm.effects.MM_hazardTeleknobFX
Game: Engine tehRailBooBoo4 global.props.RailSlideObstacle
Game: Engine MM_hazardTeleknobFXA6 mm.effects.MM_hazardTeleknobFX
Game: Engine chopper8ChopperMesh global.props.MovingGeometry
Game: Engine chopper8 mm.props.Chopper
Game: Engine BackgroundHouseGroup8 global.props.Geometry
Game: Engine chopper3ChopperMesh global.props.MovingGeometry
Game: Engine chopper3 mm.props.Chopper
Game: Engine tehRailBooBoo2 global.props.RailSlideObstacle
Game: Engine MM_hazardTeleknobFXA4 mm.effects.MM_hazardTeleknobFX
Game: Engine MM_hazardTeleknobFXA3 mm.effects.MM_hazardTeleknobFX
Game: Engine tehRailBooBoo global.props.RailSlideObstacle
Game: Engine IroningBoard mm.props.IroningBoard
Game: Engine IroningBoardSpawnedTrigVolEnt ScriptBase
Game: Engine DoorbellSquirt mm.characters.DoorbellSquirt
Game: Engine DoorbellDoor mm.props.DoorbellDoor
Game: Engine BoydCamera mm.props.SpyCamBoyd
Game: Engine justCrap2 global.props.Geometry
Game: Engine crapbookshelf global.props.Geometry
Game: Engine gravityreset5 global.otherentities.GravityTrigger
Game: Engine BoydFridgeDoor mm.props.FridgeDoor
Game: Engine respawner2 GEN_respawnpoint
Game: Engine chopper7ChopperMesh global.props.MovingGeometry
Game: Engine chopper7 mm.props.Chopper
Game: Engine RazLH global.props.DartMeleeHand
Game: Engine RazRH global.props.DartMeleeHand
Game: Engine PsiBlast5 PsiBlast
Game: Engine PsiBlast4DeflectedPsiBlast global.props.Geometry
Game: Engine PsiBlast4 PsiBlast
Game: Engine GenGibs20 global.effects.GenGibs
Game: Engine GenGibs20_affector dummy
Game: Engine PsiBlast3DeflectedPsiBlast global.props.Geometry
Game: Engine GenGibs22 global.effects.GenGibs
Game: Engine GenGibs22_affector dummy
Game: Engine PsiBlast3 PsiBlast
Game: Engine PsiBlast2DeflectedPsiBlast global.props.Geometry
Game: Engine PsiBlast2 PsiBlast
Game: Engine GenGibs28 global.effects.GenGibs
Game: Engine GenGibs28_affector dummy
Game: Engine GenGibs2D global.effects.GenGibs
Game: Engine GenGibs2D_affector dummy
Game: Engine GenGibs30 global.effects.GenGibs
Game: Engine GenGibs30_affector dummy
Game: Engine GenGibs32 global.effects.GenGibs
Game: Engine GenGibs32_affector dummy
Game: Engine FireStartExplodeSuperFX5 global.effects.FireStartExplodeSuperFX
Game: Engine PsiBlast1DeflectedPsiBlast global.props.Geometry
Game: Engine PsiBlast1 PsiBlast
Game: Engine PsiBlast0DeflectedPsiBlast global.props.Geometry
Game: Engine GenGibs37 global.effects.GenGibs
Game: Engine GenGibs37_affector dummy
Game: Engine PsiBlast0 PsiBlast
Game: Engine TelekinesisClaw2RazTKClawLine ParticleEmitter
Game: Engine TelekinesisClaw2TKHolder dummy
Game: Engine TelekinesisClaw2 TKClaw
Game: Engine TelekinesisClaw1RazTKClawLine ParticleEmitter
Game: Engine ClairCamUpdater3A global.otherentities.ClairCamUpdater
Game: Engine ConfusionGrenade3C global.props.ConfusionGrenade
Game: Engine ConfusionGrenade3C_fx1 global.effects.ConfusionFuseFX
Game: Engine ConfusionGrenade3C_fx2 global.effects.ConfusionBombFX
Game: Engine ConfusionGrenade3C_fx2_StreakPopa1 dummy
Game: Engine BallPopFX3D global.effects.BallPopFX
Game: Engine ThoughtBubbleRings global.effects.PsiBallRingsFX
Game: Engine ThoughtBubbleBounce global.effects.PsiBallRingsBounceFX
Game: Engine ThoughtBubbleRings2 global.effects.PsiBallRingsFX
Game: Engine ThoughtBubbleBounce2 global.effects.PsiBallRingsBounceFX
Game: Engine ball_trail engine.BallTrail
Game: Engine ThoughtBubbleSpikes ScriptBase
Game: Engine PsiRailFX3E global.effects.PsiRailFX
Game: Engine PsiBlastFX3F global.effects.PsiBlastFX
Game: Engine PsiBlastHitFX40 global.effects.PsiBlastHitFX
Game: Engine PsiBlastAirHit41 global.effects.PsiBlastAirHit
Game: Engine PsiBlastDeflectFX42 global.effects.PsiBlastDeflectFX
Game: Engine PsiBlastHitSuperFX43 global.effects.PsiBlastHitSuperFX
Game: Engine RailSlideElectroFX44 global.effects.RailSlideElectroFX
Game: Engine RailSlideMetalFX45 global.effects.RailSlideMetalFX
Game: Engine GenGibs19_affector dummy
Game: Engine GenGibs19 global.effects.GenGibs
Game: Engine Dart_FXe global.effects.NoAmmoFX
Game: Engine Dart_FXb global.effects.PsiShieldFailFX
Game: Engine Dart_FXa global.effects.InvisoEyeFX
Game: Engine TelekinesisClaw1TKHolder dummy
Game: Engine TelekinesisClaw1 TKClaw
Game: Engine TKClawRazTKClawLine ParticleEmitter
Game: Engine RazRespawnFX4 global.effects.RazRespawnFX
Game: Engine GmanChatterMaster mm.props.GmanChatterController
Game: Engine TKClawTKHolder dummy
Game: Engine TKClaw TKClaw
Game: Engine ConcreteHitAD bb.effects.ConcreteHit
Game: Engine Global global.GlobalClass
Game: Engine SaltFX global.props.Geometry
Game: Engine justCrap1 global.props.Geometry
Game: Engine GenGibs17_affector dummy
Game: Engine Demon61_Ball Gen_CollideBall
Game: Engine EnemyDeathFX62 global.effects.EnemyDeathFX
Game: Engine RazPreDeathFX3 global.effects.RazPreDeathFX
Game: Engine polySurface2002 global.props.Geometry
Game: Engine polySurface2003 global.props.Geometry
Game: Engine Demon61_Hole global.props.Animator
Game: Engine DemonAttackArm64 global.enemies.DemonAttackArm
Game: Engine DemonAttackArm64_Ball Gen_CollideBall
Game: Engine DemonAttackArm64_MeleeSwish global.props.Geometry
Game: Engine DemonAttackArm65 global.enemies.DemonAttackArm
Game: Engine DemonAttackArm65_Ball Gen_CollideBall
Game: Engine DemonAttackArm65_MeleeSwish global.props.Geometry
Game: Engine DemonAttackArm66 global.enemies.DemonAttackArm
Game: Engine DemonAttackArm66_Ball Gen_CollideBall
Game: Engine DemonAttackArm66_MeleeSwish global.props.Geometry
Game: Engine DemonAttackArm67 global.enemies.DemonAttackArm
Game: Engine DemonAttackArm67_Ball Gen_CollideBall
Game: Engine DemonAttackArm67_MeleeSwish global.props.Geometry
Game: Engine DemonDeathFX68 global.effects.DemonDeathFX
Game: Engine DemonSacrifceFX69 global.effects.DemonSacrifceFX
Game: Engine DemonGrenade6A global.enemies.DemonGrenade
Game: Engine CensorSuicideFX6B global.effects.CensorSuicideFX
Game: Engine Geometry6C global.props.Geometry
Game: Engine ConfusionFX6D global.effects.ConfusionFX
Game: Engine ConfusionFX6E global.effects.ConfusionFX
Game: Engine GenGibs17 global.effects.GenGibs
Game: Engine ConfusionFX70 global.effects.ConfusionFX
Game: Engine PsiBlast5DeflectedPsiBlast global.props.Geometry
Game: Engine ConfusionFX71 global.effects.ConfusionFX
Game: Engine ConfusionFX72 global.effects.ConfusionFX
Game: Engine ConfusionFX73 global.effects.ConfusionFX
Game: Engine ConfusionFX74 global.effects.ConfusionFX
Game: Engine HealthAmmo75 global.collectibles.HealthAmmo
Game: Engine HealthAmmo76 global.collectibles.HealthAmmo
Game: Engine HealthAmmo77 global.collectibles.HealthAmmo
Game: Engine ConfusionAmmo78 global.collectibles.ConfusionAmmo
Game: Engine ConfusionAmmo79 global.collectibles.ConfusionAmmo
Game: Engine ConfusionAmmo7A global.collectibles.ConfusionAmmo
Game: Engine PsiBlastAmmo7B global.collectibles.PsiBlastAmmo
Game: Engine PsiBlastAmmo7C global.collectibles.PsiBlastAmmo
Game: Engine PsiBlastAmmo7D global.collectibles.PsiBlastAmmo
Game: Engine ArrowheadAmmo7E global.collectibles.ArrowheadAmmo
Game: Engine ArrowheadAmmo7F global.collectibles.ArrowheadAmmo
Game: Engine ArrowheadAmmo80 global.collectibles.ArrowheadAmmo
Game: Engine mm.MMI2Cutscenes mm.MMI2Cutscenes
Game: Engine EZSceneTools81 global.camera.EZSceneTools
Game: Engine cutsceneEmoTag ScriptBase
Game: Engine DemonDitch global.props.Animator
Game: Engine GoodDemonHole global.props.Animator
Game: Engine Rifle mm.props.PropRifle
Game: Engine SnowHitAC bb.effects.SnowHit
Game: Engine Thought_Bubble_Spring ParticleEmitter
Game: Engine Geometry83 global.props.Geometry
Game: Engine WaterFXManager global.effects.WaterFXManager
Game: Engine RunningRippleFX global.effects.RunningRippleFX
Game: Engine WaterRingsFX global.effects.WaterRingsFX
Game: Engine SplashFX84 global.effects.SplashFX
Game: Engine SplashFX84_Dropsa1 dummy
Game: Engine SplashFX85 global.effects.SplashFX
Game: Engine SplashFX85_Dropsa1 dummy
Game: Engine SplashFX86 global.effects.SplashFX
Game: Engine SplashFX86_Dropsa1 dummy
Game: Engine SplashFX87 global.effects.SplashFX
Game: Engine SplashFX87_Dropsa1 dummy
Game: Engine SplashFX88 global.effects.SplashFX
Game: Engine SplashFX88_Dropsa1 dummy
Game: Engine WaterSplash89 global.effects.WaterSplash
Game: Engine WaterRingsFX8A global.effects.WaterRingsFX
Game: Engine WaterRingsFX8B global.effects.WaterRingsFX
Game: Engine InstaHintFord global.characters.InstaHintFord
Game: Engine baconPoofFX8C global.effects.baconPoofFX
Game: Engine Arrest mm.props.ArrestController
Game: Engine ArrestGauge mm.props.Gauge
Game: Engine DummyPilot ScriptBase
Game: Engine DummyGman1 ScriptBase
Game: Engine DummyGman2 ScriptBase
Game: Engine Boyd ScriptBase
Game: Engine CookieBomb global.props.Geometry
Game: Engine CookieBombFX bb.effects.BigMuzzleBlast
Game: Engine SpySquirrel mm.props.SpySquirrel
Game: Engine SpyExplosion8D mm.effects.SpyExplosion
Game: Engine SpyExplosion8D_Firea1 dummy
Game: Engine SpyExplosion8D_DustEmittera1 dummy
Game: Engine PutAwayFX8E global.effects.PutAwayFX
Game: Engine FigmentFX8F global.effects.FigmentFX
Game: Engine FigmentFX8F_Mista1 dummy
Game: Engine RankUpFX90 global.effects.RankUpFX
Game: Engine RankUpFX90_Sparka1 dummy
Game: Engine RazPsiShieldFX global.effects.PsiShieldFX
Game: Engine Decorator91 global.props.Decorator
Game: Engine MeleeHit92 global.effects.MeleeHit
Game: Engine MeleeHit93 global.effects.MeleeHit
Game: Engine MeleeHit94 global.effects.MeleeHit
Game: Engine MeleeHitNot95 global.effects.MeleeHitNot
Game: Engine MeleeHitNot96 global.effects.MeleeHitNot
Game: Engine MeleeFistFade97 global.effects.MeleeFistFade
Game: Engine PalmBombFX98 global.effects.PalmBombFX
Game: Engine RazLH_SwishFX1 global.props.Geometry
Game: Engine RazLH_SwishFX2 global.props.Geometry
Game: Engine RazLH_SwishFX3 global.props.Geometry
Game: Engine RazLH_SwishFX4 global.props.Geometry
Game: Engine Thought_SubCloud_2 ParticleEmitter
Game: Engine RazLH_ShockFX global.props.DartShockwave
Game: Engine PalmBombSuperFX99 global.effects.PalmBombSuperFX
Game: Engine PalmBombSuperHandsFX9A global.effects.PalmBombSuperHandsFX
Game: Engine MeleeFistFade9C global.effects.MeleeFistFade
Game: Engine MeleeCraneFX9D global.effects.MeleeCraneFX
Game: Engine RazRH_SwishFX1 global.props.Geometry
Game: Engine RazRH_SwishFX2 global.props.Geometry
Game: Engine RazRH_SwishFX3 global.props.Geometry
Game: Engine Thought_SubCloud_1 ParticleEmitter
Game: Engine Thought_SubCloud_0 ParticleEmitter
Game: Engine LedgeDirtFXA2 global.effects.LedgeDirtFX
Game: Engine GenGibs15_affector dummy
Game: Engine GenGibs15 global.effects.GenGibs
Game: Engine GenGibs13_affector dummy
Game: Engine GenGibs13 global.effects.GenGibs
Game: Engine PlayerInvulIndicator global.effects.RazDamageFX
Game: Engine Decorator2 global.props.Decorator
Game: Engine RazPsiShield PsiShield
Game: Engine Thought_Cloud ParticleEmitter
Game: Engine FireStartExplodeFX1 global.effects.FireStartExplodeFX
Game: Engine FigmentGlobals global.collectibles.FigmentGlobals
Game: Engine Clairvoyance_Cloud ParticleEmitter
Game: Engine GravityManager0 mm.GravityManager
Game: Engine Thought_Bubble_Roll ParticleEmitter
Game: Engine ThoughtBubble ThoughtBubble
Game: Engine Dialog_Cloud ParticleEmitter
Game: Engine DialogBubble_SubCloud_0 ParticleEmitter
Game: Engine DialogBubble_SubCloud_1 ParticleEmitter
Game: Engine GenGibs11_affector dummy
Game: Engine GenGibs11 global.effects.GenGibs
Game: Engine GenGibs1B_affector dummy
Game: Engine DialogBubble_SubCloud_2 ParticleEmitter
Game: Engine GenGibs1B global.effects.GenGibs
Game: Engine ConfusionFX6F global.effects.ConfusionFX
Game: Engine RazSteamRecoverFX6 global.effects.RazSteamRecoverFX
Game: Engine crapBookshelf2 global.props.Geometry
Game: Engine Dart_FXf global.effects.invisibilityShockwaveFX
Game: Engine Dart_FXf_Streamersa1 dummy
Game: Engine Demon61 global.enemies.Demon
Game: Engine DemonDustFX63 global.effects.DemonDustFX
Game: Engine Demon61_ShellFX global.characters.ActionActor
Game: Engine Demon61_StoneFX global.props.Geometry
Game: Engine ScriptBase9E ScriptBase
Game: Engine ScriptBase9B ScriptBase
Game: Engine chopper4 mm.props.Chopper
Game: Engine chopper4ChopperMesh global.props.MovingGeometry
Game: Engine Deathspawner global.props.DeathPlane
Game: Engine consipirebooks global.props.Geometry
Game: Engine polySurface2087 global.props.Geometry
Game: Engine polySurface1686 global.props.Geometry
Game: Engine polySurface2088 global.props.Geometry
Game: Engine chopper6ChopperMesh global.props.MovingGeometry
Game: Engine chopper6 mm.props.Chopper
Game: Engine chopper5ChopperMesh global.props.MovingGeometry
Game: Engine chopper5 mm.props.Chopper
Game: Engine DemonFireA9 mm.effects.DemonFire
Game: Engine flameFX1 global.props.Geometry
Game: Engine flameFX2 global.props.Geometry
Game: Engine DemonFireAA mm.effects.DemonFire