Listing objects of class global.collectibles.PSIChallengeCard
global.collectibles.PSIChallengeCard PsiCard Position X,Y,Z 505 846 1587 Orientation OX,OY,OZ 0 0 0
global.collectibles.PSIChallengeCard PsiCard1 Position X,Y,Z 1032 8 -1478 Orientation OX,OY,OZ 0 0 0
!!!!!!!!!!!!!!!!!
Listing objects of class ca.props.ScavengerHuntItem
ca.props.ScavengerHuntItem scavFossil Position X,Y,Z 20 1907 -1810 Orientation OX,OY,OZ 180 180 82
!!!!!!!!!!!!!!!!!

--Following locations for level completion in CU
--MM
Dart Dart Position X,Y,Z -11357, 11476, -3457 Orientation OX,OY,OZ 0, 38, 0
!!!!!!!!!!!!!!!!!

--WW
Dart Dart Position X,Y,Z -10758, 11438, -4170 Orientation OX,OY,OZ 0, 85, 0
!!!!!!!!!!!!!!!!!

--Mi
Dart Dart Position X,Y,Z -10778, 11432, -4760 Orientation OX,OY,OZ 0, 109, 0
!!!!!!!!!!!!!!!!!

--NI
Dart Dart Position X,Y,Z -11139, 11486, -5505 Orientation OX,OY,OZ 0, 157, 0
!!!!!!!!!!!!!!!!!

--LO
Dart Dart Position X,Y,Z -11962, 11615, -5630 Orientation OX,OY,OZ 0, -170, 0
!!!!!!!!!!!!!!!!!

--BB
Dart Dart Position X,Y,Z -12954, 11560, -5523 Orientation OX,OY,OZ 0, -158, 0
!!!!!!!!!!!!!!!!!

--TH
Dart Dart Position X,Y,Z -13645, 11449, -5125 Orientation OX,OY,OZ 0, -122, 0
!!!!!!!!!!!!!!!!!

--SA
Dart Dart Position X,Y,Z -13922, 11352, -4566 Orientation OX,OY,OZ 0, -90, 0
!!!!!!!!!!!!!!!!!

--BV
Dart Dart Position X,Y,Z -13691, 11326, -3785 Orientation OX,OY,OZ 0, -54, 0
!!!!!!!!!!!!!!!!!