Listing objects of class global.collectibles.EmotionalBaggageTag
global.collectibles.EmotionalBaggageTag EmoTagHatbox Position X,Y,Z -43786 9006 5234 Orientation OX,OY,OZ 0 0 0
global.collectibles.EmotionalBaggageTag EmoTagSuitcase Position X,Y,Z -27225 140 4925 Orientation OX,OY,OZ 0 0 0
global.collectibles.EmotionalBaggageTag EmoTagDufflebag Position X,Y,Z 10401 -18337 15650 Orientation OX,OY,OZ 0 0 0
global.collectibles.EmotionalBaggageTag EmoTagSteamer Position X,Y,Z 23066 -18398 18601 Orientation OX,OY,OZ 0 116 0
global.collectibles.EmotionalBaggageTag EmoTagPurse Position X,Y,Z 29109 -19481 12767 Orientation OX,OY,OZ 0 18 0
!!!!!!!!!!!!!!!!!
Listing objects of class global.collectibles.EmotionalBaggage
bb.props.EmotionalBaggage EmoBagDufflebag Position X,Y,Z 16820 -18717 4074 Orientation OX,OY,OZ 1 180 0
bb.props.EmotionalBaggage EmoBagSuitcase Position X,Y,Z 17248 -19397 9077 Orientation OX,OY,OZ 0 -61 0
bb.props.EmotionalBaggage EmoBagHatbox Position X,Y,Z 21656 -20134 2503 Orientation OX,OY,OZ 0 37 0
bb.props.EmotionalBaggage EmoBagSteamer1 Position X,Y,Z 20430 -19300 24700 Orientation OX,OY,OZ 0 86 0
bb.props.EmotionalBaggage pasted__EmoBagPurse Position X,Y,Z 25559 -18312 20976 Orientation OX,OY,OZ 0 0 0
!!!!!!!!!!!!!!!!!
Listing objects of class global.collectibles.MaxLivesUp
global.collectibles.MaxLivesUp MaxLivesUp1 Position X,Y,Z 28368 -18617 12753 Orientation OX,OY,OZ 0 0 0
!!!!!!!!!!!!!!!!!
Listing objects of class global.collectibles.MaxAmmoUp
global.collectibles.MaxAmmoUp MaxAmmoUp1 Position X,Y,Z 23724 -17634 12876 Orientation OX,OY,OZ 0 173 0
!!!!!!!!!!!!!!!!!
Listing objects of class global.collectibles.OneUp
global.collectibles.OneUp OneUp2 Position X,Y,Z 20406 -19699 9934 Orientation OX,OY,OZ 0 0 0
global.collectibles.OneUp OneUp1 Position X,Y,Z 20285 -18438 20588 Orientation OX,OY,OZ 0 0 0
!!!!!!!!!!!!!!!!!
Listing objects of class global.characters.Vault
global.characters.Vault vault1 Position X,Y,Z 13099 -17850 1858 Orientation OX,OY,OZ 0 -15 0
global.characters.Vault vault2 Position X,Y,Z 19216 -18331 23129 Orientation OX,OY,OZ 0 -15 0
!!!!!!!!!!!!!!!!!
Listing objects of class ww.props.PricelessCoin
ww.props.PricelessCoin Peasant2Item Position X,Y,Z -44408 8978 5315 Orientation OX,OY,OZ 0 14 4
!!!!!!!!!!!!!!!!!
Listing objects of class ww.props.Rifle
ww.props.Rifle Peasant3Item Position X,Y,Z 23210 -19151 18198 Orientation OX,OY,OZ 0 0 0
!!!!!!!!!!!!!!!!!
Listing objects of class Global.Collectibles.MaxConfusionUp
global.collectibles.MaxConfusionUp WW_maxConfusionUp Position X,Y,Z 28178, -17299, 7540 Orientation OX,OY,OZ 0, -59, 0
!!!!!!!!!!!!!!!!!