Game: Engine InvDisplayer global.otherentities.InvAdder
Game: Engine Dart Dart
Game: Engine RazLH_EntryFX global.props.Geometry
Game: Engine RankBling global.otherentities.RankBling
Game: Engine OrchestraPit global.props.Trampoline
Game: Engine test global.props.Geometry
Game: Engine sfFigment22 global.collectibles.SplineFigment
Game: Engine sfFigment25 global.collectibles.SplineFigment
Game: Engine gio_GIO_73 global.props.GIO
Game: Engine sfFigment23 global.collectibles.SplineFigment
Game: Engine sfFigment24 global.collectibles.SplineFigment
Game: Engine sfFigment21 global.collectibles.SplineFigment
Game: Engine gio_Figment_42 global.collectibles.Figment
Game: Engine gio_GIO_74 global.props.GIO
Game: Engine RAZSTART GEN_dartstart
Game: Engine LetterFigment2 global.collectibles.SplineFigment
Game: Engine CobWebSparkleFX4B global.effects.CobWebSparkleFX
Game: Engine Cobweb2 global.collectibles.Cobweb
Game: Engine LetterFigment1 global.collectibles.SplineFigment
Game: Engine THMSOatmeal1 global.characters.Oatmeal
Game: Engine gio_Figment_76 global.collectibles.Figment
Game: Engine gio_Figment_62 global.collectibles.Figment
Game: Engine gio_Figment_86 global.collectibles.Figment
Game: Engine gio_GIO_72 global.props.GIO
Game: Engine gio_Figment_67 global.collectibles.Figment
Game: Engine gio_GIO_71 global.props.GIO
Game: Engine gio_Figment_85 global.collectibles.Figment
Game: Engine gio_Figment_40 global.collectibles.Figment
Game: Engine gio_GIO_75 global.props.GIO
Game: Engine gio_GIO_70 global.props.GIO
Game: Engine gio_Figment_68 global.collectibles.Figment
Game: Engine gio_Figment_75 global.collectibles.Figment
Game: Engine gio_GIO_76 global.props.GIO
Game: Engine gio_Figment_61 global.collectibles.Figment
Game: Engine gio_Figment_52 global.collectibles.Figment
Game: Engine gio_Figment_51 global.collectibles.Figment
Game: Engine splLadd2 global.props.Ladder
Game: Engine gio_Figment_77 global.collectibles.Figment
Game: Engine gio_Figment_93 global.collectibles.Figment
Game: Engine gio_Figment_53 global.collectibles.Figment
Game: Engine gio_Figment_72 global.collectibles.Figment
Game: Engine gio_Figment_60 global.collectibles.Figment
Game: Engine gio_Figment_90 global.collectibles.Figment
Game: Engine Clairvoyance_Cloud ParticleEmitter
Game: Engine RankUpFX93 global.effects.RankUpFX
Game: Engine FigmentFX92_Mista1 dummy
Game: Engine Maypole th.props.SetPiece
Game: Engine FigmentFX92 global.effects.FigmentFX
Game: Engine PsiBlast5DeflectedPsiBlast global.props.Geometry
Game: Engine PutAwayFX91 global.effects.PutAwayFX
Game: Engine SwitchFX_WooshSmokea1 dummy
Game: Engine Set1_Night global.props.Geometry
Game: Engine SwitchFX th.effects.SetPlunkPoofFX
Game: Engine RotateFX_RightSmokea1 dummy
Game: Engine RotateFX_LeftSmokea1 dummy
Game: Engine Set3Night_flat1 global.props.Geometry
Game: Engine RotateFX th.effects.StageRotatePoofFX
Game: Engine birdie1 th.characters.Birdie
Game: Engine birdie0 th.characters.Birdie
Game: Engine harpie1 th.characters.Harpie
Game: Engine THMSbatBlastFX90 global.effects.THMSbatBlastFX
Game: Engine Projectile8F global.enemies.Projectile
Game: Engine GenGibs8E_affector dummy
Game: Engine GenGibs8E global.effects.GenGibs
Game: Engine harpie0 th.characters.Harpie
Game: Engine puppy1 th.characters.Puppy
Game: Engine hound2_FireBall3 Gen_CollideBall
Game: Engine hound2_FireBall2 Gen_CollideBall
Game: Engine hound2_FireBall1 Gen_CollideBall
Game: Engine hound2_Ball Gen_CollideBall
Game: Engine hound2 th.characters.Hound
Game: Engine hound1_FireBall3 Gen_CollideBall
Game: Engine hound1_FireBall2 Gen_CollideBall
Game: Engine hound1_FireBall1 Gen_CollideBall
Game: Engine hound1_Ball Gen_CollideBall
Game: Engine DialogBubble_SubCloud_2 ParticleEmitter
Game: Engine hound1 th.characters.Hound
Game: Engine puppy0 th.characters.Puppy
Game: Engine RazPsiShieldFX global.effects.PsiShieldFX
Game: Engine PsiBlast5 PsiBlast
Game: Engine PsiBlast4DeflectedPsiBlast global.props.Geometry
Game: Engine PsiBlast4 PsiBlast
Game: Engine GenGibs89_affector dummy
Game: Engine GenGibs89 global.effects.GenGibs
Game: Engine DialogBubble_SubCloud_1 ParticleEmitter
Game: Engine PsiBlast3DeflectedPsiBlast global.props.Geometry
Game: Engine DialogBubble_SubCloud_0 ParticleEmitter
Game: Engine Hound88_FireBall3 Gen_CollideBall
Game: Engine PsiBlast2DeflectedPsiBlast global.props.Geometry
Game: Engine PsiBlast2 PsiBlast
Game: Engine PsiBlast1DeflectedPsiBlast global.props.Geometry
Game: Engine Hound88_FireBall2 Gen_CollideBall
Game: Engine Hound88_FireBall1 Gen_CollideBall
Game: Engine PsiBlast1 PsiBlast
Game: Engine StageStuffPoofFXA8_WooshSmokea1 dummy
Game: Engine Hound88_Ball Gen_CollideBall
Game: Engine Decorator94 global.props.Decorator
Game: Engine StageStuffPoofFXA8 th.effects.StageStuffPoofFX
Game: Engine PsiBlast0DeflectedPsiBlast global.props.Geometry
Game: Engine hound0_FireBall3 Gen_CollideBall
Game: Engine hound0_FireBall2 Gen_CollideBall
Game: Engine hound0_FireBall1 Gen_CollideBall
Game: Engine THMS_Secretdoor global.props.Geometry
Game: Engine hound0_Ball Gen_CollideBall
Game: Engine PsiBlast0 PsiBlast
Game: Engine FigmentGlobals global.collectibles.FigmentGlobals
Game: Engine FireStartExplodeFX0 global.effects.FireStartExplodeFX
Game: Engine RazPsiShield PsiShield
Game: Engine Decorator1 global.props.Decorator
Game: Engine PlayerInvulIndicator global.effects.RazDamageFX
Game: Engine RazPreDeathFX2 global.effects.RazPreDeathFX
Game: Engine RazRespawnFX3 global.effects.RazRespawnFX
Game: Engine Dart_FXa global.effects.InvisoEyeFX
Game: Engine Dart_FXb global.effects.PsiShieldFailFX
Game: Engine Dart_FXe global.effects.NoAmmoFX
Game: Engine hound0 th.characters.Hound
Game: Engine flower0 th.characters.Flower
Game: Engine flower1 th.characters.Flower
Game: Engine flower2 th.characters.Flower
Game: Engine FireStartExplodeSuperFX4 global.effects.FireStartExplodeSuperFX
Game: Engine RazSteamRecoverFX5 global.effects.RazSteamRecoverFX
Game: Engine RazLH global.props.DartMeleeHand
Game: Engine RazRH global.props.DartMeleeHand
Game: Engine thistle0dummy th.characters.DummyActor
Game: Engine thistle1dummy th.characters.DummyActor
Game: Engine thistle2dummy th.characters.DummyActor
Game: Engine TelekinesisClaw2RazTKClawLine ParticleEmitter
Game: Engine Breadcrumb87 debug.Breadcrumb
Game: Engine thistle0_Ball Gen_CollideBall
Game: Engine thistle0_SpinSwish global.props.RotatingDecorator
Game: Engine thistle0 th.characters.Thistle
Game: Engine PsiBlast3 PsiBlast
Game: Engine Breadcrumb86 debug.Breadcrumb
Game: Engine thistle1_Ball Gen_CollideBall
Game: Engine thistle1_SpinSwish global.props.RotatingDecorator
Game: Engine thistle1 th.characters.Thistle
Game: Engine Breadcrumb85 debug.Breadcrumb
Game: Engine Breadcrumb84 debug.Breadcrumb
Game: Engine Dialog_Cloud ParticleEmitter
Game: Engine TelekinesisClaw2TKHolder dummy
Game: Engine TelekinesisClaw2 TKClaw
Game: Engine EnemyDeathFX83 global.effects.EnemyDeathFX
Game: Engine GenGibs22 global.effects.GenGibs
Game: Engine GenGibs22_affector dummy
Game: Engine GenGibs23 global.effects.GenGibs
Game: Engine GenGibs23_affector dummy
Game: Engine GenGibs24 global.effects.GenGibs
Game: Engine GenGibs24_affector dummy
Game: Engine GenGibs25 global.effects.GenGibs
Game: Engine GenGibs25_affector dummy
Game: Engine TelekinesisClaw1RazTKClawLine ParticleEmitter
Game: Engine GenGibs26_affector dummy
Game: Engine GenGibs27 global.effects.GenGibs
Game: Engine GenGibs27_affector dummy
Game: Engine GenGibs28 global.effects.GenGibs
Game: Engine GenGibs28_affector dummy
Game: Engine CharResponseHandler29 global.util.CharResponseHandler
Game: Engine CharResponseHandler2A global.util.CharResponseHandler
Game: Engine RazClairDisguise2B mm.props.RazClairDisguise
Game: Engine ClairCamUpdater2C global.otherentities.ClairCamUpdater
Game: Engine ConfusionGrenade2E global.props.ConfusionGrenade
Game: Engine ConfusionGrenade2E_fx1 global.effects.ConfusionFuseFX
Game: Engine ConfusionGrenade2E_fx2 global.effects.ConfusionBombFX
Game: Engine ConfusionGrenade2E_fx2_StreakPopa1 dummy
Game: Engine BallPopFX2F global.effects.BallPopFX
Game: Engine ThoughtBubbleRings global.effects.PsiBallRingsFX
Game: Engine ThoughtBubbleBounce global.effects.PsiBallRingsBounceFX
Game: Engine ThoughtBubbleRings2 global.effects.PsiBallRingsFX
Game: Engine ThoughtBubbleBounce2 global.effects.PsiBallRingsBounceFX
Game: Engine ball_trail engine.BallTrail
Game: Engine ThoughtBubbleSpikes ScriptBase
Game: Engine PsiRailFX30 global.effects.PsiRailFX
Game: Engine PsiBlastFX31 global.effects.PsiBlastFX
Game: Engine PsiBlastHitFX32 global.effects.PsiBlastHitFX
Game: Engine PsiBlastAirHit33 global.effects.PsiBlastAirHit
Game: Engine PsiBlastDeflectFX34 global.effects.PsiBlastDeflectFX
Game: Engine PsiBlastHitSuperFX35 global.effects.PsiBlastHitSuperFX
Game: Engine RazPull th.props.RazPull
Game: Engine CharResponseHandlerA6 global.util.CharResponseHandler
Game: Engine THLedgeDirtFXA5 th.effects.THLedgeDirtFX
Game: Engine RazRH_SwishFX3 global.props.Geometry
Game: Engine RazRH_SwishFX2 global.props.Geometry
Game: Engine RazRH_SwishFX1 global.props.Geometry
Game: Engine GenGibs82_affector dummy
Game: Engine GenGibs82 global.effects.GenGibs
Game: Engine Thistle81_Ball Gen_CollideBall
Game: Engine MeleeCraneFXA0 global.effects.MeleeCraneFX
Game: Engine MeleeFistFade9F global.effects.MeleeFistFade
Game: Engine RailSlideWoodFX3B global.effects.RailSlideWoodFX
Game: Engine MeleeHit95 global.effects.MeleeHit
Game: Engine thistle2_Ball Gen_CollideBall
Game: Engine DizzyFX80 th.effects.DizzyFX
Game: Engine thistle2_SpinSwish global.props.RotatingDecorator
Game: Engine thistle2 th.characters.Thistle
Game: Engine TrapDoor7F th.props.TrapDoor
Game: Engine TrapDoor7E th.props.TrapDoor
Game: Engine TrapDoor7D th.props.TrapDoor
Game: Engine TrapDoor7C th.props.TrapDoor
Game: Engine TrapDoor7B th.props.TrapDoor
Game: Engine TrapDoor7A th.props.TrapDoor
Game: Engine TrapDoor79 th.props.TrapDoor
Game: Engine TrapDoor78 th.props.TrapDoor
Game: Engine TrapDoor77 th.props.TrapDoor
Game: Engine TrapDoor76 th.props.TrapDoor
Game: Engine baconPoofFX75 global.effects.baconPoofFX
Game: Engine InstaHintFord global.characters.InstaHintFord
Game: Engine WaterRingsFX74 global.effects.WaterRingsFX
Game: Engine WaterRingsFX73 global.effects.WaterRingsFX
Game: Engine WaterSplash72 global.effects.WaterSplash
Game: Engine PalmBombSuperHandsFX9D global.effects.PalmBombSuperHandsFX
Game: Engine PalmBombSuperFX9C global.effects.PalmBombSuperFX
Game: Engine RazLH_ShockFX global.props.DartShockwave
Game: Engine RazLH_SwishFX4 global.props.Geometry
Game: Engine RazLH_SwishFX3 global.props.Geometry
Game: Engine RazLH_SwishFX2 global.props.Geometry
Game: Engine RazLH_SwishFX1 global.props.Geometry
Game: Engine PalmBombFX9B global.effects.PalmBombFX
Game: Engine SplashFX71_Dropsa1 dummy
Game: Engine SplashFX71 global.effects.SplashFX
Game: Engine SplashFX70_Dropsa1 dummy
Game: Engine SplashFX70 global.effects.SplashFX
Game: Engine SplashFX6F_Dropsa1 dummy
Game: Engine SplashFX6F global.effects.SplashFX
Game: Engine SplashFX6E_Dropsa1 dummy
Game: Engine SplashFX6E global.effects.SplashFX
Game: Engine SplashFX6D_Dropsa1 dummy
Game: Engine SplashFX6D global.effects.SplashFX
Game: Engine WaterRingsFX global.effects.WaterRingsFX
Game: Engine MeleeFistFade9A global.effects.MeleeFistFade
Game: Engine RunningRippleFX global.effects.RunningRippleFX
Game: Engine MeleeHitNot99 global.effects.MeleeHitNot
Game: Engine WaterFXManager global.effects.WaterFXManager
Game: Engine MeleeHitNot98 global.effects.MeleeHitNot
Game: Engine cutsceneEmoTag ScriptBase
Game: Engine BoatChest42 th.props.BoatChest
Game: Engine StageStuffPoofFX43 th.effects.StageStuffPoofFX
Game: Engine StageStuffPoofFX43_WooshSmokea1 dummy
Game: Engine EZSceneTools6C global.camera.EZSceneTools
Game: Engine DragonKnightBrawlFX44 th.effects.DragonKnightBrawlFX
Game: Engine DragonKnightBrawlFX44_Symbolsa1 dummy
Game: Engine CharResponseHandler48 global.util.CharResponseHandler
Game: Engine TelekinesisClaw1TKHolder dummy
Game: Engine TelekinesisClaw1 TKClaw
Game: Engine TKClawRazTKClawLine ParticleEmitter
Game: Engine th.THMSCutscenes th.THMSCutscenes
Game: Engine JasperSpitFX49 th.effects.JasperSpitFX
Game: Engine CharResponseHandler4A global.util.CharResponseHandler
Game: Engine TKClawTKHolder dummy
Game: Engine TKClaw TKClaw
Game: Engine Global global.GlobalClass
Game: Engine ArrowheadAmmo6B global.collectibles.ArrowheadAmmo
Game: Engine ArrowheadAmmo6A global.collectibles.ArrowheadAmmo
Game: Engine ArrowheadAmmo69 global.collectibles.ArrowheadAmmo
Game: Engine PsiBlastAmmo68 global.collectibles.PsiBlastAmmo
Game: Engine PsiBlastAmmo67 global.collectibles.PsiBlastAmmo
Game: Engine PsiBlastAmmo66 global.collectibles.PsiBlastAmmo
Game: Engine ConfusionAmmo65 global.collectibles.ConfusionAmmo
Game: Engine ConfusionAmmo64 global.collectibles.ConfusionAmmo
Game: Engine ConfusionAmmo63 global.collectibles.ConfusionAmmo
Game: Engine HealthAmmo62 global.collectibles.HealthAmmo
Game: Engine HealthAmmo61 global.collectibles.HealthAmmo
Game: Engine HealthAmmo60 global.collectibles.HealthAmmo
Game: Engine Thought_Bubble_Spring ParticleEmitter
Game: Engine Thought_SubCloud_2 ParticleEmitter
Game: Engine Thought_SubCloud_1 ParticleEmitter
Game: Engine Thought_SubCloud_0 ParticleEmitter
Game: Engine Thought_Cloud ParticleEmitter
Game: Engine Thought_Bubble_Roll ParticleEmitter
Game: Engine ThoughtBubble ThoughtBubble
Game: Engine GenGibs26 global.effects.GenGibs
Game: Engine ConfusionFX5F global.effects.ConfusionFX
Game: Engine MeleeHit97 global.effects.MeleeHit
Game: Engine MeleeHit96 global.effects.MeleeHit
Game: Engine SaltFX global.props.Geometry
Game: Engine ConfusionFX58 global.effects.ConfusionFX
Game: Engine ConfusionFX59 global.effects.ConfusionFX
Game: Engine ConfusionFX5A global.effects.ConfusionFX
Game: Engine ConfusionFX5B global.effects.ConfusionFX
Game: Engine ConfusionFX5C global.effects.ConfusionFX
Game: Engine ConfusionFX5D global.effects.ConfusionFX
Game: Engine ConfusionFX5E global.effects.ConfusionFX
Game: Engine RankUpFX93_Sparka1 dummy
Game: Engine birdie1FishingLine global.props.Geometry
Game: Engine birdie0FishingLine global.props.Geometry
Game: Engine gio_Figment_66 global.collectibles.Figment
Game: Engine harpie0FishingLine global.props.Geometry
Game: Engine harpie1FishingLine global.props.Geometry
Game: Engine harpie0SoundWave global.props.Geometry
Game: Engine harpie1SoundWave global.props.Geometry
Game: Engine Dart_FXf global.effects.invisibilityShockwaveFX
Game: Engine Dart_FXf_Streamersa1 dummy
Game: Engine harpie1Inhale global.props.Geometry
Game: Engine harpie0Inhale global.props.Geometry
Game: Engine gio_Figment_43 global.collectibles.Figment
Game: Engine HoundFlameThrower8B th.effects.HoundFlameThrower
Game: Engine HoundFlameThrower8D th.effects.HoundFlameThrower
Game: Engine HoundFlameThrower8C th.effects.HoundFlameThrower
Game: Engine EmoTagSteamertrunk global.collectibles.EmotionalBaggageTag
Game: Engine InterestFX37 global.effects.InterestFX
Game: Engine gio_Figment_82 global.collectibles.Figment
Game: Engine gio_Figment_39 global.collectibles.Figment
Game: Engine gio_Figment_49 global.collectibles.Figment
Game: Engine gio_Figment_59 global.collectibles.Figment
Game: Engine gio_GIO_77 global.props.GIO
Game: Engine gio_Figment_37 global.collectibles.Figment
Game: Engine Becky th.characters.Becky
Game: Engine Cobweb4 global.collectibles.Cobweb
Game: Engine CobWebSparkleFX4E global.effects.CobWebSparkleFX
Game: Engine Cobweb5 global.collectibles.Cobweb
Game: Engine CobWebSparkleFXA9 global.effects.CobWebSparkleFX
Game: Engine gio_Figment_45 global.collectibles.Figment
Game: Engine Set2Day_flat2 global.props.Geometry
Game: Engine EmoBagPurseLeftTear global.effects.EmoBagTearFX
Game: Engine EmoBagPurse bb.props.EmotionalBaggage
Game: Engine Set3Day_flat1 global.props.Geometry
Game: Engine gio_Figment_80 global.collectibles.Figment
Game: Engine Set2Night_flat2 global.props.Geometry
Game: Engine EmoBagPurseRightTear global.effects.EmoBagTearFX
Game: Engine gio_Figment_50 global.collectibles.Figment
Game: Engine gio_Figment_71 global.collectibles.Figment
Game: Engine gio_GIO_78 global.props.GIO
Game: Engine gio_Figment_38 global.collectibles.Figment
Game: Engine gio_Figment_44 global.collectibles.Figment
Game: Engine gio_Figment_87 global.collectibles.Figment
Game: Engine splLadd4 global.props.Ladder
Game: Engine gio_Figment_88 global.collectibles.Figment
Game: Engine gio_Figment_56 global.collectibles.Figment
Game: Engine gio_Figment_58 global.collectibles.Figment
Game: Engine gio_Figment_54 global.collectibles.Figment
Game: Engine gio_Figment_78 global.collectibles.Figment
Game: Engine Set1Day_flat1 global.props.Geometry
Game: Engine SupremeInterestFX52 global.effects.SupremeInterestFX
Game: Engine Geometry53 global.props.Geometry
Game: Engine MaxAmmoUp global.collectibles.MaxAmmoUp
Game: Engine gio_Figment_48 global.collectibles.Figment
Game: Engine gio_Figment_96 global.collectibles.Figment
Game: Engine gio_Figment_89 global.collectibles.Figment
Game: Engine gio_Figment_65 global.collectibles.Figment
Game: Engine gio_Figment_94 global.collectibles.Figment
Game: Engine gio_Figment_63 global.collectibles.Figment
Game: Engine gio_Figment_47 global.collectibles.Figment
Game: Engine JasperPopcorn global.props.Geometry
Game: Engine gio_Figment_55 global.collectibles.Figment
Game: Engine gio_Figment_69 global.collectibles.Figment
Game: Engine DaySwitch th.props.DayNightSwitch
Game: Engine HappyLight global.props.Geometry
Game: Engine SadLight global.props.Geometry
Game: Engine gio_Figment_99 global.collectibles.Figment
Game: Engine gio_Figment_102 global.collectibles.Figment
Game: Engine gio_Figment_70 global.collectibles.Figment
Game: Engine gio_Figment_104 global.collectibles.Figment
Game: Engine gio_Figment_100 global.collectibles.Figment
Game: Engine gio_Figment_46 global.collectibles.Figment
Game: Engine gio_Figment_103 global.collectibles.Figment
Game: Engine gio_Figment_83 global.collectibles.Figment
Game: Engine gio_Figment_64 global.collectibles.Figment
Game: Engine SetArch2Left th.props.SetArch
Game: Engine SetArch2LeftNightSwirl_ArchSparklesa1 dummy
Game: Engine SetArch2LeftDaySwirl_Streaksa1 dummy
Game: Engine SetArch2LeftNightSwirl_Streaksa1 dummy
Game: Engine SetArch2LeftDaySwirl_Notesa1 dummy
Game: Engine SetArch2LeftDaySwirl_ArchSparklesa1 dummy
Game: Engine SetArch2LeftDaySwirl th.effects.THarchSwirlsDayFX
Game: Engine SetArch2LeftNightSwirl th.effects.THarchSwirlsNightFX
Game: Engine SetArch2LeftNightSwirl_Notesa1 dummy
Game: Engine SetArch2LeftEvilArch global.props.Geometry
Game: Engine SetArch2LeftSwirl global.props.Geometry
Game: Engine SetArch1RightNightSwirl_ArchSparklesa1 dummy
Game: Engine SetArch1RightNightSwirl_Notesa1 dummy
Game: Engine SetArch1RightNightSwirl_Streaksa1 dummy
Game: Engine SetArch1RightNightSwirl th.effects.THarchSwirlsNightFX
Game: Engine SetArch1RightDaySwirl_ArchSparklesa1 dummy
Game: Engine SetArch1RightDaySwirl_Streaksa1 dummy
Game: Engine SetArch1Right th.props.SetArch
Game: Engine SetArch1RightEvilArch global.props.Geometry
Game: Engine SetArch1RightDaySwirl th.effects.THarchSwirlsDayFX
Game: Engine SetArch1RightDaySwirl_Notesa1 dummy
Game: Engine Cantelever26 global.props.Geometry
Game: Engine SetArch1RightSwirl global.props.Geometry
Game: Engine Set2night th.props.Set
Game: Engine Set1dayRightFront global.props.Geometry
Game: Engine Set1dayLeftFront global.props.Geometry
Game: Engine Set3day th.props.Set
Game: Engine Set2dayLeftFront global.props.Geometry
Game: Engine Set2dayRightFront global.props.Geometry
Game: Engine Set3nightRightFront global.props.Geometry
Game: Engine Set2day th.props.Set
Game: Engine Set3night th.props.Set
Game: Engine Set1_Day global.props.Geometry
Game: Engine Set1day th.props.Set
Game: Engine Set2nightRightFront global.props.Geometry
Game: Engine Set2_Day global.props.Geometry
Game: Engine Set3dayLeftFront global.props.Geometry
Game: Engine Set3dayRightFront global.props.Geometry
Game: Engine Set2_Night global.props.Geometry
Game: Engine Set1nightLeftFront global.props.Geometry
Game: Engine Set3_Day global.props.Geometry
Game: Engine Set3_Night global.props.Geometry
Game: Engine Set2nightLeftFront global.props.Geometry
Game: Engine Set3nightLeftFront global.props.Geometry
Game: Engine Set1Night_flat2 global.props.Geometry
Game: Engine Set2Night_flat1 global.props.Geometry
Game: Engine Set1Night_flat1 global.props.Geometry
Game: Engine Set1nightRightFront global.props.Geometry
Game: Engine Set1Day_flat2 global.props.Geometry
Game: Engine Set2Day_flat1 global.props.Geometry
Game: Engine Set1night th.props.Set
Game: Engine Set2dayWaves th.props.SetPiece
Game: Engine Set3nightWaves th.props.SetPiece
Game: Engine Set2nightWaves th.props.SetPiece
Game: Engine Set3dayWaves th.props.SetPiece
Game: Engine Boat th.props.Boat
Game: Engine Jasper th.characters.Jasper
Game: Engine Set3Night_flat2 global.props.Geometry
Game: Engine Set3Day_flat2 global.props.Geometry
Game: Engine gio_Figment_73 global.collectibles.Figment
Game: Engine gio_Figment_79 global.collectibles.Figment
Game: Engine gio_Figment_57 global.collectibles.Figment
Game: Engine gio_Figment_81 global.collectibles.Figment
Game: Engine WaterCurse th.props.WaterCurse
Game: Engine Ladder1 th.props.Ladder
Game: Engine Ladder0 th.props.Ladder
Game: Engine Dragon th.props.Dragon
Game: Engine DragonFire global.props.Geometry
Game: Engine Cantelever23 global.props.Geometry
Game: Engine gio_GIO_34 global.props.GIO
Game: Engine gio_Figment_101 global.collectibles.Figment
Game: Engine gio_Figment_74 global.collectibles.Figment
Game: Engine gio_GIO_32 global.props.GIO
Game: Engine gio_Figment_105 global.collectibles.Figment
Game: Engine gio_Figment_97 global.collectibles.Figment
Game: Engine gio_Figment_95 global.collectibles.Figment
Game: Engine gio_Figment_98 global.collectibles.Figment
Game: Engine gio_GIO_56 global.props.GIO
Game: Engine gio_Figment_32 global.collectibles.Figment
Game: Engine gio_GIO_31 global.props.GIO
Game: Engine Script_KnightOfJoy th.props.Script
Game: Engine gio_Figment_92 global.collectibles.Figment
Game: Engine gio_Figment_91 global.collectibles.Figment
Game: Engine gio_Figment_41 global.collectibles.Figment
Game: Engine gio_GIO_58 global.props.GIO
Game: Engine EmoTagPurse global.collectibles.EmotionalBaggageTag
Game: Engine SetArch3LeftDaySwirl_ArchSparklesa1 dummy
Game: Engine SetArch3LeftEvilArch global.props.Geometry
Game: Engine SetArch3LeftNightSwirl_Notesa1 dummy
Game: Engine SetArch3LeftNightSwirl_ArchSparklesa1 dummy
Game: Engine SetArch3LeftNightSwirl_Streaksa1 dummy
Game: Engine SetArch3LeftNightSwirl th.effects.THarchSwirlsNightFX
Game: Engine SetArch3LeftDaySwirl th.effects.THarchSwirlsDayFX
Game: Engine SetArch3LeftDaySwirl_Streaksa1 dummy
Game: Engine SetArch3LeftDaySwirl_Notesa1 dummy
Game: Engine SetArch3Left th.props.SetArch
Game: Engine InterestFX38 global.effects.InterestFX
Game: Engine gio_Figment_84 global.collectibles.Figment
Game: Engine SetArch3LeftSwirl global.props.Geometry
Game: Engine gio_Figment_36 global.collectibles.Figment
Game: Engine SetArch2RightTopDaySwirl_ArchSparklesa1 dummy
Game: Engine SetArch2RightTop th.props.SetArch
Game: Engine SetArch2RightTopEvilArch global.props.Geometry
Game: Engine SetArch2RightTopDaySwirl th.effects.THarchSwirlsDayFX
Game: Engine SetArch2RightTopNightSwirl_ArchSparklesa1 dummy
Game: Engine SetArch2RightTopDaySwirl_Streaksa1 dummy
Game: Engine SetArch2RightTopNightSwirl_Notesa1 dummy
Game: Engine SetArch2RightTopDaySwirl_Notesa1 dummy
Game: Engine SetArch2RightTopNightSwirl th.effects.THarchSwirlsNightFX
Game: Engine SetArch2RightTopNightSwirl_Streaksa1 dummy
Game: Engine gio_GIO_33 global.props.GIO
Game: Engine SetArch2RightTopSwirl global.props.Geometry
Game: Engine Knight th.props.Knight
Game: Engine gio_GIO_55 global.props.GIO
Game: Engine gio_Figment_27 global.collectibles.Figment
Game: Engine gio_Figment_31 global.collectibles.Figment
Game: Engine gio_Figment_28 global.collectibles.Figment
Game: Engine gio_GIO_54 global.props.GIO
Game: Engine gio_GIO_50 global.props.GIO
Game: Engine gio_Figment_35 global.collectibles.Figment
Game: Engine splRail5 global.props.Railslide
Game: Engine Trim1 global.props.Geometry
Game: Engine gio_GIO_52 global.props.GIO
Game: Engine splRail6 global.props.Railslide
Game: Engine gio_GIO_44 global.props.GIO
Game: Engine gio_Figment_30 global.collectibles.Figment
Game: Engine gio_GIO_22 global.props.GIO
Game: Engine Cobweb1 global.collectibles.Cobweb
Game: Engine gio_GIO_23 global.props.GIO
Game: Engine gio_GIO_48 global.props.GIO
Game: Engine gio_GIO_46 global.props.GIO
Game: Engine gio_Figment_29 global.collectibles.Figment
Game: Engine CloudCar th.props.CloudCar
Game: Engine gio_GIO_26 global.props.GIO
Game: Engine gio_Figment_34 global.collectibles.Figment
Game: Engine gio_GIO_24 global.props.GIO
Game: Engine gio_GIO_30 global.props.GIO
Game: Engine gio_GIO_53 global.props.GIO
Game: Engine gio_Figment_26 global.collectibles.Figment
Game: Engine gio_GIO_57 global.props.GIO
Game: Engine Script_HagathaHome th.props.Script
Game: Engine Cobweb6 global.collectibles.Cobweb
Game: Engine EmoBagSuitcaseRightTear global.effects.EmoBagTearFX
Game: Engine Script_LoveBoat th.props.Script
Game: Engine EmoBagSuitcaseLeftTear global.effects.EmoBagTearFX
Game: Engine EmoBagSuitcase bb.props.EmotionalBaggage
Game: Engine StorageRoomDoor global.props.Door
Game: Engine vault1 global.characters.Vault
Game: Engine cantelever global.props.Geometry
Game: Engine splLadd1 global.props.Ladder
Game: Engine cantelever3 global.props.Geometry
Game: Engine splRope0 global.props.Tightrope
Game: Engine BonitaDoor th.props.BonitaDoor
Game: Engine Bonita th.characters.Bonita
Game: Engine ClothPanel3 global.props.Geometry
Game: Engine ClothPanel1 global.props.Geometry
Game: Engine ClothPanel2 global.props.Geometry
Game: Engine ClothPanel4 global.props.Geometry
Game: Engine ClothPanel5 global.props.Geometry
Game: Engine EmoBagSteamertrunkRightTear global.effects.EmoBagTearFX
Game: Engine Cobweb3 global.collectibles.Cobweb
Game: Engine EmoBagSteamertrunk bb.props.EmotionalBaggage
Game: Engine EmoBagSteamertrunkLeftTear global.effects.EmoBagTearFX
Game: Engine rope global.props.Geometry
Game: Engine splRail3 global.props.Railslide
Game: Engine EmoTagSuitcase global.collectibles.EmotionalBaggageTag
Game: Engine InterestFX36 global.effects.InterestFX
Game: Engine Geometry3A global.props.Geometry
Game: Engine Candle th.props.Candle
Game: Engine Cobweb7 global.collectibles.Cobweb
Game: Engine Thistle81_SpinSwish global.props.RotatingDecorator
Game: Engine Thistle81 th.characters.Thistle
Game: Engine ScriptBaseA1 ScriptBase
Game: Engine ScriptBase9E ScriptBase
Game: Engine Hound88 th.characters.Hound
Game: Engine HoundFlameThrower8A th.effects.HoundFlameThrower