Game: Engine Dart Dart
Game: Engine RazLH_EntryFX global.props.Geometry
Game: Engine respwaner7 GEN_respawnpoint
Game: Engine start GEN_dartstart
Game: Engine Deathspawner global.props.DeathPlane
Game: Engine balloon global.props.Geometry
Game: Engine RankBling global.otherentities.RankBling
Game: Engine gio_Figment_0 global.collectibles.Figment
Game: Engine THCWOatmeal1 global.characters.Oatmeal
Game: Engine gio_Figment_1 global.collectibles.Figment
Game: Engine gio_Figment_2 global.collectibles.Figment
Game: Engine Curtain52 global.props.Geometry
Game: Engine Curtain53 global.props.Geometry
Game: Engine Curtain54 global.props.Geometry
Game: Engine Curtain55 global.props.Geometry
Game: Engine Curtain56 global.props.Geometry
Game: Engine gio_Figment_5 global.collectibles.Figment
Game: Engine SandbagSpotlight1 th.props.SandbagSpotlight
Game: Engine gio_Figment_6 global.collectibles.Figment
Game: Engine gio_Figment_3 global.collectibles.Figment
Game: Engine gio_GIO_0 global.props.GIO
Game: Engine gio_Figment_4 global.collectibles.Figment
Game: Engine gio_GIO_5 global.props.GIO
Game: Engine gio_GIO_1 global.props.GIO
Game: Engine gio_GIO_2 global.props.GIO
Game: Engine curtiantramp global.props.BouncyTrampoline
Game: Engine Cantelever3 global.props.Geometry
Game: Engine gio_Figment_11 global.collectibles.Figment
Game: Engine Trapeez trapeez
Game: Engine gio_Figment_8 global.collectibles.Figment
Game: Engine respwaner2 GEN_respawnpoint
Game: Engine gio_Figment_9 global.collectibles.Figment
Game: Engine gio_Figment_10 global.collectibles.Figment
Game: Engine gio_GIO_8 global.props.GIO
Game: Engine gio_GIO_3 global.props.GIO
Game: Engine curtiantramp2 global.props.BouncyTrampoline
Game: Engine gio_Figment_12 global.collectibles.Figment
Game: Engine PsiBlast5 PsiBlast
Game: Engine PsiBlast5DeflectedPsiBlast global.props.Geometry
Game: Engine Clairvoyance_Cloud ParticleEmitter
Game: Engine Dialog_Cloud ParticleEmitter
Game: Engine DialogBubble_SubCloud_0 ParticleEmitter
Game: Engine DialogBubble_SubCloud_1 ParticleEmitter
Game: Engine DialogBubble_SubCloud_2 ParticleEmitter
Game: Engine TKClaw TKClaw
Game: Engine PsiBlast4 PsiBlast
Game: Engine PsiBlast3DeflectedPsiBlast global.props.Geometry
Game: Engine SandBagPoofFX69 th.effects.SandBagPoofFX
Game: Engine PsiBlast3 PsiBlast
Game: Engine Sandbag68 th.props.Sandbag
Game: Engine Curtain61 global.props.Geometry
Game: Engine Curtain40 global.props.Geometry
Game: Engine Curtain39 global.props.Geometry
Game: Engine Curtain38_lf global.props.Geometry
Game: Engine Curtain16_lf global.props.Geometry
Game: Engine Curtain15_lf global.props.Geometry
Game: Engine Curtain14_lf global.props.Geometry
Game: Engine Curtain13_lf global.props.Geometry
Game: Engine Curtain12_lf global.props.Geometry
Game: Engine Curtain31_lf global.props.Geometry
Game: Engine Curtain30_lf global.props.Geometry
Game: Engine Curtain33_lf global.props.Geometry
Game: Engine Curtain32_lf global.props.Geometry
Game: Engine Curtain34_lf global.props.Geometry
Game: Engine Curtain29_lf global.props.Geometry
Game: Engine Curtain20_lf global.props.Geometry
Game: Engine Curtain19_lf global.props.Geometry
Game: Engine Curtain18_lf global.props.Geometry
Game: Engine Curtain17_lf global.props.Geometry
Game: Engine Curtain28_lf global.props.Geometry
Game: Engine Curtain27_lf global.props.Geometry
Game: Engine Curtain26_lf global.props.Geometry
Game: Engine Curtain25 global.props.Geometry
Game: Engine Curtain24_lf global.props.Geometry
Game: Engine Curtain23_lf global.props.Geometry
Game: Engine Curtain22 global.props.Geometry
Game: Engine Sandbag67 th.props.Sandbag
Game: Engine Curtain35 global.props.Geometry
Game: Engine Curtain36 global.props.Geometry
Game: Engine Curtain37 global.props.Geometry
Game: Engine Curtain41 global.props.Geometry
Game: Engine Curtain42 global.props.Geometry
Game: Engine Curtain_lf global.props.Geometry
Game: Engine Curtain3 global.props.Geometry
Game: Engine Curtain2 global.props.Geometry
Game: Engine PsiBlast2DeflectedPsiBlast global.props.Geometry
Game: Engine Curtain44_lf global.props.Geometry
Game: Engine Curtain45 global.props.Geometry
Game: Engine Curtain46 global.props.Geometry
Game: Engine Curtain47 global.props.Geometry
Game: Engine Curtain48 global.props.Geometry
Game: Engine Curtain49 global.props.Geometry
Game: Engine Sandbag66 th.props.Sandbag
Game: Engine PsiBlast2 PsiBlast
Game: Engine TelekinesisClaw2TKHolder dummy
Game: Engine TelekinesisClaw2 TKClaw
Game: Engine TelekinesisClaw1RazTKClawLine ParticleEmitter
Game: Engine Sandbag65 th.props.Sandbag
Game: Engine Sandbag64 th.props.Sandbag
Game: Engine PsiBlast1DeflectedPsiBlast global.props.Geometry
Game: Engine PsiBlast1 PsiBlast
Game: Engine TelekinesisClaw1TKHolder dummy
Game: Engine Sandbag63 th.props.Sandbag
Game: Engine Global global.GlobalClass
Game: Engine PsiBlast4DeflectedPsiBlast global.props.Geometry
Game: Engine PsiBlast0DeflectedPsiBlast global.props.Geometry
Game: Engine PsiBlast0 PsiBlast
Game: Engine TelekinesisClaw2RazTKClawLine ParticleEmitter
Game: Engine Thought_Bubble_Spring ParticleEmitter
Game: Engine Thought_SubCloud_2 ParticleEmitter
Game: Engine THCWLedgeDirtFX8B th.effects.THCWLedgeDirtFX
Game: Engine Thought_SubCloud_1 ParticleEmitter
Game: Engine RazRH_SwishFX3 global.props.Geometry
Game: Engine RazRH_SwishFX2 global.props.Geometry
Game: Engine RazRH_SwishFX1 global.props.Geometry
Game: Engine TelekinesisClaw1 TKClaw
Game: Engine Sandbag62 th.props.Sandbag
Game: Engine MeleeCraneFX86 global.effects.MeleeCraneFX
Game: Engine MeleeFistFade85 global.effects.MeleeFistFade
Game: Engine PalmBombSuperHandsFX83 global.effects.PalmBombSuperHandsFX
Game: Engine PalmBombSuperFX82 global.effects.PalmBombSuperFX
Game: Engine Sandbag61 th.props.Sandbag
Game: Engine Sandbag60 th.props.Sandbag
Game: Engine Sandbag5F th.props.Sandbag
Game: Engine Sandbag5E th.props.Sandbag
Game: Engine RazLH_ShockFX global.props.DartShockwave
Game: Engine baconPoofFX5D global.effects.baconPoofFX
Game: Engine Thought_SubCloud_0 ParticleEmitter
Game: Engine InstaHintFord global.characters.InstaHintFord
Game: Engine Curtain101 global.props.Geometry
Game: Engine RazLH_SwishFX4 global.props.Geometry
Game: Engine RazLH_SwishFX3 global.props.Geometry
Game: Engine RazLH_SwishFX2 global.props.Geometry
Game: Engine RazLH_SwishFX1 global.props.Geometry
Game: Engine Thought_Cloud ParticleEmitter
Game: Engine PalmBombFX81 global.effects.PalmBombFX
Game: Engine MeleeFistFade80 global.effects.MeleeFistFade
Game: Engine MeleeHitNot7F global.effects.MeleeHitNot
Game: Engine MeleeHitNot7E global.effects.MeleeHitNot
Game: Engine MeleeHit7D global.effects.MeleeHit
Game: Engine MeleeHit7C global.effects.MeleeHit
Game: Engine emergencypatch global.props.Geometry
Game: Engine FigmentGlobals global.collectibles.FigmentGlobals
Game: Engine FireStartExplodeFX0 global.effects.FireStartExplodeFX
Game: Engine Thought_Bubble_Roll ParticleEmitter
Game: Engine RazPsiShield PsiShield
Game: Engine Decorator1 global.props.Decorator
Game: Engine PlayerInvulIndicator global.effects.RazDamageFX
Game: Engine ThoughtBubble ThoughtBubble
Game: Engine RazPreDeathFX2 global.effects.RazPreDeathFX
Game: Engine TKClawRazTKClawLine ParticleEmitter
Game: Engine RazRespawnFX3 global.effects.RazRespawnFX
Game: Engine Dart_FXa global.effects.InvisoEyeFX
Game: Engine Dart_FXb global.effects.PsiShieldFailFX
Game: Engine Dart_FXe global.effects.NoAmmoFX
Game: Engine WaterRingsFX5C global.effects.WaterRingsFX
Game: Engine FireStartExplodeSuperFX4 global.effects.FireStartExplodeSuperFX
Game: Engine RazSteamRecoverFX5 global.effects.RazSteamRecoverFX
Game: Engine RazLH global.props.DartMeleeHand
Game: Engine RazRH global.props.DartMeleeHand
Game: Engine GenGibs8 global.effects.GenGibs
Game: Engine GenGibs8_affector dummy
Game: Engine GenGibs9 global.effects.GenGibs
Game: Engine GenGibs9_affector dummy
Game: Engine ClairCamUpdaterA global.otherentities.ClairCamUpdater
Game: Engine ConfusionGrenadeC global.props.ConfusionGrenade
Game: Engine ConfusionGrenadeC_fx1 global.effects.ConfusionFuseFX
Game: Engine ConfusionGrenadeC_fx2 global.effects.ConfusionBombFX
Game: Engine ConfusionGrenadeC_fx2_StreakPopa1 dummy
Game: Engine BallPopFXD global.effects.BallPopFX
Game: Engine ThoughtBubbleRings global.effects.PsiBallRingsFX
Game: Engine ThoughtBubbleBounce global.effects.PsiBallRingsBounceFX
Game: Engine ThoughtBubbleRings2 global.effects.PsiBallRingsFX
Game: Engine ThoughtBubbleBounce2 global.effects.PsiBallRingsBounceFX
Game: Engine ball_trail engine.BallTrail
Game: Engine ThoughtBubbleSpikes ScriptBase
Game: Engine PsiRailFXE global.effects.PsiRailFX
Game: Engine PsiBlastFXF global.effects.PsiBlastFX
Game: Engine PsiBlastHitFX10 global.effects.PsiBlastHitFX
Game: Engine PsiBlastAirHit11 global.effects.PsiBlastAirHit
Game: Engine PsiBlastDeflectFX12 global.effects.PsiBlastDeflectFX
Game: Engine PsiBlastHitSuperFX13 global.effects.PsiBlastHitSuperFX
Game: Engine MeleeHit7B global.effects.MeleeHit
Game: Engine Decorator7A global.props.Decorator
Game: Engine RazPsiShieldFX global.effects.PsiShieldFX
Game: Engine RailSlideWoodFX14 global.effects.RailSlideWoodFX
Game: Engine RankUpFX79_Sparka1 dummy
Game: Engine PhantomPoof th.effects.PhantomDotsFX
Game: Engine CharResponseHandler15 global.util.CharResponseHandler
Game: Engine CharResponseHandler16 global.util.CharResponseHandler
Game: Engine Sandbag17 th.props.Sandbag
Game: Engine SandBagPoofFX18 th.effects.SandBagPoofFX
Game: Engine SandBagPoofFX18_WooshSmokea1 dummy
Game: Engine WaterRingsFX5B global.effects.WaterRingsFX
Game: Engine RankUpFX79 global.effects.RankUpFX
Game: Engine FigmentFX78_Mista1 dummy
Game: Engine FigmentFX78 global.effects.FigmentFX
Game: Engine SpawnerFX1D global.effects.SpawnerFX
Game: Engine PutAwayFX77 global.effects.PutAwayFX
Game: Engine THFootPoofFX76 th.effects.THFootPoofFX
Game: Engine THFootPoofFX75 th.effects.THFootPoofFX
Game: Engine THFootPoofFX74 th.effects.THFootPoofFX
Game: Engine SandBagPoofFX73_WooshSmokea1 dummy
Game: Engine CensorSniper1_Ball Gen_CollideBall
Game: Engine CensorProjectile1E global.enemies.CensorProjectile
Game: Engine Censor2BlastFX1F global.effects.Censor2BlastFX
Game: Engine Censor2BlastFX1F_Nosa1 dummy
Game: Engine CensorProjectileFX20 global.effects.CensorProjectileFX
Game: Engine CensorProjectile21 global.enemies.CensorProjectile
Game: Engine CensorSniper1_MeleeSwish global.props.Geometry
Game: Engine CensorSniper22_Ball Gen_CollideBall
Game: Engine CensorProjectile23 global.enemies.CensorProjectile
Game: Engine CensorSniper22_MeleeSwish global.props.Geometry
Game: Engine GenGibs24 global.effects.GenGibs
Game: Engine GenGibs24_affector dummy
Game: Engine EnemyDeathFX25 global.effects.EnemyDeathFX
Game: Engine SandBagPoofFX73 th.effects.SandBagPoofFX
Game: Engine SandBagPoofFX72_WooshSmokea1 dummy
Game: Engine WaterSplash5A global.effects.WaterSplash
Game: Engine SandBagPoofFX72 th.effects.SandBagPoofFX
Game: Engine SandBagPoofFX71_WooshSmokea1 dummy
Game: Engine SandBagPoofFX71 th.effects.SandBagPoofFX
Game: Engine SandBagPoofFX70_WooshSmokea1 dummy
Game: Engine SandBagPoofFX70 th.effects.SandBagPoofFX
Game: Engine TKClawTKHolder dummy
Game: Engine SaltFX global.props.Geometry
Game: Engine SandBagPoofFX6F_WooshSmokea1 dummy
Game: Engine CensorMelee2E_Ball Gen_CollideBall
Game: Engine CensorMelee2E_MeleeSwish global.props.Geometry
Game: Engine GenGibs2F global.effects.GenGibs
Game: Engine GenGibs2F_affector dummy
Game: Engine SmokelessExplosion30 global.effects.SmokelessExplosion
Game: Engine SmokelessExplosion30_StreakPopa1 dummy
Game: Engine SmokelessExplosion31 global.effects.SmokelessExplosion
Game: Engine SmokelessExplosion31_StreakPopa1 dummy
Game: Engine SmokelessExplosion32 global.effects.SmokelessExplosion
Game: Engine SmokelessExplosion32_StreakPopa1 dummy
Game: Engine SandBagPoofFX6F th.effects.SandBagPoofFX
Game: Engine CensorMelee33_Ball Gen_CollideBall
Game: Engine CensorMelee33_MeleeSwish global.props.Geometry
Game: Engine SandBagPoofFX6E_WooshSmokea1 dummy
Game: Engine CensorMelee34_Ball Gen_CollideBall
Game: Engine CensorMelee34_MeleeSwish global.props.Geometry
Game: Engine SandBagPoofFX6E th.effects.SandBagPoofFX
Game: Engine SandBagPoofFX6D_WooshSmokea1 dummy
Game: Engine CensorMelee35_Ball Gen_CollideBall
Game: Engine CensorMelee35_MeleeSwish global.props.Geometry
Game: Engine SandBagPoofFX6D th.effects.SandBagPoofFX
Game: Engine CensorMelee36_Ball Gen_CollideBall
Game: Engine CensorMelee36_MeleeSwish global.props.Geometry
Game: Engine SandBagPoofFX6C_WooshSmokea1 dummy
Game: Engine CensorMelee37_Ball Gen_CollideBall
Game: Engine CensorMelee37_MeleeSwish global.props.Geometry
Game: Engine SandBagPoofFX6C th.effects.SandBagPoofFX
Game: Engine SandBagPoofFX6B_WooshSmokea1 dummy
Game: Engine CensorSuicide38_Ball Gen_CollideBall
Game: Engine CensorSuicide38_MeleeSwish global.props.Geometry
Game: Engine GenGibs39 global.effects.GenGibs
Game: Engine GenGibs39_affector dummy
Game: Engine BombCensorFuseFX3A global.effects.BombCensorFuseFX
Game: Engine CensorSuicideFX3B global.effects.CensorSuicideFX
Game: Engine SandBagPoofFX6B th.effects.SandBagPoofFX
Game: Engine CensorSuicide3C_Ball Gen_CollideBall
Game: Engine CensorSuicide3C_MeleeSwish global.props.Geometry
Game: Engine SandBagPoofFX6A_WooshSmokea1 dummy
Game: Engine CensorBurly3D_RightBall Gen_CollideBall
Game: Engine CensorBurly3D_LeftBall Gen_CollideBall
Game: Engine GenGibs3E global.effects.GenGibs
Game: Engine GenGibs3E_affector dummy
Game: Engine SandBagPoofFX6A th.effects.SandBagPoofFX
Game: Engine CensorBurly3F_RightBall Gen_CollideBall
Game: Engine CensorBurly3F_LeftBall Gen_CollideBall
Game: Engine ConfusionFX40 global.effects.ConfusionFX
Game: Engine ConfusionFX41 global.effects.ConfusionFX
Game: Engine ConfusionFX42 global.effects.ConfusionFX
Game: Engine ConfusionFX43 global.effects.ConfusionFX
Game: Engine ConfusionFX44 global.effects.ConfusionFX
Game: Engine ConfusionFX45 global.effects.ConfusionFX
Game: Engine ConfusionFX46 global.effects.ConfusionFX
Game: Engine ConfusionFX47 global.effects.ConfusionFX
Game: Engine HealthAmmo48 global.collectibles.HealthAmmo
Game: Engine HealthAmmo49 global.collectibles.HealthAmmo
Game: Engine HealthAmmo4A global.collectibles.HealthAmmo
Game: Engine ConfusionAmmo4B global.collectibles.ConfusionAmmo
Game: Engine ConfusionAmmo4C global.collectibles.ConfusionAmmo
Game: Engine ConfusionAmmo4D global.collectibles.ConfusionAmmo
Game: Engine PsiBlastAmmo4E global.collectibles.PsiBlastAmmo
Game: Engine PsiBlastAmmo4F global.collectibles.PsiBlastAmmo
Game: Engine PsiBlastAmmo50 global.collectibles.PsiBlastAmmo
Game: Engine ArrowheadAmmo51 global.collectibles.ArrowheadAmmo
Game: Engine ArrowheadAmmo52 global.collectibles.ArrowheadAmmo
Game: Engine ArrowheadAmmo53 global.collectibles.ArrowheadAmmo
Game: Engine th.THCWCutscenes global.camera.CutsceneScript
Game: Engine EZSceneTools54 global.camera.EZSceneTools
Game: Engine cutsceneEmoTag ScriptBase
Game: Engine WaterFXManager global.effects.WaterFXManager
Game: Engine RunningRippleFX global.effects.RunningRippleFX
Game: Engine WaterRingsFX global.effects.WaterRingsFX
Game: Engine SplashFX55 global.effects.SplashFX
Game: Engine SplashFX55_Dropsa1 dummy
Game: Engine SplashFX56 global.effects.SplashFX
Game: Engine SplashFX56_Dropsa1 dummy
Game: Engine SplashFX57 global.effects.SplashFX
Game: Engine SplashFX57_Dropsa1 dummy
Game: Engine SplashFX58 global.effects.SplashFX
Game: Engine SplashFX58_Dropsa1 dummy
Game: Engine SplashFX59 global.effects.SplashFX
Game: Engine SplashFX59_Dropsa1 dummy
Game: Engine SandBagPoofFX69_WooshSmokea1 dummy
Game: Engine InvDisplayer global.otherentities.InvAdder
Game: Engine Dart_FXf global.effects.invisibilityShockwaveFX
Game: Engine Dart_FXf_Streamersa1 dummy
Game: Engine Curtain50_lf global.props.Geometry
Game: Engine Cantelever37 global.props.Geometry
Game: Engine Curtianslide global.props.Geometry
Game: Engine Curtain21_lf global.props.Geometry
Game: Engine Curtain58_lf global.props.Geometry
Game: Engine Cantelever36 global.props.Geometry
Game: Engine sfFigment11 global.collectibles.SplineFigment
Game: Engine gio_Figment_7 global.collectibles.Figment
Game: Engine gio_GIO_7 global.props.GIO
Game: Engine gio_GIO_4 global.props.GIO
Game: Engine gio_GIO_6 global.props.GIO
Game: Engine Cantelever35 global.props.Geometry
Game: Engine Cantelever40 global.props.Geometry
Game: Engine Curtain57_lf global.props.Geometry
Game: Engine Cantelever34 global.props.Geometry
Game: Engine Cantelever39 global.props.Geometry
Game: Engine Cantelever32 global.props.Geometry
Game: Engine curtiantramp5 global.props.BouncyTrampoline
Game: Engine Cantelever33 global.props.Geometry
Game: Engine gio_GIO_11 global.props.GIO
Game: Engine Cantelever7 global.props.Geometry
Game: Engine Curtain51 global.props.Geometry
Game: Engine gio_GIO_9 global.props.GIO
Game: Engine gio_Figment_13 global.collectibles.Figment
Game: Engine gio_GIO_10 global.props.GIO
Game: Engine gio_Figment_43 global.collectibles.Figment
Game: Engine PhantomFace global.props.Animator
Game: Engine Phantom th.characters.Phantom
Game: Engine gio_Figment_34 global.collectibles.Figment
Game: Engine Curtain60_lf global.props.Geometry
Game: Engine Cantelever22 global.props.Geometry
Game: Engine Geometry1A global.props.Geometry
Game: Engine Candle th.props.Candle
Game: Engine InterestFX19 global.effects.InterestFX
Game: Engine Cantelever23 global.props.Geometry
Game: Engine Trapeez6 trapeez
Game: Engine Cantelever21 global.props.Geometry
Game: Engine Cantelever24 global.props.Geometry
Game: Engine MaxConfutatis global.collectibles.MaxConfusionUp
Game: Engine SupremeInterestFX28 global.effects.SupremeInterestFX
Game: Engine Geometry29 global.props.Geometry
Game: Engine CensorPortalE_PortalAnimator global.props.Animator
Game: Engine CensorPortalE global.enemies.CensorPortal
Game: Engine Cantelever25 global.props.Geometry
Game: Engine CensorPortalH global.enemies.CensorPortal
Game: Engine CensorPortalH_PortalAnimator global.props.Animator
Game: Engine Cantelever18 global.props.Geometry
Game: Engine Cantelever26 global.props.Geometry
Game: Engine Cantelever42 global.props.Geometry
Game: Engine respwaner3 GEN_respawnpoint
Game: Engine CensorPortal3_PortalAnimator global.props.Animator
Game: Engine CensorPortal3 global.enemies.CensorPortal
Game: Engine SandbagSpotlight6 th.props.SandbagSpotlight
Game: Engine BlockersClosed global.props.Geometry
Game: Engine CensorSniper1 global.enemies.CensorSniper
Game: Engine SandbagSpotlight9 th.props.SandbagSpotlight
Game: Engine Blockers th.props.Blocker
Game: Engine splLadd0 global.props.Ladder
Game: Engine Cantelever27 global.props.Geometry
Game: Engine CatwalkArclampLightFX th.effects.ArcLamp1FX
Game: Engine ArcLightBeam global.props.Geometry
Game: Engine respwaner5 GEN_respawnpoint
Game: Engine CatwalkArclamp th.props.ArcLamp
Game: Engine respwaner6 GEN_respawnpoint
Game: Engine dufflebag global.collectibles.EmotionalBaggage
Game: Engine hatboxLeftTear global.effects.EmoBagTearFX
Game: Engine Cantelever28 global.props.Geometry
Game: Engine hatboxRightTear global.effects.EmoBagTearFX
Game: Engine dufflebagRightTear global.effects.EmoBagTearFX
Game: Engine hatbox global.collectibles.EmotionalBaggage
Game: Engine Curtain59_lf global.props.Geometry
Game: Engine dufflebagLeftTear global.effects.EmoBagTearFX
Game: Engine CensorPortal2_PortalAnimator global.props.Animator
Game: Engine CensorPortal2 global.enemies.CensorPortal
Game: Engine dufflebag_tag global.collectibles.EmotionalBaggageTag
Game: Engine curtiantramp16 global.props.BouncyTrampoline
Game: Engine splLadd2 global.props.Ladder
Game: Engine splLadd3 global.props.Ladder
Game: Engine SandbagSpotlight4 th.props.SandbagSpotlight
Game: Engine SandbagSpotlight8 th.props.SandbagSpotlight
Game: Engine CensorPortalF_PortalAnimator global.props.Animator
Game: Engine CensorPortalF global.enemies.CensorPortal
Game: Engine Cantelever20 global.props.Geometry
Game: Engine Blockers2Closed global.props.Geometry
Game: Engine Blockers2 th.props.Blocker
Game: Engine curtiantramp15 global.props.BouncyTrampoline
Game: Engine CWvault global.characters.Vault
Game: Engine Blockers3Closed global.props.Geometry
Game: Engine THCWOatmeal2 global.characters.Oatmeal
Game: Engine Blockers3 th.props.Blocker
Game: Engine hatbox_tag global.collectibles.EmotionalBaggageTag
Game: Engine CensorPortalJ_PortalAnimator global.props.Animator
Game: Engine CensorPortalJ global.enemies.CensorPortal
Game: Engine SandbagSpotlight5 th.props.SandbagSpotlight
Game: Engine SupremeInterestFX1B global.effects.SupremeInterestFX
Game: Engine Geometry1C global.props.Geometry
Game: Engine OneUp1 global.collectibles.OneUp
Game: Engine CensorPortalD global.enemies.CensorPortal
Game: Engine CensorPortalD_PortalAnimator global.props.Animator
Game: Engine CensorPortalG global.enemies.CensorPortal
Game: Engine CensorPortalG_PortalAnimator global.props.Animator
Game: Engine curtiantramp6 global.props.BouncyTrampoline
Game: Engine splRail1 global.props.Railslide
Game: Engine CensorPortalA global.enemies.CensorPortal
Game: Engine CensorPortalA_PortalAnimator global.props.Animator
Game: Engine respwaner4 GEN_respawnpoint
Game: Engine Elevator th.props.Elevator
Game: Engine ScriptBase84 ScriptBase
Game: Engine CensorSniper22 global.enemies.CensorSniper
Game: Engine CensorSuicide3C global.enemies.CensorSuicide
Game: Engine CensorMelee33 global.enemies.CensorMelee
Game: Engine CensorMelee35 global.enemies.CensorMelee
Game: Engine CensorMelee2E global.enemies.CensorMelee
Game: Engine CensorMelee34 global.enemies.CensorMelee
Game: Engine CensorMelee36 global.enemies.CensorMelee
Game: Engine ScriptBase87 ScriptBase
Game: Engine CensorMelee37 global.enemies.CensorMelee
Game: Engine CensorSuicide38 global.enemies.CensorSuicide
Game: Engine CensorBurly3D global.enemies.CensorBurly
Game: Engine CensorBurly3F global.enemies.CensorBurly