Game: Engine Dart Dart
Game: Engine GEN_dartstart GEN_dartstart
Game: Engine RazLH_EntryFX global.props.Geometry
Game: Engine RankBling global.otherentities.RankBling
Game: Engine CobWebSparkleFX4A global.effects.CobWebSparkleFX
Game: Engine Cobweb1 global.collectibles.Cobweb
Game: Engine MILL1Oatmeal1 global.characters.Oatmeal
Game: Engine sffigment39 global.collectibles.SplineFigment
Game: Engine splRail1 global.props.Railslide
Game: Engine TempBubbleFan4 global.otherentities.MultiThrust
Game: Engine FloatyBubbles2 mi.effects.FloatingBubbles
Game: Engine splRail0 global.props.Railslide
Game: Engine FloatKid5 mi.characters.DummyKid
Game: Engine SimpleThoughtBubble4B mi.props.SimpleThoughtBubble
Game: Engine gio_Figment_12 global.collectibles.Figment
Game: Engine gio_Figment_25 global.collectibles.Figment
Game: Engine gio_Figment_5 global.collectibles.Figment
Game: Engine sffigment50 global.collectibles.SplineFigment
Game: Engine gio_Figment_6 global.collectibles.Figment
Game: Engine gio_Figment_24 global.collectibles.Figment
Game: Engine sffigment60 global.collectibles.SplineFigment
Game: Engine TempBubbleFan3 global.otherentities.MultiThrust
Game: Engine FloatyBubbles1 mi.effects.FloatingBubbles
Game: Engine FloatKid4 mi.characters.DummyKid
Game: Engine SimpleThoughtBubble4D mi.props.SimpleThoughtBubble
Game: Engine sffigment51 global.collectibles.SplineFigment
Game: Engine sffigment61 global.collectibles.SplineFigment
Game: Engine gio_Figment_13 global.collectibles.Figment
Game: Engine splRail4 global.props.Railslide
Game: Engine gio_Figment_9 global.collectibles.Figment
Game: Engine debrisAffector1 dummy
Game: Engine BigFan mi.BigFan
Game: Engine debrisAffector2 dummy
Game: Engine suitecase_tag global.collectibles.EmotionalBaggageTag
Game: Engine splRail3 global.props.Railslide
Game: Engine InterestFX52 global.effects.InterestFX
Game: Engine MI_TV4 mi.props.FlyingTV
Game: Engine switchhoop1 mi.props.ChallengeHoop
Game: Engine FloatyBubbles3 mi.effects.FloatingBubbles
Game: Engine FloatinBubbleFan global.otherentities.MultiThrust
Game: Engine gio_Figment_11 global.collectibles.Figment
Game: Engine sffigment49 global.collectibles.SplineFigment
Game: Engine FloatinBubbleFan2 global.otherentities.MultiThrust
Game: Engine FloatyBubbles mi.effects.FloatingBubbles
Game: Engine splRail2 global.props.Railslide
Game: Engine gio_Figment_26 global.collectibles.Figment
Game: Engine sffigment57 global.collectibles.SplineFigment
Game: Engine FloatKid3 mi.characters.DummyKid
Game: Engine gio_Figment_4 global.collectibles.Figment
Game: Engine SimpleThoughtBubble4C mi.props.SimpleThoughtBubble
Game: Engine FloatKid6 mi.characters.DummyKid
Game: Engine SimpleThoughtBubble51 mi.props.SimpleThoughtBubble
Game: Engine gio_Figment_18 global.collectibles.Figment
Game: Engine FloatyBubbles4 mi.effects.FloatingBubbles
Game: Engine BubbleVent_3 global.otherentities.MultiThrust
Game: Engine switchhoop2 mi.props.ChallengeHoop
Game: Engine BubbleVent_2 global.otherentities.MultiThrust
Game: Engine FloatyBubbles5 mi.effects.FloatingBubbles
Game: Engine gio_Figment_10 global.collectibles.Figment
Game: Engine gio_Figment_15 global.collectibles.Figment
Game: Engine FloatKid1 mi.characters.DummyKid
Game: Engine gio_Figment_0 global.collectibles.Figment
Game: Engine FloatKid0 mi.characters.DummyKid
Game: Engine gio_Figment_8 global.collectibles.Figment
Game: Engine SimpleThoughtBubble50 mi.props.SimpleThoughtBubble
Game: Engine SimpleThoughtBubble4F mi.props.SimpleThoughtBubble
Game: Engine BubbleVent_1 global.otherentities.MultiThrust
Game: Engine FloatyBubbles6 mi.effects.FloatingBubbles
Game: Engine FloatKid2 mi.characters.DummyKid
Game: Engine SimpleThoughtBubble4E mi.props.SimpleThoughtBubble
Game: Engine gio_Figment_7 global.collectibles.Figment
Game: Engine gio_Figment_27 global.collectibles.Figment
Game: Engine gio_Figment_3 global.collectibles.Figment
Game: Engine gio_Figment_16 global.collectibles.Figment
Game: Engine gio_Figment_17 global.collectibles.Figment
Game: Engine gio_Figment_28 global.collectibles.Figment
Game: Engine gio_Figment_20 global.collectibles.Figment
Game: Engine gio_Figment_2 global.collectibles.Figment
Game: Engine Fig7 Co_Figment
Game: Engine Geometry54 global.props.Geometry
Game: Engine MaxAmmoUp global.collectibles.MaxAmmoUp
Game: Engine SupremeInterestFX53 global.effects.SupremeInterestFX
Game: Engine switchhoop3 mi.props.ChallengeHoop
Game: Engine FanSwitchOFF gen_proploader
Game: Engine FanSwitch mi.BigFanSwitch
Game: Engine FanSwitchON gen_proploader
Game: Engine MI_TV3 mi.props.FlyingTV
Game: Engine Fig6 Co_Figment
Game: Engine suitcaseLeftTear global.effects.EmoBagTearFX
Game: Engine suitcase global.collectibles.EmotionalBaggage
Game: Engine suitcaseRightTear global.effects.EmoBagTearFX
Game: Engine MI_TV5 mi.props.FlyingTV
Game: Engine MILLPunchyDoor mi.props.ChallengePunchyDoor
Game: Engine Geometry19 global.props.Geometry
Game: Engine forcefield mi.props.ChallengeForcefield
Game: Engine PlatformDancer3 mi.characters.NewEraDancer
Game: Engine PlatformDancer7 mi.characters.NewEraDancer
Game: Engine PlatformDancer2 mi.characters.NewEraDancer
Game: Engine PlatformDancer6 mi.characters.NewEraDancer
Game: Engine DancerPlatform19 mi.props.PetalMovingPlatform
Game: Engine Cobweb2 global.collectibles.Cobweb
Game: Engine CobWebSparkleFX55 global.effects.CobWebSparkleFX
Game: Engine PetalsClosed48 mi.props.PetalsClosed
Game: Engine PetalsHalfOpen49 mi.props.PetalsHalfOpen
Game: Engine Petals47 mi.props.Petals
Game: Engine sffigment17 global.collectibles.SplineFigment
Game: Engine TamboFun2 global.props.Launcher
Game: Engine DancerPlatform7 mi.props.PetalMovingPlatform
Game: Engine PetalsClosed2A mi.props.PetalsClosed
Game: Engine PetalsHalfOpen2B mi.props.PetalsHalfOpen
Game: Engine Petals29 mi.props.Petals
Game: Engine sffigment11 global.collectibles.SplineFigment
Game: Engine sffigment14 global.collectibles.SplineFigment
Game: Engine PlatformDancer13 mi.characters.NewEraDancer
Game: Engine TamboFun1 global.props.Launcher
Game: Engine splRail5 global.props.Railslide
Game: Engine splRail6 global.props.Railslide
Game: Engine sffigment92 global.collectibles.SplineFigment
Game: Engine PlatformDancer12 mi.characters.NewEraDancer
Game: Engine DancerPlatform16 mi.props.PetalMovingPlatform
Game: Engine Milla mi.characters.Milla
Game: Engine TamboFun3 global.props.Launcher
Game: Engine PlatformDancer16 mi.characters.NewEraDancer
Game: Engine DancerPlatform14 mi.props.PetalMovingPlatform
Game: Engine PlatformDancer17 mi.characters.NewEraDancer
Game: Engine PetalsClosed45 mi.props.PetalsClosed
Game: Engine PetalsHalfOpen46 mi.props.PetalsHalfOpen
Game: Engine Petals44 mi.props.Petals
Game: Engine PetalsClosed42 mi.props.PetalsClosed
Game: Engine PetalsHalfOpen43 mi.props.PetalsHalfOpen
Game: Engine Petals41 mi.props.Petals
Game: Engine sffigment89 global.collectibles.SplineFigment
Game: Engine sffigment10 global.collectibles.SplineFigment
Game: Engine DancerPlatform9 mi.props.PetalMovingPlatform
Game: Engine PetalsClosed36 mi.props.PetalsClosed
Game: Engine PetalsHalfOpen37 mi.props.PetalsHalfOpen
Game: Engine Petals35 mi.props.Petals
Game: Engine mcant9 gen_proploader
Game: Engine mcant3 gen_proploader
Game: Engine mcant8 gen_proploader
Game: Engine PlatformDancer4 mi.characters.NewEraDancer
Game: Engine DancerPlatform10 mi.props.PetalMovingPlatform
Game: Engine mcant4 gen_proploader
Game: Engine DancerPlatform12 mi.props.PetalMovingPlatform
Game: Engine PetalsClosed39 mi.props.PetalsClosed
Game: Engine PetalsHalfOpen3A mi.props.PetalsHalfOpen
Game: Engine Petals38 mi.props.Petals
Game: Engine PetalsClosed3F mi.props.PetalsClosed
Game: Engine PetalsHalfOpen40 mi.props.PetalsHalfOpen
Game: Engine Petals3E mi.props.Petals
Game: Engine DancerPlatform11 mi.props.PetalMovingPlatform
Game: Engine mcant7 gen_proploader
Game: Engine PlatformDancer5 mi.characters.NewEraDancer
Game: Engine mcant5 gen_proploader
Game: Engine PetalsClosed3C mi.props.PetalsClosed
Game: Engine PetalsHalfOpen3D mi.props.PetalsHalfOpen
Game: Engine Petals3B mi.props.Petals
Game: Engine mcant6 gen_proploader
Game: Engine DancerPlatform5 mi.props.PetalMovingPlatform
Game: Engine DancerPlatform6 mi.props.PetalMovingPlatform
Game: Engine PetalsClosed30 mi.props.PetalsClosed
Game: Engine PetalsHalfOpen31 mi.props.PetalsHalfOpen
Game: Engine Petals2F mi.props.Petals
Game: Engine PetalsClosed2D mi.props.PetalsClosed
Game: Engine PetalsHalfOpen2E mi.props.PetalsHalfOpen
Game: Engine Petals2C mi.props.Petals
Game: Engine PlatformDancer9 mi.characters.NewEraDancer
Game: Engine PlatformDancer15 mi.characters.NewEraDancer
Game: Engine PlatformDancer8 mi.characters.NewEraDancer
Game: Engine PlatformDancer14 mi.characters.NewEraDancer
Game: Engine DancerPlatform4 mi.props.PetalMovingPlatform
Game: Engine PetalsClosed33 mi.props.PetalsClosed
Game: Engine PetalsHalfOpen34 mi.props.PetalsHalfOpen
Game: Engine Petals32 mi.props.Petals
Game: Engine InvDisplayer global.otherentities.InvAdder
Game: Engine PalmBombSuperFX83 global.effects.PalmBombSuperFX
Game: Engine RazLH_ShockFX global.props.DartShockwave
Game: Engine PsiBlast4DeflectedPsiBlast global.props.Geometry
Game: Engine FireStartExplodeSuperFX4 global.effects.FireStartExplodeSuperFX
Game: Engine RazSteamRecoverFX5 global.effects.RazSteamRecoverFX
Game: Engine RazLH global.props.DartMeleeHand
Game: Engine RazRH global.props.DartMeleeHand
Game: Engine PsiBlast4 PsiBlast
Game: Engine GenGibs7 global.effects.GenGibs
Game: Engine GenGibs7_affector dummy
Game: Engine GenGibs9 global.effects.GenGibs
Game: Engine GenGibs9_affector dummy
Game: Engine GenGibsA global.effects.GenGibs
Game: Engine GenGibsA_affector dummy
Game: Engine PsiBlast3DeflectedPsiBlast global.props.Geometry
Game: Engine GenGibsC global.effects.GenGibs
Game: Engine GenGibsC_affector dummy
Game: Engine Decorator1 global.props.Decorator
Game: Engine ClairCamUpdaterE global.otherentities.ClairCamUpdater
Game: Engine ConfusionGrenade10 global.props.ConfusionGrenade
Game: Engine ConfusionGrenade10_fx1 global.effects.ConfusionFuseFX
Game: Engine ConfusionGrenade10_fx2 global.effects.ConfusionBombFX
Game: Engine ConfusionGrenade10_fx2_StreakPopa1 dummy
Game: Engine BallPopFX11 global.effects.BallPopFX
Game: Engine ThoughtBubbleRings global.effects.PsiBallRingsFX
Game: Engine ThoughtBubbleBounce global.effects.PsiBallRingsBounceFX
Game: Engine ThoughtBubbleRings2 global.effects.PsiBallRingsFX
Game: Engine DialogBubble_SubCloud_1 ParticleEmitter
Game: Engine ThoughtBubbleBounce2 global.effects.PsiBallRingsBounceFX
Game: Engine ball_trail engine.BallTrail
Game: Engine PsiRailFX12 global.effects.PsiRailFX
Game: Engine PsiBlastFX13 global.effects.PsiBlastFX
Game: Engine RazPsiShield PsiShield
Game: Engine PsiBlastHitFX14 global.effects.PsiBlastHitFX
Game: Engine PsiBlastAirHit15 global.effects.PsiBlastAirHit
Game: Engine PsiBlastDeflectFX16 global.effects.PsiBlastDeflectFX
Game: Engine PsiBlastHitSuperFX17 global.effects.PsiBlastHitSuperFX
Game: Engine CharResponseHandler18 global.util.CharResponseHandler
Game: Engine RandomDancerDialog mi.characters.DancerDlg
Game: Engine PsiBlast5DeflectedPsiBlast global.props.Geometry
Game: Engine RailSlideMetalFX1A global.effects.RailSlideMetalFX
Game: Engine DialogBubble_SubCloud_2 ParticleEmitter
Game: Engine RazRH_SwishFX3 global.props.Geometry
Game: Engine PsiBlast5 PsiBlast
Game: Engine RazRespawnFX3 global.effects.RazRespawnFX
Game: Engine Dart_FXe global.effects.NoAmmoFX
Game: Engine RazRH_SwishFX2 global.props.Geometry
Game: Engine RazRH_SwishFX1 global.props.Geometry
Game: Engine RazPreDeathFX2 global.effects.RazPreDeathFX
Game: Engine FireStartExplodeFX0 global.effects.FireStartExplodeFX
Game: Engine FigmentGlobals global.collectibles.FigmentGlobals
Game: Engine Dart_FXb global.effects.PsiShieldFailFX
Game: Engine ThoughtBubbleSpikes ScriptBase
Game: Engine PalmBombSuperHandsFX84 global.effects.PalmBombSuperHandsFX
Game: Engine PsiBlast3 PsiBlast
Game: Engine PsiBlast2DeflectedPsiBlast global.props.Geometry
Game: Engine PsiBlast2 PsiBlast
Game: Engine PsiBlast1DeflectedPsiBlast global.props.Geometry
Game: Engine PsiBlast1 PsiBlast
Game: Engine PsiBlast0DeflectedPsiBlast global.props.Geometry
Game: Engine PsiBlast0 PsiBlast
Game: Engine TelekinesisClaw2RazTKClawLine ParticleEmitter
Game: Engine TelekinesisClaw2TKHolder dummy
Game: Engine TelekinesisClaw2 TKClaw
Game: Engine TelekinesisClaw1RazTKClawLine ParticleEmitter
Game: Engine TelekinesisClaw1TKHolder dummy
Game: Engine TelekinesisClaw1 TKClaw
Game: Engine TKClawRazTKClawLine ParticleEmitter
Game: Engine Clairvoyance_Cloud ParticleEmitter
Game: Engine MeleeFistFade86 global.effects.MeleeFistFade
Game: Engine MeleeCraneFX87 global.effects.MeleeCraneFX
Game: Engine TKClawTKHolder dummy
Game: Engine TKClaw TKClaw
Game: Engine Global global.GlobalClass
Game: Engine Thought_Bubble_Spring ParticleEmitter
Game: Engine Thought_SubCloud_2 ParticleEmitter
Game: Engine Dialog_Cloud ParticleEmitter
Game: Engine PlayerInvulIndicator global.effects.RazDamageFX
Game: Engine DialogBubble_SubCloud_0 ParticleEmitter
Game: Engine FanHousing5 global.props.Geometry
Game: Engine Thought_SubCloud_1 ParticleEmitter
Game: Engine RazLH_SwishFX4 global.props.Geometry
Game: Engine RazLH_SwishFX3 global.props.Geometry
Game: Engine RazLH_SwishFX2 global.props.Geometry
Game: Engine Thought_SubCloud_0 ParticleEmitter
Game: Engine Thought_Cloud ParticleEmitter
Game: Engine Thought_Bubble_Roll ParticleEmitter
Game: Engine ThoughtBubble ThoughtBubble
Game: Engine Dart_FXa global.effects.InvisoEyeFX
Game: Engine SaltFX global.props.Geometry
Game: Engine ConfusionFX5A global.effects.ConfusionFX
Game: Engine ConfusionFX5B global.effects.ConfusionFX
Game: Engine ConfusionFX5C global.effects.ConfusionFX
Game: Engine ConfusionFX5D global.effects.ConfusionFX
Game: Engine ConfusionFX5E global.effects.ConfusionFX
Game: Engine ConfusionFX5F global.effects.ConfusionFX
Game: Engine ConfusionFX60 global.effects.ConfusionFX
Game: Engine ConfusionFX61 global.effects.ConfusionFX
Game: Engine HealthAmmo62 global.collectibles.HealthAmmo
Game: Engine HealthAmmo63 global.collectibles.HealthAmmo
Game: Engine HealthAmmo64 global.collectibles.HealthAmmo
Game: Engine ConfusionAmmo65 global.collectibles.ConfusionAmmo
Game: Engine ConfusionAmmo66 global.collectibles.ConfusionAmmo
Game: Engine ConfusionAmmo67 global.collectibles.ConfusionAmmo
Game: Engine PsiBlastAmmo68 global.collectibles.PsiBlastAmmo
Game: Engine PsiBlastAmmo69 global.collectibles.PsiBlastAmmo
Game: Engine PsiBlastAmmo6A global.collectibles.PsiBlastAmmo
Game: Engine ArrowheadAmmo6B global.collectibles.ArrowheadAmmo
Game: Engine ArrowheadAmmo6C global.collectibles.ArrowheadAmmo
Game: Engine ArrowheadAmmo6D global.collectibles.ArrowheadAmmo
Game: Engine mi.MILLCutscenes mi.MILLCutscenes
Game: Engine EZSceneTools6E global.camera.EZSceneTools
Game: Engine cutsceneEmoTag ScriptBase
Game: Engine WaterFXManager global.effects.WaterFXManager
Game: Engine RunningRippleFX global.effects.RunningRippleFX
Game: Engine WaterRingsFX global.effects.WaterRingsFX
Game: Engine SplashFX6F global.effects.SplashFX
Game: Engine SplashFX6F_Dropsa1 dummy
Game: Engine SplashFX70 global.effects.SplashFX
Game: Engine SplashFX70_Dropsa1 dummy
Game: Engine SplashFX71 global.effects.SplashFX
Game: Engine SplashFX71_Dropsa1 dummy
Game: Engine SplashFX72 global.effects.SplashFX
Game: Engine SplashFX72_Dropsa1 dummy
Game: Engine SplashFX73 global.effects.SplashFX
Game: Engine SplashFX73_Dropsa1 dummy
Game: Engine WaterSplash74 global.effects.WaterSplash
Game: Engine WaterRingsFX75 global.effects.WaterRingsFX
Game: Engine WaterRingsFX76 global.effects.WaterRingsFX
Game: Engine InstaHintFord global.characters.InstaHintFord
Game: Engine baconPoofFX77 global.effects.baconPoofFX
Game: Engine MILLTutorial mi.MILLTutorial
Game: Engine PutAwayFX78 global.effects.PutAwayFX
Game: Engine FigmentFX79 global.effects.FigmentFX
Game: Engine FigmentFX79_Mista1 dummy
Game: Engine RankUpFX7A global.effects.RankUpFX
Game: Engine RankUpFX7A_Sparka1 dummy
Game: Engine RazPsiShieldFX global.effects.PsiShieldFX
Game: Engine Decorator7B global.props.Decorator
Game: Engine MeleeHit7C global.effects.MeleeHit
Game: Engine MeleeHit7D global.effects.MeleeHit
Game: Engine MeleeHit7E global.effects.MeleeHit
Game: Engine MeleeHitNot7F global.effects.MeleeHitNot
Game: Engine MeleeHitNot80 global.effects.MeleeHitNot
Game: Engine MeleeFistFade81 global.effects.MeleeFistFade
Game: Engine PalmBombFX82 global.effects.PalmBombFX
Game: Engine RazLH_SwishFX1 global.props.Geometry
Game: Engine InterestFX56 global.effects.InterestFX
Game: Engine Dart_FXf global.effects.invisibilityShockwaveFX
Game: Engine Dart_FXf_Streamersa1 dummy
Game: Engine Exhaust_Housing4 global.props.Geometry
Game: Engine FanHousing6 global.props.Geometry
Game: Engine FanHousing4 global.props.Geometry
Game: Engine Exhaust_Housing1 global.props.Geometry
Game: Engine __Dupe_FanHousing6__2 global.props.Geometry
Game: Engine Exhaust_Housing2 global.props.Geometry
Game: Engine __Dupe_FanHousing6__1 global.props.Geometry
Game: Engine Exhaust_Housing3 global.props.Geometry
Game: Engine Exhaust_Housing5 global.props.Geometry
Game: Engine ScriptBase88 ScriptBase
Game: Engine ScriptBase85 ScriptBase
Game: Engine MI_milla mi.characters.MillaCamera
Game: Engine TVDancer_3 mi.characters.DancerCamera
Game: Engine TVDancer_2 mi.characters.DancerCamera
Game: Engine TVDancer_1 mi.characters.DancerCamera
