Game: Engine InvDisplayer global.otherentities.InvAdder
Game: Engine RazLH_EntryFX global.props.Geometry
Game: Engine RankBling global.otherentities.RankBling
Game: Engine gio_GIO_14 global.props.GIO
Game: Engine RAZSTART GEN_dartstart
Game: Engine gio_GIO_13 global.props.GIO
Game: Engine gio_GIO_3 global.props.GIO
Game: Engine scaleAkillrespawnpoint0 GEN_respawnpoint
Game: Engine ClockSound global.sound.SoundSource
Game: Engine gio_GIO_16 global.props.GIO
Game: Engine gio_Figment_84 global.collectibles.Figment
Game: Engine couchtramp global.props.Trampoline
Game: Engine BackofCouch_colision global.props.Geometry
Game: Engine Napoleon ww.characters.Napoleon
Game: Engine gio_Figment_85 global.collectibles.Figment
Game: Engine splLadd0 global.props.Ladder
Game: Engine splLadd1 global.props.Ladder
Game: Engine gio_Figment_89 global.collectibles.Figment
Game: Engine gio_Figment_78 global.collectibles.Figment
Game: Engine gio_Figment_90 global.collectibles.Figment
Game: Engine gio_GIO_1 global.props.GIO
Game: Engine Fred ww.characters.Fred
Game: Engine gio_GIO_2 global.props.GIO
Game: Engine gio_Figment_83 global.collectibles.Figment
Game: Engine Decorator_Chandelier global.props.Decorator
Game: Engine gio_GIO_8 global.props.GIO
Game: Engine gio_Figment_82 global.collectibles.Figment
Game: Engine gio_Figment_81 global.collectibles.Figment
Game: Engine gio_GIO_5 global.props.GIO
Game: Engine gio_GIO_11 global.props.GIO
Game: Engine gio_GIO_7 global.props.GIO
Game: Engine CoinStand global.props.Geometry
Game: Engine gio_GIO_0 global.props.GIO
Game: Engine Geometry69 global.props.Geometry
Game: Engine fireFXCE ww.effects.fireFX
Game: Engine fireFXCE_Embersa1 dummy
Game: Engine InterestFX68 global.effects.InterestFX
Game: Engine Peasant2Item ww.props.PricelessCoin
Game: Engine EmoTagHatbox global.collectibles.EmotionalBaggageTag
Game: Engine gio_GIO_12 global.props.GIO
Game: Engine FirePlaceDamageVolume global.props.DamageTriggerVolume
Game: Engine InterestFX67 global.effects.InterestFX
Game: Engine gio_GIO_10 global.props.GIO
Game: Engine FirePlaceCollision global.props.Geometry
Game: Engine gio_GIO_9 global.props.GIO
Game: Engine gio_GIO_15 global.props.GIO
Game: Engine gio_Figment_80 global.collectibles.Figment
Game: Engine gio_GIO_4 global.props.GIO
Game: Engine gio_GIO_6 global.props.GIO
Game: Engine gio_Figment_77 global.collectibles.Figment
Game: Engine gio_Figment_79 global.collectibles.Figment
Game: Engine gio_Figment_76 global.collectibles.Figment
Game: Engine splLaddscalealadder global.props.Ladder
Game: Engine Decorator_Chandelier2 global.props.Decorator
Game: Engine MiniFred1ClairLoc dummy
Game: Engine FredClairLoc dummy
Game: Engine PeachTreeScaleC5ScaleB global.props.Geometry
Game: Engine PeachTreeScaleC7ScaleB global.props.Geometry
Game: Engine PeachTreeScaleC4ScaleB global.props.Geometry
Game: Engine PeachTreeScaleC6ScaleB global.props.Geometry
Game: Engine BirdTreeScaleCScaleB global.props.Geometry
Game: Engine PeasantSign1 global.props.RotatingGeometry
Game: Engine PeachTreeScaleC8ScaleB global.props.Geometry
Game: Engine Peasant2HouseEmitterAffector dummy
Game: Engine WW_Hex139LSOLocator dummy
Game: Engine GamePieceSnailAltPos2 dummy
Game: Engine GamePieceSnail ww.props.GamePieceSnail
Game: Engine GamePieceMilitia2AltPos3 dummy
Game: Engine WW_Hex109LSOLocator dummy
Game: Engine Peasant2House ww.props.WWHouse
Game: Engine GamePieceMilitia2AltPos1 dummy
Game: Engine PeachTreeScaleC2ScaleB global.props.Geometry
Game: Engine PeachTreeScaleCScaleB global.props.Geometry
Game: Engine PeachTreeScaleC3ScaleB global.props.Geometry
Game: Engine OrchardEmitterAffector dummy
Game: Engine OrchardSign global.props.RotatingGeometry
Game: Engine Orchard ww.props.WWHouse
Game: Engine GamePieceMilitia2AltPos4 dummy
Game: Engine GamePieceSnailAltPos4 dummy
Game: Engine WW_Hex125LSOLocator dummy
Game: Engine WW_Hex140LSOLocator dummy
Game: Engine GamePieceSnailAltPos1 dummy
Game: Engine GamePieceMilitia2AltPos2 dummy
Game: Engine GamePieceCow2 ww.props.GamePieceCow
Game: Engine N2FSymbol global.props.Geometry
Game: Engine NSymbol global.props.Geometry
Game: Engine WW_Hex110LSOLocator dummy
Game: Engine GamePieceMilitia2 ww.props.GamePieceMilitia
Game: Engine Bridge1Fixed global.props.Geometry
Game: Engine Bridge1 ww.props.Bridge
Game: Engine WW_Hex80LSOLocator dummy
Game: Engine CarpenterShopEmitterAffector dummy
Game: Engine GamePieceCarpenterAltPos2 dummy
Game: Engine WW_Hex65LSOLocator dummy
Game: Engine GamePieceCarpenterAltPos1 dummy
Game: Engine WW_Hex50LSOLocator dummy
Game: Engine GamePieceCarpenter ww.props.GamePieceCarpenter
Game: Engine CarpenterShop ww.props.WWHouse
Game: Engine CarpenterSign global.props.RotatingGeometry
Game: Engine WW_Hex126LSOLocator dummy
Game: Engine WW_Hex141LSOLocator dummy
Game: Engine GamePieceSnailAltPos3 dummy
Game: Engine WW_Hex81LSOLocator dummy
Game: Engine GamePieceCarpenterAltPos3 dummy
Game: Engine SaltShakerScaleB ww.props.WineGlass
Game: Engine MiniNapoleon1ClairLoc dummy
Game: Engine NapoleonClairLoc dummy
Game: Engine WW_Hex127LSOLocator dummy
Game: Engine WW_Hex67LSOLocator dummy
Game: Engine GamePieceMilitia1AltPos4 dummy
Game: Engine GamePieceCarpenterAltPos4 dummy
Game: Engine NapoleonHexSCB global.props.Geometry
Game: Engine WW_Hex173LSOLocator dummy
Game: Engine PeasantSign global.props.RotatingGeometry
Game: Engine Peasant1HouseEmitterAffector dummy
Game: Engine WW_Hex158LSOLocator dummy
Game: Engine Bridge2Fixed global.props.Geometry
Game: Engine Bridge2 ww.props.Bridge
Game: Engine Peasant1House ww.props.WWHouse
Game: Engine WW_Hex83LSOLocator dummy
Game: Engine GamePieceKnightAltPos4 dummy
Game: Engine GamePieceMilitia1AltPos1 dummy
Game: Engine GamePieceMilitia1 ww.props.GamePieceMilitia
Game: Engine DrawBridgeScaleB global.props.Geometry
Game: Engine DrawBridgeScaleCDownCollisionB global.props.Geometry
Game: Engine DrawBridgeScaleCUpCollisionB global.props.Geometry
Game: Engine WW_Hex129LSOLocator dummy
Game: Engine WW_Hex114LSOLocator dummy
Game: Engine GamePieceMilitia3 ww.props.GamePieceMilitia
Game: Engine GamePieceMilitia3AltPos4 dummy
Game: Engine WW_Hex159LSOLocator dummy
Game: Engine GamePieceKnightAltPos3 dummy
Game: Engine WW_Hex84LSOLocator dummy
Game: Engine GamePieceMilitia1AltPos2 dummy
Game: Engine GamePieceKnightAltPos2 dummy
Game: Engine WW_Hex69LSOLocator dummy
Game: Engine GamePieceMilitia1AltPos3 dummy
Game: Engine Peasant3HouseEmitterAffector dummy
Game: Engine GamePieceMilitia1AltPos5 dummy
Game: Engine GamePieceKnightAltPos5 dummy
Game: Engine WW_Hex83LSOLocator1 dummy
Game: Engine GamePieceCow1 ww.props.GamePieceCow
Game: Engine PeasantSign2 global.props.RotatingGeometry
Game: Engine WW_Hex130LSOLocator dummy
Game: Engine WW_Hex115LSOLocator dummy
Game: Engine GamePieceMilitia3AltPos1 dummy
Game: Engine Peasant3House ww.props.WWHouse
Game: Engine watermillScaleB global.props.RotatingGeometry
Game: Engine WW_Hex85LSOLocator dummy
Game: Engine GamePieceKnightAltPos1 dummy
Game: Engine WW_Hex146LSOLocator dummy
Game: Engine GamePieceSoldier2 ww.props.GamePieceSoldier
Game: Engine GamePieceSoldier1 ww.props.GamePieceSoldier
Game: Engine GamePieceSoldier3 ww.props.GamePieceSoldier
Game: Engine WW_Hex131LSOLocator dummy
Game: Engine WW_Hex116LSOLocator dummy
Game: Engine GamePieceCow3 ww.props.GamePieceCow
Game: Engine GamePieceMilitia3AltPos3 dummy
Game: Engine GamePieceMilitia3AltPos2 dummy
Game: Engine WW_Hex86LSOLocator dummy
Game: Engine GamePieceKnight ww.props.GamePieceKnight
Game: Engine StrongHoldEmitterAffector dummy
Game: Engine StrongHold ww.props.WWHouse
Game: Engine RestaurantEmitterAffector dummy
Game: Engine RestaurantSign global.props.RotatingGeometry
Game: Engine WW_Hex147LSOLocator dummy
Game: Engine WW_Hex117LSOLocator dummy
Game: Engine Restaurant ww.props.WWHouse
Game: Engine NapoleonScaleB ww.characters.Napoleon
Game: Engine InterestFX6C global.effects.InterestFX
Game: Engine EmoTagSuitcase global.collectibles.EmotionalBaggageTag
Game: Engine NapoleonSymbolSCC global.props.Geometry
Game: Engine Dart_FXf global.effects.invisibilityShockwaveFX
Game: Engine Dart_FXf_Streamersa1 dummy
Game: Engine GamePieceCow2Emitter_Symbolsa1 dummy
Game: Engine MeleeCraneFXC7 global.effects.MeleeCraneFX
Game: Engine GamePieceCow2Emitter ww.effects.BrawlCarpenterFX
Game: Engine GamePieceCow2Animator ww.props.GamePieceAnimator
Game: Engine GamePieceCow2ScaleCPiece global.props.Geometry
Game: Engine GamePieceCow1Emitter_Symbolsa1 dummy
Game: Engine GamePieceCow1Emitter ww.effects.BrawlCarpenterFX
Game: Engine GamePieceCow1Animator ww.props.GamePieceAnimator
Game: Engine GamePieceCow1ScaleCPiece global.props.Geometry
Game: Engine MeleeFistFadeC6 global.effects.MeleeFistFade
Game: Engine GamePieceSnailEmitter_Symbolsa1 dummy
Game: Engine GamePieceSnailEmitter ww.effects.BrawlCarpenterFX
Game: Engine GamePieceSnailAnimator ww.props.GamePieceAnimator
Game: Engine GamePieceSnailScaleCPiece global.props.Geometry
Game: Engine GamePieceCarpenterEmitter_Symbolsa1 dummy
Game: Engine PalmBombSuperHandsFXC4 global.effects.PalmBombSuperHandsFX
Game: Engine GamePieceCarpenterEmitter ww.effects.BrawlCarpenterFX
Game: Engine GamePieceCarpenterAnimator ww.props.GamePieceAnimator
Game: Engine GamePieceCarpenterScaleCPiece global.props.Geometry
Game: Engine GamePieceMilitia1Emitter_Symbolsa1 dummy
Game: Engine GamePieceMilitia1Emitter ww.effects.BrawlMilitaryFX
Game: Engine GamePieceMilitia1Animator ww.props.GamePieceAnimator
Game: Engine GamePieceMilitia1ScaleCPiece global.props.Geometry
Game: Engine GamePieceSoldier1Emitter_Symbolsa1 dummy
Game: Engine GamePieceSoldier1Emitter ww.effects.BrawlMilitaryFX
Game: Engine GamePieceSoldier1Animator ww.props.GamePieceAnimator
Game: Engine GamePieceSoldier1ScaleCPiece global.props.Geometry
Game: Engine PalmBombSuperFXC3 global.effects.PalmBombSuperFX
Game: Engine GamePieceMilitia2Emitter_Symbolsa1 dummy
Game: Engine RazLH_ShockFX global.props.DartShockwave
Game: Engine StrongholdCollision global.props.Geometry
Game: Engine TelekinesisClaw1TKHolder dummy
Game: Engine RazLH_SwishFX4 global.props.Geometry
Game: Engine RazLH_SwishFX3 global.props.Geometry
Game: Engine RazLH_SwishFX2 global.props.Geometry
Game: Engine RazLH_SwishFX1 global.props.Geometry
Game: Engine PalmBombFXC2 global.effects.PalmBombFX
Game: Engine MeleeFistFadeC1 global.effects.MeleeFistFade
Game: Engine MeleeHitNotC0 global.effects.MeleeHitNot
Game: Engine MeleeHitNotBF global.effects.MeleeHitNot
Game: Engine GamePieceMilitia2Emitter ww.effects.BrawlMilitaryFX
Game: Engine GamePieceMilitia2Animator ww.props.GamePieceAnimator
Game: Engine GamePieceMilitia2ScaleCPiece global.props.Geometry
Game: Engine GamePieceSoldier2Emitter_Symbolsa1 dummy
Game: Engine GamePieceSoldier2Emitter ww.effects.BrawlMilitaryFX
Game: Engine GamePieceSoldier2Animator ww.props.GamePieceAnimator
Game: Engine GamePieceSoldier2ScaleCPiece global.props.Geometry
Game: Engine MeleeHitBE global.effects.MeleeHit
Game: Engine GamePieceSoldier3Emitter_Symbolsa1 dummy
Game: Engine GamePieceSoldier3Emitter ww.effects.BrawlMilitaryFX
Game: Engine MeleeHitBD global.effects.MeleeHit
Game: Engine GamePieceSoldier3Animator ww.props.GamePieceAnimator
Game: Engine MeleeHitBC global.effects.MeleeHit
Game: Engine GamePieceSoldier3ScaleCPiece global.props.Geometry
Game: Engine DecoratorBB global.props.Decorator
Game: Engine GamePieceMilitia3Emitter_Symbolsa1 dummy
Game: Engine GamePieceMilitia3Emitter ww.effects.BrawlMilitaryFX
Game: Engine GamePieceMilitia3Animator ww.props.GamePieceAnimator
Game: Engine GamePieceMilitia3ScaleCPiece global.props.Geometry
Game: Engine ScaleCLandingPoof_Dusta1 dummy
Game: Engine ScaleCLandingPoof ww.effects.PiecesDustFX
Game: Engine RazPsiShieldFX global.effects.PsiShieldFX
Game: Engine RankUpFXBA_Sparka1 dummy
Game: Engine GamePieceKnightEmitter_Symbolsa1 dummy
Game: Engine RankUpFXBA global.effects.RankUpFX
Game: Engine FigmentFXB9_Mista1 dummy
Game: Engine GamePieceKnightEmitter ww.effects.BrawlCarpenterFX
Game: Engine FigmentFXB9 global.effects.FigmentFX
Game: Engine PutAwayFXB8 global.effects.PutAwayFX
Game: Engine GamePieceKnightAnimator ww.props.GamePieceAnimator
Game: Engine GamePieceKnightScaleCPiece global.props.Geometry
Game: Engine Geometry7B global.props.Geometry
Game: Engine SnailExplosionFXB7 ww.effects.SnailExplosionFX
Game: Engine Geometry79 global.props.Geometry
Game: Engine SnailMuzzleBlastFXB6 ww.effects.SnailMuzzleBlastFX
Game: Engine SnailCannonB2LookTarget dummy
Game: Engine Geometry77 global.props.Geometry
Game: Engine GenGibsB5_affector dummy
Game: Engine GenGibsB5 global.effects.GenGibs
Game: Engine InterestFX76 global.effects.InterestFX
Game: Engine CannonBallB4 global.enemies.CannonBall
Game: Engine CensorBurly2_LeftBall Gen_CollideBall
Game: Engine CannonBallB3 global.enemies.CannonBall
Game: Engine CensorBurly2_RightBall Gen_CollideBall
Game: Engine CensorBurly1_LeftBall Gen_CollideBall
Game: Engine GamePieceCow3ScaleCPiece global.props.Geometry
Game: Engine AScaleToA ww.props.WWScaler
Game: Engine AScaleToB ww.props.WWScaler
Game: Engine AScaleToC ww.props.WWScaler
Game: Engine GamePieceCow3Animator ww.props.GamePieceAnimator
Game: Engine CensorBurly1_RightBall Gen_CollideBall
Game: Engine GamePieceCow3Emitter ww.effects.BrawlCarpenterFX
Game: Engine TelekinesisClaw1 TKClaw
Game: Engine LedgeDirtFXCC global.effects.LedgeDirtFX
Game: Engine baconPoofFXAF global.effects.baconPoofFX
Game: Engine InstaHintFord global.characters.InstaHintFord
Game: Engine TelekinesisClaw2TKHolder dummy
Game: Engine TelekinesisClaw2 TKClaw
Game: Engine WaterRingsFXAE global.effects.WaterRingsFX
Game: Engine TelekinesisClaw1RazTKClawLine ParticleEmitter
Game: Engine WaterRingsFXAD global.effects.WaterRingsFX
Game: Engine WaterSplashAC global.effects.WaterSplash
Game: Engine SaltFX global.props.Geometry
Game: Engine SplashFXAB_Dropsa1 dummy
Game: Engine ConfusionFX92 global.effects.ConfusionFX
Game: Engine SplashFXAB global.effects.SplashFX
Game: Engine TKClawRazTKClawLine ParticleEmitter
Game: Engine Gatecolision global.props.Geometry
Game: Engine Territory3 global.props.Geometry
Game: Engine Territory2 global.props.Geometry
Game: Engine Territory1 global.props.Geometry
Game: Engine TerritoryOccupied3 ww.props.TerritoryController
Game: Engine TerritoryOccupied2 ww.props.TerritoryController
Game: Engine TerritoryOccupied1 ww.props.TerritoryController
Game: Engine SplashFXAA_Dropsa1 dummy
Game: Engine SplashFXAA global.effects.SplashFX
Game: Engine CensorMelee6_MeleeSwish global.props.Geometry
Game: Engine TKClawTKHolder dummy
Game: Engine TKClaw TKClaw
Game: Engine barsets global.props.Geometry
Game: Engine barset2 global.props.Geometry
Game: Engine polySurface3640 global.props.Geometry
Game: Engine chandeleir global.props.Geometry
Game: Engine Global global.GlobalClass
Game: Engine wheel global.props.Geometry
Game: Engine Furnace global.props.Geometry
Game: Engine SplashFXA9_Dropsa1 dummy
Game: Engine Thought_Bubble_Spring ParticleEmitter
Game: Engine column6 global.props.Geometry
Game: Engine SplashFXA9 global.effects.SplashFX
Game: Engine CensorMelee6_Ball Gen_CollideBall
Game: Engine SplashFXA8_Dropsa1 dummy
Game: Engine SplashFXA8 global.effects.SplashFX
Game: Engine FigmentGlobals global.collectibles.FigmentGlobals
Game: Engine FireStartExplodeFX0 global.effects.FireStartExplodeFX
Game: Engine RazRH_SwishFX1 global.props.Geometry
Game: Engine RazPsiShield PsiShield
Game: Engine Decorator1 global.props.Decorator
Game: Engine PlayerInvulIndicator global.effects.RazDamageFX
Game: Engine RazPreDeathFX2 global.effects.RazPreDeathFX
Game: Engine RazRespawnFX3 global.effects.RazRespawnFX
Game: Engine Dart_FXa global.effects.InvisoEyeFX
Game: Engine Dart_FXb global.effects.PsiShieldFailFX
Game: Engine Dart_FXe global.effects.NoAmmoFX
Game: Engine RazRH_SwishFX2 global.props.Geometry
Game: Engine RazRH_SwishFX3 global.props.Geometry
Game: Engine FireStartExplodeSuperFX4 global.effects.FireStartExplodeSuperFX
Game: Engine RazSteamRecoverFX5 global.effects.RazSteamRecoverFX
Game: Engine RazLH global.props.DartMeleeHand
Game: Engine RazRH global.props.DartMeleeHand
Game: Engine GenGibs6 global.effects.GenGibs
Game: Engine GenGibs6_affector dummy
Game: Engine Thought_SubCloud_2 ParticleEmitter
Game: Engine GenGibs7 global.effects.GenGibs
Game: Engine GenGibs7_affector dummy
Game: Engine GenGibs8 global.effects.GenGibs
Game: Engine GenGibs8_affector dummy
Game: Engine GenGibs9 global.effects.GenGibs
Game: Engine GenGibs9_affector dummy
Game: Engine GenGibsA global.effects.GenGibs
Game: Engine GenGibsA_affector dummy
Game: Engine GenGibsB global.effects.GenGibs
Game: Engine GenGibsB_affector dummy
Game: Engine GenGibsC global.effects.GenGibs
Game: Engine GenGibsC_affector dummy
Game: Engine GenGibsD global.effects.GenGibs
Game: Engine GenGibsD_affector dummy
Game: Engine GenGibsE global.effects.GenGibs
Game: Engine GenGibsE_affector dummy
Game: Engine GenGibsF global.effects.GenGibs
Game: Engine GenGibsF_affector dummy
Game: Engine GenGibs10 global.effects.GenGibs
Game: Engine GenGibs10_affector dummy
Game: Engine GenGibs11 global.effects.GenGibs
Game: Engine GenGibs11_affector dummy
Game: Engine GenGibs12 global.effects.GenGibs
Game: Engine GenGibs12_affector dummy
Game: Engine GenGibs13 global.effects.GenGibs
Game: Engine GenGibs13_affector dummy
Game: Engine GamePieceCow3Emitter_Symbolsa1 dummy
Game: Engine SplashFXA7_Dropsa1 dummy
Game: Engine SplashFXA7 global.effects.SplashFX
Game: Engine WaterRingsFX global.effects.WaterRingsFX
Game: Engine RunningRippleFX global.effects.RunningRippleFX
Game: Engine DummyHex dummy
Game: Engine TKHexOverlay dummy
Game: Engine TKHexOverlayInvalid dummy
Game: Engine ClairCamUpdater3B global.otherentities.ClairCamUpdater
Game: Engine ConfusionGrenade3D global.props.ConfusionGrenade
Game: Engine ConfusionGrenade3D_fx1 global.effects.ConfusionFuseFX
Game: Engine ConfusionGrenade3D_fx2 global.effects.ConfusionBombFX
Game: Engine ConfusionGrenade3D_fx2_StreakPopa1 dummy
Game: Engine BallPopFX3E global.effects.BallPopFX
Game: Engine ThoughtBubbleRings global.effects.PsiBallRingsFX
Game: Engine ThoughtBubbleBounce global.effects.PsiBallRingsBounceFX
Game: Engine ThoughtBubbleRings2 global.effects.PsiBallRingsFX
Game: Engine ThoughtBubbleBounce2 global.effects.PsiBallRingsBounceFX
Game: Engine ball_trail engine.BallTrail
Game: Engine ThoughtBubbleSpikes ScriptBase
Game: Engine PsiRailFX3F global.effects.PsiRailFX
Game: Engine PsiBlastFX40 global.effects.PsiBlastFX
Game: Engine PsiBlastHitFX41 global.effects.PsiBlastHitFX
Game: Engine PsiBlastAirHit42 global.effects.PsiBlastAirHit
Game: Engine PsiBlastDeflectFX43 global.effects.PsiBlastDeflectFX
Game: Engine PsiBlastHitSuperFX44 global.effects.PsiBlastHitSuperFX
Game: Engine RailSlideWoodFX45 global.effects.RailSlideWoodFX
Game: Engine WaterFXManager global.effects.WaterFXManager
Game: Engine Thought_SubCloud_1 ParticleEmitter
Game: Engine Thought_SubCloud_0 ParticleEmitter
Game: Engine BigDummyRaz global.props.Geometry
Game: Engine CensorMelee7_MeleeSwish global.props.Geometry
Game: Engine cutsceneEmoTag ScriptBase
Game: Engine CensorMelee7_Ball Gen_CollideBall
Game: Engine EZSceneToolsA6 global.camera.EZSceneTools
Game: Engine ww.WWMACutscenes ww.WWMACutscenes
Game: Engine ArrowheadAmmoA5 global.collectibles.ArrowheadAmmo
Game: Engine ArrowheadAmmoA4 global.collectibles.ArrowheadAmmo
Game: Engine ArrowheadAmmoA3 global.collectibles.ArrowheadAmmo
Game: Engine DialogBubble_SubCloud_2 ParticleEmitter
Game: Engine Thought_Cloud ParticleEmitter
Game: Engine Thought_Bubble_Roll ParticleEmitter
Game: Engine PsiBlastAmmoA2 global.collectibles.PsiBlastAmmo
Game: Engine PsiBlastAmmoA1 global.collectibles.PsiBlastAmmo
Game: Engine PsiBlastAmmoA0 global.collectibles.PsiBlastAmmo
Game: Engine DialogBubble_SubCloud_1 ParticleEmitter
Game: Engine DialogBubble_SubCloud_0 ParticleEmitter
Game: Engine Dialog_Cloud ParticleEmitter
Game: Engine GenericExplosionCF_StreakPopa1 dummy
Game: Engine Clairvoyance_Cloud ParticleEmitter
Game: Engine GenericExplosionCF global.effects.GenericExplosion
Game: Engine PsiBlast5DeflectedPsiBlast global.props.Geometry
Game: Engine PsiBlast5 PsiBlast
Game: Engine PsiBlast4DeflectedPsiBlast global.props.Geometry
Game: Engine PsiBlast4 PsiBlast
Game: Engine PsiBlast3DeflectedPsiBlast global.props.Geometry
Game: Engine PsiBlast3 PsiBlast
Game: Engine ConfusionAmmo9F global.collectibles.ConfusionAmmo
Game: Engine ConfusionAmmo9E global.collectibles.ConfusionAmmo
Game: Engine ConfusionAmmo9D global.collectibles.ConfusionAmmo
Game: Engine HealthAmmo9C global.collectibles.HealthAmmo
Game: Engine HealthAmmo9B global.collectibles.HealthAmmo
Game: Engine CensorSniper1_Ball Gen_CollideBall
Game: Engine CensorProjectile53 global.enemies.CensorProjectile
Game: Engine Censor2BlastFX54 global.effects.Censor2BlastFX
Game: Engine Censor2BlastFX54_Nosa1 dummy
Game: Engine CensorProjectileFX55 global.effects.CensorProjectileFX
Game: Engine CensorProjectile56 global.enemies.CensorProjectile
Game: Engine CensorSniper1_MeleeSwish global.props.Geometry
Game: Engine CensorSniper57_Ball Gen_CollideBall
Game: Engine CensorProjectile58 global.enemies.CensorProjectile
Game: Engine CensorSniper57_MeleeSwish global.props.Geometry
Game: Engine GenGibs59 global.effects.GenGibs
Game: Engine GenGibs59_affector dummy
Game: Engine EnemyDeathFX5A global.effects.EnemyDeathFX
Game: Engine CensorSniper2_Ball Gen_CollideBall
Game: Engine CensorProjectile5B global.enemies.CensorProjectile
Game: Engine CensorSniper2_MeleeSwish global.props.Geometry
Game: Engine CensorMelee4_MeleeSwish global.props.Geometry
Game: Engine CensorMelee4_Ball Gen_CollideBall
Game: Engine HealthAmmo9A global.collectibles.HealthAmmo
Game: Engine CensorMelee11_Ball Gen_CollideBall
Game: Engine CensorMelee11_MeleeSwish global.props.Geometry
Game: Engine CensorMelee10_MeleeSwish global.props.Geometry
Game: Engine CensorMelee5C_Ball Gen_CollideBall
Game: Engine CensorMelee5C_MeleeSwish global.props.Geometry
Game: Engine CensorMelee10_Ball Gen_CollideBall
Game: Engine GenGibs5D global.effects.GenGibs
Game: Engine GenGibs5D_affector dummy
Game: Engine SmokelessExplosion5E global.effects.SmokelessExplosion
Game: Engine SmokelessExplosion5E_StreakPopa1 dummy
Game: Engine SmokelessExplosion5F global.effects.SmokelessExplosion
Game: Engine SmokelessExplosion5F_StreakPopa1 dummy
Game: Engine SmokelessExplosion60 global.effects.SmokelessExplosion
Game: Engine SmokelessExplosion60_StreakPopa1 dummy
Game: Engine CensorMelee12_Ball Gen_CollideBall
Game: Engine CensorMelee12_MeleeSwish global.props.Geometry
Game: Engine ConfusionFX93 global.effects.ConfusionFX
Game: Engine CensorSniper3_Ball Gen_CollideBall
Game: Engine CensorProjectile61 global.enemies.CensorProjectile
Game: Engine CensorSniper3_MeleeSwish global.props.Geometry
Game: Engine CensorMelee5_MeleeSwish global.props.Geometry
Game: Engine CensorMelee5_Ball Gen_CollideBall
Game: Engine ConfusionFX99 global.effects.ConfusionFX
Game: Engine DrawBridgeScaleCFX ww.effects.DrawBridgeDustFX
Game: Engine CensorMelee9_Ball Gen_CollideBall
Game: Engine CensorMelee9_MeleeSwish global.props.Geometry
Game: Engine CensorMelee8_Ball Gen_CollideBall
Game: Engine CensorMelee8_MeleeSwish global.props.Geometry
Game: Engine ConfusionFX98 global.effects.ConfusionFX
Game: Engine PsiBlast2DeflectedPsiBlast global.props.Geometry
Game: Engine PsiBlast2 PsiBlast
Game: Engine PsiBlast1DeflectedPsiBlast global.props.Geometry
Game: Engine PsiBlast1 PsiBlast
Game: Engine PsiBlast0DeflectedPsiBlast global.props.Geometry
Game: Engine PsiBlast0 PsiBlast
Game: Engine TelekinesisClaw2RazTKClawLine ParticleEmitter
Game: Engine SaltShakerScaleBAnimator ww.props.GamePieceAnimator
Game: Engine ThoughtBubble ThoughtBubble
Game: Engine ConfusionFX97 global.effects.ConfusionFX
Game: Engine C2Burly_LeftBall Gen_CollideBall
Game: Engine C2Burly_RightBall Gen_CollideBall
Game: Engine C1Burly_LeftBall Gen_CollideBall
Game: Engine C1Burly_RightBall Gen_CollideBall
Game: Engine C5_MeleeSwish global.props.Geometry
Game: Engine C5_Ball Gen_CollideBall
Game: Engine ConfusionFX94 global.effects.ConfusionFX
Game: Engine C4_MeleeSwish global.props.Geometry
Game: Engine C4_Ball Gen_CollideBall
Game: Engine C3_MeleeSwish global.props.Geometry
Game: Engine C3_Ball Gen_CollideBall
Game: Engine C2_MeleeSwish global.props.Geometry
Game: Engine C2_Ball Gen_CollideBall
Game: Engine C1_MeleeSwish global.props.Geometry
Game: Engine C1_Ball Gen_CollideBall
Game: Engine GenGibs73_affector dummy
Game: Engine GenGibs73 global.effects.GenGibs
Game: Engine CensorBurly72_LeftBall Gen_CollideBall
Game: Engine CensorBurly72_RightBall Gen_CollideBall
Game: Engine CensorBurly13_LeftBall Gen_CollideBall
Game: Engine CensorBurly13_RightBall Gen_CollideBall
Game: Engine ConfusionFX95 global.effects.ConfusionFX
Game: Engine ConfusionFX96 global.effects.ConfusionFX
Game: Engine TreeA26 global.props.Geometry
Game: Engine TreeC28 global.props.Geometry
Game: Engine CensorBurly72 global.enemies.CensorBurly
Game: Engine CensorSniper57 global.enemies.CensorSniper
Game: Engine ScriptBaseC8 ScriptBase
Game: Engine CensorMelee5C global.enemies.CensorMelee
Game: Engine SnailCannonB2 global.enemies.SnailCannon
Game: Engine ScriptBaseC5 ScriptBase
Game: Engine CensorMelee5Chat dummy
Game: Engine SnailCannonB2Fuse global.props.Geometry
Game: Engine TreeB27 global.props.Geometry
Game: Engine TreeA25 global.props.Geometry
Game: Engine TreeC33 global.props.Geometry
Game: Engine TreeC25 global.props.Geometry
Game: Engine TreeC36 global.props.Geometry
Game: Engine TreeC32 global.props.Geometry
Game: Engine TreeA24 global.props.Geometry
Game: Engine TreeC27 global.props.Geometry
Game: Engine TreeA27 global.props.Geometry
Game: Engine TreeA28 global.props.Geometry
Game: Engine TreeA36 global.props.Geometry
Game: Engine TreeA30 global.props.Geometry
Game: Engine TreeB26 global.props.Geometry
Game: Engine TreeB18 global.props.Geometry
Game: Engine TreeA35 global.props.Geometry
Game: Engine TreeB21 global.props.Geometry
Game: Engine TreeB20 global.props.Geometry
Game: Engine TreeB17 global.props.Geometry
Game: Engine TreeB19 global.props.Geometry
Game: Engine TreeA31 global.props.Geometry
Game: Engine sfPeachTreeFigment83 global.collectibles.SplineFigment
Game: Engine TreeA29 global.props.Geometry
Game: Engine TreeA34 global.props.Geometry
Game: Engine sfPeachTreeFigment84 global.collectibles.SplineFigment
Game: Engine sfPeachTreeFigment81 global.collectibles.SplineFigment
Game: Engine TreeA32 global.props.Geometry
Game: Engine TreeC26 global.props.Geometry
Game: Engine sfPeachTreeFigment82 global.collectibles.SplineFigment
Game: Engine sfPeachTreeFigment85 global.collectibles.SplineFigment
Game: Engine sfPeachTreeFigment73 global.collectibles.SplineFigment
Game: Engine TreeC29 global.props.Geometry
Game: Engine PeachTreeScaleC5 ww.props.FigmentTree
Game: Engine TreeB15 global.props.Geometry
Game: Engine TreeB16 global.props.Geometry
Game: Engine TreeA33 global.props.Geometry
Game: Engine Explamation9 global.props.Exclamations
Game: Engine Explamation9EmitterAffector dummy
Game: Engine sfPeachTreeFigment74 global.collectibles.SplineFigment
Game: Engine sfPeachTreeFigment71 global.collectibles.SplineFigment
Game: Engine Cork4 ww.props.Cork
Game: Engine verticalthrust3Emitter_Smokea1 dummy
Game: Engine verticalthrust3 global.otherentities.MultiThrust
Game: Engine verticalthrust3Emitter bb.effects.SmokeColumn
Game: Engine TreeB29 global.props.Geometry
Game: Engine verticalthrust3Emitter_Smokea2 dummy
Game: Engine TreeC30 global.props.Geometry
Game: Engine sfPeachTreeFigment43 global.collectibles.SplineFigment
Game: Engine tramp23 global.props.BouncyTrampoline
Game: Engine sfPeachTreeFigment72 global.collectibles.SplineFigment
Game: Engine splRope3 global.props.Tightrope
Game: Engine sfPeachTreeFigment75 global.collectibles.SplineFigment
Game: Engine sfBirdTreeFigment4 global.collectibles.SplineFigment
Game: Engine UnderTrampCollision5 global.props.Geometry
Game: Engine sfPeachTreeFigment44 global.collectibles.SplineFigment
Game: Engine EmoTagDufflebag global.collectibles.EmotionalBaggageTag
Game: Engine PeachTreeScaleC7 ww.props.FigmentTree
Game: Engine TreeA15 global.props.Geometry
Game: Engine sfPeachTreeFigment41 global.collectibles.SplineFigment
Game: Engine TreeA16 global.props.Geometry
Game: Engine sfPeachTreeFigment42 global.collectibles.SplineFigment
Game: Engine TreeC31 global.props.Geometry
Game: Engine PeasantSign1ScaleC global.props.RotatingGeometry
Game: Engine sfPeachTreeFigment45 global.collectibles.SplineFigment
Game: Engine sfPeachTreeFigment53 global.collectibles.SplineFigment
Game: Engine PeachTreeScaleC4 ww.props.FigmentTree
Game: Engine sfBirdTreeFigment5 global.collectibles.SplineFigment
Game: Engine Explamation10EmitterAffector dummy
Game: Engine Explamation10 global.props.Exclamations
Game: Engine sfBirdTreeFigment1 global.collectibles.SplineFigment
Game: Engine TreeA13 global.props.Geometry
Game: Engine sfPeachTreeFigment54 global.collectibles.SplineFigment
Game: Engine Cork2 ww.props.Cork
Game: Engine TreeC24 global.props.Geometry
Game: Engine Peasant2ExclamationAffector dummy
Game: Engine FredsFlagScaleC3 global.props.Geometry
Game: Engine FredsFlagScaleC2 global.props.Geometry
Game: Engine talkingDoor2 global.props.Animator
Game: Engine Peasant2 ww.characters.GamePiecePersonPeasant
Game: Engine TreeC23 global.props.Geometry
Game: Engine sfBirdTreeFigment2 global.collectibles.SplineFigment
Game: Engine sfPeachTreeFigment52 global.collectibles.SplineFigment
Game: Engine TreeC22 global.props.Geometry
Game: Engine sfBirdTreeFigment3 global.collectibles.SplineFigment
Game: Engine BirdTreeRuinedScaleC global.props.Geometry
Game: Engine BirdTreeScaleC ww.props.FigmentTree
Game: Engine sfPeachTreeFigment51 global.collectibles.SplineFigment
Game: Engine sfPeachTreeFigment55 global.collectibles.SplineFigment
Game: Engine PeachTreeScaleC6 ww.props.FigmentTree
Game: Engine Snail5 ww.characters.Snail
Game: Engine sfPeachTreeFigment33 global.collectibles.SplineFigment
Game: Engine CensorBurly1 global.enemies.CensorBurly
Game: Engine sfPeachTreeFigment63 global.collectibles.SplineFigment
Game: Engine TreeA38 global.props.Geometry
Game: Engine Snail10 ww.characters.Snail
Game: Engine sfPeachTreeFigment31 global.collectibles.SplineFigment
Game: Engine sfPeachTreeFigment64 global.collectibles.SplineFigment
Game: Engine sfPeachTreeFigment34 global.collectibles.SplineFigment
Game: Engine Snail3 ww.characters.Snail
Game: Engine sfPeachTreeFigment13 global.collectibles.SplineFigment
Game: Engine sfPeachTreeFigment61 global.collectibles.SplineFigment
Game: Engine Snail9 ww.characters.Snail
Game: Engine CensorBurly2 global.enemies.CensorBurly
Game: Engine sfPeachTreeFigment62 global.collectibles.SplineFigment
Game: Engine sfPeachTreeFigment11 global.collectibles.SplineFigment
Game: Engine tramp21 global.props.BouncyTrampoline
Game: Engine verticalthrust4Emitter_Smokea1 dummy
Game: Engine sfPeachTreeFigment32 global.collectibles.SplineFigment
Game: Engine sfPeachTreeFigment14 global.collectibles.SplineFigment
Game: Engine verticalthrust4Emitter_Smokea2 dummy
Game: Engine verticalthrust4 global.otherentities.MultiThrust
Game: Engine verticalthrust4Emitter bb.effects.SmokeColumn
Game: Engine vault1 global.characters.Vault
Game: Engine UnderTrampCollision4 global.props.Geometry
Game: Engine Snail2 ww.characters.Snail
Game: Engine sfPeachTreeFigment35 global.collectibles.SplineFigment
Game: Engine sfPeachTreeFigment23 global.collectibles.SplineFigment
Game: Engine Cobweb6 global.collectibles.Cobweb
Game: Engine Snail7 ww.characters.Snail
Game: Engine Snail1 ww.characters.Snail
Game: Engine PeachTreeScaleC3 ww.props.FigmentTree
Game: Engine PeachTreeScaleC8 ww.props.FigmentTree
Game: Engine TreeB14 global.props.Geometry
Game: Engine sfPeachTreeFigment12 global.collectibles.SplineFigment
Game: Engine sfPeachTreeFigment65 global.collectibles.SplineFigment
Game: Engine sfPeachTreeFigment24 global.collectibles.SplineFigment
Game: Engine sfPeachTreeFigment15 global.collectibles.SplineFigment
Game: Engine Snail8 ww.characters.Snail
Game: Engine Bridge1SlideCollisionRt global.props.Railslide
Game: Engine Bridge1ScaleC global.props.Geometry
Game: Engine Bridge1FixedScaleC global.props.Geometry
Game: Engine Bridge1SlideCollision global.props.Railslide
Game: Engine killrespawnpoint1 GEN_respawnpoint
Game: Engine sfPeachTreeFigment22 global.collectibles.SplineFigment
Game: Engine PeachTreeScaleC ww.props.FigmentTree
Game: Engine CarpenterExclamationAffector dummy
Game: Engine Carpenter ww.characters.GamePiecePersonCarpenter
Game: Engine sfPeachTreeFigment25 global.collectibles.SplineFigment
Game: Engine killrespawnpoint2 GEN_respawnpoint
Game: Engine TreeA37 global.props.Geometry
Game: Engine talkingDoor global.props.Animator
Game: Engine splRail17 global.props.Railslide
Game: Engine CensorBurly13 global.enemies.CensorBurly
Game: Engine sfPeachTreeFigment21 global.collectibles.SplineFigment
Game: Engine PeachTreeScaleC2 ww.props.FigmentTree
Game: Engine TreeB25 global.props.Geometry
Game: Engine trapeze9 trapeez
Game: Engine OrchardSignScaleC global.props.RotatingGeometry
Game: Engine CarpenterSignScaleC global.props.RotatingGeometry
Game: Engine Explamation8 global.props.Exclamations
Game: Engine Explamation8EmitterAffector dummy
Game: Engine Snail6 ww.characters.Snail
Game: Engine TreeC21 global.props.Geometry
Game: Engine WaterRespawnpoint1 GEN_waterrespawnpoint
Game: Engine Cork6 ww.props.Cork
Game: Engine CensorSniper2 global.enemies.CensorSniper
Game: Engine Snail4 ww.characters.Snail
Game: Engine TreeC18 global.props.Geometry
Game: Engine TreeC17 global.props.Geometry
Game: Engine TreeA14 global.props.Geometry
Game: Engine TreeA41 global.props.Geometry
Game: Engine Explamation1EmitterAffector dummy
Game: Engine Explamation1 global.props.Exclamations
Game: Engine TreeA22 global.props.Geometry
Game: Engine Cork3 ww.props.Cork
Game: Engine TreeA23 global.props.Geometry
Game: Engine WaterRespawnpoint2 GEN_waterrespawnpoint
Game: Engine killrespawnpoint5 GEN_respawnpoint
Game: Engine TreeA20 global.props.Geometry
Game: Engine splRope5 global.props.Tightrope
Game: Engine TreeA18 global.props.Geometry
Game: Engine Gillotine ww.props.Guillotine
Game: Engine TreeC37 global.props.Geometry
Game: Engine CensorMelee11hat dummy
Game: Engine CensorMelee12hat dummy
Game: Engine GillotineCollision global.props.Geometry
Game: Engine CensorMelee11 global.enemies.CensorMelee
Game: Engine CensorMelee12 global.enemies.CensorMelee
Game: Engine EmoBagDufflebagLeftTear global.effects.EmoBagTearFX
Game: Engine EmoBagDufflebagRightTear global.effects.EmoBagTearFX
Game: Engine EmoBagDufflebag bb.props.EmotionalBaggage
Game: Engine Cobweb8 global.collectibles.Cobweb
Game: Engine TreeA21 global.props.Geometry
Game: Engine splRope2 global.props.Tightrope
Game: Engine Explamation7EmitterAffector dummy
Game: Engine Explamation7 global.props.Exclamations
Game: Engine TreeB28 global.props.Geometry
Game: Engine TreeC16 global.props.Geometry
Game: Engine WineGlassScaleC global.props.Geometry
Game: Engine EmoBagSuitcaseRightTear global.effects.EmoBagTearFX
Game: Engine Cork5 ww.props.Cork
Game: Engine EmoBagSuitcaseLeftTear global.effects.EmoBagTearFX
Game: Engine EmoBagSuitcase bb.props.EmotionalBaggage
Game: Engine TreeA39 global.props.Geometry
Game: Engine TreeA17 global.props.Geometry
Game: Engine TreeB24 global.props.Geometry
Game: Engine CensorSniper1 global.enemies.CensorSniper
Game: Engine TreeA19 global.props.Geometry
Game: Engine CensorSniper3 global.enemies.CensorSniper
Game: Engine TreeC19 global.props.Geometry
Game: Engine verticalthrust6Emitter_Smokea1 dummy
Game: Engine verticalthrust6Emitter bb.effects.SmokeColumn
Game: Engine verticalthrust6 global.otherentities.MultiThrust
Game: Engine verticalthrust6Emitter_Smokea2 dummy
Game: Engine TreeC38 global.props.Geometry
Game: Engine verticalthrustEmitter_Smokea1 dummy
Game: Engine verticalthrust global.otherentities.MultiThrust
Game: Engine verticalthrustEmitter bb.effects.SmokeColumn
Game: Engine verticalthrustEmitter_Smokea2 dummy
Game: Engine PeasantSignScaleC global.props.RotatingGeometry
Game: Engine TreeC34 global.props.Geometry
Game: Engine talkingDoor3 global.props.Animator
Game: Engine Peasant1ExclamationAffector dummy
Game: Engine Peasant1 ww.characters.GamePiecePersonPeasant
Game: Engine tramp24 global.props.BouncyTrampoline
Game: Engine UnderTrampCollision2 global.props.Geometry
Game: Engine TreeB13 global.props.Geometry
Game: Engine tramp25 global.props.BouncyTrampoline
Game: Engine UnderTrampCollision3 global.props.Geometry
Game: Engine splRope8 global.props.Tightrope
Game: Engine sword1 global.props.Geometry
Game: Engine splRope9 global.props.Tightrope
Game: Engine verticalthrust5Emitter_Smokea1 dummy
Game: Engine verticalthrust5 global.otherentities.MultiThrust
Game: Engine verticalthrust5Emitter bb.effects.SmokeColumn
Game: Engine verticalthrust5Emitter_Smokea2 dummy
Game: Engine Bridge2SlideCollisionRt global.props.Railslide
Game: Engine Bridge2SlideCollision global.props.Railslide
Game: Engine Bridge2ScaleC global.props.Geometry
Game: Engine Bridge2FixedScaleC global.props.Geometry
Game: Engine TreeC20 global.props.Geometry
Game: Engine splLadd4 global.props.Ladder
Game: Engine MiniFred1 ww.characters.MiniFred
Game: Engine splLadd15 global.props.Ladder
Game: Engine splLadd16 global.props.Ladder
Game: Engine Geometry52 global.props.Geometry
Game: Engine OneUp2 global.collectibles.OneUp
Game: Engine FredsFlagScaleC1 global.props.Geometry
Game: Engine MiniNapoleon1 ww.characters.MiniNapoleon
Game: Engine vault2 global.characters.Vault
Game: Engine NapoleonHexSCC global.props.Geometry
Game: Engine C2Burly global.enemies.CensorBurly
Game: Engine splLadd13 global.props.Ladder
Game: Engine Geometry50 global.props.Geometry
Game: Engine OneUp1 global.collectibles.OneUp
Game: Engine C5hat dummy
Game: Engine C5 global.enemies.CensorMelee
Game: Engine killrespawnpoint0 GEN_respawnpoint
Game: Engine respawnpoint3 GEN_waterrespawnpoint
Game: Engine TreeA40 global.props.Geometry
Game: Engine killrespawnpoint3 GEN_respawnpoint
Game: Engine respawnpoint4 GEN_waterrespawnpoint
Game: Engine EmoBagHatboxRightTear global.effects.EmoBagTearFX
Game: Engine Explamation4EmitterAffector dummy
Game: Engine Explamation4 global.props.Exclamations
Game: Engine EmoBagHatboxLeftTear global.effects.EmoBagTearFX
Game: Engine EmoBagHatbox bb.props.EmotionalBaggage
Game: Engine Cork7 ww.props.Cork
Game: Engine splLadd11 global.props.Ladder
Game: Engine Cobweb7 global.collectibles.Cobweb
Game: Engine TreeC13 global.props.Geometry
Game: Engine DrawBridgeScaleCUpCollision global.props.Geometry
Game: Engine DrawBridgeScaleC ww.props.DrawBridge
Game: Engine DrawBridgeScaleCDownCollision global.props.Geometry
Game: Engine DrawBridgeScaleCSlideCollision global.props.Railslide
Game: Engine DrawBridgeScaleCSlideCollisionRt global.props.Railslide
Game: Engine DrawBridgeGears global.props.Geometry
Game: Engine TreeB22 global.props.Geometry
Game: Engine EmoBagSteamer1LeftTear global.effects.EmoBagTearFX
Game: Engine EmoBagSteamer1 bb.props.EmotionalBaggage
Game: Engine DrawBridgeScaleCPin ww.props.DrawBridgePin
Game: Engine EmoBagSteamer1RightTear global.effects.EmoBagTearFX
Game: Engine C4hat dummy
Game: Engine Geometry63 global.props.Geometry
Game: Engine MaxAmmoUp1 global.collectibles.MaxAmmoUp
Game: Engine TreeC14 global.props.Geometry
Game: Engine Explamation3 global.props.Exclamations
Game: Engine Explamation3EmitterAffector dummy
Game: Engine C4 global.enemies.CensorMelee
Game: Engine C1Burly global.enemies.CensorBurly
Game: Engine TreeC15 global.props.Geometry
Game: Engine Cork9 ww.props.Cork
Game: Engine Peasant3ExclamationAffector dummy
Game: Engine TreeC5 global.props.Geometry
Game: Engine Peasant3 ww.characters.GamePiecePersonPeasant
Game: Engine PeasantSign2ScaleC global.props.RotatingGeometry
Game: Engine verticalthrust1Emitter bb.effects.SmokeColumn
Game: Engine verticalthrust1 global.otherentities.MultiThrust
Game: Engine verticalthrust1Emitter_Smokea1 dummy
Game: Engine talkingDoor5 global.props.Animator
Game: Engine verticalthrust1Emitter_Smokea2 dummy
Game: Engine EmoTagSteamer global.collectibles.EmotionalBaggageTag
Game: Engine Explamation2 global.props.Exclamations
Game: Engine Explamation2EmitterAffector dummy
Game: Engine ACantlamp1 bv.props.CantileverLamp
Game: Engine TreeC35 global.props.Geometry
Game: Engine C1hat dummy
Game: Engine Cork1 ww.props.Cork
Game: Engine C1 global.enemies.CensorMelee
Game: Engine InterestFX74 global.effects.InterestFX
Game: Engine Peasant3Item ww.props.Rifle
Game: Engine Geometry75 global.props.Geometry
Game: Engine Bighaypilesack global.props.Geometry
Game: Engine poles_of_doom8 global.props.Geometry
Game: Engine Bighaypilesacktag global.props.Geometry
Game: Engine BCantlamp2 bv.props.CantileverLamp
Game: Engine C2hat dummy
Game: Engine TreeA9 global.props.Geometry
Game: Engine C2 global.enemies.CensorMelee
Game: Engine respawnpoint0 GEN_waterrespawnpoint
Game: Engine respawnpoint5 GEN_waterrespawnpoint
Game: Engine Spawner global.props.ScriptSpawner
Game: Engine TreeA4 global.props.Geometry
Game: Engine C3hat dummy
Game: Engine Cobweb5 global.collectibles.Cobweb
Game: Engine C3 global.enemies.CensorMelee
Game: Engine CensorMelee6hat dummy
Game: Engine CensorMelee6 global.enemies.CensorMelee
Game: Engine watermill global.props.RotatingGeometry
Game: Engine Cobweb3 global.collectibles.Cobweb
Game: Engine TreeC4 global.props.Geometry
Game: Engine CensorMelee7hat dummy
Game: Engine CensorMelee7 global.enemies.CensorMelee
Game: Engine splLadd12 global.props.Ladder
Game: Engine splRope6 global.props.Tightrope
Game: Engine splRope7 global.props.Tightrope
Game: Engine strongdoor ww.props.StrongDoor
Game: Engine TreeB6 global.props.Geometry
Game: Engine TreeC12 global.props.Geometry
Game: Engine TreeB7 global.props.Geometry
Game: Engine Cantlever14 global.props.Geometry
Game: Engine TreeB23 global.props.Geometry
Game: Engine pasted__EmoBagPurseRightTear global.effects.EmoBagTearFX
Game: Engine pasted__EmoBagPurse bb.props.EmotionalBaggage
Game: Engine pasted__EmoBagPurseLeftTear global.effects.EmoBagTearFX
Game: Engine TreeA5 global.props.Geometry
Game: Engine TreeC3 global.props.Geometry
Game: Engine pCylinder154 global.props.Geometry
Game: Engine SupremeInterestFX64 global.effects.SupremeInterestFX
Game: Engine Geometry65 global.props.Geometry
Game: Engine WW_maxConfusionUp global.collectibles.MaxConfusionUp
Game: Engine trapeze3 trapeez
Game: Engine tramp22 global.props.BouncyTrampoline
Game: Engine UnderTrampCollision1 global.props.Geometry
Game: Engine BKwoodcolumnF global.props.Geometry
Game: Engine RestaurantSignScaleC global.props.RotatingGeometry
Game: Engine CensorMelee5hat dummy
Game: Engine CensorMelee5 global.enemies.CensorMelee
Game: Engine splRope10 global.props.Tightrope
Game: Engine KnightExclamationAffector dummy
Game: Engine Knight ww.characters.GamePiecePersonKnight
Game: Engine verticalthrust2 global.otherentities.MultiThrust
Game: Engine verticalthrust2Emitter bb.effects.SmokeColumn
Game: Engine BKwoodcolumnE global.props.Geometry
Game: Engine verticalthrust2Emitter_Smokea1 dummy
Game: Engine verticalthrust2Emitter_Smokea2 dummy
Game: Engine Cantlever7 global.props.Geometry
Game: Engine TreeB5 global.props.Geometry
Game: Engine Cantlever8 global.props.Geometry
Game: Engine talkingDoor4 global.props.Animator
Game: Engine CensorMelee10hat dummy
Game: Engine CensorMelee8hat dummy
Game: Engine CensorMelee10 global.enemies.CensorMelee
Game: Engine CensorMelee8 global.enemies.CensorMelee
Game: Engine CensorMelee9hat dummy
Game: Engine MaxLivesUp1 global.collectibles.MaxLivesUp
Game: Engine SupremeInterestFX4D global.effects.SupremeInterestFX
Game: Engine Geometry4E global.props.Geometry
Game: Engine CensorMelee9 global.enemies.CensorMelee
Game: Engine Cantlever6 global.props.Geometry
Game: Engine BKwoodcolumnD global.props.Geometry
Game: Engine killrespawnpoint4 GEN_respawnpoint
Game: Engine CensorMelee4hat dummy
Game: Engine CensorMelee4 global.enemies.CensorMelee
Game: Engine TreeC7 global.props.Geometry
Game: Engine Cobweb1 global.collectibles.Cobweb
Game: Engine CobWebSparkleFX46 global.effects.CobWebSparkleFX
Game: Engine Cobweb4 global.collectibles.Cobweb
Game: Engine TreeA3 global.props.Geometry
Game: Engine NapoleonsFlag global.props.Geometry
Game: Engine FredsFlag global.props.Geometry
Game: Engine EmoTagPurse global.collectibles.EmotionalBaggageTag
Game: Engine TreeC11 global.props.Geometry
Game: Engine TreeA7 global.props.Geometry
Game: Engine splRope14 global.props.Tightrope
Game: Engine pasted__poles_of_doom3 global.props.Geometry
Game: Engine TreeB4 global.props.Geometry
Game: Engine TreeB9 global.props.Geometry
Game: Engine TreeC10 global.props.Geometry
Game: Engine Explamation5EmitterAffector dummy
Game: Engine Explamation5 global.props.Exclamations
Game: Engine TreeC6 global.props.Geometry
Game: Engine Cork10 ww.props.Cork
Game: Engine TreeA10 global.props.Geometry
Game: Engine TreeC2 global.props.Geometry
Game: Engine legJEndRearLf_1CollideBall Gen_CollideBall
Game: Engine TreeC8 global.props.Geometry
Game: Engine TreeB12 global.props.Geometry
Game: Engine legJEndFrontLf_1CollideBall Gen_CollideBall
Game: Engine TreeB10 global.props.Geometry
Game: Engine TreeA8 global.props.Geometry
Game: Engine TreeA6 global.props.Geometry
Game: Engine NapoleonScaleC ww.characters.Napoleon
Game: Engine legJEndRearRt_1CollideBall Gen_CollideBall
Game: Engine TreeB3 global.props.Geometry
Game: Engine TreeC9 global.props.Geometry
Game: Engine legJEndFrontRt_1CollideBall Gen_CollideBall
Game: Engine TreeA2 global.props.Geometry
Game: Engine TreeB8 global.props.Geometry
Game: Engine TreeB11 global.props.Geometry
Game: Engine watercurse global.characters.Watercurse
Game: Engine Decorator_Chandelier3 global.props.Decorator