Game: Engine Dart Dart
Game: Engine GEN_dartstart GEN_dartstart
Game: Engine RazLH_EntryFX global.props.Geometry
Game: Engine RankBling global.otherentities.RankBling
Game: Engine gio_GIO_2 global.props.GIO
Game: Engine BullDropOff01 dummy
Game: Engine respawnpoint1 GEN_respawnpoint
Game: Engine gio_Figment_9 global.collectibles.Figment
Game: Engine BullPathLocator14 dummy
Game: Engine BullDropOffCam01 dummy
Game: Engine gio_Figment_13 global.collectibles.Figment
Game: Engine gio_GIO_19 global.props.GIO
Game: Engine Lantern1_06 gen_proploader
Game: Engine PaintingPortalBVRBFX18 bv.effects.PaintingPortalBVRBFX
Game: Engine PaintingExit bv.props.EdgarPaintingExit
Game: Engine LoadBVRBPainting bv.props.LevelLoadPainting
Game: Engine Geometry17 global.props.Geometry
Game: Engine PaintingPortalBVRBFX18_RosePetalsa1 dummy
Game: Engine BullPathLocator12 dummy
Game: Engine PaintingPortalBVRBFX18_Streaksa1 dummy
Game: Engine BullPathLocator4 dummy
Game: Engine gio_GIO_27 global.props.GIO
Game: Engine BullPathLocator13 dummy
Game: Engine gio_GIO_8 global.props.GIO
Game: Engine gio_GIO_17 global.props.GIO
Game: Engine gio_GIO_1 global.props.GIO
Game: Engine BullPathLocator5 dummy
Game: Engine Edgar1 bv.characters.Edgar
Game: Engine gio_Figment_10 global.collectibles.Figment
Game: Engine BullPathLocator11 dummy
Game: Engine BullPathLocator3 dummy
Game: Engine gio_Figment_12 global.collectibles.Figment
Game: Engine gio_GIO_11 global.props.GIO
Game: Engine BullPathLocator15 dummy
Game: Engine Lantern1_07 gen_proploader
Game: Engine EdgarLedge1 dummy
Game: Engine gio_GIO_3 global.props.GIO
Game: Engine InterestFX1A global.effects.InterestFX
Game: Engine InvDisplayer global.otherentities.InvAdder
Game: Engine DialogBubble_SubCloud_1 ParticleEmitter
Game: Engine DialogBubble_SubCloud_2 ParticleEmitter
Game: Engine BVGIOExplosion52 bv.props.BVGIOExplosion
Game: Engine Dialog_Cloud ParticleEmitter
Game: Engine Clairvoyance_Cloud ParticleEmitter
Game: Engine MeleeFistFade4A global.effects.MeleeFistFade
Game: Engine BVMeleeCraneFX4B global.effects.bvraz.BVMeleeCraneFX
Game: Engine PsiBlast5DeflectedPsiBlast global.props.Geometry
Game: Engine PsiBlast5 PsiBlast
Game: Engine BVPalmBombSuperHandsFX48 global.effects.bvraz.BVPalmBombSuperHandsFX
Game: Engine PsiBlast4DeflectedPsiBlast global.props.Geometry
Game: Engine PsiBlast4 PsiBlast
Game: Engine BVPalmBombSuperFX47 global.effects.bvraz.BVPalmBombSuperFX
Game: Engine RazLH_ShockFX global.props.DartShockwave
Game: Engine PsiBlast3DeflectedPsiBlast global.props.Geometry
Game: Engine RazLH_SwishFX4 global.props.Geometry
Game: Engine RazLH_SwishFX3 global.props.Geometry
Game: Engine PsiBlast3 PsiBlast
Game: Engine PsiBlast2DeflectedPsiBlast global.props.Geometry
Game: Engine PsiBlast2 PsiBlast
Game: Engine RazLH_SwishFX2 global.props.Geometry
Game: Engine PsiBlast1DeflectedPsiBlast global.props.Geometry
Game: Engine PsiBlast1 PsiBlast
Game: Engine PsiBlast0DeflectedPsiBlast global.props.Geometry
Game: Engine RazLH_SwishFX1 global.props.Geometry
Game: Engine BVPalmBombFX46 global.effects.bvraz.BVPalmBombFX
Game: Engine PsiBlast0 PsiBlast
Game: Engine TelekinesisClaw2RazTKClawLine ParticleEmitter
Game: Engine MeleeFistFade45 global.effects.MeleeFistFade
Game: Engine BVMeleeHitNot44 global.effects.bvraz.BVMeleeHitNot
Game: Engine BVMeleeHitNot43 global.effects.bvraz.BVMeleeHitNot
Game: Engine TelekinesisClaw2TKHolder dummy
Game: Engine TelekinesisClaw2 TKClaw
Game: Engine TelekinesisClaw1RazTKClawLine ParticleEmitter
Game: Engine TelekinesisClaw1TKHolder dummy
Game: Engine TelekinesisClaw1 TKClaw
Game: Engine BVMeleeHit42 global.effects.bvraz.BVMeleeHit
Game: Engine BVMeleeHit41 global.effects.bvraz.BVMeleeHit
Game: Engine pokertable global.props.Geometry
Game: Engine TKClawRazTKClawLine ParticleEmitter
Game: Engine fallingpetals bv.effects.FallingPetalsFX
Game: Engine BVMeleeHit40 global.effects.bvraz.BVMeleeHit
Game: Engine DialogBubble_SubCloud_0 ParticleEmitter
Game: Engine FigmentGlobals global.collectibles.FigmentGlobals
Game: Engine FireStartExplodeFX0 global.effects.FireStartExplodeFX
Game: Engine RazPsiShield PsiShield
Game: Engine Decorator1 global.props.Decorator
Game: Engine PlayerInvulIndicator global.effects.RazDamageFX
Game: Engine RazPreDeathFX2 global.effects.RazPreDeathFX
Game: Engine BVRazRespawnFX3 global.effects.bvraz.BVRazRespawnFX
Game: Engine Dart_FXa global.effects.bvraz.BVInvisoEyeFX
Game: Engine Dart_FXb global.effects.bvraz.BVPsiShieldFailFX
Game: Engine Dart_FXe global.effects.bvraz.BVNoAmmoFX
Game: Engine Decorator3F global.props.Decorator
Game: Engine RazPsiShieldFX global.effects.bvraz.BVPsiShieldFX
Game: Engine RankUpFX3E_Sparka1 dummy
Game: Engine FireStartExplodeSuperFX4 global.effects.FireStartExplodeSuperFX
Game: Engine RazSteamRecoverFX5 global.effects.RazSteamRecoverFX
Game: Engine RazLH global.props.DartMeleeHand
Game: Engine RazRH global.props.DartMeleeHand
Game: Engine BullTornadoFX bv.effects.BullTornadoFX
Game: Engine TKClawTKHolder dummy
Game: Engine TKClaw TKClaw
Game: Engine GenGibsC global.effects.GenGibs
Game: Engine GenGibsC_affector dummy
Game: Engine ClairCamUpdaterD global.otherentities.ClairCamUpdater
Game: Engine ConfusionGrenadeF global.props.ConfusionGrenade
Game: Engine ConfusionGrenadeF_fx1 global.effects.ConfusionFuseFX
Game: Engine ConfusionGrenadeF_fx2 global.effects.ConfusionBombFX
Game: Engine ConfusionGrenadeF_fx2_StreakPopa1 dummy
Game: Engine BVBallPopFX10 global.effects.bvraz.BVBallPopFX
Game: Engine ThoughtBubbleRings global.effects.PsiBallRingsFX
Game: Engine ThoughtBubbleBounce global.effects.PsiBallRingsBounceFX
Game: Engine ThoughtBubbleRings2 global.effects.PsiBallRingsFX
Game: Engine ThoughtBubbleBounce2 global.effects.PsiBallRingsBounceFX
Game: Engine ball_trail engine.BallTrail
Game: Engine ThoughtBubbleSpikes ScriptBase
Game: Engine BVPsiRailFX11 global.effects.bvraz.BVPsiRailFX
Game: Engine BVPsiBlastFX12 global.effects.bvraz.BVPsiBlastFX
Game: Engine BVPsiBlastHitFX13 global.effects.bvraz.BVPsiBlastHitFX
Game: Engine BVPsiBlastAirHit14 global.effects.bvraz.BVPsiBlastAirHit
Game: Engine BVPsiBlastDeflectFX15 global.effects.bvraz.BVPsiBlastDeflectFX
Game: Engine BVPsiBlastHitSuperFX16 global.effects.bvraz.BVPsiBlastHitSuperFX
Game: Engine CardTornadoFX bv.effects.CardTornadoFX
Game: Engine Global global.GlobalClass
Game: Engine Thought_Bubble_Spring ParticleEmitter
Game: Engine Thought_SubCloud_2 ParticleEmitter
Game: Engine Thought_SubCloud_1 ParticleEmitter
Game: Engine Thought_SubCloud_0 ParticleEmitter
Game: Engine BVLedgeDirtFX50 bv.effects.BVLedgeDirtFX
Game: Engine RankUpFX3E global.effects.RankUpFX
Game: Engine FigmentFX3D_Mista1 dummy
Game: Engine RazRH_SwishFX3 global.props.Geometry
Game: Engine RazRH_SwishFX2 global.props.Geometry
Game: Engine RazRH_SwishFX1 global.props.Geometry
Game: Engine Thought_Cloud ParticleEmitter
Game: Engine Thought_Bubble_Roll ParticleEmitter
Game: Engine ThoughtBubble ThoughtBubble
Game: Engine BVGIOExplosion52_WooshSmokea1 dummy
Game: Engine SaltFX global.props.Geometry
Game: Engine ConfusionFX1E global.effects.ConfusionFX
Game: Engine ConfusionFX1F global.effects.ConfusionFX
Game: Engine ConfusionFX20 global.effects.ConfusionFX
Game: Engine ConfusionFX21 global.effects.ConfusionFX
Game: Engine ConfusionFX22 global.effects.ConfusionFX
Game: Engine ConfusionFX23 global.effects.ConfusionFX
Game: Engine ConfusionFX24 global.effects.ConfusionFX
Game: Engine ConfusionFX25 global.effects.ConfusionFX
Game: Engine HealthAmmo26 global.collectibles.HealthAmmo
Game: Engine HealthAmmo27 global.collectibles.HealthAmmo
Game: Engine HealthAmmo28 global.collectibles.HealthAmmo
Game: Engine ConfusionAmmo29 global.collectibles.ConfusionAmmo
Game: Engine ConfusionAmmo2A global.collectibles.ConfusionAmmo
Game: Engine ConfusionAmmo2B global.collectibles.ConfusionAmmo
Game: Engine PsiBlastAmmo2C global.collectibles.PsiBlastAmmo
Game: Engine PsiBlastAmmo2D global.collectibles.PsiBlastAmmo
Game: Engine PsiBlastAmmo2E global.collectibles.PsiBlastAmmo
Game: Engine ArrowheadAmmo2F global.collectibles.ArrowheadAmmo
Game: Engine ArrowheadAmmo30 global.collectibles.ArrowheadAmmo
Game: Engine ArrowheadAmmo31 global.collectibles.ArrowheadAmmo
Game: Engine bv.BVESCutscenes bv.BVESCutscenes
Game: Engine EZSceneTools32 global.camera.EZSceneTools
Game: Engine cutsceneEmoTag ScriptBase
Game: Engine WaterFXManager global.effects.WaterFXManager
Game: Engine RunningRippleFX global.effects.bvraz.BVRunningRippleFX
Game: Engine WaterRingsFX global.effects.bvraz.BVWaterRingsFX
Game: Engine BVSplashFX33 global.effects.bvraz.BVSplashFX
Game: Engine BVSplashFX33_Dropsa1 dummy
Game: Engine BVSplashFX34 global.effects.bvraz.BVSplashFX
Game: Engine BVSplashFX34_Dropsa1 dummy
Game: Engine BVSplashFX35 global.effects.bvraz.BVSplashFX
Game: Engine BVSplashFX35_Dropsa1 dummy
Game: Engine BVSplashFX36 global.effects.bvraz.BVSplashFX
Game: Engine BVSplashFX36_Dropsa1 dummy
Game: Engine BVSplashFX37 global.effects.bvraz.BVSplashFX
Game: Engine BVSplashFX37_Dropsa1 dummy
Game: Engine WaterSplash38 global.effects.WaterSplash
Game: Engine BVWaterRingsFX39 global.effects.bvraz.BVWaterRingsFX
Game: Engine BVWaterRingsFX3A global.effects.bvraz.BVWaterRingsFX
Game: Engine InstaHintFord global.characters.InstaHintFord
Game: Engine baconPoofFX3B global.effects.baconPoofFX
Game: Engine CharItemMatrix bv.BVCharItemMatrix
Game: Engine PutAwayFX3C global.effects.PutAwayFX
Game: Engine FigmentFX3D global.effects.FigmentFX
Game: Engine HouseOfCardsLevel1 bv.props.HouseOfCards
Game: Engine Dart_FXf global.effects.invisibilityShockwaveFX
Game: Engine Dart_FXf_Streamersa1 dummy
Game: Engine HouseOfCardsLevel2 bv.props.HouseOfCards
Game: Engine CardSoundLocator dummy
Game: Engine PlayingCardFeelGeo1 BVLL_CardsFeelLoader
Game: Engine PlayingCardFeelGeo4 BVLL_CardsFeelLoader
Game: Engine PlayingCardFeelGeo2 BVLL_CardsFeelLoader
Game: Engine PlayingCardFeelGeo3 BVLL_CardsFeelLoader
Game: Engine BullPathLocator6 dummy
Game: Engine TigerPainting bv.props.LevelLoadPainting
Game: Engine gio_GIO_25 global.props.GIO
Game: Engine HouseOfCardsLevel3 bv.props.HouseOfCards
Game: Engine BullPathLocator2 dummy
Game: Engine EdgarLedge2 dummy
Game: Engine DragonPainting bv.props.LevelLoadPainting
Game: Engine gio_Figment_11 global.collectibles.Figment
Game: Engine BullPathLocator10 dummy
Game: Engine gio_Figment_8 global.collectibles.Figment
Game: Engine gio_GIO_0 global.props.GIO
Game: Engine gio_GIO_24 global.props.GIO
Game: Engine HouseOfCardsLevel4 bv.props.HouseOfCards
Game: Engine BullPathLocator7 dummy
Game: Engine gio_GIO_13 global.props.GIO
Game: Engine Lantern1_10 gen_proploader
Game: Engine BVLL_Flamenco BVLL_Flamenco
Game: Engine EdgarLedge3 dummy
Game: Engine BullPathLocator8 dummy
Game: Engine BullPathLocator9 dummy
Game: Engine BullPathLocator16 dummy
Game: Engine gio_GIO_9 global.props.GIO
Game: Engine sffigment1_11 global.collectibles.SplineFigment
Game: Engine gio_GIO_4 global.props.GIO
Game: Engine gio_GIO_10 global.props.GIO
Game: Engine Lantern1_03 gen_proploader
Game: Engine gio_GIO_12 global.props.GIO
Game: Engine gio_Figment_7 global.collectibles.Figment
Game: Engine gio_GIO_7 global.props.GIO
Game: Engine Lantern1_05 gen_proploader
Game: Engine EmoTag1 global.collectibles.EmotionalBaggageTag
Game: Engine gio_Figment_15 global.collectibles.Figment
Game: Engine gio_Figment_14 global.collectibles.Figment
Game: Engine InterestFX19 global.effects.InterestFX
Game: Engine gio_Figment_0 global.collectibles.Figment
Game: Engine gio_GIO_18 global.props.GIO
Game: Engine gio_GIO_28 global.props.GIO
Game: Engine gio_GIO_26 global.props.GIO
Game: Engine gio_GIO_5 global.props.GIO
Game: Engine Fountain1SoundLocator dummy
Game: Engine EyeSoundLocator dummy
Game: Engine BVLL_SkySun BVLL_SkySun
Game: Engine SunRing global.props.Decorator
Game: Engine gio_Figment_6 global.collectibles.Figment
Game: Engine BullPathLocator1 dummy
Game: Engine gio_GIO_6 global.props.GIO
Game: Engine gio_GIO_16 global.props.GIO
Game: Engine Lantern1_08 gen_proploader
Game: Engine EmoBag1LeftTear global.effects.EmoBagTearFX
Game: Engine EmoBag1 global.collectibles.EmotionalBaggage
Game: Engine EmoBag1RightTear global.effects.EmoBagTearFX
Game: Engine gio_Figment_5 global.collectibles.Figment
Game: Engine gio_Figment_1 global.collectibles.Figment
Game: Engine BullController bv.characters.BullController
Game: Engine sffigment1_12 global.collectibles.SplineFigment
Game: Engine gio_GIO_23 global.props.GIO
Game: Engine gio_Figment_3 global.collectibles.Figment
Game: Engine gio_GIO_15 global.props.GIO
Game: Engine gio_Figment_4 global.collectibles.Figment
Game: Engine gio_Figment_2 global.collectibles.Figment
Game: Engine gio_GIO_20 global.props.GIO
Game: Engine EaglePainting bv.props.LevelLoadPainting
Game: Engine CobraPainting bv.props.LevelLoadPainting
Game: Engine Lantern1_09 gen_proploader
Game: Engine Fountain2SoundLocator dummy
Game: Engine Lantern1_04 gen_proploader
Game: Engine Bull1TrigVolEntity ScriptBase
Game: Engine Bull1 bv.characters.Bull
Game: Engine BullPathLocator17 dummy
Game: Engine ScriptBase49 ScriptBase
Game: Engine ScriptBase4C ScriptBase
Game: Engine BullPathLocator18 dummy