Game: Engine InvDisplayer global.otherentities.InvAdder
Game: Engine RazLH_EntryFX global.props.Geometry
Game: Engine RankBling global.otherentities.RankBling
Game: Engine GEN_dartstart GEN_dartstart
Game: Engine PaintingDude02ItemPositionrow1col2 dummy
Game: Engine respawnpoint0 GEN_respawnpoint
Game: Engine PaintingDude02 bv.characters.StBernardPainter
Game: Engine PaintingDude02PaintEasel gen_proploader
Game: Engine gio_GIO_210 global.props.GIO
Game: Engine PaintingDude02ItemPositionrow1col1 dummy
Game: Engine gio_GIO_218 global.props.GIO
Game: Engine PaintingDude02PaintBrush dummy
Game: Engine Geometry92 global.props.Geometry
Game: Engine Rose3Painting bv.props.MagicPainting
Game: Engine PaintingDude03Easel9 gen_proploader
Game: Engine InterestFX91 global.effects.InterestFX
Game: Engine gio_GIO_199 global.props.GIO
Game: Engine gio_GIO_217 global.props.GIO
Game: Engine gio_GIO_204 global.props.GIO
Game: Engine ArchPainting bv.props.MagicPainting
Game: Engine GeometryE6 global.props.Geometry
Game: Engine InterestFX54 global.effects.InterestFX
Game: Engine PaintingDude03Easel5 gen_proploader
Game: Engine Vines1 gen_proploader
Game: Engine gio_Figment_51 global.collectibles.Figment
Game: Engine gio_GIO_205 global.props.GIO
Game: Engine BVRBOatmeal1 global.characters.Oatmeal
Game: Engine Lantern1_01 gen_proploader
Game: Engine MagicHook04 bv.props.MagicPaintingHook
Game: Engine NewIntro_PaintingOpen global.props.Geometry
Game: Engine gio_GIO_71 global.props.GIO
Game: Engine gio_GIO_136 global.props.GIO
Game: Engine gio_GIO_228 global.props.GIO
Game: Engine BullDropOff02 bv.props.BullDropOffLocator
Game: Engine gio_GIO_227 global.props.GIO
Game: Engine FountainSoundSource1 global.sound.SoundSource
Game: Engine gio_Figment_55 global.collectibles.Figment
Game: Engine gio_GIO_216 global.props.GIO
Game: Engine gio_GIO_215 global.props.GIO
Game: Engine gio_GIO_30 global.props.GIO
Game: Engine gio_GIO_37 global.props.GIO
Game: Engine gio_Figment_67 global.collectibles.Figment
Game: Engine gio_Figment_69 global.collectibles.Figment
Game: Engine gio_GIO_29 global.props.GIO
Game: Engine gio_GIO_209 global.props.GIO
Game: Engine gio_GIO_203 global.props.GIO
Game: Engine gio_GIO_226 global.props.GIO
Game: Engine gio_GIO_21 global.props.GIO
Game: Engine gio_GIO_47 global.props.GIO
Game: Engine gio_GIO_46 global.props.GIO
Game: Engine gio_GIO_22 global.props.GIO
Game: Engine gio_GIO_23 global.props.GIO
Game: Engine Lantern1_033 gen_proploader
Game: Engine Lantern1_057 gen_proploader
Game: Engine gio_GIO_133 global.props.GIO
Game: Engine InvisoDoorShutterCam04 dummy
Game: Engine pole5g gen_proploader
Game: Engine Lantern1_02 gen_proploader
Game: Engine sfFigment197 global.collectibles.SplineFigment
Game: Engine BullDropOff03 bv.props.BullDropOffLocator
Game: Engine BullDropOff01 bv.props.BullDropOffLocator
Game: Engine gio_GIO_45 global.props.GIO
Game: Engine Lantern1_032 gen_proploader
Game: Engine ElOdioRearPainting gen_proploader
Game: Engine EmoBag04LeftTear global.effects.EmoBagTearFX
Game: Engine InvisoDoorShutter04 bv.props.WindowShutters
Game: Engine InvisoDoorShutter04fan global.props.Geometry
Game: Engine InvisoDoorShutter04Collide gen_proploader
Game: Engine kissesFXDE_Kissesa1 dummy
Game: Engine kissesFXDE bv.effects.kissesFX
Game: Engine TrampolineAwning1 global.props.Trampoline
Game: Engine EmoBag04RightTear global.effects.EmoBagTearFX
Game: Engine EmoBag04 global.collectibles.EmotionalBaggage
Game: Engine gio_GIO_0 global.props.GIO
Game: Engine gio_Figment_52 global.collectibles.Figment
Game: Engine gio_Figment_68 global.collectibles.Figment
Game: Engine sfFigment196 global.collectibles.SplineFigment
Game: Engine meleeSpawner1_PortalAnimator global.props.Animator
Game: Engine meleeSpawner1 global.enemies.CensorPortal
Game: Engine gio_GIO_24 global.props.GIO
Game: Engine sfFigment198 global.collectibles.SplineFigment
Game: Engine TrampolineAwning2 global.props.Trampoline
Game: Engine gio_GIO_119 global.props.GIO
Game: Engine gio_Figment_54 global.collectibles.Figment
Game: Engine gio_GIO_1 global.props.GIO
Game: Engine Lantern1_034 gen_proploader
Game: Engine gio_GIO_4 global.props.GIO
Game: Engine gio_GIO_135 global.props.GIO
Game: Engine gio_Figment_57 global.collectibles.Figment
Game: Engine gio_GIO_120 global.props.GIO
Game: Engine Lantern1_066 gen_proploader
Game: Engine gio_Figment_58 global.collectibles.Figment
Game: Engine BullDropOff04 bv.props.BullDropOffLocator
Game: Engine gio_GIO_116 global.props.GIO
Game: Engine gio_Figment_53 global.collectibles.Figment
Game: Engine polySurface1450 CameraAlphaEntity
Game: Engine Wall1b global.props.Geometry
Game: Engine BVMeleeCraneFXD5 global.effects.bvraz.BVMeleeCraneFX
Game: Engine BVMeleeHitCC global.effects.bvraz.BVMeleeHit
Game: Engine Wall1b_Collision global.props.Geometry
Game: Engine SewerBlocker global.props.Geometry
Game: Engine BVMeleeHitCB global.effects.bvraz.BVMeleeHit
Game: Engine BVMeleeHitCA global.effects.bvraz.BVMeleeHit
Game: Engine polySurface1141 CameraAlphaEntity
Game: Engine polySurface1143 CameraAlphaEntity
Game: Engine polySurface1144 CameraAlphaEntity
Game: Engine polySurface1350 CameraAlphaEntity
Game: Engine polySurface1351 CameraAlphaEntity
Game: Engine polySurface1353 CameraAlphaEntity
Game: Engine polySurface1354 CameraAlphaEntity
Game: Engine DecoratorC9 global.props.Decorator
Game: Engine NewIntro_WallOpen global.props.Geometry
Game: Engine NewIntro_ArchOpenDecals global.props.Geometry
Game: Engine NewIntro_WallClosed global.props.Geometry
Game: Engine NewIntro_Wallcloseddecal global.props.Geometry
Game: Engine BVMeleeHitNotCD global.effects.bvraz.BVMeleeHitNot
Game: Engine sewercamalpha global.props.Geometry
Game: Engine RazPsiShieldFX global.effects.bvraz.BVPsiShieldFX
Game: Engine RankUpFXC8_Sparka1 dummy
Game: Engine polySurface1444 CameraAlphaEntity
Game: Engine RankUpFXC8 global.effects.RankUpFX
Game: Engine polySurface1352 CameraAlphaEntity
Game: Engine FigmentFXC7_Mista1 dummy
Game: Engine FigmentFXC7 global.effects.FigmentFX
Game: Engine PutAwayFXC6 global.effects.PutAwayFX
Game: Engine WrestlerHand global.props.Geometry
Game: Engine PaintFountainsFXC5 bv.effects.PaintFountainsFX
Game: Engine GeometryC4 global.props.Geometry
Game: Engine CharItemMatrix bv.BVCharItemMatrix
Game: Engine sewergate global.props.Geometry
Game: Engine borderstructure_decal CameraAlphaEntity
Game: Engine polySurface1566 global.props.Geometry
Game: Engine CAMGEOALPHA1 global.props.Geometry
Game: Engine GEOCAMalphaTEST global.props.Geometry
Game: Engine GEOCAMALPHA3 global.props.Geometry
Game: Engine baconPoofFXC3 global.effects.baconPoofFX
Game: Engine InstaHintFord global.characters.InstaHintFord
Game: Engine RazLH_SwishFX2 global.props.Geometry
Game: Engine ArchPaintingAnimatedcanvas global.props.Geometry
Game: Engine BVWaterRingsFXC2 global.effects.bvraz.BVWaterRingsFX
Game: Engine BVWaterRingsFXC1 global.effects.bvraz.BVWaterRingsFX
Game: Engine MeleeFistFadeCF global.effects.MeleeFistFade
Game: Engine WaterSplashC0 global.effects.WaterSplash
Game: Engine BVSplashFXBF_Dropsa1 dummy
Game: Engine BVSplashFXBF global.effects.bvraz.BVSplashFX
Game: Engine BVSplashFXBE_Dropsa1 dummy
Game: Engine BVSplashFXBE global.effects.bvraz.BVSplashFX
Game: Engine BVSplashFXBD_Dropsa1 dummy
Game: Engine DialogBubble_SubCloud_2 ParticleEmitter
Game: Engine RazRH_SwishFX1 global.props.Geometry
Game: Engine BVMeleeHitNotCE global.effects.bvraz.BVMeleeHitNot
Game: Engine BVSplashFXBD global.effects.bvraz.BVSplashFX
Game: Engine BVSplashFXBC_Dropsa1 dummy
Game: Engine BVSplashFXBC global.effects.bvraz.BVSplashFX
Game: Engine BVSplashFXBB_Dropsa1 dummy
Game: Engine BVSplashFXBB global.effects.bvraz.BVSplashFX
Game: Engine RazLH_SwishFX3 global.props.Geometry
Game: Engine WaterRingsFX global.effects.bvraz.BVWaterRingsFX
Game: Engine RunningRippleFX global.effects.bvraz.BVRunningRippleFX
Game: Engine WaterFXManager global.effects.WaterFXManager
Game: Engine JangleMover dummy
Game: Engine cutsceneEmoTag ScriptBase
Game: Engine EZSceneToolsBA global.camera.EZSceneTools
Game: Engine bv.BVRBCutscenes bv.BVRBCutscenes
Game: Engine ArrowheadAmmoB9 global.collectibles.ArrowheadAmmo
Game: Engine ArrowheadAmmoB8 global.collectibles.ArrowheadAmmo
Game: Engine ArrowheadAmmoB7 global.collectibles.ArrowheadAmmo
Game: Engine PsiBlastAmmoB6 global.collectibles.PsiBlastAmmo
Game: Engine PsiBlastAmmoB5 global.collectibles.PsiBlastAmmo
Game: Engine PsiBlastAmmoB4 global.collectibles.PsiBlastAmmo
Game: Engine ConfusionAmmoB3 global.collectibles.ConfusionAmmo
Game: Engine ConfusionAmmoB2 global.collectibles.ConfusionAmmo
Game: Engine ConfusionAmmoB1 global.collectibles.ConfusionAmmo
Game: Engine HealthAmmoB0 global.collectibles.HealthAmmo
Game: Engine HealthAmmoAF global.collectibles.HealthAmmo
Game: Engine HealthAmmoAE global.collectibles.HealthAmmo
Game: Engine RazLH_SwishFX4 global.props.Geometry
Game: Engine ConfusionFXAD global.effects.ConfusionFX
Game: Engine DialogBubble_SubCloud_1 ParticleEmitter
Game: Engine RazRH_SwishFX2 global.props.Geometry
Game: Engine NewIntro_CollisionWithoutPainting global.props.Geometry
Game: Engine NewIntro_WindowPaintingCap global.props.Geometry
Game: Engine ConfusionFXAC global.effects.ConfusionFX
Game: Engine DialogBubble_SubCloud_0 ParticleEmitter
Game: Engine Dialog_Cloud ParticleEmitter
Game: Engine Clairvoyance_Cloud ParticleEmitter
Game: Engine ConfusionFXAB global.effects.ConfusionFX
Game: Engine SewerPaintDripFXE5 bv.effects.SewerPaintDripFX
Game: Engine ConfusionFXAA global.effects.ConfusionFX
Game: Engine ShowerPaintFXE4 bv.effects.ShowerPaintFX
Game: Engine PaintDripGeom global.props.Geometry
Game: Engine ConfusionFXA9 global.effects.ConfusionFX
Game: Engine PsiBlast5DeflectedPsiBlast global.props.Geometry
Game: Engine ConfusionFXA8 global.effects.ConfusionFX
Game: Engine PsiBlast5 PsiBlast
Game: Engine PsiBlast4DeflectedPsiBlast global.props.Geometry
Game: Engine PsiBlast4 PsiBlast
Game: Engine ConfusionFXA7 global.effects.ConfusionFX
Game: Engine PsiBlast3DeflectedPsiBlast global.props.Geometry
Game: Engine FigmentGlobals global.collectibles.FigmentGlobals
Game: Engine FireStartExplodeFX0 global.effects.FireStartExplodeFX
Game: Engine PsiBlast3 PsiBlast
Game: Engine RazPsiShield PsiShield
Game: Engine Decorator1 global.props.Decorator
Game: Engine PlayerInvulIndicator global.effects.RazDamageFX
Game: Engine RazPreDeathFX2 global.effects.RazPreDeathFX
Game: Engine BVRazRespawnFX3 global.effects.bvraz.BVRazRespawnFX
Game: Engine Dart_FXa global.effects.bvraz.BVInvisoEyeFX
Game: Engine Dart_FXb global.effects.bvraz.BVPsiShieldFailFX
Game: Engine Dart_FXe global.effects.bvraz.BVNoAmmoFX
Game: Engine FireStartExplodeSuperFX4 global.effects.FireStartExplodeSuperFX
Game: Engine RazSteamRecoverFX5 global.effects.RazSteamRecoverFX
Game: Engine RazLH global.props.DartMeleeHand
Game: Engine RazRH global.props.DartMeleeHand
Game: Engine GenGibs29 global.effects.GenGibs
Game: Engine GenGibs29_affector dummy
Game: Engine PsiBlast2DeflectedPsiBlast global.props.Geometry
Game: Engine GenGibs2A global.effects.GenGibs
Game: Engine GenGibs2A_affector dummy
Game: Engine GenGibs2B global.effects.GenGibs
Game: Engine GenGibs2B_affector dummy
Game: Engine GenGibs2C global.effects.GenGibs
Game: Engine GenGibs2C_affector dummy
Game: Engine GenGibs2D global.effects.GenGibs
Game: Engine GenGibs2D_affector dummy
Game: Engine GenGibs2E global.effects.GenGibs
Game: Engine GenGibs2E_affector dummy
Game: Engine GenGibs2F_affector dummy
Game: Engine GenGibs30 global.effects.GenGibs
Game: Engine GenGibs31 global.effects.GenGibs
Game: Engine GenGibs31_affector dummy
Game: Engine GenGibs32 global.effects.GenGibs
Game: Engine GenGibs32_affector dummy
Game: Engine GenGibs33 global.effects.GenGibs
Game: Engine GenGibs33_affector dummy
Game: Engine GenGibs34 global.effects.GenGibs
Game: Engine GenGibs34_affector dummy
Game: Engine GenGibs35 global.effects.GenGibs
Game: Engine GenGibs35_affector dummy
Game: Engine GenGibs36 global.effects.GenGibs
Game: Engine GenGibs36_affector dummy
Game: Engine GenGibs38 global.effects.GenGibs
Game: Engine GenGibs38_affector dummy
Game: Engine GenGibs39 global.effects.GenGibs
Game: Engine GenGibs39_affector dummy
Game: Engine GenGibs3A global.effects.GenGibs
Game: Engine GenGibs3A_affector dummy
Game: Engine GenGibs3B global.effects.GenGibs
Game: Engine GenGibs3B_affector dummy
Game: Engine GenGibs3C global.effects.GenGibs
Game: Engine GenGibs3C_affector dummy
Game: Engine GenGibs3D global.effects.GenGibs
Game: Engine GenGibs3D_affector dummy
Game: Engine GenGibs3E global.effects.GenGibs
Game: Engine GenGibs3E_affector dummy
Game: Engine ClairCamUpdater3F global.otherentities.ClairCamUpdater
Game: Engine ConfusionGrenade41 global.props.ConfusionGrenade
Game: Engine ConfusionGrenade41_fx1 global.effects.ConfusionFuseFX
Game: Engine ConfusionGrenade41_fx2 global.effects.ConfusionBombFX
Game: Engine ConfusionGrenade41_fx2_StreakPopa1 dummy
Game: Engine BVBallPopFX42 global.effects.bvraz.BVBallPopFX
Game: Engine ThoughtBubbleRings global.effects.PsiBallRingsFX
Game: Engine ThoughtBubbleBounce global.effects.PsiBallRingsBounceFX
Game: Engine ThoughtBubbleRings2 global.effects.PsiBallRingsFX
Game: Engine ThoughtBubbleBounce2 global.effects.PsiBallRingsBounceFX
Game: Engine ball_trail engine.BallTrail
Game: Engine ThoughtBubbleSpikes ScriptBase
Game: Engine BVPsiRailFX43 global.effects.bvraz.BVPsiRailFX
Game: Engine BVPsiBlastFX44 global.effects.bvraz.BVPsiBlastFX
Game: Engine BVPsiBlastHitFX45 global.effects.bvraz.BVPsiBlastHitFX
Game: Engine BVPsiBlastAirHit46 global.effects.bvraz.BVPsiBlastAirHit
Game: Engine BVPsiBlastDeflectFX47 global.effects.bvraz.BVPsiBlastDeflectFX
Game: Engine BVPsiBlastHitSuperFX48 global.effects.bvraz.BVPsiBlastHitSuperFX
Game: Engine ConfusionFXA6 global.effects.ConfusionFX
Game: Engine RazClairDisguise49 mm.props.RazClairDisguise
Game: Engine RazClairDisguise4A mm.props.RazClairDisguise
Game: Engine CensorBurlyA5_LeftBall Gen_CollideBall
Game: Engine CensorBurlyA5_RightBall Gen_CollideBall
Game: Engine RazClairDisguise4B mm.props.RazClairDisguise
Game: Engine RazClairDisguise4C mm.props.RazClairDisguise
Game: Engine RazClairDisguise4D mm.props.RazClairDisguise
Game: Engine RazClairDisguise4E mm.props.RazClairDisguise
Game: Engine BVLedgeDirtFXDA bv.effects.BVLedgeDirtFX
Game: Engine RazClairDisguise4F mm.props.RazClairDisguise
Game: Engine RazClairDisguise50 mm.props.RazClairDisguise
Game: Engine BVBounceWooshFX51 global.effects.bvraz.BVBounceWooshFX
Game: Engine BVBounceWooshFX51_WooshSmokea1 dummy
Game: Engine RailSlideMetalFX52 global.effects.RailSlideMetalFX
Game: Engine TikiPaintFX53 bv.effects.TikiPaintFX
Game: Engine PsiBlast2 PsiBlast
Game: Engine PsiBlast1DeflectedPsiBlast global.props.Geometry
Game: Engine PsiBlast1 PsiBlast
Game: Engine VinePaintFX56 bv.effects.VinePaintFX
Game: Engine PsiBlast0DeflectedPsiBlast global.props.Geometry
Game: Engine GenGibsA4_affector dummy
Game: Engine GenGibsA4 global.effects.GenGibs
Game: Engine CensorBurlyA3_LeftBall Gen_CollideBall
Game: Engine CensorBurlyA3_RightBall Gen_CollideBall
Game: Engine CensorSuicideA2_MeleeSwish global.props.Geometry
Game: Engine CensorSuicideA2_Ball Gen_CollideBall
Game: Engine CensorSuicideFXA1 global.effects.CensorSuicideFX
Game: Engine BombCensorFuseFXA0 global.effects.BombCensorFuseFX
Game: Engine GenGibs9F_affector dummy
Game: Engine GenGibs9F global.effects.GenGibs
Game: Engine PsiBlast0 PsiBlast
Game: Engine CensorSuicide9E_MeleeSwish global.props.Geometry
Game: Engine CensorSuicide9E_Ball Gen_CollideBall
Game: Engine CensorMelee9D_MeleeSwish global.props.Geometry
Game: Engine CensorMelee9D_Ball Gen_CollideBall
Game: Engine SmokelessExplosion9C_StreakPopa1 dummy
Game: Engine TelekinesisClaw2RazTKClawLine ParticleEmitter
Game: Engine RazLH_ShockFX global.props.DartShockwave
Game: Engine SpawnerFX69 global.effects.SpawnerFX
Game: Engine SmokelessExplosion9C global.effects.SmokelessExplosion
Game: Engine SmokelessExplosion9B_StreakPopa1 dummy
Game: Engine SmokelessExplosion9B global.effects.SmokelessExplosion
Game: Engine SmokelessExplosion9A_StreakPopa1 dummy
Game: Engine SmokelessExplosion9A global.effects.SmokelessExplosion
Game: Engine sniper1_Ball Gen_CollideBall
Game: Engine CensorProjectile6A global.enemies.CensorProjectile
Game: Engine Censor2BlastFX6B global.effects.Censor2BlastFX
Game: Engine Censor2BlastFX6B_Nosa1 dummy
Game: Engine CensorProjectileFX6C global.effects.CensorProjectileFX
Game: Engine CensorProjectile6D global.enemies.CensorProjectile
Game: Engine sniper1_MeleeSwish global.props.Geometry
Game: Engine CensorSniper6E_Ball Gen_CollideBall
Game: Engine CensorProjectile6F global.enemies.CensorProjectile
Game: Engine CensorSniper6E_MeleeSwish global.props.Geometry
Game: Engine GenGibs70 global.effects.GenGibs
Game: Engine GenGibs70_affector dummy
Game: Engine EnemyDeathFX71 global.effects.EnemyDeathFX
Game: Engine TelekinesisClaw2TKHolder dummy
Game: Engine TelekinesisClaw2 TKClaw
Game: Engine TelekinesisClaw1RazTKClawLine ParticleEmitter
Game: Engine GenGibs99_affector dummy
Game: Engine GenGibs99 global.effects.GenGibs
Game: Engine CensorMelee98_MeleeSwish global.props.Geometry
Game: Engine CensorMelee98_Ball Gen_CollideBall
Game: Engine TelekinesisClaw1TKHolder dummy
Game: Engine SaltFX global.props.Geometry
Game: Engine TelekinesisClaw1 TKClaw
Game: Engine BVPalmBombSuperFXD1 global.effects.bvraz.BVPalmBombSuperFX
Game: Engine BVPalmBombFXD0 global.effects.bvraz.BVPalmBombFX
Game: Engine TKClawRazTKClawLine ParticleEmitter
Game: Engine RazRH_SwishFX3 global.props.Geometry
Game: Engine RazLH_SwishFX1 global.props.Geometry
Game: Engine RoseArtFX79 bv.effects.RoseArtFX
Game: Engine MeleeFistFadeD4 global.effects.MeleeFistFade
Game: Engine BVGIOExplosion93_WooshSmokea1 dummy
Game: Engine GuitarPaintFX7C bv.effects.GuitarPaintFX
Game: Engine TKClawTKHolder dummy
Game: Engine TKClaw TKClaw
Game: Engine Global global.GlobalClass
Game: Engine BVGIOExplosion93 bv.props.BVGIOExplosion
Game: Engine Thought_Bubble_Spring ParticleEmitter
Game: Engine Thought_SubCloud_2 ParticleEmitter
Game: Engine Thought_SubCloud_1 ParticleEmitter
Game: Engine Thought_SubCloud_0 ParticleEmitter
Game: Engine Thought_Cloud ParticleEmitter
Game: Engine Thought_Bubble_Roll ParticleEmitter
Game: Engine ThoughtBubble ThoughtBubble
Game: Engine BVPalmBombSuperHandsFXD2 global.effects.bvraz.BVPalmBombSuperHandsFX
Game: Engine GenGibs30_affector dummy
Game: Engine RoseArtFX90 bv.effects.RoseArtFX
Game: Engine GenGibs2F global.effects.GenGibs
Game: Engine Dart_FXf_Streamersa1 dummy
Game: Engine Dart_FXf global.effects.invisibilityShockwaveFX
Game: Engine gio_GIO_121 global.props.GIO
Game: Engine gio_Figment_64 global.collectibles.Figment
Game: Engine gio_Figment_56 global.collectibles.Figment
Game: Engine WindowPuzzleCam bv.props.WindowPuzzleCam
Game: Engine gio_Figment_65 global.collectibles.Figment
Game: Engine gio_GIO_118 global.props.GIO
Game: Engine InvisoDoorShutterCam01 dummy
Game: Engine polySurface1355 CameraAlphaEntity
Game: Engine Lantern1_031 gen_proploader
Game: Engine InvisoDoorShutter01 bv.props.WindowShutters
Game: Engine InvisoDoorShutter01fan global.props.Geometry
Game: Engine InvisoDoorShutter01Collide gen_proploader
Game: Engine kissesFXDB_Kissesa1 dummy
Game: Engine kissesFXDB bv.effects.kissesFX
Game: Engine meleeSpawner11 global.enemies.CensorPortal
Game: Engine meleeSpawner11_PortalAnimator global.props.Animator
Game: Engine EmoBag02 global.collectibles.EmotionalBaggage
Game: Engine EmoBag02RightTear global.effects.EmoBagTearFX
Game: Engine EmoBag02LeftTear global.effects.EmoBagTearFX
Game: Engine BullController bv.characters.BullController
Game: Engine splRail2 global.props.Railslide
Game: Engine sfFigment195 global.collectibles.SplineFigment
Game: Engine meleeSpawner19 global.enemies.CensorPortal
Game: Engine meleeSpawner19_PortalAnimator global.props.Animator
Game: Engine Geometry8F global.props.Geometry
Game: Engine MaxConfusionUP global.collectibles.MaxConfusionUp
Game: Engine SupremeInterestFX8E global.effects.SupremeInterestFX
Game: Engine TKGate8 global.props.Door
Game: Engine meleeSpawner10 global.enemies.CensorPortal
Game: Engine meleeSpawner10_PortalAnimator global.props.Animator
Game: Engine TKTrigger9 global.props.Trigger
Game: Engine Lantern1_037 gen_proploader
Game: Engine Lantern1_035 gen_proploader
Game: Engine sfFigment194 global.collectibles.SplineFigment
Game: Engine TKGate2 global.props.Door
Game: Engine tktrashcan global.props.InteractiveObj
Game: Engine BullDropOff05 bv.props.BullDropOffLocator
Game: Engine EmoTag04 global.collectibles.EmotionalBaggageTag
Game: Engine Lantern1_036 gen_proploader
Game: Engine TKGate4 global.props.Door
Game: Engine TKTrigger2 global.props.Trigger
Game: Engine Lantern1_038 gen_proploader
Game: Engine EmoTag01 global.collectibles.EmotionalBaggageTag
Game: Engine Cantelever2ff bv.props.CantileverFlag
Game: Engine CobWebSparkleFX83 global.effects.CobWebSparkleFX
Game: Engine Cobweb1 global.collectibles.Cobweb
Game: Engine Cantlamp1 bv.props.CantileverFlag
Game: Engine sfFigment205 global.collectibles.SplineFigment
Game: Engine InvisoDoorShutterCam02 dummy
Game: Engine LargeMirror bv.props.Mirror
Game: Engine InvisoDoorShutter02fan global.props.Geometry
Game: Engine InvisoDoorShutter02 bv.props.WindowShutters
Game: Engine InvisoDoorShutter02Collide gen_proploader
Game: Engine LargeMirror3 bv.props.Mirror
Game: Engine kissesFXDC bv.effects.kissesFX
Game: Engine kissesFXDC_Kissesa1 dummy
Game: Engine mcant4 gen_proploader
Game: Engine BullDropOff06 bv.props.BullDropOffLocator
Game: Engine respawnpoint1 GEN_respawnpoint
Game: Engine Sword bv.props.Sword
Game: Engine Cape bv.props.Cape
Game: Engine Matador bv.characters.Matador
Game: Engine mcant6 gen_proploader
Game: Engine ladder0frg gen_proploader
Game: Engine PaintingClubFX5A bv.effects.PaintingClubFX
Game: Engine sfFigment199 global.collectibles.SplineFigment
Game: Engine Geometry59 global.props.Geometry
Game: Engine TigerPainting bv.props.Painting
Game: Engine TigerPaintingCard bv.props.Card
Game: Engine PaintingClubFX5A_CardSuita1 dummy
Game: Engine PaintingClubFX5A_Streaksa1 dummy
Game: Engine PaintingPortalRoseFX73 bv.effects.PaintingPortalRoseFX
Game: Engine LoadBVESPainting bv.props.LevelLoadPainting
Game: Engine Geometry72 global.props.Geometry
Game: Engine Cantelever7ff bv.props.CantileverLamp
Game: Engine PaintingPortalRoseFX73_RosePetalsa1 dummy
Game: Engine PaintingPortalRoseFX73_Streaksa1 dummy
Game: Engine Lantern1_062 gen_proploader
Game: Engine mcant6ffa gen_proploader
Game: Engine Lantern1_029 gen_proploader
Game: Engine BVRBOatmeal3 global.characters.Oatmeal
Game: Engine EmoBag03RightTear global.effects.EmoBagTearFX
Game: Engine EmoBag03 global.collectibles.EmotionalBaggage
Game: Engine EmoBag03LeftTear global.effects.EmoBagTearFX
Game: Engine meleeSpawner16 global.enemies.CensorPortal
Game: Engine meleeSpawner16_PortalAnimator global.props.Animator
Game: Engine Cobweb6 global.collectibles.Cobweb
Game: Engine Firewood1 global.props.InteractiveObj
Game: Engine PaintingDude01Easel1 gen_proploader
Game: Engine PaintingDude01PaintEasel gen_proploader
Game: Engine PaintingDude01 bv.characters.ColliePainter
Game: Engine PaintingDude01PaintBrush dummy
Game: Engine PaintingDude01ItemPositionrow1col1 dummy
Game: Engine Geometry7E global.props.Geometry
Game: Engine LadderPainting bv.props.MagicPainting
Game: Engine BullDropOff11 bv.props.BullDropOffLocator
Game: Engine meleeSpawner3_PortalAnimator global.props.Animator
Game: Engine meleeSpawner3 global.enemies.CensorPortal
Game: Engine mcant6ffb gen_proploader
Game: Engine PaintingDude01Easel3 gen_proploader
Game: Engine Lantern1_052 gen_proploader
Game: Engine PaintingDude01ItemPositionrow1col2 dummy
Game: Engine Rose2Painting bv.props.MagicPainting
Game: Engine Geometry7B global.props.Geometry
Game: Engine Geometry8D global.props.Geometry
Game: Engine MaxAmmoUp global.collectibles.MaxAmmoUp
Game: Engine SupremeInterestFX8A global.effects.SupremeInterestFX
Game: Engine PlacardPos5 dummy
Game: Engine Bull2 bv.characters.Bull
Game: Engine Bull2TrigVolEntity ScriptBase
Game: Engine FountainSoundSource3 global.sound.SoundSource
Game: Engine PaintingDude01Easel2 gen_proploader
Game: Engine PaintingDude01ItemPositionrow1col3 dummy
Game: Engine Lantern1_060 gen_proploader
Game: Engine iron gen_proploader
Game: Engine PlacardPosterBlank2 gen_proploader
Game: Engine PlacardPosterBlank3 gen_proploader
Game: Engine PlacardPosterBlank1 gen_proploader
Game: Engine PlacardPosterRuined3 gen_proploader
Game: Engine PlacardPosterRuined4 gen_proploader
Game: Engine PlacardPosterRuined2 gen_proploader
Game: Engine PlacardPosterBlank4 gen_proploader
Game: Engine PlacardPosterRuined1 gen_proploader
Game: Engine PlacardPoster2 gen_proploader
Game: Engine PlacardPos3 dummy
Game: Engine PlacardPainting3 dummy
Game: Engine meleeSpawner8_PortalAnimator global.props.Animator
Game: Engine meleeSpawner8 global.enemies.CensorPortal
Game: Engine GEN_DOOR global.props.GenDoor
Game: Engine Lantern1_040 gen_proploader
Game: Engine EmoBag01LeftTear global.effects.EmoBagTearFX
Game: Engine Lantern1_039 gen_proploader
Game: Engine EmoBag01 global.collectibles.EmotionalBaggage
Game: Engine EmoBag01RightTear global.effects.EmoBagTearFX
Game: Engine Geometry5D global.props.Geometry
Game: Engine DragonPaintingCard bv.props.Card
Game: Engine DragonPainting bv.props.Painting
Game: Engine PaintingHeartFX5E_Streaksa1 dummy
Game: Engine PaintingHeartFX5E_CardSuita1 dummy
Game: Engine BullDropOff10 bv.props.BullDropOffLocator
Game: Engine PaintingHeartFX5E bv.effects.PaintingHeartFX
Game: Engine PlacardSafety dummy
Game: Engine EmoTag02 global.collectibles.EmotionalBaggageTag
Game: Engine bv_matress global.props.Trampoline
Game: Engine InvisoDoorShutter03 bv.props.WindowShutters
Game: Engine InvisoDoorShutter03fan global.props.Geometry
Game: Engine InvisoDoorShutter03Collide gen_proploader
Game: Engine kissesFXDD_Kissesa1 dummy
Game: Engine kissesFXDD bv.effects.kissesFX
Game: Engine respawnpoint3 GEN_respawnpoint
Game: Engine sfFigment200 global.collectibles.SplineFigment
Game: Engine Brush gen_proploader
Game: Engine CobraPainting bv.props.Painting
Game: Engine Geometry61 global.props.Geometry
Game: Engine CobraPaintingCard bv.props.Card
Game: Engine PaintingSpadeFX62 bv.effects.PaintingSpadeFX
Game: Engine Placardor1 bv.characters.PlacardingDude
Game: Engine PaintingSpadeFX62_Streaksa1 dummy
Game: Engine PaintingSpadeFX62_CardSuita1 dummy
Game: Engine Vines2 gen_proploader
Game: Engine MagicHook01 bv.props.MagicPaintingHook
Game: Engine BullDropOff07 bv.props.BullDropOffLocator
Game: Engine Palette gen_proploader
Game: Engine mcant6f gen_proploader
Game: Engine mcant6c gen_proploader
Game: Engine Lantern1_064 gen_proploader
Game: Engine Cobweb3 global.collectibles.Cobweb
Game: Engine Firewood2 global.props.InteractiveObj
Game: Engine Urinal2 gen_proploader
Game: Engine sfFigment201 global.collectibles.SplineFigment
Game: Engine Cobweb4 global.collectibles.Cobweb
Game: Engine InvisoDoorShutterCam03 dummy
Game: Engine meleeSpawner2 global.enemies.CensorPortal
Game: Engine meleeSpawner2_PortalAnimator global.props.Animator
Game: Engine Lantern1_051 gen_proploader
Game: Engine splLadd1 global.props.Ladder
Game: Engine Cobweb2 global.collectibles.Cobweb
Game: Engine Lantern1_028 gen_proploader
Game: Engine FireEscape01 bv.props.FireEscape
Game: Engine Lantern1_043 gen_proploader
Game: Engine Crank01 global.props.Geometry
Game: Engine splLadd4 global.props.Ladder
Game: Engine FountainSoundSource2 global.sound.SoundSource
Game: Engine manholecontroller bv.props.ManholeController
Game: Engine Urinal3 gen_proploader
Game: Engine splLadd3 global.props.Ladder
Game: Engine Shower3 gen_proploader
Game: Engine Lantern1_041 gen_proploader
Game: Engine Lantern1_030 gen_proploader
Game: Engine Lantern1_061 gen_proploader
Game: Engine Cobweb7 global.collectibles.Cobweb
Game: Engine gardenVault global.characters.Vault
Game: Engine splRope0 global.props.Tightrope
Game: Engine Lantern1_059 gen_proploader
Game: Engine Geometry8B global.props.Geometry
Game: Engine MaxLivesUp1 global.collectibles.MaxLivesUp
Game: Engine mcant6ba gen_proploader
Game: Engine BullDropOff08 bv.props.BullDropOffLocator
Game: Engine Shower4 gen_proploader
Game: Engine respawnpoint2 GEN_respawnpoint
Game: Engine Lantern1_042 gen_proploader
Game: Engine TrampolineAwning global.props.Trampoline
Game: Engine Shower7 gen_proploader
Game: Engine mcant3 gen_proploader
Game: Engine Lantern1_053 gen_proploader
Game: Engine meleeSpawner15_PortalAnimator global.props.Animator
Game: Engine meleeSpawner15 global.enemies.CensorPortal
Game: Engine Shower5 gen_proploader
Game: Engine Lantern1_044 gen_proploader
Game: Engine Vines gen_proploader
Game: Engine MagicHook03 bv.props.MagicPaintingHook
Game: Engine Lantern1_065 gen_proploader
Game: Engine Wall2_Collision global.props.Geometry
Game: Engine Shower8 gen_proploader
Game: Engine Wall2 global.props.Geometry
Game: Engine Shower6 gen_proploader
Game: Engine TKGate1 global.props.Door
Game: Engine TKTrigger1 global.props.Trigger
Game: Engine Bull1 bv.characters.Bull
Game: Engine Bull1HorseShoeFX bv.effects.HorseShoeFX
Game: Engine Bull1TrigVolEntity ScriptBase
Game: Engine BullDropOff09 bv.props.BullDropOffLocator
Game: Engine Shower9 gen_proploader
Game: Engine PaintingDiamondFX66 bv.effects.PaintingDiamondFX
Game: Engine Urinal4 gen_proploader
Game: Engine Lantern1_046 gen_proploader
Game: Engine Geometry65 global.props.Geometry
Game: Engine EaglePaintingCard bv.props.Card
Game: Engine EaglePainting bv.props.Painting
Game: Engine Lantern1_045 gen_proploader
Game: Engine PaintingDiamondFX66_Streaksa1 dummy
Game: Engine PaintingDiamondFX66_CardSuita1 dummy
Game: Engine Lantern1_049 gen_proploader
Game: Engine Shower2 gen_proploader
Game: Engine Lantern1_063 gen_proploader
Game: Engine FireEscape02 bv.props.FireEscape
Game: Engine Urinal5 gen_proploader
Game: Engine Lantern1_050 gen_proploader
Game: Engine Crank02 global.props.Geometry
Game: Engine meleeSpawner5 global.enemies.CensorPortal
Game: Engine meleeSpawner5_PortalAnimator global.props.Animator
Game: Engine genLevelLoadBVES GEN_LevelLoad_Volume
Game: Engine meleeSpawner18_PortalAnimator global.props.Animator
Game: Engine meleeSpawner18 global.enemies.CensorPortal
Game: Engine Lantern1_048 gen_proploader
Game: Engine Lantern1_054 gen_proploader
Game: Engine ladder03 gen_proploader
Game: Engine meleeSpawner12 global.enemies.CensorPortal
Game: Engine meleeSpawner12_PortalAnimator global.props.Animator
Game: Engine sfFigment202 global.collectibles.SplineFigment
Game: Engine sfFigment208 global.collectibles.SplineFigment
Game: Engine Cobweb5 global.collectibles.Cobweb
Game: Engine meleeSpawner17 global.enemies.CensorPortal
Game: Engine meleeSpawner17_PortalAnimator global.props.Animator
Game: Engine SewerVault global.characters.Vault
Game: Engine meleeSpawner6 global.enemies.CensorPortal
Game: Engine meleeSpawner6_PortalAnimator global.props.Animator
Game: Engine meleeSpawner7_PortalAnimator global.props.Animator
Game: Engine meleeSpawner7 global.enemies.CensorPortal
Game: Engine CensorMelee98 global.enemies.CensorMelee
Game: Engine CensorSuicide9E global.enemies.CensorSuicide
Game: Engine ScriptBaseD3 ScriptBase
Game: Engine CensorBurlyA5 global.enemies.CensorBurly
Game: Engine CensorSuicideA2 global.enemies.CensorSuicide
Game: Engine CensorMelee9D global.enemies.CensorMelee
Game: Engine ScriptBaseD6 ScriptBase
Game: Engine CensorBurlyA3 global.enemies.CensorBurly
Game: Engine CensorSniper6E global.enemies.CensorSniper
Game: Engine CensorSuicide9Ehat dummy
Game: Engine CensorSuicideA2hat dummy
Game: Engine CensorMelee9Dhat dummy
Game: Engine CensorMelee98hat dummy
Game: Engine meleeSpawner13_PortalAnimator global.props.Animator
Game: Engine meleeSpawner13 global.enemies.CensorPortal
Game: Engine sfFigment207 global.collectibles.SplineFigment
Game: Engine Lantern1_047 gen_proploader
Game: Engine meleeSpawner14_PortalAnimator global.props.Animator
Game: Engine meleeSpawner14 global.enemies.CensorPortal
Game: Engine sniper1 global.enemies.CensorSniper
Game: Engine BVRBOatmeal2 global.characters.Oatmeal
Game: Engine Lantern1_058 gen_proploader
Game: Engine PaintingDude03PaintEasel gen_proploader
Game: Engine PaintingDude03PaintBrush dummy
Game: Engine PaintingDude03 bv.characters.DalmationPainter
Game: Engine EmoTag03 global.collectibles.EmotionalBaggageTag
Game: Engine Cantlamp3 bv.props.CantileverFlag
Game: Engine PaintingDude03Easel1 gen_proploader
Game: Engine Geometry58 global.props.Geometry
Game: Engine VinePainting bv.props.MagicPainting
Game: Engine PaintingDude03ItemPositionrow1col1 dummy
Game: Engine MagicHook02 bv.props.MagicPaintingHook
Game: Engine Vines4 gen_proploader
Game: Engine PaintingDude03Easel2 gen_proploader
Game: Engine WindowPainting bv.props.MagicPainting
Game: Engine Geometry55 global.props.Geometry
Game: Engine PaintingDude03ItemPositionrow1col2 dummy
Game: Engine MagicWindowBefore gen_proploader
Game: Engine Lantern1_055 gen_proploader
Game: Engine pole02 gen_proploader
Game: Engine sfFigment203 global.collectibles.SplineFigment
Game: Engine LadderPaintingladderladder gen_proploader
Game: Engine LadderPaintingladdershortladder gen_proploader
Game: Engine GeometryE0 global.props.Geometry
Game: Engine LadderPaintingladder bv.props.MagicPaintingLadder
Game: Engine ArchPaintingAnimated bv.props.MagicPaintingArchway
Game: Engine VinePaintingAnimated ScriptBase
Game: Engine Rose3PaintingRose bv.props.Rose
Game: Engine WindowPaintingExpanded gen_proploader
Game: Engine Rose2PaintingRose bv.props.Rose
Game: Engine Rose2PaintingAnimated ScriptBase
Game: Engine GeometryE2 global.props.Geometry
Game: Engine Rose3PaintingAnimated ScriptBase