Game: Engine Dart Dart
Game: Engine RazLH_EntryFX global.props.Geometry
Game: Engine RankBling global.otherentities.RankBling
Game: Engine GlobalBugs global.effects.HindenbugEmitter
Game: Engine Pollen global.effects.PollenEmitter
Game: Engine CABH_dartPos dummy
Game: Engine Seagull1 ca.characters.Seagull
Game: Engine Seagull4Fish2 global.props.Geometry
Game: Engine Seagull4 ca.characters.Seagull
Game: Engine waterCrawlCam dummy
Game: Engine Seagull1Fish1 global.props.Geometry
Game: Engine waterCrawlTarg dummy
Game: Engine Seagull4Fish1 global.props.Geometry
Game: Engine LakesoundLSOSoundSource ScriptBase
Game: Engine gio_GIO_42 global.props.GIO
Game: Engine gio_GIO_47 global.props.GIO
Game: Engine waterRespawn dummy
Game: Engine gio_GIO_23 global.props.GIO
Game: Engine MegaArrowhead1 global.collectibles.MegaArrowhead
Game: Engine gio_GIO_46 global.props.GIO
Game: Engine Seagull3 ca.characters.Seagull
Game: Engine TreestumpGag1 ca.props.TreestumpTeleporterGag
Game: Engine gio_GIO_41 global.props.GIO
Game: Engine gio_GIO_17 global.props.GIO
Game: Engine cabhStump ca.props.TreestumpTeleporter
Game: Engine Seagull3Fish1 global.props.Geometry
Game: Engine gio_GIO_21 global.props.GIO
Game: Engine gio_GIO_50 global.props.GIO
Game: Engine gio_GIO_40 global.props.GIO
Game: Engine gio_GIO_22 global.props.GIO
Game: Engine gio_GIO_49 global.props.GIO
Game: Engine PsiCard12 global.collectibles.PSIChallengeCard
Game: Engine gio_GIO_4 global.props.GIO
Game: Engine PsiChallengeCardFX4F global.effects.PsiChallengeCardFX
Game: Engine InterestFX4E global.effects.InterestFX
Game: Engine arrowhead6 global.collectibles.Arrowhead
Game: Engine AHIdleFX21 global.effects.AHIdleFX
Game: Engine splRail32 global.props.Railslide
Game: Engine arrowhead7 global.collectibles.Arrowhead
Game: Engine AHIdleFX22 global.effects.AHIdleFX
Game: Engine gio_GIO_39 global.props.GIO
Game: Engine gio_GIO_6 global.props.GIO
Game: Engine gio_GIO_51 global.props.GIO
Game: Engine gio_GIO_37 global.props.GIO
Game: Engine gio_GIO_38 global.props.GIO
Game: Engine splRail34 global.props.Railslide
Game: Engine splRail33 global.props.Railslide
Game: Engine splRail38 global.props.Railslide
Game: Engine InfoKiosk ca.props.InfoKiosk
Game: Engine Seagull2Fish1 global.props.Geometry
Game: Engine splRail37 global.props.Railslide
Game: Engine gio_GIO_11 global.props.GIO
Game: Engine gio_GIO_48 global.props.GIO
Game: Engine gio_GIO_30 global.props.GIO
Game: Engine Seagull2 ca.characters.Seagull
Game: Engine gio_GIO_20 global.props.GIO
Game: Engine gio_GIO_26 global.props.GIO
Game: Engine gio_GIO_0 global.props.GIO
Game: Engine gio_GIO_29 global.props.GIO
Game: Engine gio_GIO_28 global.props.GIO
Game: Engine SignLSOa ca.props.Sign
Game: Engine gio_GIO_9 global.props.GIO
Game: Engine gio_GIO_43 global.props.GIO
Game: Engine Polea gen_proploader
Game: Engine gio_GIO_31 global.props.GIO
Game: Engine Geometry2F global.props.Geometry
Game: Engine ScavComic ca.props.ScavengerHuntItem
Game: Engine InterestFX2E global.effects.InterestFX
Game: Engine gio_GIO_32 global.props.GIO
Game: Engine SignsLSOb ca.props.Sign
Game: Engine Subdock8 ca.props.DockPlatform
Game: Engine Polec gen_proploader
Game: Engine gio_GIO_18 global.props.GIO
Game: Engine gio_GIO_24 global.props.GIO
Game: Engine arrowhead4 global.collectibles.Arrowhead
Game: Engine fromCAGP1 dummy
Game: Engine splRail35 global.props.Railslide
Game: Engine arrowhead2 global.collectibles.Arrowhead
Game: Engine MegaArrowhead6 global.collectibles.MegaArrowhead
Game: Engine Poleg gen_proploader
Game: Engine gio_GIO_19 global.props.GIO
Game: Engine splRail36 global.props.Railslide
Game: Engine Polee gen_proploader
Game: Engine MegaArrowhead5 global.collectibles.MegaArrowhead
Game: Engine Subdock9 ca.props.DockPlatform
Game: Engine PsiCard9 global.collectibles.PSIChallengeCard
Game: Engine InterestFX48 global.effects.InterestFX
Game: Engine AS_Branch3 as.props.AS_Branch
Game: Engine PsiChallengeCardFX49 global.effects.PsiChallengeCardFX
Game: Engine AS_Branch1 as.props.AS_Branch
Game: Engine arrowhead8 global.collectibles.Arrowhead
Game: Engine Pole1 gen_proploader
Game: Engine gio_GIO_45 global.props.GIO
Game: Engine gio_GIO_33 global.props.GIO
Game: Engine gio_GIO_35 global.props.GIO
Game: Engine PsiChallengeMarker global.collectibles.PsiChallengeMarker
Game: Engine Geometry57 global.props.Geometry
Game: Engine InterestFX4C global.effects.InterestFX
Game: Engine PsiCard11 global.collectibles.PSIChallengeCard
Game: Engine PsiChallengeCardFX4D global.effects.PsiChallengeCardFX
Game: Engine gio_GIO_1 global.props.GIO
Game: Engine InterestFX46 global.effects.InterestFX
Game: Engine PsiCard8 global.collectibles.PSIChallengeCard
Game: Engine PsiChallengeCardFX47 global.effects.PsiChallengeCardFX
Game: Engine gio_GIO_27 global.props.GIO
Game: Engine gio_GIO_34 global.props.GIO
Game: Engine Cantiliver4Md gen_proploader
Game: Engine Poleb gen_proploader
Game: Engine Cantiliver4Me gen_proploader
Game: Engine arrowhead10 global.collectibles.Arrowhead
Game: Engine InterestFX54 global.effects.InterestFX
Game: Engine PsiCard17 global.collectibles.PSIChallengeCard
Game: Engine gio_GIO_7 global.props.GIO
Game: Engine arrowhead9 global.collectibles.Arrowhead
Game: Engine Cantiliver4Mc gen_proploader
Game: Engine arrowhead5 global.collectibles.Arrowhead
Game: Engine PsiChallengeCardFX55 global.effects.PsiChallengeCardFX
Game: Engine Cantiliver4Mb gen_proploader
Game: Engine Cantiliver4Mf gen_proploader
Game: Engine CABHtoCAGP1 ca.props.CATeleporter
Game: Engine gio_GIO_13 global.props.GIO
Game: Engine Cantiliver4Ma gen_proploader
Game: Engine arrowhead11 global.collectibles.Arrowhead
Game: Engine MegaArrowhead7 global.collectibles.MegaArrowhead
Game: Engine InterestFX52 global.effects.InterestFX
Game: Engine PsiCard15 global.collectibles.PSIChallengeCard
Game: Engine Poled gen_proploader
Game: Engine PsiChallengeCardFX53 global.effects.PsiChallengeCardFX
Game: Engine gio_GIO_36 global.props.GIO
Game: Engine AHIdleFX19 global.effects.AHIdleFX
Game: Engine arrowhead1 global.collectibles.Arrowhead
Game: Engine MegaArrowhead4 global.collectibles.MegaArrowhead
Game: Engine PsiCard6 global.collectibles.PSIChallengeCard
Game: Engine InterestFX42 global.effects.InterestFX
Game: Engine PsiChallengeCardFX43 global.effects.PsiChallengeCardFX
Game: Engine splRope43 global.props.Tightrope
Game: Engine gio_GIO_12 global.props.GIO
Game: Engine gio_GIO_10 global.props.GIO
Game: Engine PsiChallengeCardFX51 global.effects.PsiChallengeCardFX
Game: Engine PsiCard14 global.collectibles.PSIChallengeCard
Game: Engine InterestFX50 global.effects.InterestFX
Game: Engine gio_GIO_44 global.props.GIO
Game: Engine Poleh gen_proploader
Game: Engine MegaArrowhead2 global.collectibles.MegaArrowhead
Game: Engine polySurface7 global.props.Geometry
Game: Engine Polef gen_proploader
Game: Engine gio_GIO_25 global.props.GIO
Game: Engine Ford ca.characters.Ford
Game: Engine fromCAMA2 dummy
Game: Engine PsiChallengeCardFX45 global.effects.PsiChallengeCardFX
Game: Engine arrowhead3 global.collectibles.Arrowhead
Game: Engine PsiCard7 global.collectibles.PSIChallengeCard
Game: Engine InterestFX44 global.effects.InterestFX
Game: Engine Subdock10 ca.props.DockPlatform
Game: Engine PsiCard10 global.collectibles.PSIChallengeCard
Game: Engine Pole2 gen_proploader
Game: Engine PsiChallengeCardFX4B global.effects.PsiChallengeCardFX
Game: Engine InterestFX4A global.effects.InterestFX
Game: Engine CanoeTEMP7 gen_proploader
Game: Engine gio_GIO_14 global.props.GIO
Game: Engine garbageCan global.props.Geometry
Game: Engine Polei gen_proploader
Game: Engine InterestFX36 global.effects.InterestFX
Game: Engine PsiCard global.collectibles.PSIChallengeCard
Game: Engine PsiChallengeCardFX3B global.effects.PsiChallengeCardFX
Game: Engine PsiChallengeCardFX41 global.effects.PsiChallengeCardFX
Game: Engine PsiCard5 global.collectibles.PSIChallengeCard
Game: Engine InterestFX40 global.effects.InterestFX
Game: Engine trapeze1 trapeez
Game: Engine PsiCard2 global.collectibles.PSIChallengeCard
Game: Engine InterestFX3D global.effects.InterestFX
Game: Engine PsiChallengeCardFX39 global.effects.PsiChallengeCardFX
Game: Engine splLadd45 global.props.Ladder
Game: Engine splRope42 global.props.Tightrope
Game: Engine Subdock5 ca.props.DockPlatform
Game: Engine InterestFX3C global.effects.InterestFX
Game: Engine PsiCard1 global.collectibles.PSIChallengeCard
Game: Engine PsiChallengeCardFX38 global.effects.PsiChallengeCardFX
Game: Engine arrowhead12 global.collectibles.Arrowhead
Game: Engine splRope41 global.props.Tightrope
Game: Engine splRope44 global.props.Tightrope
Game: Engine LakesoundLSO global.sound.PointAmbientSound
Game: Engine splRail39 global.props.Railslide
Game: Engine Subdock3 ca.props.DockPlatform
Game: Engine ScavDiversHelmet ca.props.ScavengerHuntItem
Game: Engine Geometry31 global.props.Geometry
Game: Engine Flounder ca.characters.Flounder
Game: Engine MegaArrowhead3 global.collectibles.MegaArrowhead
Game: Engine BobbyblocksCollideGEO global.props.Geometry
Game: Engine PsiCard3 global.collectibles.PSIChallengeCard
Game: Engine PsiChallengeCardFX37 global.effects.PsiChallengeCardFX
Game: Engine Subdock7 ca.props.DockPlatform
Game: Engine Subdock6 ca.props.DockPlatform
Game: Engine splRail40 global.props.Railslide
Game: Engine PsiCard4 global.collectibles.PSIChallengeCard
Game: Engine Bobby ca.characters.Bobby
Game: Engine PsiChallengeCardFX3A global.effects.PsiChallengeCardFX
Game: Engine fromCAMA1 dummy
Game: Engine Benny ca.characters.Benny
Game: Engine CABHtoCAMA1 ca.props.CATeleporter
Game: Engine bathosphere global.props.Geometry
Game: Engine BathosphereDoor global.props.Door
Game: Engine Subdock11 ca.props.DockPlatform
Game: Engine CanoeTEMP2 gen_proploader
Game: Engine Milla ca.characters.Milla
Game: Engine genproploadertempwater gen_WaterPlane
Game: Engine rock143 global.props.Geometry
Game: Engine CanoeTEMP gen_proploader
Game: Engine ScriptBase8D ScriptBase
Game: Engine ScriptBase90 ScriptBase
Game: Engine Cougar32CollisionShell global.props.Geometry
Game: Engine Cougar32 global.enemies.Cougar
Game: Engine slimmyrocksmall10 global.props.Geometry
Game: Engine slimmyrocksmall11 global.props.Geometry
Game: Engine Minecart ca.props.MineCart
Game: Engine InvDisplayer global.otherentities.InvAdder
Game: Engine Dart_FXf_Streamersa1 dummy
Game: Engine Dart_FXf global.effects.invisibilityShockwaveFX
Game: Engine PsiBlastAirHit16 global.effects.PsiBlastAirHit
Game: Engine PsiBlastDeflectFX17 global.effects.PsiBlastDeflectFX
Game: Engine PsiBlastHitSuperFX18 global.effects.PsiBlastHitSuperFX
Game: Engine Dart_FXa global.effects.InvisoEyeFX
Game: Engine AHGasFX1A global.effects.AHGasFX
Game: Engine AHCollectionFX1B global.effects.AHCollectionFX
Game: Engine AHCollectionFX1B_Payoffa1 dummy
Game: Engine Mover1C global.otherentities.Mover
Game: Engine PsiBlast5DeflectedPsiBlast global.props.Geometry
Game: Engine PsiBlast5 PsiBlast
Game: Engine PsiBlast4DeflectedPsiBlast global.props.Geometry
Game: Engine PsiBlast4 PsiBlast
Game: Engine PsiBlast3DeflectedPsiBlast global.props.Geometry
Game: Engine PsiBlast3 PsiBlast
Game: Engine PsiBlast2DeflectedPsiBlast global.props.Geometry
Game: Engine PsiBlast2 PsiBlast
Game: Engine RazRespawnFX3 global.effects.RazRespawnFX
Game: Engine PsiBlast1DeflectedPsiBlast global.props.Geometry
Game: Engine PsiBlast1 PsiBlast
Game: Engine PsiBlast0DeflectedPsiBlast global.props.Geometry
Game: Engine PsiBlast0 PsiBlast
Game: Engine RazPreDeathFX2 global.effects.RazPreDeathFX
Game: Engine RailSlideWoodFX28 global.effects.RailSlideWoodFX
Game: Engine TelekinesisClaw2RazTKClawLine ParticleEmitter
Game: Engine TelekinesisClaw2TKHolder dummy
Game: Engine Cougar32_Ball Gen_CollideBall
Game: Engine EnemyDeathFX33 global.effects.EnemyDeathFX
Game: Engine CougarDirectionalHeatFX34 global.effects.CougarDirectionalHeatFX
Game: Engine baconPoofBearFX35 global.effects.baconPoofBearFX
Game: Engine TelekinesisClaw2 TKClaw
Game: Engine PlayerInvulIndicator global.effects.RazDamageFX
Game: Engine PsiBlastFX14 global.effects.PsiBlastFX
Game: Engine PsiRailFX13 global.effects.PsiRailFX
Game: Engine ThoughtBubbleSpikes ScriptBase
Game: Engine ball_trail engine.BallTrail
Game: Engine ThoughtBubbleBounce2 global.effects.PsiBallRingsBounceFX
Game: Engine Decorator1 global.props.Decorator
Game: Engine RazPsiShield PsiShield
Game: Engine ThoughtBubbleBounce global.effects.PsiBallRingsBounceFX
Game: Engine ThoughtBubbleRings global.effects.PsiBallRingsFX
Game: Engine BallPopFX12 global.effects.BallPopFX
Game: Engine ConfusionGrenade11_fx2_StreakPopa1 dummy
Game: Engine FireStartExplodeFX0 global.effects.FireStartExplodeFX
Game: Engine FigmentGlobals global.collectibles.FigmentGlobals
Game: Engine SetFogAndZ global.otherentities.SetFogAndZ
Game: Engine RoundPlato global.props.Geometry
Game: Engine ConfusionGrenade11_fx2 global.effects.ConfusionBombFX
Game: Engine ConfusionGrenade11_fx1 global.effects.ConfusionFuseFX
Game: Engine ConfusionGrenade11 global.props.ConfusionGrenade
Game: Engine ClairCamUpdaterF global.otherentities.ClairCamUpdater
Game: Engine Clairvoyance_Cloud ParticleEmitter
Game: Engine Dialog_Cloud ParticleEmitter
Game: Engine Dart_FXb global.effects.PsiShieldFailFX
Game: Engine WaterlineRipple global.props.Geometry
Game: Engine DialogBubble_SubCloud_0 ParticleEmitter
Game: Engine DialogBubble_SubCloud_1 ParticleEmitter
Game: Engine DialogBubble_SubCloud_2 ParticleEmitter
Game: Engine LedgeDirtFX94 global.effects.LedgeDirtFX
Game: Engine RazRH global.props.DartMeleeHand
Game: Engine RazLH global.props.DartMeleeHand
Game: Engine RazSteamRecoverFX5 global.effects.RazSteamRecoverFX
Game: Engine Ropewalkway global.props.Geometry
Game: Engine Tires global.props.Geometry
Game: Engine PufferHanging2 global.props.Geometry
Game: Engine TelekinesisClaw1RazTKClawLine ParticleEmitter
Game: Engine TelekinesisClaw1TKHolder dummy
Game: Engine TelekinesisClaw1 TKClaw
Game: Engine TKClawRazTKClawLine ParticleEmitter
Game: Engine PufferHanging1 global.props.Geometry
Game: Engine Wheel global.props.Geometry
Game: Engine Bass2 global.props.Geometry
Game: Engine LifePreserver global.props.Geometry
Game: Engine CanoesWall global.props.Geometry
Game: Engine OarRack global.props.Geometry
Game: Engine Bass global.props.Geometry
Game: Engine SeaObjs global.props.Geometry
Game: Engine Portraits global.props.Geometry
Game: Engine SlimmyRocksB global.props.Geometry
Game: Engine SlimmyRocks global.props.Geometry
Game: Engine leaves CameraAlphaEntity
Game: Engine Mud58 ca.effects.Mud
Game: Engine Mud58_Muda1 dummy
Game: Engine AmbiencePlayer global.sound.RandomAmbiencePlayer
Game: Engine TKClawTKHolder dummy
Game: Engine FireStartExplodeSuperFX4 global.effects.FireStartExplodeSuperFX
Game: Engine SquirrelGibSmoke ca.effects.SquirrelJibSmokeFX
Game: Engine TKClaw TKClaw
Game: Engine ThoughtBubbleRings2 global.effects.PsiBallRingsFX
Game: Engine PsiBlastHitFX15 global.effects.PsiBlastHitFX
Game: Engine Hindenbugs global.effects.HindenbugEmitter
Game: Engine Global global.GlobalClass
Game: Engine Dart_FXe global.effects.NoAmmoFX
Game: Engine Thought_Bubble_Spring ParticleEmitter
Game: Engine Thought_SubCloud_2 ParticleEmitter
Game: Engine SaltFX global.props.Geometry
Game: Engine ConfusionFX62 global.effects.ConfusionFX
Game: Engine ConfusionFX63 global.effects.ConfusionFX
Game: Engine ConfusionFX64 global.effects.ConfusionFX
Game: Engine ConfusionFX65 global.effects.ConfusionFX
Game: Engine ConfusionFX66 global.effects.ConfusionFX
Game: Engine ConfusionFX67 global.effects.ConfusionFX
Game: Engine ConfusionFX68 global.effects.ConfusionFX
Game: Engine ConfusionFX69 global.effects.ConfusionFX
Game: Engine HealthAmmo6A global.collectibles.HealthAmmo
Game: Engine HealthAmmo6B global.collectibles.HealthAmmo
Game: Engine HealthAmmo6C global.collectibles.HealthAmmo
Game: Engine ConfusionAmmo6D global.collectibles.ConfusionAmmo
Game: Engine ConfusionAmmo6E global.collectibles.ConfusionAmmo
Game: Engine ConfusionAmmo6F global.collectibles.ConfusionAmmo
Game: Engine PsiBlastAmmo70 global.collectibles.PsiBlastAmmo
Game: Engine PsiBlastAmmo71 global.collectibles.PsiBlastAmmo
Game: Engine PsiBlastAmmo72 global.collectibles.PsiBlastAmmo
Game: Engine ArrowheadAmmo73 global.collectibles.ArrowheadAmmo
Game: Engine ArrowheadAmmo74 global.collectibles.ArrowheadAmmo
Game: Engine ArrowheadAmmo75 global.collectibles.ArrowheadAmmo
Game: Engine ca.CABHCutscenes ca.CABHCutscenes
Game: Engine EZSceneTools76 global.camera.EZSceneTools
Game: Engine cutsceneEmoTag ScriptBase
Game: Engine DummyWhistle dummy
Game: Engine DummyLungfish global.characters.ActionActor
Game: Engine WaterFXManager global.effects.WaterFXManager
Game: Engine RunningRippleFX global.effects.RunningRippleFX
Game: Engine WaterRingsFX global.effects.WaterRingsFX
Game: Engine SplashFX77 global.effects.SplashFX
Game: Engine SplashFX77_Dropsa1 dummy
Game: Engine SplashFX78 global.effects.SplashFX
Game: Engine SplashFX78_Dropsa1 dummy
Game: Engine SplashFX79 global.effects.SplashFX
Game: Engine SplashFX79_Dropsa1 dummy
Game: Engine SplashFX7A global.effects.SplashFX
Game: Engine SplashFX7A_Dropsa1 dummy
Game: Engine SplashFX7B global.effects.SplashFX
Game: Engine SplashFX7B_Dropsa1 dummy
Game: Engine WaterSplash7C global.effects.WaterSplash
Game: Engine WaterRingsFX7D global.effects.WaterRingsFX
Game: Engine WaterRingsFX7E global.effects.WaterRingsFX
Game: Engine InstaHintFord global.characters.InstaHintFord
Game: Engine baconPoofFX7F global.effects.baconPoofFX
Game: Engine MillaAnnouncer global.props.Geometry
Game: Engine FordAnnouncer global.props.Geometry
Game: Engine WaterCurse ca.props.WaterCurse
Game: Engine Thought_SubCloud_1 ParticleEmitter
Game: Engine Thought_SubCloud_0 ParticleEmitter
Game: Engine Thought_Cloud ParticleEmitter
Game: Engine Thought_Bubble_Roll ParticleEmitter
Game: Engine PutAwayFX80 global.effects.PutAwayFX
Game: Engine FigmentFX81 global.effects.FigmentFX
Game: Engine FigmentFX81_Mista1 dummy
Game: Engine RankUpFX82 global.effects.RankUpFX
Game: Engine RankUpFX82_Sparka1 dummy
Game: Engine RazPsiShieldFX global.effects.PsiShieldFX
Game: Engine Decorator83 global.props.Decorator
Game: Engine MeleeHit84 global.effects.MeleeHit
Game: Engine MeleeHit85 global.effects.MeleeHit
Game: Engine MeleeHit86 global.effects.MeleeHit
Game: Engine MeleeHitNot87 global.effects.MeleeHitNot
Game: Engine MeleeHitNot88 global.effects.MeleeHitNot
Game: Engine MeleeFistFade89 global.effects.MeleeFistFade
Game: Engine PalmBombFX8A global.effects.PalmBombFX
Game: Engine RazLH_SwishFX1 global.props.Geometry
Game: Engine RazLH_SwishFX2 global.props.Geometry
Game: Engine RazLH_SwishFX3 global.props.Geometry
Game: Engine RazLH_SwishFX4 global.props.Geometry
Game: Engine ThoughtBubble ThoughtBubble
Game: Engine RazLH_ShockFX global.props.DartShockwave
Game: Engine PalmBombSuperFX8B global.effects.PalmBombSuperFX
Game: Engine PalmBombSuperHandsFX8C global.effects.PalmBombSuperHandsFX
Game: Engine SlimmyRocksD global.props.Geometry
Game: Engine MeleeFistFade8E global.effects.MeleeFistFade
Game: Engine MeleeCraneFX8F global.effects.MeleeCraneFX
Game: Engine RazRH_SwishFX1 global.props.Geometry
Game: Engine RazRH_SwishFX2 global.props.Geometry
Game: Engine RazRH_SwishFX3 global.props.Geometry
Game: Engine slimmyrocksmall3 global.props.Geometry
Game: Engine slimmyrocksmall7 global.props.Geometry
Game: Engine slimmyrocksmall8 global.props.Geometry