Game: Engine Dart Dart
Game: Engine RazLH_EntryFX global.props.Geometry
Game: Engine Killrespawnpoint1 GEN_respawnpoint
Game: Engine RankBling global.otherentities.RankBling
Game: Engine GEN_dartstart GEN_dartstart
Game: Engine SignLSOa ca.props.Sign
Game: Engine gio_GIO_167 global.props.GIO
Game: Engine Pollen global.effects.PollenEmitter
Game: Engine GlobalBugs global.effects.HindenbugEmitter
Game: Engine gio_GIO_171 global.props.GIO
Game: Engine SalamanderD ca.characters.Salamander
Game: Engine GrasshoperA ca.characters.Grasshopper
Game: Engine Squirrela ca.characters.Squirrel
Game: Engine gio_GIO_0 global.props.GIO
Game: Engine Arrowhead global.collectibles.Arrowhead
Game: Engine AHIdleFX43 global.effects.AHIdleFX
Game: Engine Canopy80 CameraAlphaEntity
Game: Engine gio_GIO_258 global.props.GIO
Game: Engine CuteBird2 ca.characters.CuteBird
Game: Engine PsiChallengeCardFX79 global.effects.PsiChallengeCardFX
Game: Engine PsiCard8 global.collectibles.PSIChallengeCard
Game: Engine InterestFX78 global.effects.InterestFX
Game: Engine group639 global.props.Geometry
Game: Engine CuteBird1 ca.characters.CuteBird
Game: Engine gio_GIO_255 global.props.GIO
Game: Engine StreamAmbSoundPlayer global.sound.RailAmbientSound
Game: Engine treetop20 global.props.Geometry
Game: Engine Canopy74 CameraAlphaEntity
Game: Engine gio_GIO_170 global.props.GIO
Game: Engine gio_GIO_1 global.props.GIO
Game: Engine gio_GIO_257 global.props.GIO
Game: Engine __Dupe_treetop39__1 global.props.Geometry
Game: Engine GrasshoperB ca.characters.Grasshopper
Game: Engine gio_GIO_21 global.props.GIO
Game: Engine CuteBird10 ca.characters.CuteBird
Game: Engine Squirrelb ca.characters.Squirrel
Game: Engine gio_GIO_22 global.props.GIO
Game: Engine Arrowhead9 global.collectibles.Arrowhead
Game: Engine gio_GIO_23 global.props.GIO
Game: Engine SignLSOb ca.props.Sign
Game: Engine splRail153 global.props.Railslide
Game: Engine Arrowhead2 global.collectibles.Arrowhead
Game: Engine gio_GIO_172 global.props.GIO
Game: Engine gio_GIO_24 global.props.GIO
Game: Engine MegaArrowhead5 global.collectibles.MegaArrowhead
Game: Engine gio_GIO_43 global.props.GIO
Game: Engine gio_GIO_44 global.props.GIO
Game: Engine gio_GIO_254 global.props.GIO
Game: Engine gio_GIO_42 global.props.GIO
Game: Engine gio_GIO_25 global.props.GIO
Game: Engine gio_GIO_253 global.props.GIO
Game: Engine gio_GIO_41 global.props.GIO
Game: Engine gio_GIO_26 global.props.GIO
Game: Engine Canopy73 CameraAlphaEntity
Game: Engine group638 global.props.Geometry
Game: Engine Dart_FXf global.effects.invisibilityShockwaveFX
Game: Engine Dart_FXf_Streamersa1 dummy
Game: Engine RazLH_SwishFX3 global.props.Geometry
Game: Engine RazLH_SwishFX2 global.props.Geometry
Game: Engine RazLH_SwishFX1 global.props.Geometry
Game: Engine PalmBombFXD7 global.effects.PalmBombFX
Game: Engine MeleeFistFadeD6 global.effects.MeleeFistFade
Game: Engine MeleeHitNotD5 global.effects.MeleeHitNot
Game: Engine RazLH_SwishFX4 global.props.Geometry
Game: Engine MeleeHitNotD4 global.effects.MeleeHitNot
Game: Engine MeleeHitD3 global.effects.MeleeHit
Game: Engine MeleeHitD2 global.effects.MeleeHit
Game: Engine treetop global.props.Geometry
Game: Engine treetop1 global.props.Geometry
Game: Engine treetop3 global.props.Geometry
Game: Engine treetop4 global.props.Geometry
Game: Engine polySurface142823 global.props.Geometry
Game: Engine treetop10 global.props.Geometry
Game: Engine MeleeHitD1 global.effects.MeleeHit
Game: Engine treetop25 global.props.Geometry
Game: Engine DecoratorD0 global.props.Decorator
Game: Engine treetop27 global.props.Geometry
Game: Engine treetop28 global.props.Geometry
Game: Engine treetop30 global.props.Geometry
Game: Engine treetop31 global.props.Geometry
Game: Engine treetop33 global.props.Geometry
Game: Engine treetop34 global.props.Geometry
Game: Engine RazPsiShieldFX global.effects.PsiShieldFX
Game: Engine RankUpFXCF_Sparka1 dummy
Game: Engine treetop37 global.props.Geometry
Game: Engine treetop38 global.props.Geometry
Game: Engine treetop44 global.props.Geometry
Game: Engine treetop45 global.props.Geometry
Game: Engine RankUpFXCF global.effects.RankUpFX
Game: Engine treetop47 global.props.Geometry
Game: Engine treetop48 global.props.Geometry
Game: Engine polySurface142825 global.props.Geometry
Game: Engine treetop49 global.props.Geometry
Game: Engine treetop50 global.props.Geometry
Game: Engine treetop51 global.props.Geometry
Game: Engine polySurface142826 global.props.Geometry
Game: Engine treetop52 global.props.Geometry
Game: Engine treetop53 global.props.Geometry
Game: Engine FigmentFXCE_Mista1 dummy
Game: Engine FigmentFXCE global.effects.FigmentFX
Game: Engine PutAwayFXCD global.effects.PutAwayFX
Game: Engine RazRH_SwishFX1 global.props.Geometry
Game: Engine RazRH_SwishFX2 global.props.Geometry
Game: Engine RazRH_SwishFX3 global.props.Geometry
Game: Engine LedgeDirtFXE1 global.effects.LedgeDirtFX
Game: Engine DialogBubble_SubCloud_2 ParticleEmitter
Game: Engine CAGPWaterFXCC ca.effects.CAGPWaterFX
Game: Engine DialogBubble_SubCloud_1 ParticleEmitter
Game: Engine DialogBubble_SubCloud_0 ParticleEmitter
Game: Engine Dialog_Cloud ParticleEmitter
Game: Engine Clairvoyance_Cloud ParticleEmitter
Game: Engine FordAnnouncer global.props.Geometry
Game: Engine polySurface142834 global.props.Geometry
Game: Engine polySurface142835 global.props.Geometry
Game: Engine treetop39 global.props.Geometry
Game: Engine MillaAnnouncer global.props.Geometry
Game: Engine polySurface142827 global.props.Geometry
Game: Engine treetop23 global.props.Geometry
Game: Engine PsiBlast5DeflectedPsiBlast global.props.Geometry
Game: Engine treetop5 global.props.Geometry
Game: Engine treetop7 global.props.Geometry
Game: Engine treetop6 global.props.Geometry
Game: Engine treetop8 global.props.Geometry
Game: Engine treetop9 global.props.Geometry
Game: Engine treetop11 global.props.Geometry
Game: Engine treetop12 global.props.Geometry
Game: Engine treetop15 global.props.Geometry
Game: Engine treetop13 global.props.Geometry
Game: Engine treetop16 global.props.Geometry
Game: Engine treetop14 global.props.Geometry
Game: Engine treetop17 global.props.Geometry
Game: Engine treetop18 global.props.Geometry
Game: Engine treetop19 global.props.Geometry
Game: Engine treetop54 global.props.Geometry
Game: Engine treetop21 global.props.Geometry
Game: Engine treetop22 global.props.Geometry
Game: Engine baconPoofFXCB global.effects.baconPoofFX
Game: Engine InstaHintFord global.characters.InstaHintFord
Game: Engine PsiBlast5 PsiBlast
Game: Engine PsiBlast4DeflectedPsiBlast global.props.Geometry
Game: Engine WaterRingsFXCA global.effects.WaterRingsFX
Game: Engine WaterRingsFXC9 global.effects.WaterRingsFX
Game: Engine WaterSplashC8 global.effects.WaterSplash
Game: Engine PsiBlast4 PsiBlast
Game: Engine SplashFXC7_Dropsa1 dummy
Game: Engine SplashFXC7 global.effects.SplashFX
Game: Engine PsiBlast3DeflectedPsiBlast global.props.Geometry
Game: Engine PsiBlast3 PsiBlast
Game: Engine Thought_SubCloud_0 ParticleEmitter
Game: Engine SplashFXC6_Dropsa1 dummy
Game: Engine SplashFXC6 global.effects.SplashFX
Game: Engine PsiBlast2DeflectedPsiBlast global.props.Geometry
Game: Engine SplashFXC5_Dropsa1 dummy
Game: Engine SplashFXC5 global.effects.SplashFX
Game: Engine SplashFXC4_Dropsa1 dummy
Game: Engine SplashFXC4 global.effects.SplashFX
Game: Engine SplashFXC3_Dropsa1 dummy
Game: Engine SplashFXC3 global.effects.SplashFX
Game: Engine WaterRingsFX global.effects.WaterRingsFX
Game: Engine RunningRippleFX global.effects.RunningRippleFX
Game: Engine WaterFXManager global.effects.WaterFXManager
Game: Engine cutsceneEmoTag ScriptBase
Game: Engine EZSceneToolsC2 global.camera.EZSceneTools
Game: Engine ca.CAGPCutscenes ca.CAGPCutscenes
Game: Engine ArrowheadAmmoC1 global.collectibles.ArrowheadAmmo
Game: Engine ArrowheadAmmoC0 global.collectibles.ArrowheadAmmo
Game: Engine ArrowheadAmmoBF global.collectibles.ArrowheadAmmo
Game: Engine PsiBlastAmmoBE global.collectibles.PsiBlastAmmo
Game: Engine PsiBlastAmmoBD global.collectibles.PsiBlastAmmo
Game: Engine PsiBlastAmmoBC global.collectibles.PsiBlastAmmo
Game: Engine ConfusionAmmoBB global.collectibles.ConfusionAmmo
Game: Engine ConfusionAmmoBA global.collectibles.ConfusionAmmo
Game: Engine ConfusionAmmoB9 global.collectibles.ConfusionAmmo
Game: Engine PsiBlast2 PsiBlast
Game: Engine HealthAmmoB8 global.collectibles.HealthAmmo
Game: Engine HealthAmmoB7 global.collectibles.HealthAmmo
Game: Engine HealthAmmoB6 global.collectibles.HealthAmmo
Game: Engine Thought_Cloud ParticleEmitter
Game: Engine PsiBlast1DeflectedPsiBlast global.props.Geometry
Game: Engine ConfusionFXB4 global.effects.ConfusionFX
Game: Engine Thought_Bubble_Roll ParticleEmitter
Game: Engine PsiBlast1 PsiBlast
Game: Engine PsiBlast0DeflectedPsiBlast global.props.Geometry
Game: Engine MeleeCraneFXDC global.effects.MeleeCraneFX
Game: Engine ConfusionFXB2 global.effects.ConfusionFX
Game: Engine dripMesh global.props.Geometry
Game: Engine PsiBlast0 PsiBlast
Game: Engine ConfusionFXB1 global.effects.ConfusionFX
Game: Engine NoBubbleZone global.props.Geometry
Game: Engine SetFogAndZ global.otherentities.SetFogAndZ
Game: Engine newPond1 global.props.Geometry
Game: Engine newPond2 global.props.Geometry
Game: Engine waterFallStreak global.props.Geometry
Game: Engine streamWater global.props.Geometry
Game: Engine RazLH_ShockFX global.props.DartShockwave
Game: Engine TelekinesisClaw2RazTKClawLine ParticleEmitter
Game: Engine InvDisplayer global.otherentities.InvAdder
Game: Engine FigmentGlobals global.collectibles.FigmentGlobals
Game: Engine FireStartExplodeFX0 global.effects.FireStartExplodeFX
Game: Engine ThoughtBubble ThoughtBubble
Game: Engine RazPsiShield PsiShield
Game: Engine Decorator1 global.props.Decorator
Game: Engine PlayerInvulIndicator global.effects.RazDamageFX
Game: Engine RazPreDeathFX2 global.effects.RazPreDeathFX
Game: Engine RazRespawnFX3 global.effects.RazRespawnFX
Game: Engine Dart_FXa global.effects.InvisoEyeFX
Game: Engine Dart_FXb global.effects.PsiShieldFailFX
Game: Engine Dart_FXe global.effects.NoAmmoFX
Game: Engine PalmBombSuperFXD8 global.effects.PalmBombSuperFX
Game: Engine FireStartExplodeSuperFX4 global.effects.FireStartExplodeSuperFX
Game: Engine RazSteamRecoverFX5 global.effects.RazSteamRecoverFX
Game: Engine RazLH global.props.DartMeleeHand
Game: Engine RazRH global.props.DartMeleeHand
Game: Engine GenGibs11 global.effects.GenGibs
Game: Engine GenGibs11_affector dummy
Game: Engine ClairCamUpdater12 global.otherentities.ClairCamUpdater
Game: Engine ConfusionGrenade14 global.props.ConfusionGrenade
Game: Engine ConfusionGrenade14_fx1 global.effects.ConfusionFuseFX
Game: Engine ConfusionGrenade14_fx2 global.effects.ConfusionBombFX
Game: Engine ConfusionGrenade14_fx2_StreakPopa1 dummy
Game: Engine BallPopFX15 global.effects.BallPopFX
Game: Engine ThoughtBubbleRings global.effects.PsiBallRingsFX
Game: Engine ThoughtBubbleBounce global.effects.PsiBallRingsBounceFX
Game: Engine ThoughtBubbleRings2 global.effects.PsiBallRingsFX
Game: Engine ThoughtBubbleBounce2 global.effects.PsiBallRingsBounceFX
Game: Engine ball_trail engine.BallTrail
Game: Engine ThoughtBubbleSpikes ScriptBase
Game: Engine PsiRailFX16 global.effects.PsiRailFX
Game: Engine PsiBlastFX17 global.effects.PsiBlastFX
Game: Engine PsiBlastHitFX18 global.effects.PsiBlastHitFX
Game: Engine PsiBlastAirHit19 global.effects.PsiBlastAirHit
Game: Engine PsiBlastDeflectFX1A global.effects.PsiBlastDeflectFX
Game: Engine PsiBlastHitSuperFX1B global.effects.PsiBlastHitSuperFX
Game: Engine ConfusionFXB0 global.effects.ConfusionFX
Game: Engine RailSlideWoodFX34 global.effects.RailSlideWoodFX
Game: Engine Bear1_RightBall Gen_CollideBall
Game: Engine Bear1_LeftBall Gen_CollideBall
Game: Engine Bear38_RightBall Gen_CollideBall
Game: Engine Bear38_LeftBall Gen_CollideBall
Game: Engine EnemyDeathFX39 global.effects.EnemyDeathFX
Game: Engine Bear38_TKClaw global.enemies.BearTKClaw
Game: Engine Bear38_TKClaw_Ball Gen_CollideBall
Game: Engine baconPoofBearFX3B global.effects.baconPoofBearFX
Game: Engine Bear1_TKClaw global.enemies.BearTKClaw
Game: Engine Bear1_TKClaw_Ball Gen_CollideBall
Game: Engine Cougar3D_Ball Gen_CollideBall
Game: Engine CougarDirectionalHeatFX3E global.effects.CougarDirectionalHeatFX
Game: Engine ConfusionFXAF global.effects.ConfusionFX
Game: Engine AHGasFX40 global.effects.AHGasFX
Game: Engine AHCollectionFX41 global.effects.AHCollectionFX
Game: Engine AHCollectionFX41_Payoffa1 dummy
Game: Engine Mover42 global.otherentities.Mover
Game: Engine TelekinesisClaw2TKHolder dummy
Game: Engine TelekinesisClaw2 TKClaw
Game: Engine TelekinesisClaw1RazTKClawLine ParticleEmitter
Game: Engine PalmBombSuperHandsFXD9 global.effects.PalmBombSuperHandsFX
Game: Engine TelekinesisClaw1TKHolder dummy
Game: Engine TelekinesisClaw1 TKClaw
Game: Engine ConfusionFXAE global.effects.ConfusionFX
Game: Engine SaltFX global.props.Geometry
Game: Engine TKClawRazTKClawLine ParticleEmitter
Game: Engine TKClawTKHolder dummy
Game: Engine MeleeFistFadeDB global.effects.MeleeFistFade
Game: Engine SquirrelGibSmoke ca.effects.SquirrelJibSmokeFX
Game: Engine ConfusionFXB3 global.effects.ConfusionFX
Game: Engine AmbiencePlayer global.sound.RandomAmbiencePlayer
Game: Engine MudA7_Muda1 dummy
Game: Engine MudA7 ca.effects.Mud
Game: Engine GenGibs9E_affector dummy
Game: Engine TKClaw TKClaw
Game: Engine Global global.GlobalClass
Game: Engine Thought_Bubble_Spring ParticleEmitter
Game: Engine Thought_SubCloud_2 ParticleEmitter
Game: Engine ConfusionFXB5 global.effects.ConfusionFX
Game: Engine GenGibs9E global.effects.GenGibs
Game: Engine CSGPCButton ScriptBase
Game: Engine Thought_SubCloud_1 ParticleEmitter
Game: Engine GeyserPlumeFX91 ca.effects.GeyserPlumeFX
Game: Engine Geometry92 global.props.Geometry
Game: Engine GeyserPluggedFX93 ca.effects.GeyserPluggedFX
Game: Engine GeyserUnderShieldFX94 ca.effects.GeyserUnderShieldFX
Game: Engine GeyserIdleFX95 ca.effects.GeyserIdleFX
Game: Engine GeyserPlumeFX96 ca.effects.GeyserPlumeFX
Game: Engine Geometry97 global.props.Geometry
Game: Engine GeyserUnderShieldFX99 ca.effects.GeyserUnderShieldFX
Game: Engine treetop26 global.props.Geometry
Game: Engine treetop46 global.props.Geometry
Game: Engine treetop32 global.props.Geometry
Game: Engine treetop2 global.props.Geometry
Game: Engine treetop42 global.props.Geometry
Game: Engine treetop41 global.props.Geometry
Game: Engine treetop43 global.props.Geometry
Game: Engine treetop35 global.props.Geometry
Game: Engine treetop40 global.props.Geometry
Game: Engine treetop36 global.props.Geometry
Game: Engine gio_GIO_215 global.props.GIO
Game: Engine gio_GIO_27 global.props.GIO
Game: Engine DragonFlyA ca.characters.Dragonfly
Game: Engine SalamanderC ca.characters.Salamander
Game: Engine gio_GIO_173 global.props.GIO
Game: Engine gio_GIO_39 global.props.GIO
Game: Engine InterestFX76 global.effects.InterestFX
Game: Engine PsiCard7 global.collectibles.PSIChallengeCard
Game: Engine PsiChallengeCardFX77 global.effects.PsiChallengeCardFX
Game: Engine gio_GIO_40 global.props.GIO
Game: Engine group637 global.props.Geometry
Game: Engine group636 global.props.Geometry
Game: Engine MegaArrowhead11 global.collectibles.MegaArrowhead
Game: Engine gio_GIO_252 global.props.GIO
Game: Engine gio_GIO_256 global.props.GIO
Game: Engine treetop29 global.props.Geometry
Game: Engine gio_GIO_195 global.props.GIO
Game: Engine gio_GIO_155 global.props.GIO
Game: Engine gio_GIO_38 global.props.GIO
Game: Engine gio_GIO_28 global.props.GIO
Game: Engine gio_GIO_154 global.props.GIO
Game: Engine gio_GIO_157 global.props.GIO
Game: Engine gio_GIO_32 global.props.GIO
Game: Engine Squirrelc ca.characters.Squirrel
Game: Engine splRail154 global.props.Railslide
Game: Engine DragonFlyD ca.characters.Dragonfly
Game: Engine CuteBird7 ca.characters.CuteBird
Game: Engine sunbeam18 global.props.Geometry
Game: Engine Arrowhead3 global.collectibles.Arrowhead
Game: Engine Arrowhead54 global.collectibles.Arrowhead
Game: Engine splRail151 global.props.Railslide
Game: Engine splRail150 global.props.Railslide
Game: Engine Arrowhead55 global.collectibles.Arrowhead
Game: Engine sunbeam17 global.props.Geometry
Game: Engine Arrowhead17 global.collectibles.Arrowhead
Game: Engine Squirreld ca.characters.Squirrel
Game: Engine PsiChallengeMarker global.collectibles.PsiChallengeMarker
Game: Engine Geometry9D global.props.Geometry
Game: Engine Arrowhead6 global.collectibles.Arrowhead
Game: Engine Arrowhead7 global.collectibles.Arrowhead
Game: Engine Arrowhead56 global.collectibles.Arrowhead
Game: Engine Rake gen_proploader
Game: Engine Ford ca.characters.Ford
Game: Engine Arrowhead4 global.collectibles.Arrowhead
Game: Engine splRail152 global.props.Railslide
Game: Engine CuteBird8 ca.characters.CuteBird
Game: Engine SignLSOc ca.props.Sign
Game: Engine sunbeam12 global.props.Geometry
Game: Engine Arrowhead5 global.collectibles.Arrowhead
Game: Engine Arrowhead8 global.collectibles.Arrowhead
Game: Engine SignLSOd ca.props.Sign
Game: Engine GrasshoperD ca.characters.Grasshopper
Game: Engine CAGPtoCARE1 ca.props.CATeleporter
Game: Engine Arrowhead1 global.collectibles.Arrowhead
Game: Engine AHIdleFX3F global.effects.AHIdleFX
Game: Engine MegaArrowhead3 global.collectibles.MegaArrowhead
Game: Engine Killrespawnpoint2 GEN_respawnpoint
Game: Engine SignLSOe ca.props.Sign
Game: Engine PsiCard5 global.collectibles.PSIChallengeCard
Game: Engine CuteBird11 ca.characters.CuteBird
Game: Engine CuteBird5 ca.characters.CuteBird
Game: Engine CuteBird3 ca.characters.CuteBird
Game: Engine Sittinglog02 global.props.Geometry
Game: Engine MegaArrowhead10 global.collectibles.MegaArrowhead
Game: Engine sunbeam16 global.props.Geometry
Game: Engine PsiCard6 global.collectibles.PSIChallengeCard
Game: Engine sunbeam15 global.props.Geometry
Game: Engine Sittinglog03 global.props.Geometry
Game: Engine SignLSOf ca.props.Sign
Game: Engine PsiCard9 global.collectibles.PSIChallengeCard
Game: Engine AS_Branch3 as.props.AS_Branch
Game: Engine Arrowhead34 global.collectibles.Arrowhead
Game: Engine sunbeam20 global.props.Geometry
Game: Engine AS_Branch7 as.props.AS_Branch
Game: Engine AS_Branch4 as.props.AS_Branch
Game: Engine GPCSignLSOg ca.props.Sign
Game: Engine Arrowhead35 global.collectibles.Arrowhead
Game: Engine AS_Branch6 as.props.AS_Branch
Game: Engine TreestumpGag1 ca.props.TreestumpTeleporterGag
Game: Engine sunbeam19 global.props.Geometry
Game: Engine MegaArrowhead12 global.collectibles.MegaArrowhead
Game: Engine CAGPtoCAMA1 ca.props.CATeleporter
Game: Engine sunbeam4 global.props.Geometry
Game: Engine cagpStump ca.props.TreestumpTeleporter
Game: Engine Arrowhead52 global.collectibles.Arrowhead
Game: Engine MegaArrowhead1 global.collectibles.MegaArrowhead
Game: Engine sunbeam3 global.props.Geometry
Game: Engine Arrowhead16 global.collectibles.Arrowhead
Game: Engine sunbeam21 global.props.Geometry
Game: Engine Arrowhead53 global.collectibles.Arrowhead
Game: Engine MountedLamp1 global.props.Geometry
Game: Engine sunbeam13 global.props.Geometry
Game: Engine PsiCard global.collectibles.PSIChallengeCard
Game: Engine PsiChallengeCardFX6D global.effects.PsiChallengeCardFX
Game: Engine MountedLamp2 global.props.Geometry
Game: Engine TrashCan2 ca.props.Trashcan
Game: Engine CuteBird9 ca.characters.CuteBird
Game: Engine Arrowhead33 global.collectibles.Arrowhead
Game: Engine CuteBird4 ca.characters.CuteBird
Game: Engine Arrowhead51 global.collectibles.Arrowhead
Game: Engine sunbeam14 global.props.Geometry
Game: Engine DragonFlyB ca.characters.Dragonfly
Game: Engine TrashCan1 ca.props.Trashcan
Game: Engine ScavEye ca.props.ScavengerHuntItem
Game: Engine Geometry8D global.props.Geometry
Game: Engine Killrespawnpoint0 GEN_respawnpoint
Game: Engine Arrowhead15 global.collectibles.Arrowhead
Game: Engine MegaArrowhead6 global.collectibles.MegaArrowhead
Game: Engine GrasshoperC ca.characters.Grasshopper
Game: Engine SignLSOh ca.props.Sign
Game: Engine AS_Branch9 as.props.AS_Branch
Game: Engine Arrowhead19 global.collectibles.Arrowhead
Game: Engine CuteBird6 ca.characters.CuteBird
Game: Engine Arrowhead24 global.collectibles.Arrowhead
Game: Engine Arrowhead18 global.collectibles.Arrowhead
Game: Engine MegaArrowhead13 global.collectibles.MegaArrowhead
Game: Engine PsiCard17 global.collectibles.PSIChallengeCard
Game: Engine GPCdoor ca.props.GPCdoor
Game: Engine Arrowhead30 global.collectibles.Arrowhead
Game: Engine Arrowhead11 global.collectibles.Arrowhead
Game: Engine CAGPtoCASA1 ca.props.CATeleporter
Game: Engine treetop24 global.props.Geometry
Game: Engine SalamanderA ca.characters.Salamander
Game: Engine splLadd155 global.props.Ladder
Game: Engine PsiCard3 global.collectibles.PSIChallengeCard
Game: Engine PsiChallengeCardFX69 global.effects.PsiChallengeCardFX
Game: Engine Arrowhead10 global.collectibles.Arrowhead
Game: Engine gpcsecretdoorOpenCollision global.props.Geometry
Game: Engine gpcsecretdoorClosedCollision global.props.Geometry
Game: Engine gpcsecretdoor ca.props.GPCSecretDoor
Game: Engine splRope146 global.props.Tightrope
Game: Engine SalamanderB ca.characters.Salamander
Game: Engine DragonFlyC ca.characters.Dragonfly
Game: Engine MegaArrowhead9 global.collectibles.MegaArrowhead
Game: Engine MegaArrowhead15 global.collectibles.MegaArrowhead
Game: Engine PsiCard1 global.collectibles.PSIChallengeCard
Game: Engine PsiChallengeCardFX6C global.effects.PsiChallengeCardFX
Game: Engine CAGPtoCABH1 ca.props.CATeleporter
Game: Engine SignLSOi ca.props.Sign
Game: Engine sunbeam2 global.props.Geometry
Game: Engine sunbeam1 global.props.Geometry
Game: Engine InterestFX32 global.effects.InterestFX
Game: Engine PsiChallengeMarker30 global.collectibles.PsiChallengeMarker
Game: Engine Geometry33 global.props.Geometry
Game: Engine splRope147 global.props.Tightrope
Game: Engine Arrowhead50 global.collectibles.Arrowhead
Game: Engine MainCAbinSign_CAGP_CABH global.props.Geometry
Game: Engine Arrowhead31 global.collectibles.Arrowhead
Game: Engine MegaArrowhead2 global.collectibles.MegaArrowhead
Game: Engine Bear1 global.enemies.Bear
Game: Engine AS_Branchz8 as.props.AS_Branch
Game: Engine PsiCard4 global.collectibles.PSIChallengeCard
Game: Engine PsiChallengeCardFX6A global.effects.PsiChallengeCardFX
Game: Engine splRail148 global.props.Railslide
Game: Engine PsiCard2 global.collectibles.PSIChallengeCard
Game: Engine PsiChallengeCardFX6B global.effects.PsiChallengeCardFX
Game: Engine CrowFeather as.props.AS_CrowFeather
Game: Engine GeometryE3 global.props.Geometry
Game: Engine sunbeam11 global.props.Geometry
Game: Engine PsiCard13 global.collectibles.PSIChallengeCard
Game: Engine Arrowhead20 global.collectibles.Arrowhead
Game: Engine PsiCard15 global.collectibles.PSIChallengeCard
Game: Engine MegaArrowhead14 global.collectibles.MegaArrowhead
Game: Engine RAZSTART GEN_dartstart
Game: Engine splRope143 global.props.Tightrope
Game: Engine splRope145 global.props.Tightrope
Game: Engine splRail144 global.props.Railslide
Game: Engine sunbeam6 global.props.Geometry
Game: Engine sunbeam9 global.props.Geometry
Game: Engine splRope149 global.props.Tightrope
Game: Engine Arrowhead32 global.collectibles.Arrowhead
Game: Engine sunbeam10 global.props.Geometry
Game: Engine PsiCard11 global.collectibles.PSIChallengeCard
Game: Engine MegaArrowhead4 global.collectibles.MegaArrowhead
Game: Engine Arrowhead14 global.collectibles.Arrowhead
Game: Engine sunbeam7 global.props.Geometry
Game: Engine sunbeam5 global.props.Geometry
Game: Engine Arrowhead21 global.collectibles.Arrowhead
Game: Engine treetopsmalltall38 CameraAlphaEntity
Game: Engine Arrowhead38 global.collectibles.Arrowhead
Game: Engine PsiCard12 global.collectibles.PSIChallengeCard
Game: Engine PsiCard10 global.collectibles.PSIChallengeCard
Game: Engine ScavGoldenAcorn ca.props.ScavengerHuntItem
Game: Engine Arrowhead25 global.collectibles.Arrowhead
Game: Engine Arrowhead22 global.collectibles.Arrowhead
Game: Engine ScavengerSquirrel ca.characters.ScavengerSquirrel
Game: Engine PsiCard14 global.collectibles.PSIChallengeCard
Game: Engine treetopsmalltall35 CameraAlphaEntity
Game: Engine MegaArrowhead7 global.collectibles.MegaArrowhead
Game: Engine Arrowhead23 global.collectibles.Arrowhead
Game: Engine MegaArrowhead8 global.collectibles.MegaArrowhead
Game: Engine GeyserIdleFX90 ca.effects.GeyserIdleFX
Game: Engine geyser ca.props.Geyser
Game: Engine treetopsmalltall37 CameraAlphaEntity
Game: Engine Geometry8F global.props.Geometry
Game: Engine ScavPirateScope ca.props.ScavengerHuntItem
Game: Engine PsiCard16 global.collectibles.PSIChallengeCard
Game: Engine sunbeam8 global.props.Geometry
Game: Engine ScavSkull ca.props.ScavengerHuntItem
Game: Engine GeyserPluggedFX98 ca.effects.GeyserPluggedFX
Game: Engine geyser1 ca.props.Geyser
Game: Engine CA_crow ca.characters.Crow
Game: Engine ScriptBaseDD ScriptBase
Game: Engine Cougar3DCollisionShell global.props.Geometry
Game: Engine Cougar3D global.enemies.Cougar
Game: Engine Bear38 global.enemies.Bear
Game: Engine ScriptBaseDA ScriptBase
Game: Engine Minecart ca.props.MineCart