Game: Engine Dart Dart
Game: Engine GEN_dartstart GEN_dartstart
Game: Engine RazLH_EntryFX global.props.Geometry
Game: Engine RankBling global.otherentities.RankBling
Game: Engine CALItoCAMA1 ca.props.CATeleporter
Game: Engine gio_GIO_19 global.props.GIO
Game: Engine gio_GIO_6 global.props.GIO
Game: Engine gio_GIO_13 global.props.GIO
Game: Engine gio_GIO_14 global.props.GIO
Game: Engine gio_GIO_0 global.props.GIO
Game: Engine gio_GIO_5 global.props.GIO
Game: Engine gio_GIO_7 global.props.GIO
Game: Engine gio_GIO_18 global.props.GIO
Game: Engine gio_GIO_4 global.props.GIO
Game: Engine gio_GIO_12 global.props.GIO
Game: Engine gio_GIO_15 global.props.GIO
Game: Engine gio_GIO_1 global.props.GIO
Game: Engine Spatula gen_proploader
Game: Engine Ford ca.characters.CookFord
Game: Engine Milka ca.characters.Milka
Game: Engine BurgerSizzleSoundSource global.sound.SoundSource
Game: Engine DowsingRod global.collectibles.DowsingRod
Game: Engine shoprow1col3 dummy
Game: Engine shoprow2col2 dummy
Game: Engine PSIChallengeCore global.collectibles.PSIChallengeCore
Game: Engine MentalMagnet global.collectibles.MentalMagnet
Game: Engine shoprow2col1 dummy
Game: Engine shoprow2col3 dummy
Game: Engine shoprow1col2 dummy
Game: Engine PSIBallColor global.collectibles.PSIBallColor
Game: Engine DreamFluff global.collectibles.DreamFluff
Game: Engine shoprow1col1 dummy
Game: Engine CobwebDuster global.collectibles.CobwebDuster
Game: Engine CobwebDusterFX global.effects.DusterEndFX
Game: Engine CobwebDusterGrabber global.props.MovingSphere
Game: Engine gio_GIO_8 global.props.GIO
Game: Engine gio_GIO_3 global.props.GIO
Game: Engine gio_GIO_17 global.props.GIO
Game: Engine gio_GIO_16 global.props.GIO
Game: Engine gio_GIO_2 global.props.GIO
Game: Engine gio_GIO_9 global.props.GIO
Game: Engine splRail0 global.props.Railslide
Game: Engine Geometry1B global.props.Geometry
Game: Engine scavVoodooDollie ca.props.ScavengerHuntItem
Game: Engine Fire5E ca.effects.Fire
Game: Engine EternalFlame1Fire bb.props.Fire
Game: Engine EternalFlame1 ca.props.EternalFlame
Game: Engine InterestFX1A global.effects.InterestFX
Game: Engine splRail1 global.props.Railslide
Game: Engine CALItoCAMA2 ca.props.CATeleporter
Game: Engine gio_GIO_11 global.props.GIO
Game: Engine gio_GIO_10 global.props.GIO
Game: Engine TVScreen2 global.props.Geometry
Game: Engine TVScreen3 global.props.Geometry
Game: Engine TVScreen1 global.props.Geometry
Game: Engine LodgeTV ca.props.LodgeTV
Game: Engine LedgeDirtFX5D global.effects.LedgeDirtFX
Game: Engine DialogBubble_SubCloud_2 ParticleEmitter
Game: Engine DialogBubble_SubCloud_1 ParticleEmitter
Game: Engine DialogBubble_SubCloud_0 ParticleEmitter
Game: Engine Dialog_Cloud ParticleEmitter
Game: Engine Clairvoyance_Cloud ParticleEmitter
Game: Engine PsiBlast5DeflectedPsiBlast global.props.Geometry
Game: Engine PsiBlast5 PsiBlast
Game: Engine PsiBlast4DeflectedPsiBlast global.props.Geometry
Game: Engine InvDisplayer global.otherentities.InvAdder
Game: Engine FigmentGlobals global.collectibles.FigmentGlobals
Game: Engine FireStartExplodeFX0 global.effects.FireStartExplodeFX
Game: Engine Thought_SubCloud_1 ParticleEmitter
Game: Engine RazPsiShield PsiShield
Game: Engine Decorator1 global.props.Decorator
Game: Engine PlayerInvulIndicator global.effects.RazDamageFX
Game: Engine RazPreDeathFX2 global.effects.RazPreDeathFX
Game: Engine RazRespawnFX3 global.effects.RazRespawnFX
Game: Engine Dart_FXa global.effects.InvisoEyeFX
Game: Engine Dart_FXb global.effects.PsiShieldFailFX
Game: Engine Dart_FXe global.effects.NoAmmoFX
Game: Engine PsiBlast4 PsiBlast
Game: Engine PsiBlast3DeflectedPsiBlast global.props.Geometry
Game: Engine PsiBlast3 PsiBlast
Game: Engine PsiBlast2DeflectedPsiBlast global.props.Geometry
Game: Engine FireStartExplodeSuperFX4 global.effects.FireStartExplodeSuperFX
Game: Engine RazSteamRecoverFX5 global.effects.RazSteamRecoverFX
Game: Engine RazLH global.props.DartMeleeHand
Game: Engine RazRH global.props.DartMeleeHand
Game: Engine PsiBlast2 PsiBlast
Game: Engine PsiBlast1DeflectedPsiBlast global.props.Geometry
Game: Engine PsiBlast1 PsiBlast
Game: Engine GenGibs9 global.effects.GenGibs
Game: Engine GenGibs9_affector dummy
Game: Engine GenGibsA global.effects.GenGibs
Game: Engine GenGibsA_affector dummy
Game: Engine GenGibsB global.effects.GenGibs
Game: Engine GenGibsB_affector dummy
Game: Engine PsiBlast0DeflectedPsiBlast global.props.Geometry
Game: Engine GenGibsD global.effects.GenGibs
Game: Engine Thought_Bubble_Spring ParticleEmitter
Game: Engine Thought_SubCloud_2 ParticleEmitter
Game: Engine GenGibsF global.effects.GenGibs
Game: Engine GenGibsF_affector dummy
Game: Engine ClairCamUpdater10 global.otherentities.ClairCamUpdater
Game: Engine ConfusionGrenade12 global.props.ConfusionGrenade
Game: Engine ConfusionGrenade12_fx1 global.effects.ConfusionFuseFX
Game: Engine ConfusionGrenade12_fx2 global.effects.ConfusionBombFX
Game: Engine ConfusionGrenade12_fx2_StreakPopa1 dummy
Game: Engine BallPopFX13 global.effects.BallPopFX
Game: Engine ThoughtBubbleRings global.effects.PsiBallRingsFX
Game: Engine ThoughtBubbleBounce global.effects.PsiBallRingsBounceFX
Game: Engine ThoughtBubbleRings2 global.effects.PsiBallRingsFX
Game: Engine ThoughtBubbleBounce2 global.effects.PsiBallRingsBounceFX
Game: Engine ball_trail engine.BallTrail
Game: Engine ThoughtBubbleSpikes ScriptBase
Game: Engine PsiRailFX14 global.effects.PsiRailFX
Game: Engine PsiBlastFX15 global.effects.PsiBlastFX
Game: Engine PsiBlastHitFX16 global.effects.PsiBlastHitFX
Game: Engine PsiBlastAirHit17 global.effects.PsiBlastAirHit
Game: Engine PsiBlastDeflectFX18 global.effects.PsiBlastDeflectFX
Game: Engine PsiBlastHitSuperFX19 global.effects.PsiBlastHitSuperFX
Game: Engine KitchenStallArea global.props.Geometry
Game: Engine Lamp2 global.props.Geometry
Game: Engine lamp global.props.Geometry
Game: Engine PsiBlast0 PsiBlast
Game: Engine RailSlideWoodFX1C global.effects.RailSlideWoodFX
Game: Engine DreamFluffFX1D global.effects.DreamFluffFX
Game: Engine Thought_SubCloud_0 ParticleEmitter
Game: Engine DreamFluffFX1D_StreakPopa1 dummy
Game: Engine Thought_Cloud ParticleEmitter
Game: Engine TelekinesisClaw2RazTKClawLine ParticleEmitter
Game: Engine PsiCoreFX1F global.effects.PsiCoreFX
Game: Engine Gauge20 global.otherentities.Gauge
Game: Engine DowsingRodFX24 global.effects.DowsingRodFX
Game: Engine TelekinesisClaw2TKHolder dummy
Game: Engine Thought_Bubble_Roll ParticleEmitter
Game: Engine TelekinesisClaw2 TKClaw
Game: Engine TelekinesisClaw1RazTKClawLine ParticleEmitter
Game: Engine Mud25 ca.effects.Mud
Game: Engine Mud25_Muda1 dummy
Game: Engine GenGibsD_affector dummy
Game: Engine SquirrelGibSmoke ca.effects.SquirrelJibSmokeFX
Game: Engine TelekinesisClaw1TKHolder dummy
Game: Engine TelekinesisClaw1 TKClaw
Game: Engine TKClawRazTKClawLine ParticleEmitter
Game: Engine Hindenbugs global.effects.HindenbugEmitter
Game: Engine TKClawTKHolder dummy
Game: Engine TKClaw TKClaw
Game: Engine Global global.GlobalClass
Game: Engine SaltFX global.props.Geometry
Game: Engine ConfusionFX2B global.effects.ConfusionFX
Game: Engine ConfusionFX2C global.effects.ConfusionFX
Game: Engine ConfusionFX2D global.effects.ConfusionFX
Game: Engine ConfusionFX2E global.effects.ConfusionFX
Game: Engine ConfusionFX2F global.effects.ConfusionFX
Game: Engine ConfusionFX30 global.effects.ConfusionFX
Game: Engine ConfusionFX31 global.effects.ConfusionFX
Game: Engine ConfusionFX32 global.effects.ConfusionFX
Game: Engine HealthAmmo33 global.collectibles.HealthAmmo
Game: Engine HealthAmmo34 global.collectibles.HealthAmmo
Game: Engine HealthAmmo35 global.collectibles.HealthAmmo
Game: Engine ConfusionAmmo36 global.collectibles.ConfusionAmmo
Game: Engine ConfusionAmmo37 global.collectibles.ConfusionAmmo
Game: Engine ConfusionAmmo38 global.collectibles.ConfusionAmmo
Game: Engine PsiBlastAmmo39 global.collectibles.PsiBlastAmmo
Game: Engine PsiBlastAmmo3A global.collectibles.PsiBlastAmmo
Game: Engine PsiBlastAmmo3B global.collectibles.PsiBlastAmmo
Game: Engine ArrowheadAmmo3C global.collectibles.ArrowheadAmmo
Game: Engine ArrowheadAmmo3D global.collectibles.ArrowheadAmmo
Game: Engine ArrowheadAmmo3E global.collectibles.ArrowheadAmmo
Game: Engine ca.CALICutscenes ca.CALICutscenes
Game: Engine EZSceneTools3F global.camera.EZSceneTools
Game: Engine cutsceneEmoTag ScriptBase
Game: Engine WaterFXManager global.effects.WaterFXManager
Game: Engine RunningRippleFX global.effects.RunningRippleFX
Game: Engine WaterRingsFX global.effects.WaterRingsFX
Game: Engine SplashFX40 global.effects.SplashFX
Game: Engine SplashFX40_Dropsa1 dummy
Game: Engine SplashFX41 global.effects.SplashFX
Game: Engine SplashFX41_Dropsa1 dummy
Game: Engine SplashFX42 global.effects.SplashFX
Game: Engine SplashFX42_Dropsa1 dummy
Game: Engine SplashFX43 global.effects.SplashFX
Game: Engine SplashFX43_Dropsa1 dummy
Game: Engine SplashFX44 global.effects.SplashFX
Game: Engine SplashFX44_Dropsa1 dummy
Game: Engine WaterSplash45 global.effects.WaterSplash
Game: Engine WaterRingsFX46 global.effects.WaterRingsFX
Game: Engine WaterRingsFX47 global.effects.WaterRingsFX
Game: Engine InstaHintFord global.characters.InstaHintFord
Game: Engine baconPoofFX48 global.effects.baconPoofFX
Game: Engine PutAwayFX49 global.effects.PutAwayFX
Game: Engine FigmentFX4A global.effects.FigmentFX
Game: Engine FigmentFX4A_Mista1 dummy
Game: Engine RankUpFX4B global.effects.RankUpFX
Game: Engine RankUpFX4B_Sparka1 dummy
Game: Engine RazPsiShieldFX global.effects.PsiShieldFX
Game: Engine Decorator4C global.props.Decorator
Game: Engine MeleeHit4D global.effects.MeleeHit
Game: Engine MeleeHit4E global.effects.MeleeHit
Game: Engine MeleeHit4F global.effects.MeleeHit
Game: Engine MeleeHitNot50 global.effects.MeleeHitNot
Game: Engine MeleeHitNot51 global.effects.MeleeHitNot
Game: Engine MeleeFistFade52 global.effects.MeleeFistFade
Game: Engine PalmBombFX53 global.effects.PalmBombFX
Game: Engine RazLH_SwishFX1 global.props.Geometry
Game: Engine RazLH_SwishFX2 global.props.Geometry
Game: Engine RazLH_SwishFX3 global.props.Geometry
Game: Engine RazLH_SwishFX4 global.props.Geometry
Game: Engine ThoughtBubble ThoughtBubble
Game: Engine RazLH_ShockFX global.props.DartShockwave
Game: Engine PalmBombSuperFX54 global.effects.PalmBombSuperFX
Game: Engine PalmBombSuperHandsFX55 global.effects.PalmBombSuperHandsFX
Game: Engine MeleeFistFade57 global.effects.MeleeFistFade
Game: Engine MeleeCraneFX58 global.effects.MeleeCraneFX
Game: Engine RazRH_SwishFX1 global.props.Geometry
Game: Engine RazRH_SwishFX2 global.props.Geometry
Game: Engine RazRH_SwishFX3 global.props.Geometry
Game: Engine InterestFX1E global.effects.InterestFX
Game: Engine Dart_FXf global.effects.invisibilityShockwaveFX
Game: Engine Dart_FXf_Streamersa1 dummy
Game: Engine ScriptBase59 ScriptBase
Game: Engine ScriptBase56 ScriptBase