Game: Engine InvDisplayer global.otherentities.InvAdder
Game: Engine Dart Dart
Game: Engine RazLH_EntryFX global.props.Geometry
Game: Engine GlobalBugs global.effects.HindenbugEmitter
Game: Engine RankBling global.otherentities.RankBling
Game: Engine SignLodgeE ca.props.Sign
Game: Engine SignLodgeD ca.props.Sign
Game: Engine Pollen global.effects.PollenEmitter
Game: Engine gio_GIO_2 global.props.GIO
Game: Engine gio_GIO_232 global.props.GIO
Game: Engine gio_GIO_231 global.props.GIO
Game: Engine CuteBird7 ca.characters.CuteBird
Game: Engine gio_GIO_71 global.props.GIO
Game: Engine SignLodgeF ca.props.Sign
Game: Engine gio_GIO_233 global.props.GIO
Game: Engine FaultTeleporter1 global.props.Teleporter
Game: Engine gio_GIO_209 global.props.GIO
Game: Engine gio_GIO_70 global.props.GIO
Game: Engine gio_GIO_378 global.props.GIO
Game: Engine gio_GIO_407 global.props.GIO
Game: Engine FaultTeleporter3 global.props.Teleporter
Game: Engine gio_GIO_229 global.props.GIO
Game: Engine splRail14 global.props.Railslide
Game: Engine gio_GIO_168 global.props.GIO
Game: Engine splRail23 global.props.Railslide
Game: Engine gio_GIO_69 global.props.GIO
Game: Engine gio_GIO_72 global.props.GIO
Game: Engine splRail15 global.props.Railslide
Game: Engine gio_GIO_228 global.props.GIO
Game: Engine gio_GIO_73 global.props.GIO
Game: Engine splRail12 global.props.Railslide
Game: Engine gio_GIO_230 global.props.GIO
Game: Engine gio_GIO_68 global.props.GIO
Game: Engine gio_GIO_234 global.props.GIO
Game: Engine gio_GIO_173 global.props.GIO
Game: Engine gio_GIO_96 global.props.GIO
Game: Engine splRail13 global.props.Railslide
Game: Engine Arrowhead9 global.collectibles.Arrowhead
Game: Engine AHIdleFX36 global.effects.AHIdleFX
Game: Engine gio_GIO_226 global.props.GIO
Game: Engine gio_GIO_227 global.props.GIO
Game: Engine gio_GIO_169 global.props.GIO
Game: Engine splRail24 global.props.Railslide
Game: Engine gio_GIO_74 global.props.GIO
Game: Engine SalamanderD ca.characters.Salamander
Game: Engine gio_GIO_225 global.props.GIO
Game: Engine TrashCan1 ca.props.Trashcan
Game: Engine splRail11 global.props.Railslide
Game: Engine gio_GIO_167 global.props.GIO
Game: Engine Squirrel5 ca.characters.Squirrel
Game: Engine splRail10 global.props.Railslide
Game: Engine gio_GIO_170 global.props.GIO
Game: Engine gio_GIO_67 global.props.GIO
Game: Engine InterestFX4B global.effects.InterestFX
Game: Engine PsiChallengeCardFX51 global.effects.PsiChallengeCardFX
Game: Engine PsiCard7 global.collectibles.PSIChallengeCard
Game: Engine gio_GIO_175 global.props.GIO
Game: Engine gio_GIO_75 global.props.GIO
Game: Engine splRail8 global.props.Railslide
Game: Engine splRail9 global.props.Railslide
Game: Engine gio_GIO_174 global.props.GIO
Game: Engine MegaArrowhead1 global.collectibles.MegaArrowhead
Game: Engine gio_GIO_106 global.props.GIO
Game: Engine gio_GIO_166 global.props.GIO
Game: Engine gio_GIO_107 global.props.GIO
Game: Engine Arrowhead11 global.collectibles.Arrowhead
Game: Engine gio_GIO_66 global.props.GIO
Game: Engine gio_GIO_92 global.props.GIO
Game: Engine gio_GIO_76 global.props.GIO
Game: Engine gio_GIO_165 global.props.GIO
Game: Engine gio_GIO_171 global.props.GIO
Game: Engine gio_GIO_224 global.props.GIO
Game: Engine gio_GIO_223 global.props.GIO
Game: Engine gio_GIO_65 global.props.GIO
Game: Engine gio_GIO_176 global.props.GIO
Game: Engine gio_GIO_172 global.props.GIO
Game: Engine SalamanderB ca.characters.Salamander
Game: Engine gio_GIO_177 global.props.GIO
Game: Engine SignLodgeC ca.props.Sign
Game: Engine gio_GIO_376 global.props.GIO
Game: Engine gio_GIO_95 global.props.GIO
Game: Engine FaultTeleporter5 global.props.Teleporter
Game: Engine Squirrel3 ca.characters.Squirrel
Game: Engine Pole14b_lf8 global.props.Geometry
Game: Engine Arrowhead5 global.collectibles.Arrowhead
Game: Engine InterestFXCA global.effects.InterestFX
Game: Engine PsiCard14 global.collectibles.PSIChallengeCard
Game: Engine DragonFlyB ca.characters.Dragonfly
Game: Engine PsiChallengeCardFX46 global.effects.PsiChallengeCardFX
Game: Engine LoudSpeaker1C ca.props.Loudspeaker
Game: Engine LoudSpeaker2C ca.props.Loudspeaker
Game: Engine FaultTeleporter6 global.props.Teleporter
Game: Engine FaultTeleporter7 global.props.Teleporter
Game: Engine gio_GIO_349 global.props.GIO
Game: Engine gio_GIO_372 global.props.GIO
Game: Engine splRail22 global.props.Railslide
Game: Engine CAMAtoCALI2 ca.props.CATeleporter
Game: Engine gio_GIO_259 global.props.GIO
Game: Engine gio_GIO_208 global.props.GIO
Game: Engine CAMAtoCALI1 ca.props.CATeleporter
Game: Engine SignLodgeB ca.props.Sign
Game: Engine LoudSpeaker4C ca.props.Loudspeaker
Game: Engine GrasshoperD ca.characters.Grasshopper
Game: Engine LoudSpeaker3C ca.props.Loudspeaker
Game: Engine CuteBird6 ca.characters.CuteBird
Game: Engine GrasshoperB ca.characters.Grasshopper
Game: Engine MegaArrowhead8 global.collectibles.MegaArrowhead
Game: Engine cutebirds3 ca.characters.CuteBird
Game: Engine Geometry79 global.props.Geometry
Game: Engine scavDoubloon ca.props.ScavengerHuntItem
Game: Engine Geometry69 global.props.Geometry
Game: Engine PsiChallengeMarker global.collectibles.PsiChallengeMarker
Game: Engine Arrowhead1 global.collectibles.Arrowhead
Game: Engine FaultTeleporter2 global.props.Teleporter
Game: Engine PsiCard global.collectibles.PSIChallengeCard
Game: Engine InterestFX4A global.effects.InterestFX
Game: Engine PsiChallengeCardFX48 global.effects.PsiChallengeCardFX
Game: Engine PsiCard16 global.collectibles.PSIChallengeCard
Game: Engine InterestFXCB global.effects.InterestFX
Game: Engine PsiChallengeCardFX45 global.effects.PsiChallengeCardFX
Game: Engine InterestFXCC global.effects.InterestFX
Game: Engine PsiCard17 global.collectibles.PSIChallengeCard
Game: Engine PsiChallengeCardFX59 global.effects.PsiChallengeCardFX
Game: Engine CAMAtoCAGP3 ca.props.CATeleporter
Game: Engine CuteBird1 ca.characters.CuteBird
Game: Engine cutebirds2 ca.characters.CuteBird
Game: Engine DragonFlyD ca.characters.Dragonfly
Game: Engine SignLodgeA ca.props.Sign
Game: Engine GrasshoperC ca.characters.Grasshopper
Game: Engine Killrespawnpoint0 GEN_respawnpoint
Game: Engine splRail3 global.props.Railslide
Game: Engine splRope17 global.props.Tightrope
Game: Engine MegaArrowhead2 global.collectibles.MegaArrowhead
Game: Engine InterestFXCD global.effects.InterestFX
Game: Engine PsiCard11 global.collectibles.PSIChallengeCard
Game: Engine PsiChallengeCardFX4F global.effects.PsiChallengeCardFX
Game: Engine splRail2 global.props.Railslide
Game: Engine Arrowhead6 global.collectibles.Arrowhead
Game: Engine CuteBird2 ca.characters.CuteBird
Game: Engine splRail1 global.props.Railslide
Game: Engine splRail0 global.props.Railslide
Game: Engine splRail29 global.props.Railslide
Game: Engine SignLodgeI ca.props.Sign
Game: Engine splRail28 global.props.Railslide
Game: Engine Arrowhead8 global.collectibles.Arrowhead
Game: Engine DragonFlyC ca.characters.Dragonfly
Game: Engine splRail6 global.props.Railslide
Game: Engine splRail7 global.props.Railslide
Game: Engine splRail21 global.props.Railslide
Game: Engine MegaArrowhead3 global.collectibles.MegaArrowhead
Game: Engine Squirrel2 ca.characters.Squirrel
Game: Engine TrashCan3 ca.props.Trashcan
Game: Engine splRail4 global.props.Railslide
Game: Engine SalamanderC ca.characters.Salamander
Game: Engine Canopy74 CameraAlphaEntity
Game: Engine splRail5 global.props.Railslide
Game: Engine TreestumpGag2 ca.props.TreestumpTeleporterGag
Game: Engine CuteBird5 ca.characters.CuteBird
Game: Engine LoudSpeaker4A ca.props.Loudspeaker
Game: Engine Arrowhead7 global.collectibles.Arrowhead
Game: Engine camaStump1 ca.props.TreestumpTeleporter
Game: Engine LoudSpeaker1A ca.props.Loudspeaker
Game: Engine FaultTeleporter0 global.props.Teleporter
Game: Engine Pole14b_lf global.props.Geometry
Game: Engine MegaArrowhead5 global.collectibles.MegaArrowhead
Game: Engine LoudSpeaker3A ca.props.Loudspeaker
Game: Engine TrashCan2 ca.props.Trashcan
Game: Engine LoudSpeaker2A ca.props.Loudspeaker
Game: Engine splRail26 global.props.Railslide
Game: Engine Squirrel4 ca.characters.Squirrel
Game: Engine PsiCard6 global.collectibles.PSIChallengeCard
Game: Engine PsiChallengeCardFX47 global.effects.PsiChallengeCardFX
Game: Engine SignLodgeG ca.props.Sign
Game: Engine CAMAtoCAGP4 ca.props.CATeleporter
Game: Engine splRail25 global.props.Railslide
Game: Engine Canopy80 CameraAlphaEntity
Game: Engine splRope16 global.props.Tightrope
Game: Engine LoudSpeaker1B ca.props.Loudspeaker
Game: Engine PsiCard15 global.collectibles.PSIChallengeCard
Game: Engine SignLodgeH ca.props.Sign
Game: Engine splRail20 global.props.Railslide
Game: Engine Pole14b_lf7 global.props.Geometry
Game: Engine LoudSpeaker2B ca.props.Loudspeaker
Game: Engine LoudSpeaker4B ca.props.Loudspeaker
Game: Engine MegaArrowhead4 global.collectibles.MegaArrowhead
Game: Engine Arrowhead2 global.collectibles.Arrowhead
Game: Engine LoudSpeaker3B ca.props.Loudspeaker
Game: Engine Geometry77 global.props.Geometry
Game: Engine scavEagleClaw ca.props.ScavengerHuntItem
Game: Engine CuteBird3 ca.characters.CuteBird
Game: Engine PsiCard4 global.collectibles.PSIChallengeCard
Game: Engine PsiCard5 global.collectibles.PSIChallengeCard
Game: Engine Dart_FXf_Streamersa1 dummy
Game: Engine Dart_FXf global.effects.invisibilityShockwaveFX
Game: Engine GrasshoperA ca.characters.Grasshopper
Game: Engine polySurface1427080 global.props.Geometry
Game: Engine polySurface142794 global.props.Geometry
Game: Engine polySurface142796 global.props.Geometry
Game: Engine polySurface1427079 global.props.Geometry
Game: Engine CuteBird8 ca.characters.CuteBird
Game: Engine polySurface1427083 global.props.Geometry
Game: Engine polySurface1427233 global.props.Geometry
Game: Engine polySurface1427237 global.props.Geometry
Game: Engine polySurface1427232 global.props.Geometry
Game: Engine polySurface1427231 global.props.Geometry
Game: Engine polySurface1427230 global.props.Geometry
Game: Engine polySurface1427229 global.props.Geometry
Game: Engine polySurface1427228 global.props.Geometry
Game: Engine polySurface1427227 global.props.Geometry
Game: Engine polySurface1427226 global.props.Geometry
Game: Engine RazLH_SwishFX4 global.props.Geometry
Game: Engine Dialog_Cloud ParticleEmitter
Game: Engine polySurface1427238 global.props.Geometry
Game: Engine polySurface1427239 global.props.Geometry
Game: Engine polySurface1427241 global.props.Geometry
Game: Engine RazLH_ShockFX global.props.DartShockwave
Game: Engine polySurface1427243 global.props.Geometry
Game: Engine DialogBubble_SubCloud_0 ParticleEmitter
Game: Engine MeleeHitNotBC global.effects.MeleeHitNot
Game: Engine MeleeHitNotBB global.effects.MeleeHitNot
Game: Engine polySurface1427225 global.props.Geometry
Game: Engine polySurface1427224 global.props.Geometry
Game: Engine polySurface1427244 global.props.Geometry
Game: Engine MeleeHitBA global.effects.MeleeHit
Game: Engine polySurface1427223 global.props.Geometry
Game: Engine polySurface1427245 global.props.Geometry
Game: Engine polySurface1427222 global.props.Geometry
Game: Engine polySurface1427220 global.props.Geometry
Game: Engine MeleeHitB9 global.effects.MeleeHit
Game: Engine MeleeHitB8 global.effects.MeleeHit
Game: Engine DecoratorB7 global.props.Decorator
Game: Engine RazPsiShieldFX global.effects.PsiShieldFX
Game: Engine Clairvoyance_Cloud ParticleEmitter
Game: Engine polySurface1427246 global.props.Geometry
Game: Engine PalmBombSuperFXBF global.effects.PalmBombSuperFX
Game: Engine RankUpFXB6_Sparka1 dummy
Game: Engine RankUpFXB6 global.effects.RankUpFX
Game: Engine polySurface1427219 global.props.Geometry
Game: Engine polySurface1427247 global.props.Geometry
Game: Engine PsiBlast5DeflectedPsiBlast global.props.Geometry
Game: Engine polySurface1427217 global.props.Geometry
Game: Engine PsiBlast5 PsiBlast
Game: Engine polySurface1427248 global.props.Geometry
Game: Engine PsiBlast4DeflectedPsiBlast global.props.Geometry
Game: Engine polySurface1427216 global.props.Geometry
Game: Engine polySurface1427215 global.props.Geometry
Game: Engine polySurface1427214 global.props.Geometry
Game: Engine SetFogAndZ global.otherentities.SetFogAndZ
Game: Engine FigmentFXB5_Mista1 dummy
Game: Engine FigmentFXB5 global.effects.FigmentFX
Game: Engine PutAwayFXB4 global.effects.PutAwayFX
Game: Engine polySurface1427213 global.props.Geometry
Game: Engine polySurface1427212 global.props.Geometry
Game: Engine PsiBlast4 PsiBlast
Game: Engine PsiBlast3DeflectedPsiBlast global.props.Geometry
Game: Engine waterFallStreak global.props.Geometry
Game: Engine PsiBlast3 PsiBlast
Game: Engine polySurface1427249 global.props.Geometry
Game: Engine polySurface1427250 global.props.Geometry
Game: Engine PsiBlast2DeflectedPsiBlast global.props.Geometry
Game: Engine polySurface1427211 global.props.Geometry
Game: Engine FireStartExplodeFX0 global.effects.FireStartExplodeFX
Game: Engine PsiBlast2 PsiBlast
Game: Engine RazPsiShield PsiShield
Game: Engine Decorator1 global.props.Decorator
Game: Engine PlayerInvulIndicator global.effects.RazDamageFX
Game: Engine RazPreDeathFX2 global.effects.RazPreDeathFX
Game: Engine RazRespawnFX3 global.effects.RazRespawnFX
Game: Engine Dart_FXa global.effects.InvisoEyeFX
Game: Engine Dart_FXb global.effects.PsiShieldFailFX
Game: Engine Dart_FXe global.effects.NoAmmoFX
Game: Engine MeleeFistFadeBD global.effects.MeleeFistFade
Game: Engine polySurface1427235 global.props.Geometry
Game: Engine PalmBombFXBE global.effects.PalmBombFX
Game: Engine FireStartExplodeSuperFX4 global.effects.FireStartExplodeSuperFX
Game: Engine RazSteamRecoverFX5 global.effects.RazSteamRecoverFX
Game: Engine RazLH global.props.DartMeleeHand
Game: Engine RazRH global.props.DartMeleeHand
Game: Engine GenGibs11 global.effects.GenGibs
Game: Engine polySurface1427210 global.props.Geometry
Game: Engine ClairCamUpdater13 global.otherentities.ClairCamUpdater
Game: Engine ConfusionGrenade15 global.props.ConfusionGrenade
Game: Engine ConfusionGrenade15_fx1 global.effects.ConfusionFuseFX
Game: Engine ConfusionGrenade15_fx2 global.effects.ConfusionBombFX
Game: Engine ConfusionGrenade15_fx2_StreakPopa1 dummy
Game: Engine BallPopFX16 global.effects.BallPopFX
Game: Engine ThoughtBubbleRings global.effects.PsiBallRingsFX
Game: Engine ThoughtBubbleBounce global.effects.PsiBallRingsBounceFX
Game: Engine ThoughtBubbleRings2 global.effects.PsiBallRingsFX
Game: Engine ThoughtBubbleBounce2 global.effects.PsiBallRingsBounceFX
Game: Engine ball_trail engine.BallTrail
Game: Engine ThoughtBubbleSpikes ScriptBase
Game: Engine PsiRailFX17 global.effects.PsiRailFX
Game: Engine PsiBlastFX18 global.effects.PsiBlastFX
Game: Engine PsiBlastHitFX19 global.effects.PsiBlastHitFX
Game: Engine PsiBlastAirHit1A global.effects.PsiBlastAirHit
Game: Engine PsiBlastDeflectFX1B global.effects.PsiBlastDeflectFX
Game: Engine PsiBlastHitSuperFX1C global.effects.PsiBlastHitSuperFX
Game: Engine RailSlideWoodFX35 global.effects.RailSlideWoodFX
Game: Engine PsiBlast1DeflectedPsiBlast global.props.Geometry
Game: Engine PsiBlast1 PsiBlast
Game: Engine AHGasFX37 global.effects.AHGasFX
Game: Engine AHCollectionFX38 global.effects.AHCollectionFX
Game: Engine AHCollectionFX38_Payoffa1 dummy
Game: Engine Mover39 global.otherentities.Mover
Game: Engine polySurface1427209 global.props.Geometry
Game: Engine polySurface1427208 global.props.Geometry
Game: Engine PsiBlast0DeflectedPsiBlast global.props.Geometry
Game: Engine polySurface1427207 global.props.Geometry
Game: Engine polySurface1427206 global.props.Geometry
Game: Engine polySurface1427205 global.props.Geometry
Game: Engine polySurface1427204 global.props.Geometry
Game: Engine PsiBlast0 PsiBlast
Game: Engine FordAnnouncer global.props.Geometry
Game: Engine MillaAnnouncer global.props.Geometry
Game: Engine polySurface1427203 global.props.Geometry
Game: Engine polySurface1427201 global.props.Geometry
Game: Engine polySurface1427200 global.props.Geometry
Game: Engine polySurface1427199 global.props.Geometry
Game: Engine polySurface1427198 global.props.Geometry
Game: Engine polySurface1427197 global.props.Geometry
Game: Engine DialogBubble_SubCloud_1 ParticleEmitter
Game: Engine polySurface1427251 global.props.Geometry
Game: Engine polySurface1427196 global.props.Geometry
Game: Engine polySurface1427195 global.props.Geometry
Game: Engine polySurface1427194 global.props.Geometry
Game: Engine polySurface1427193 global.props.Geometry
Game: Engine polySurface1427192 global.props.Geometry
Game: Engine polySurface1427191 global.props.Geometry
Game: Engine polySurface1427190 global.props.Geometry
Game: Engine polySurface1427189 global.props.Geometry
Game: Engine polySurface1427188 global.props.Geometry
Game: Engine polySurface1427234 global.props.Geometry
Game: Engine RazLH_SwishFX3 global.props.Geometry
Game: Engine polySurface1427236 global.props.Geometry
Game: Engine RazLH_SwishFX1 global.props.Geometry
Game: Engine polySurface1427081 global.props.Geometry
Game: Engine baconPoofFXB2 global.effects.baconPoofFX
Game: Engine InstaHintFord global.characters.InstaHintFord
Game: Engine WaterRingsFXB1 global.effects.WaterRingsFX
Game: Engine polySurface1427082 global.props.Geometry
Game: Engine PalmBombSuperHandsFXC0 global.effects.PalmBombSuperHandsFX
Game: Engine polySurface1427252 global.props.Geometry
Game: Engine polySurface1427253 global.props.Geometry
Game: Engine DialogBubble_SubCloud_2 ParticleEmitter
Game: Engine LedgeDirtFXC8 global.effects.LedgeDirtFX
Game: Engine TelekinesisClaw2RazTKClawLine ParticleEmitter
Game: Engine polySurface1427254 global.props.Geometry
Game: Engine TelekinesisClaw2TKHolder dummy
Game: Engine TelekinesisClaw2 TKClaw
Game: Engine TelekinesisClaw1RazTKClawLine ParticleEmitter
Game: Engine TelekinesisClaw1TKHolder dummy
Game: Engine TelekinesisClaw1 TKClaw
Game: Engine TKClawRazTKClawLine ParticleEmitter
Game: Engine MeleeFistFadeC2 global.effects.MeleeFistFade
Game: Engine GenGibs11_affector dummy
Game: Engine polySurface1427261 global.props.Geometry
Game: Engine TKClawTKHolder dummy
Game: Engine TKClaw TKClaw
Game: Engine Global global.GlobalClass
Game: Engine polySurface1427260 global.props.Geometry
Game: Engine polySurface1427259 global.props.Geometry
Game: Engine MeleeCraneFXC3 global.effects.MeleeCraneFX
Game: Engine RazLH_SwishFX2 global.props.Geometry
Game: Engine polySurface1427258 global.props.Geometry
Game: Engine polySurface1427257 global.props.Geometry
Game: Engine polySurface1427256 global.props.Geometry
Game: Engine Cougar7A_Ball Gen_CollideBall
Game: Engine EnemyDeathFX7B global.effects.EnemyDeathFX
Game: Engine CougarDirectionalHeatFX7C global.effects.CougarDirectionalHeatFX
Game: Engine baconPoofBearFX7D global.effects.baconPoofBearFX
Game: Engine WaterRingsFXB0 global.effects.WaterRingsFX
Game: Engine Bear1_RightBall Gen_CollideBall
Game: Engine Bear1_LeftBall Gen_CollideBall
Game: Engine WaterSplashAF global.effects.WaterSplash
Game: Engine Bear7E_RightBall Gen_CollideBall
Game: Engine Bear7E_LeftBall Gen_CollideBall
Game: Engine Bear7E_TKClaw global.enemies.BearTKClaw
Game: Engine Bear7E_TKClaw_Ball Gen_CollideBall
Game: Engine Bear1_TKClaw global.enemies.BearTKClaw
Game: Engine Bear1_TKClaw_Ball Gen_CollideBall
Game: Engine GenGibs81 global.effects.GenGibs
Game: Engine GenGibs81_affector dummy
Game: Engine Mud8C ca.effects.Mud
Game: Engine Mud8C_Muda1 dummy
Game: Engine AmbiencePlayer global.sound.RandomAmbiencePlayer
Game: Engine RazRH_SwishFX1 global.props.Geometry
Game: Engine polySurface1427255 global.props.Geometry
Game: Engine RazRH_SwishFX3 global.props.Geometry
Game: Engine Thought_Bubble_Spring ParticleEmitter
Game: Engine Thought_SubCloud_2 ParticleEmitter
Game: Engine Thought_SubCloud_1 ParticleEmitter
Game: Engine Thought_SubCloud_0 ParticleEmitter
Game: Engine Thought_Cloud ParticleEmitter
Game: Engine Thought_Bubble_Roll ParticleEmitter
Game: Engine FigmentGlobals global.collectibles.FigmentGlobals
Game: Engine ThoughtBubble ThoughtBubble
Game: Engine RazRH_SwishFX2 global.props.Geometry
Game: Engine SaltFX global.props.Geometry
Game: Engine ConfusionFX95 global.effects.ConfusionFX
Game: Engine ConfusionFX96 global.effects.ConfusionFX
Game: Engine ConfusionFX97 global.effects.ConfusionFX
Game: Engine ConfusionFX98 global.effects.ConfusionFX
Game: Engine ConfusionFX99 global.effects.ConfusionFX
Game: Engine ConfusionFX9A global.effects.ConfusionFX
Game: Engine ConfusionFX9B global.effects.ConfusionFX
Game: Engine ConfusionFX9C global.effects.ConfusionFX
Game: Engine HealthAmmo9D global.collectibles.HealthAmmo
Game: Engine HealthAmmo9E global.collectibles.HealthAmmo
Game: Engine HealthAmmo9F global.collectibles.HealthAmmo
Game: Engine ConfusionAmmoA0 global.collectibles.ConfusionAmmo
Game: Engine ConfusionAmmoA1 global.collectibles.ConfusionAmmo
Game: Engine ConfusionAmmoA2 global.collectibles.ConfusionAmmo
Game: Engine PsiBlastAmmoA3 global.collectibles.PsiBlastAmmo
Game: Engine PsiBlastAmmoA4 global.collectibles.PsiBlastAmmo
Game: Engine PsiBlastAmmoA5 global.collectibles.PsiBlastAmmo
Game: Engine ArrowheadAmmoA6 global.collectibles.ArrowheadAmmo
Game: Engine ArrowheadAmmoA7 global.collectibles.ArrowheadAmmo
Game: Engine ArrowheadAmmoA8 global.collectibles.ArrowheadAmmo
Game: Engine ca.CAMACutscenes ca.CAMACutscenes
Game: Engine EZSceneToolsA9 global.camera.EZSceneTools
Game: Engine cutsceneEmoTag ScriptBase
Game: Engine WaterFXManager global.effects.WaterFXManager
Game: Engine RunningRippleFX global.effects.RunningRippleFX
Game: Engine WaterRingsFX global.effects.WaterRingsFX
Game: Engine SplashFXAA global.effects.SplashFX
Game: Engine SplashFXAA_Dropsa1 dummy
Game: Engine SplashFXAB global.effects.SplashFX
Game: Engine SplashFXAB_Dropsa1 dummy
Game: Engine SplashFXAC global.effects.SplashFX
Game: Engine SplashFXAC_Dropsa1 dummy
Game: Engine SplashFXAD global.effects.SplashFX
Game: Engine SplashFXAD_Dropsa1 dummy
Game: Engine SplashFXAE global.effects.SplashFX
Game: Engine SplashFXAE_Dropsa1 dummy
Game: Engine splRail19 global.props.Railslide
Game: Engine CAMAtoCABH2 ca.props.CATeleporter
Game: Engine CAMAtoCAKC2 ca.props.CATeleporter
Game: Engine Canopy73 CameraAlphaEntity
Game: Engine Canopy78 CameraAlphaEntity
Game: Engine PsiCard2 global.collectibles.PSIChallengeCard
Game: Engine Canopy77 CameraAlphaEntity
Game: Engine Trapeze2 trapeez
Game: Engine CAMAtoCAGP1 ca.props.CATeleporter
Game: Engine fromCAMA1 dummy
Game: Engine TreestumpGag1 ca.props.TreestumpTeleporterGag
Game: Engine camaStump2 ca.props.TreestumpTeleporter
Game: Engine Arrowhead3 global.collectibles.Arrowhead
Game: Engine MegaArrowhead9 global.collectibles.MegaArrowhead
Game: Engine Canopy75 CameraAlphaEntity
Game: Engine CAMAtoCARE1 ca.props.CATeleporter
Game: Engine cutebirds1 ca.characters.CuteBird
Game: Engine splRail18 global.props.Railslide
Game: Engine PsiCard3 global.collectibles.PSIChallengeCard
Game: Engine Canopy76 CameraAlphaEntity
Game: Engine Canopy79 CameraAlphaEntity
Game: Engine fromCAMA2 dummy
Game: Engine MegaArrowhead6 global.collectibles.MegaArrowhead
Game: Engine SignCARE ca.props.Sign
Game: Engine SignLSO1 ca.props.Sign
Game: Engine cutebirds ca.characters.CuteBird
Game: Engine CuteBird4 ca.characters.CuteBird
Game: Engine InfoKiosk ca.props.InfoKiosk
Game: Engine CAMAtoCAGP2 ca.props.CATeleporter
Game: Engine InfoKiosk1 ca.props.InfoKiosk
Game: Engine PsiChallengeCardFX55 global.effects.PsiChallengeCardFX
Game: Engine PsiCard1 global.collectibles.PSIChallengeCard
Game: Engine OuthouseSoundSource global.sound.SoundSource
Game: Engine InterestFX54 global.effects.InterestFX
Game: Engine OuthouseDoor ca.props.OuthouseDoor
Game: Engine Arrowhead4 global.collectibles.Arrowhead
Game: Engine TrashCan5 ca.props.Trashcan
Game: Engine splRope27 global.props.Tightrope
Game: Engine CAMAtoCAKC1 ca.props.CATeleporter
Game: Engine PsiCard10 global.collectibles.PSIChallengeCard
Game: Engine TrashCan4 ca.props.Trashcan
Game: Engine CAMAtoCABH1 ca.props.CATeleporter
Game: Engine Squirrel1 ca.characters.Squirrel
Game: Engine Killrespawnpoint1 GEN_respawnpoint
Game: Engine PsiChallengeCardFX49 global.effects.PsiChallengeCardFX
Game: Engine PsiCard9 global.collectibles.PSIChallengeCard
Game: Engine InterestFX44 global.effects.InterestFX
Game: Engine GEN_dartstart GEN_dartstart
Game: Engine DragonFlyA ca.characters.Dragonfly
Game: Engine PsiCard12 global.collectibles.PSIChallengeCard
Game: Engine CoachJeepSound ca.props.CoachJeepSound
Game: Engine CoachJeepTrampoline1 ca.props.CoachJeepTrampoline
Game: Engine HistoryStump ca.props.HistoryStump
Game: Engine PsiCard8 global.collectibles.PSIChallengeCard
Game: Engine MillasCar1 ca.props.MillasCar
Game: Engine SalamanderA ca.characters.Salamander
Game: Engine Cougar7ACollisionShell global.props.Geometry
Game: Engine Bear7E global.enemies.Bear
Game: Engine Cougar7A global.enemies.Cougar
Game: Engine ScriptBaseC4 ScriptBase
Game: Engine ScriptBaseC1 ScriptBase
Game: Engine PsiCard18 global.collectibles.PSIChallengeCard
Game: Engine MegaArrowhead7 global.collectibles.MegaArrowhead
Game: Engine Gate ca.props.Gate
Game: Engine Arrowhead12 global.collectibles.Arrowhead
Game: Engine ParkingLotSounds global.sound.NoiseMaker
Game: Engine Canopy45 CameraAlphaEntity
Game: Engine Canopy58 CameraAlphaEntity
Game: Engine Canopy55 CameraAlphaEntity
Game: Engine Canopy57 CameraAlphaEntity
Game: Engine Canopy59 CameraAlphaEntity
Game: Engine Minecart ca.props.MineCart
Game: Engine Canopy62 CameraAlphaEntity