Game: Engine GEN_dartstart GEN_dartstart
Game: Engine RazLH_EntryFX global.props.Geometry
Game: Engine RankBling global.otherentities.RankBling
Game: Engine TorchFire9 bb.props.Fire
Game: Engine TikiTorchFXF1_TeenyFlame1a1 dummy
Game: Engine TikiTorchFXF1 ca.effects.TikiTorchFX
Game: Engine GlobalBugs global.effects.HindenbugEmitter
Game: Engine gio_GIO_286 global.props.GIO
Game: Engine Pollen global.effects.PollenEmitter
Game: Engine FireEC ca.effects.Fire
Game: Engine EternalFlame ca.props.EternalFlame
Game: Engine EternalFlameFire bb.props.Fire
Game: Engine TikiTorchFXF0_TeenyFlame1a1 dummy
Game: Engine TorchFire8 bb.props.Fire
Game: Engine TikiTorchFXF0 ca.effects.TikiTorchFX
Game: Engine MegaArrowhead11 global.collectibles.MegaArrowhead
Game: Engine gio_GIO_22 global.props.GIO
Game: Engine gio_GIO_23 global.props.GIO
Game: Engine gio_GIO_35 global.props.GIO
Game: Engine gio_GIO_21 global.props.GIO
Game: Engine gio_GIO_33 global.props.GIO
Game: Engine gio_GIO_31 global.props.GIO
Game: Engine TikiTorchFXEF ca.effects.TikiTorchFX
Game: Engine TikiTorchFXEF_TeenyFlame1a1 dummy
Game: Engine TorchFire7 bb.props.Fire
Game: Engine gio_GIO_34 global.props.GIO
Game: Engine gio_GIO_20 global.props.GIO
Game: Engine gio_GIO_32 global.props.GIO
Game: Engine gio_GIO_266 global.props.GIO
Game: Engine gio_GIO_42 global.props.GIO
Game: Engine TikiTorchFXEE_TeenyFlame1a1 dummy
Game: Engine TorchFire1 bb.props.Fire
Game: Engine TikiTorchFXEE ca.effects.TikiTorchFX
Game: Engine gio_GIO_17 global.props.GIO
Game: Engine gio_GIO_267 global.props.GIO
Game: Engine gio_GIO_268 global.props.GIO
Game: Engine SignLSOA ca.props.Sign
Game: Engine gio_GIO_14 global.props.GIO
Game: Engine gio_GIO_18 global.props.GIO
Game: Engine gio_GIO_13 global.props.GIO
Game: Engine gio_GIO_269 global.props.GIO
Game: Engine gio_GIO_244 global.props.GIO
Game: Engine SignLSO1 ca.props.Sign
Game: Engine gio_GIO_11 global.props.GIO
Game: Engine gio_GIO_16 global.props.GIO
Game: Engine gio_GIO_15 global.props.GIO
Game: Engine gio_GIO_19 global.props.GIO
Game: Engine SalamanderD ca.characters.Salamander
Game: Engine gio_GIO_12 global.props.GIO
Game: Engine gio_GIO_24 global.props.GIO
Game: Engine gio_GIO_29 global.props.GIO
Game: Engine gio_GIO_28 global.props.GIO
Game: Engine gio_GIO_27 global.props.GIO
Game: Engine gio_GIO_26 global.props.GIO
Game: Engine gio_GIO_25 global.props.GIO
Game: Engine gio_GIO_247 global.props.GIO
Game: Engine gio_GIO_245 global.props.GIO
Game: Engine gio_GIO_36 global.props.GIO
Game: Engine MegaArrowhead12 global.collectibles.MegaArrowhead
Game: Engine gio_GIO_248 global.props.GIO
Game: Engine gio_GIO_246 global.props.GIO
Game: Engine gio_GIO_10 global.props.GIO
Game: Engine gio_GIO_250 global.props.GIO
Game: Engine gio_GIO_262 global.props.GIO
Game: Engine gio_GIO_249 global.props.GIO
Game: Engine gio_GIO_288 global.props.GIO
Game: Engine gio_GIO_251 global.props.GIO
Game: Engine gio_GIO_30 global.props.GIO
Game: Engine gio_GIO_254 global.props.GIO
Game: Engine gio_GIO_261 global.props.GIO
Game: Engine gio_GIO_252 global.props.GIO
Game: Engine gio_GIO_263 global.props.GIO
Game: Engine gio_GIO_257 global.props.GIO
Game: Engine gio_GIO_264 global.props.GIO
Game: Engine gio_GIO_287 global.props.GIO
Game: Engine gio_GIO_259 global.props.GIO
Game: Engine gio_GIO_255 global.props.GIO
Game: Engine SignLSOB ca.props.Sign
Game: Engine gio_GIO_260 global.props.GIO
Game: Engine gio_GIO_258 global.props.GIO
Game: Engine gio_GIO_265 global.props.GIO
Game: Engine gio_GIO_253 global.props.GIO
Game: Engine gio_GIO_256 global.props.GIO
Game: Engine gio_GIO_395 global.props.GIO
Game: Engine gio_GIO_7 global.props.GIO
Game: Engine CAREtoCAMA1 ca.props.CATeleporter
Game: Engine TunnelWindRailAmbSound global.sound.RailAmbientSound
Game: Engine SalamanderC ca.characters.Salamander
Game: Engine arrowhead15 global.collectibles.Arrowhead
Game: Engine arrowhead18 global.collectibles.Arrowhead
Game: Engine MegaArrowhead1 global.collectibles.MegaArrowhead
Game: Engine Bear1 global.enemies.Bear
Game: Engine splRail8 global.props.Railslide
Game: Engine gio_GIO_113 global.props.GIO
Game: Engine gio_GIO_78 global.props.GIO
Game: Engine gio_GIO_389 global.props.GIO
Game: Engine gio_GIO_111 global.props.GIO
Game: Engine gio_GIO_110 global.props.GIO
Game: Engine gio_GIO_109 global.props.GIO
Game: Engine gio_GIO_115 global.props.GIO
Game: Engine gio_GIO_112 global.props.GIO
Game: Engine gio_GIO_114 global.props.GIO
Game: Engine gio_GIO_400 global.props.GIO
Game: Engine gio_GIO_289 global.props.GIO
Game: Engine gio_GIO_116 global.props.GIO
Game: Engine gio_GIO_108 global.props.GIO
Game: Engine gio_GIO_117 global.props.GIO
Game: Engine MegaArrowhead9 global.collectibles.MegaArrowhead
Game: Engine PsiChallengeCardFX6A global.effects.PsiChallengeCardFX
Game: Engine InterestFX69 global.effects.InterestFX
Game: Engine PsiCard8 global.collectibles.PSIChallengeCard
Game: Engine gio_GIO_399 global.props.GIO
Game: Engine annoyingBird9 ca.characters.CuteBird
Game: Engine gio_GIO_118 global.props.GIO
Game: Engine gio_GIO_107 global.props.GIO
Game: Engine gio_GIO_106 global.props.GIO
Game: Engine Bear2 global.enemies.Bear
Game: Engine InterestFX63 global.effects.InterestFX
Game: Engine PsiCard5 global.collectibles.PSIChallengeCard
Game: Engine PsiChallengeCardFX64 global.effects.PsiChallengeCardFX
Game: Engine gio_GIO_103 global.props.GIO
Game: Engine gio_GIO_105 global.props.GIO
Game: Engine gio_GIO_94 global.props.GIO
Game: Engine gio_GIO_99 global.props.GIO
Game: Engine MegaArrowhead10 global.collectibles.MegaArrowhead
Game: Engine gio_GIO_104 global.props.GIO
Game: Engine squirrelA ca.characters.Squirrel
Game: Engine gio_GIO_102 global.props.GIO
Game: Engine gio_GIO_98 global.props.GIO
Game: Engine gio_GIO_93 global.props.GIO
Game: Engine gio_GIO_95 global.props.GIO
Game: Engine MegaArrowhead8 global.collectibles.MegaArrowhead
Game: Engine gio_GIO_100 global.props.GIO
Game: Engine gio_GIO_101 global.props.GIO
Game: Engine MegaArrowhead13 global.collectibles.MegaArrowhead
Game: Engine SwarmEffects ca.effects.HornetSwarmFX
Game: Engine ScavHornetNest ca.props.HornetNest
Game: Engine SwarmEffects_Swarma1 dummy
Game: Engine gio_GIO_97 global.props.GIO
Game: Engine gio_GIO_96 global.props.GIO
Game: Engine gio_GIO_119 global.props.GIO
Game: Engine gio_GIO_6 global.props.GIO
Game: Engine gio_GIO_401 global.props.GIO
Game: Engine gio_GIO_334 global.props.GIO
Game: Engine MegaArrowhead18 global.collectibles.MegaArrowhead
Game: Engine gio_GIO_293 global.props.GIO
Game: Engine gio_GIO_333 global.props.GIO
Game: Engine gio_GIO_121 global.props.GIO
Game: Engine gio_GIO_120 global.props.GIO
Game: Engine gio_GIO_92 global.props.GIO
Game: Engine annoyingBird8 ca.characters.CuteBird
Game: Engine arrowhead global.collectibles.Arrowhead
Game: Engine annoyingBird ca.characters.CuteBird
Game: Engine gio_GIO_90 global.props.GIO
Game: Engine InterestFX62 global.effects.InterestFX
Game: Engine PsiCard4 global.collectibles.PSIChallengeCard
Game: Engine PsiChallengeCardFX5E global.effects.PsiChallengeCardFX
Game: Engine gio_GIO_332 global.props.GIO
Game: Engine gio_GIO_398 global.props.GIO
Game: Engine gio_GIO_91 global.props.GIO
Game: Engine Killrespawnpoint0 GEN_respawnpoint
Game: Engine splLadd3 global.props.Ladder
Game: Engine PsiCard9 global.collectibles.PSIChallengeCard
Game: Engine InterestFX6B global.effects.InterestFX
Game: Engine PsiChallengeCardFX6C global.effects.PsiChallengeCardFX
Game: Engine PsiChallengeCardFX68 global.effects.PsiChallengeCardFX
Game: Engine PsiCard7 global.collectibles.PSIChallengeCard
Game: Engine InterestFX67 global.effects.InterestFX
Game: Engine PsiCard6 global.collectibles.PSIChallengeCard
Game: Engine InterestFX65 global.effects.InterestFX
Game: Engine PsiChallengeCardFX66 global.effects.PsiChallengeCardFX
Game: Engine Killrespawnpoint1 GEN_respawnpoint
Game: Engine MegaArrowhead6 global.collectibles.MegaArrowhead
Game: Engine squirrelE ca.characters.Squirrel
Game: Engine squirrelB ca.characters.Squirrel
Game: Engine careStump ca.props.TreestumpTeleporter
Game: Engine TreestumpGag1 ca.props.TreestumpTeleporterGag
Game: Engine MegaArrowhead14 global.collectibles.MegaArrowhead
Game: Engine arrowhead1 global.collectibles.Arrowhead
Game: Engine arrowhead16 global.collectibles.Arrowhead
Game: Engine annoyingBird1 ca.characters.CuteBird
Game: Engine PsiCard10 global.collectibles.PSIChallengeCard
Game: Engine PsiChallengeCardFX6E global.effects.PsiChallengeCardFX
Game: Engine squirrelF ca.characters.Squirrel
Game: Engine PsiCard16 global.collectibles.PSIChallengeCard
Game: Engine PsiCard3 global.collectibles.PSIChallengeCard
Game: Engine PsiChallengeCardFX5D global.effects.PsiChallengeCardFX
Game: Engine SalamanderB ca.characters.Salamander
Game: Engine arrowhead17 global.collectibles.Arrowhead
Game: Engine annoyingBird7 ca.characters.CuteBird
Game: Engine SwampPointAmbSoundSoundSource ScriptBase
Game: Engine MegaArrowhead7 global.collectibles.MegaArrowhead
Game: Engine StreamAmbSoundPlayer global.sound.RailAmbientSound
Game: Engine Broom gen_proploader
Game: Engine ford ca.characters.Ford
Game: Engine Dustpan gen_proploader
Game: Engine splRail0 global.props.Railslide
Game: Engine arrowhead22 global.collectibles.Arrowhead
Game: Engine splRope2 global.props.Tightrope
Game: Engine SignLSOC ca.props.Sign
Game: Engine PsiCard11 global.collectibles.PSIChallengeCard
Game: Engine PsiCard2 global.collectibles.PSIChallengeCard
Game: Engine PsiChallengeCardFX5C global.effects.PsiChallengeCardFX
Game: Engine annoyingBird2 ca.characters.CuteBird
Game: Engine arrowhead4 global.collectibles.Arrowhead
Game: Engine arrowhead23 global.collectibles.Arrowhead
Game: Engine SwampPointAmbSound global.sound.PointAmbientSound
Game: Engine MegaArrowhead3 global.collectibles.MegaArrowhead
Game: Engine GrasshoperA ca.characters.Grasshopper
Game: Engine arrowhead24 global.collectibles.Arrowhead
Game: Engine arrowhead19 global.collectibles.Arrowhead
Game: Engine squirrelD ca.characters.Squirrel
Game: Engine MegaArrowhead2 global.collectibles.MegaArrowhead
Game: Engine annoyingBird6 ca.characters.CuteBird
Game: Engine MegaArrowhead5 global.collectibles.MegaArrowhead
Game: Engine SalamanderA ca.characters.Salamander
Game: Engine splRail1 global.props.Railslide
Game: Engine GrasshoperC ca.characters.Grasshopper
Game: Engine FireED ca.effects.Fire
Game: Engine EternalFlame1Fire bb.props.Fire
Game: Engine EternalFlame1 ca.props.EternalFlame
Game: Engine arrowhead10 global.collectibles.Arrowhead
Game: Engine annoyingBird3 ca.characters.CuteBird
Game: Engine PsiCard15 global.collectibles.PSIChallengeCard
Game: Engine arrowhead2 global.collectibles.Arrowhead
Game: Engine Geometry39 global.props.Geometry
Game: Engine ScavEgg ca.props.ScavengerHuntItem
Game: Engine arrowhead13 global.collectibles.Arrowhead
Game: Engine splRail5 global.props.Railslide
Game: Engine MegaArrowhead16 global.collectibles.MegaArrowhead
Game: Engine PsiCard1 global.collectibles.PSIChallengeCard
Game: Engine PsiChallengeCardFX5A global.effects.PsiChallengeCardFX
Game: Engine Geometry84 global.props.Geometry
Game: Engine ScavBone ca.props.ScavengerHuntItem
Game: Engine arrowhead3 global.collectibles.Arrowhead
Game: Engine AHIdleFX3A global.effects.AHIdleFX
Game: Engine arrowhead12 global.collectibles.Arrowhead
Game: Engine arrowhead25 global.collectibles.Arrowhead
Game: Engine arrowhead14 global.collectibles.Arrowhead
Game: Engine GrasshoperB ca.characters.Grasshopper
Game: Engine splRail7 global.props.Railslide
Game: Engine splRail4 global.props.Railslide
Game: Engine arrowhead5 global.collectibles.Arrowhead
Game: Engine arrowhead11 global.collectibles.Arrowhead
Game: Engine PsiCard20 global.collectibles.PSIChallengeCard
Game: Engine PsiCard12 global.collectibles.PSIChallengeCard
Game: Engine arrowhead6 global.collectibles.Arrowhead
Game: Engine splRail6 global.props.Railslide
Game: Engine annoyingBird5 ca.characters.CuteBird
Game: Engine MegaArrowhead17 global.collectibles.MegaArrowhead
Game: Engine arrowhead9 global.collectibles.Arrowhead
Game: Engine PsiCard19 global.collectibles.PSIChallengeCard
Game: Engine PsiCard global.collectibles.PSIChallengeCard
Game: Engine PsiChallengeCardFX5B global.effects.PsiChallengeCardFX
Game: Engine CAREtoCAGP1 ca.props.CATeleporter
Game: Engine MegaArrowhead15 global.collectibles.MegaArrowhead
Game: Engine PsiCard17 global.collectibles.PSIChallengeCard
Game: Engine GrasshoperD ca.characters.Grasshopper
Game: Engine arrowhead21 global.collectibles.Arrowhead
Game: Engine Geometry58 global.props.Geometry
Game: Engine PsiChallengeMarker global.collectibles.PsiChallengeMarker
Game: Engine MegaArrowhead4 global.collectibles.MegaArrowhead
Game: Engine annoyingBird4 ca.characters.CuteBird
Game: Engine SignLSOD ca.props.Sign
Game: Engine Canopy72 CameraAlphaEntity
Game: Engine PsiCard13 global.collectibles.PSIChallengeCard
Game: Engine arrowhead20 global.collectibles.Arrowhead
Game: Engine WaterFallAmbientSound global.sound.SoundSource
Game: Engine __Dupe_WaterFallAmbientSound__1 global.sound.SoundSource
Game: Engine PsiCard18 global.collectibles.PSIChallengeCard
Game: Engine arrowhead8 global.collectibles.Arrowhead
Game: Engine Geometry8E global.props.Geometry
Game: Engine ScavHuntPipe ca.props.ScavengerHuntItem
Game: Engine PsiCard14 global.collectibles.PSIChallengeCard
Game: Engine arrowhead7 global.collectibles.Arrowhead
Game: Engine treetop6 global.props.Geometry
Game: Engine ScaryTree global.props.Geometry
Game: Engine GenGibs1F global.effects.GenGibs
Game: Engine GenGibs1F_affector dummy
Game: Engine GenGibs20 global.effects.GenGibs
Game: Engine GenGibs20_affector dummy
Game: Engine GenGibs21 global.effects.GenGibs
Game: Engine GenGibs21_affector dummy
Game: Engine GenGibs22 global.effects.GenGibs
Game: Engine GenGibs22_affector dummy
Game: Engine GenGibs23 global.effects.GenGibs
Game: Engine GenGibs23_affector dummy
Game: Engine GenGibs24 global.effects.GenGibs
Game: Engine GenGibs24_affector dummy
Game: Engine GenGibs25 global.effects.GenGibs
Game: Engine GenGibs25_affector dummy
Game: Engine treetop36 global.props.Geometry
Game: Engine treetop40 global.props.Geometry
Game: Engine streamStreakUpper global.props.Geometry
Game: Engine ClairCamUpdater29 global.otherentities.ClairCamUpdater
Game: Engine ConfusionGrenade2B global.props.ConfusionGrenade
Game: Engine ConfusionGrenade2B_fx1 global.effects.ConfusionFuseFX
Game: Engine ConfusionGrenade2B_fx2 global.effects.ConfusionBombFX
Game: Engine ConfusionGrenade2B_fx2_StreakPopa1 dummy
Game: Engine BallPopFX2C global.effects.BallPopFX
Game: Engine ThoughtBubbleRings global.effects.PsiBallRingsFX
Game: Engine ThoughtBubbleBounce global.effects.PsiBallRingsBounceFX
Game: Engine ThoughtBubbleRings2 global.effects.PsiBallRingsFX
Game: Engine ThoughtBubbleBounce2 global.effects.PsiBallRingsBounceFX
Game: Engine ball_trail engine.BallTrail
Game: Engine ThoughtBubbleSpikes ScriptBase
Game: Engine PsiRailFX2D global.effects.PsiRailFX
Game: Engine PsiBlastFX2E global.effects.PsiBlastFX
Game: Engine PsiBlastHitFX2F global.effects.PsiBlastHitFX
Game: Engine treetop35 global.props.Geometry
Game: Engine PsiBlastAirHit30 global.effects.PsiBlastAirHit
Game: Engine PsiBlastDeflectFX31 global.effects.PsiBlastDeflectFX
Game: Engine PsiBlastHitSuperFX32 global.effects.PsiBlastHitSuperFX
Game: Engine TelekinesisClaw1 TKClaw
Game: Engine TelekinesisClaw1TKHolder dummy
Game: Engine treetop34 global.props.Geometry
Game: Engine treetop33 global.props.Geometry
Game: Engine treetop32 global.props.Geometry
Game: Engine RailSlideMetalFX35 global.effects.RailSlideMetalFX
Game: Engine RailSlideWoodFX36 global.effects.RailSlideWoodFX
Game: Engine waterFallStreak global.props.Geometry
Game: Engine streamStreakLower global.props.Geometry
Game: Engine streamWater global.props.Geometry
Game: Engine newPond1 global.props.Geometry
Game: Engine newPond2 global.props.Geometry
Game: Engine AHGasFX3B global.effects.AHGasFX
Game: Engine TKClawRazTKClawLine ParticleEmitter
Game: Engine AHCollectionFX3C global.effects.AHCollectionFX
Game: Engine AHCollectionFX3C_Payoffa1 dummy
Game: Engine Mover3D global.otherentities.Mover
Game: Engine treetop31 global.props.Geometry
Game: Engine treetop30 global.props.Geometry
Game: Engine treetop29 global.props.Geometry
Game: Engine treetop28 global.props.Geometry
Game: Engine treetop27 global.props.Geometry
Game: Engine treetopsm global.props.Geometry
Game: Engine treetoplrg global.props.Geometry
Game: Engine treetop26 global.props.Geometry
Game: Engine treetop25 global.props.Geometry
Game: Engine treetop5 global.props.Geometry
Game: Engine treetop4 global.props.Geometry
Game: Engine treetop3 global.props.Geometry
Game: Engine treetop2 global.props.Geometry
Game: Engine treetop1 global.props.Geometry
Game: Engine treetop global.props.Geometry
Game: Engine treetop9 global.props.Geometry
Game: Engine treetop8 global.props.Geometry
Game: Engine treetop7 global.props.Geometry
Game: Engine treetop15 global.props.Geometry
Game: Engine treetop14 global.props.Geometry
Game: Engine treetop13 global.props.Geometry
Game: Engine treetop12 global.props.Geometry
Game: Engine treetop11 global.props.Geometry
Game: Engine treetop10 global.props.Geometry
Game: Engine treetop18 global.props.Geometry
Game: Engine treetop17 global.props.Geometry
Game: Engine TKClawTKHolder dummy
Game: Engine treetop16 global.props.Geometry
Game: Engine treetop22 global.props.Geometry
Game: Engine treetop21 global.props.Geometry
Game: Engine treetop20 global.props.Geometry
Game: Engine treetop19 global.props.Geometry
Game: Engine treetop24 global.props.Geometry
Game: Engine treetop23 global.props.Geometry
Game: Engine Tombstones_lf global.props.Geometry
Game: Engine BadKidscampfire global.props.Geometry
Game: Engine TelekinesisClaw1RazTKClawLine ParticleEmitter
Game: Engine TKClaw TKClaw
Game: Engine TelekinesisClaw2 TKClaw
Game: Engine Global global.GlobalClass
Game: Engine bonfire_lf global.props.Geometry
Game: Engine LogSeats_lf global.props.Geometry
Game: Engine SmallStones1_lf global.props.Geometry
Game: Engine Thought_Bubble_Spring ParticleEmitter
Game: Engine RazSteamRecoverFX5 global.effects.RazSteamRecoverFX
Game: Engine FireStartExplodeSuperFX4 global.effects.FireStartExplodeSuperFX
Game: Engine Thought_SubCloud_2 ParticleEmitter
Game: Engine Thought_SubCloud_1 ParticleEmitter
Game: Engine Dart_FXe global.effects.NoAmmoFX
Game: Engine Dart_FXb global.effects.PsiShieldFailFX
Game: Engine Dart_FXa global.effects.InvisoEyeFX
Game: Engine LedgeDirtFXEB global.effects.LedgeDirtFX
Game: Engine RazRespawnFX3 global.effects.RazRespawnFX
Game: Engine RazPreDeathFX2 global.effects.RazPreDeathFX
Game: Engine PlayerInvulIndicator global.effects.RazDamageFX
Game: Engine Decorator1 global.props.Decorator
Game: Engine RazPsiShield PsiShield
Game: Engine DialogBubble_SubCloud_2 ParticleEmitter
Game: Engine DialogBubble_SubCloud_1 ParticleEmitter
Game: Engine DialogBubble_SubCloud_0 ParticleEmitter
Game: Engine Dialog_Cloud ParticleEmitter
Game: Engine Clairvoyance_Cloud ParticleEmitter
Game: Engine FireStartExplodeFX0 global.effects.FireStartExplodeFX
Game: Engine FigmentGlobals global.collectibles.FigmentGlobals
Game: Engine Thought_SubCloud_0 ParticleEmitter
Game: Engine Thought_Cloud ParticleEmitter
Game: Engine Thought_Bubble_Roll ParticleEmitter
Game: Engine water1 global.props.Geometry
Game: Engine SetFogAndZ global.otherentities.SetFogAndZ
Game: Engine Bear1_RightBall Gen_CollideBall
Game: Engine Bear1_LeftBall Gen_CollideBall
Game: Engine SafetyCollision global.props.Geometry
Game: Engine Bear85_RightBall Gen_CollideBall
Game: Engine Bear85_LeftBall Gen_CollideBall
Game: Engine EnemyDeathFX86 global.effects.EnemyDeathFX
Game: Engine Bear85_TKClaw global.enemies.BearTKClaw
Game: Engine Bear85_TKClaw_Ball Gen_CollideBall
Game: Engine baconPoofBearFX88 global.effects.baconPoofBearFX
Game: Engine Bear1_TKClaw global.enemies.BearTKClaw
Game: Engine Bear1_TKClaw_Ball Gen_CollideBall
Game: Engine Bear2_RightBall Gen_CollideBall
Game: Engine Bear2_LeftBall Gen_CollideBall
Game: Engine Bear2_TKClaw global.enemies.BearTKClaw
Game: Engine Bear2_TKClaw_Ball Gen_CollideBall
Game: Engine PsiBlast5DeflectedPsiBlast global.props.Geometry
Game: Engine GenGibs1E_affector dummy
Game: Engine Cougar8B_Ball Gen_CollideBall
Game: Engine CougarDirectionalHeatFX8C global.effects.CougarDirectionalHeatFX
Game: Engine TelekinesisClaw2TKHolder dummy
Game: Engine dripMesh global.props.Geometry
Game: Engine GenGibs1E global.effects.GenGibs
Game: Engine GenGibsA3 global.effects.GenGibs
Game: Engine GenGibsA3_affector dummy
Game: Engine MudAE ca.effects.Mud
Game: Engine MudAE_Muda1 dummy
Game: Engine AmbiencePlayer global.sound.RandomAmbiencePlayer
Game: Engine PsiBlast5 PsiBlast
Game: Engine PsiBlast4DeflectedPsiBlast global.props.Geometry
Game: Engine PsiBlast4 PsiBlast
Game: Engine PsiBlast3DeflectedPsiBlast global.props.Geometry
Game: Engine PsiBlast3 PsiBlast
Game: Engine PsiBlast2DeflectedPsiBlast global.props.Geometry
Game: Engine PsiBlast2 PsiBlast
Game: Engine PsiBlast1DeflectedPsiBlast global.props.Geometry
Game: Engine SaltFX global.props.Geometry
Game: Engine ConfusionFXB7 global.effects.ConfusionFX
Game: Engine ConfusionFXB8 global.effects.ConfusionFX
Game: Engine ConfusionFXB9 global.effects.ConfusionFX
Game: Engine ConfusionFXBA global.effects.ConfusionFX
Game: Engine ConfusionFXBB global.effects.ConfusionFX
Game: Engine ConfusionFXBC global.effects.ConfusionFX
Game: Engine ConfusionFXBD global.effects.ConfusionFX
Game: Engine ConfusionFXBE global.effects.ConfusionFX
Game: Engine HealthAmmoBF global.collectibles.HealthAmmo
Game: Engine HealthAmmoC0 global.collectibles.HealthAmmo
Game: Engine HealthAmmoC1 global.collectibles.HealthAmmo
Game: Engine ConfusionAmmoC2 global.collectibles.ConfusionAmmo
Game: Engine ConfusionAmmoC3 global.collectibles.ConfusionAmmo
Game: Engine ConfusionAmmoC4 global.collectibles.ConfusionAmmo
Game: Engine PsiBlastAmmoC5 global.collectibles.PsiBlastAmmo
Game: Engine PsiBlastAmmoC6 global.collectibles.PsiBlastAmmo
Game: Engine PsiBlastAmmoC7 global.collectibles.PsiBlastAmmo
Game: Engine ArrowheadAmmoC8 global.collectibles.ArrowheadAmmo
Game: Engine ArrowheadAmmoC9 global.collectibles.ArrowheadAmmo
Game: Engine ArrowheadAmmoCA global.collectibles.ArrowheadAmmo
Game: Engine ca.CARECutscenes ca.CARECutscenes
Game: Engine EZSceneToolsCB global.camera.EZSceneTools
Game: Engine cutsceneEmoTag ScriptBase
Game: Engine WaterFXManager global.effects.WaterFXManager
Game: Engine RunningRippleFX global.effects.RunningRippleFX
Game: Engine WaterRingsFX global.effects.WaterRingsFX
Game: Engine SplashFXCC global.effects.SplashFX
Game: Engine SplashFXCC_Dropsa1 dummy
Game: Engine SplashFXCD global.effects.SplashFX
Game: Engine SplashFXCD_Dropsa1 dummy
Game: Engine SplashFXCE global.effects.SplashFX
Game: Engine SplashFXCE_Dropsa1 dummy
Game: Engine SplashFXCF global.effects.SplashFX
Game: Engine SplashFXCF_Dropsa1 dummy
Game: Engine SplashFXD0 global.effects.SplashFX
Game: Engine SplashFXD0_Dropsa1 dummy
Game: Engine WaterSplashD1 global.effects.WaterSplash
Game: Engine WaterRingsFXD2 global.effects.WaterRingsFX
Game: Engine WaterRingsFXD3 global.effects.WaterRingsFX
Game: Engine InstaHintFord global.characters.InstaHintFord
Game: Engine baconPoofFXD4 global.effects.baconPoofFX
Game: Engine MillaAnnouncer global.props.Geometry
Game: Engine FordAnnouncer global.props.Geometry
Game: Engine PsiBlast1 PsiBlast
Game: Engine PsiBlast0DeflectedPsiBlast global.props.Geometry
Game: Engine PsiBlast0 PsiBlast
Game: Engine CAREWaterFXD6 ca.effects.CAREWaterFX
Game: Engine ThoughtBubble ThoughtBubble
Game: Engine polySurface142793 global.props.Geometry
Game: Engine polySurface142794 global.props.Geometry
Game: Engine treetop37 global.props.Geometry
Game: Engine treetop38 global.props.Geometry
Game: Engine treetop39 global.props.Geometry
Game: Engine PutAwayFXD7 global.effects.PutAwayFX
Game: Engine FigmentFXD8 global.effects.FigmentFX
Game: Engine FigmentFXD8_Mista1 dummy
Game: Engine RankUpFXD9 global.effects.RankUpFX
Game: Engine RankUpFXD9_Sparka1 dummy
Game: Engine RazPsiShieldFX global.effects.PsiShieldFX
Game: Engine DecoratorDA global.props.Decorator
Game: Engine MeleeHitDB global.effects.MeleeHit
Game: Engine MeleeHitDC global.effects.MeleeHit
Game: Engine MeleeHitDD global.effects.MeleeHit
Game: Engine MeleeHitNotDE global.effects.MeleeHitNot
Game: Engine MeleeHitNotDF global.effects.MeleeHitNot
Game: Engine MeleeFistFadeE0 global.effects.MeleeFistFade
Game: Engine PalmBombFXE1 global.effects.PalmBombFX
Game: Engine RazLH_SwishFX1 global.props.Geometry
Game: Engine RazLH_SwishFX2 global.props.Geometry
Game: Engine RazLH_SwishFX3 global.props.Geometry
Game: Engine RazLH_SwishFX4 global.props.Geometry
Game: Engine RazLH_ShockFX global.props.DartShockwave
Game: Engine PalmBombSuperFXE2 global.effects.PalmBombSuperFX
Game: Engine PalmBombSuperHandsFXE3 global.effects.PalmBombSuperHandsFX
Game: Engine MeleeFistFadeE5 global.effects.MeleeFistFade
Game: Engine MeleeCraneFXE6 global.effects.MeleeCraneFX
Game: Engine RazRH_SwishFX1 global.props.Geometry
Game: Engine RazRH_SwishFX2 global.props.Geometry
Game: Engine RazRH_SwishFX3 global.props.Geometry
Game: Engine TelekinesisClaw2RazTKClawLine ParticleEmitter
Game: Engine InvDisplayer global.otherentities.InvAdder
Game: Engine Dart_FXf_Streamersa1 dummy
Game: Engine Dart_FXf global.effects.invisibilityShockwaveFX
Game: Engine RazLH global.props.DartMeleeHand
Game: Engine RazRH global.props.DartMeleeHand
Game: Engine CanopyA1 CameraAlphaEntity
Game: Engine Canopy73 CameraAlphaEntity
Game: Engine Geometry34 global.props.Geometry
Game: Engine ScavIdol ca.props.PSIBlastPuzzleHuntItem
Game: Engine InterestFX33 global.effects.InterestFX
Game: Engine Canopy70 CameraAlphaEntity
Game: Engine Canopy69 CameraAlphaEntity
Game: Engine Cougar8B global.enemies.Cougar
Game: Engine Cougar8BCollisionShell global.props.Geometry
Game: Engine ScriptBaseE4 ScriptBase
Game: Engine ScriptBaseE7 ScriptBase
Game: Engine Bear85 global.enemies.Bear
Game: Engine Canopy68 CameraAlphaEntity
Game: Engine Canopy44 CameraAlphaEntity
Game: Engine Canopy58 CameraAlphaEntity
Game: Engine Canopy71 CameraAlphaEntity
Game: Engine Canopy65 CameraAlphaEntity
Game: Engine Canopy66 CameraAlphaEntity
Game: Engine Canopy57 CameraAlphaEntity
Game: Engine Canopy67 CameraAlphaEntity
Game: Engine Canopy55 CameraAlphaEntity
Game: Engine Canopy64 CameraAlphaEntity
Game: Engine Minecart ca.props.MineCart