Game: Engine Dart Dart
Game: Engine dartstart GEN_dartstart
Game: Engine RazLH_EntryFX global.props.Geometry
Game: Engine RankBling global.otherentities.RankBling
Game: Engine gio_GIO_5 global.props.GIO
Game: Engine CASAtoCAGP1 ca.props.CATeleporter
Game: Engine ladder10m gen_proploader
Game: Engine gio_GIO_50 global.props.GIO
Game: Engine gio_GIO_12 global.props.GIO
Game: Engine gio_GIO_13 global.props.GIO
Game: Engine gio_GIO_6 global.props.GIO
Game: Engine gio_GIO_4 global.props.GIO
Game: Engine gio_GIO_57 global.props.GIO
Game: Engine gio_GIO_85 global.props.GIO
Game: Engine gio_GIO_47 global.props.GIO
Game: Engine gio_GIO_60 global.props.GIO
Game: Engine gio_GIO_7 global.props.GIO
Game: Engine gio_GIO_59 global.props.GIO
Game: Engine gio_GIO_81 global.props.GIO
Game: Engine gio_GIO_51 global.props.GIO
Game: Engine gio_GIO_48 global.props.GIO
Game: Engine gio_GIO_79 global.props.GIO
Game: Engine gio_GIO_2 global.props.GIO
Game: Engine gio_GIO_80 global.props.GIO
Game: Engine gio_GIO_61 global.props.GIO
Game: Engine gio_GIO_54 global.props.GIO
Game: Engine gio_GIO_58 global.props.GIO
Game: Engine gio_GIO_49 global.props.GIO
Game: Engine gio_GIO_3 global.props.GIO
Game: Engine braintumbler ca.props.SA_LAB_Braintumbler
Game: Engine EquimentHumSound global.sound.SoundSource
Game: Engine gio_GIO_66 global.props.GIO
Game: Engine gio_GIO_20 global.props.GIO
Game: Engine Dart_FXf global.effects.invisibilityShockwaveFX
Game: Engine Dart_FXf_Streamersa1 dummy
Game: Engine gio_GIO_71 global.props.GIO
Game: Engine gio_GIO_10 global.props.GIO
Game: Engine InterestFX19 global.effects.InterestFX
Game: Engine PsiChallengeCardFX1A global.effects.PsiChallengeCardFX
Game: Engine gio_GIO_67 global.props.GIO
Game: Engine TumblerSwitch global.props.Geometry
Game: Engine EquimentHumSound1 global.sound.SoundSource
Game: Engine gio_GIO_72 global.props.GIO
Game: Engine PsiCard global.collectibles.PSIChallengeCard
Game: Engine gio_GIO_29 global.props.GIO
Game: Engine gio_GIO_63 global.props.GIO
Game: Engine InterestFX23 global.effects.InterestFX
Game: Engine Thought_SubCloud_1 ParticleEmitter
Game: Engine Thought_SubCloud_2 ParticleEmitter
Game: Engine CUground global.props.Geometry
Game: Engine Thought_Bubble_Spring ParticleEmitter
Game: Engine Global global.GlobalClass
Game: Engine TKClaw TKClaw
Game: Engine bigtop global.props.Geometry
Game: Engine TKClawTKHolder dummy
Game: Engine TKClawRazTKClawLine ParticleEmitter
Game: Engine TelekinesisClaw1 TKClaw
Game: Engine TelekinesisClaw1TKHolder dummy
Game: Engine Thought_SubCloud_0 ParticleEmitter
Game: Engine TelekinesisClaw1RazTKClawLine ParticleEmitter
Game: Engine TelekinesisClaw2 TKClaw
Game: Engine TelekinesisClaw2TKHolder dummy
Game: Engine RazRH_SwishFX3 global.props.Geometry
Game: Engine RazRH_SwishFX2 global.props.Geometry
Game: Engine RazRH_SwishFX1 global.props.Geometry
Game: Engine MeleeCraneFX56 global.effects.MeleeCraneFX
Game: Engine MeleeFistFade55 global.effects.MeleeFistFade
Game: Engine PalmBombSuperHandsFX53 global.effects.PalmBombSuperHandsFX
Game: Engine PalmBombSuperFX52 global.effects.PalmBombSuperFX
Game: Engine RazLH_ShockFX global.props.DartShockwave
Game: Engine RazLH_SwishFX4 global.props.Geometry
Game: Engine RazLH_SwishFX3 global.props.Geometry
Game: Engine RazLH_SwishFX2 global.props.Geometry
Game: Engine RazLH_SwishFX1 global.props.Geometry
Game: Engine PalmBombFX51 global.effects.PalmBombFX
Game: Engine MeleeFistFade50 global.effects.MeleeFistFade
Game: Engine MeleeHitNot4F global.effects.MeleeHitNot
Game: Engine MeleeHitNot4E global.effects.MeleeHitNot
Game: Engine MeleeHit4D global.effects.MeleeHit
Game: Engine MeleeHit4C global.effects.MeleeHit
Game: Engine MeleeHit4B global.effects.MeleeHit
Game: Engine Decorator4A global.props.Decorator
Game: Engine RazPsiShieldFX global.effects.PsiShieldFX
Game: Engine RankUpFX49_Sparka1 dummy
Game: Engine RankUpFX49 global.effects.RankUpFX
Game: Engine FigmentFX48_Mista1 dummy
Game: Engine FigmentFX48 global.effects.FigmentFX
Game: Engine PutAwayFX47 global.effects.PutAwayFX
Game: Engine WW_figment_off global.props.Geometry
Game: Engine WW_web_off global.props.Geometry
Game: Engine WW_tag_off global.props.Geometry
Game: Engine WW_vault_off global.props.Geometry
Game: Engine WW_figment_on global.props.Geometry
Game: Engine WW_web_on global.props.Geometry
Game: Engine WW_tag_on global.props.Geometry
Game: Engine WW_vault_on global.props.Geometry
Game: Engine DialogBubble_SubCloud_1 ParticleEmitter
Game: Engine baconPoofFX46 global.effects.baconPoofFX
Game: Engine DialogBubble_SubCloud_0 ParticleEmitter
Game: Engine InstaHintFord global.characters.InstaHintFord
Game: Engine Thought_Cloud ParticleEmitter
Game: Engine CUteleporter global.props.Teleporter
Game: Engine Dialog_Cloud ParticleEmitter
Game: Engine DialogBubble_SubCloud_2 ParticleEmitter
Game: Engine WaterRingsFX45 global.effects.WaterRingsFX
Game: Engine WaterRingsFX44 global.effects.WaterRingsFX
Game: Engine WaterSplash43 global.effects.WaterSplash
Game: Engine SplashFX42_Dropsa1 dummy
Game: Engine SplashFX42 global.effects.SplashFX
Game: Engine SplashFX41_Dropsa1 dummy
Game: Engine SplashFX41 global.effects.SplashFX
Game: Engine SplashFX40_Dropsa1 dummy
Game: Engine SplashFX40 global.effects.SplashFX
Game: Engine Clairvoyance_Cloud ParticleEmitter
Game: Engine InvDisplayer global.otherentities.InvAdder
Game: Engine FigmentGlobals global.collectibles.FigmentGlobals
Game: Engine FireStartExplodeFX0 global.effects.FireStartExplodeFX
Game: Engine Thought_Bubble_Roll ParticleEmitter
Game: Engine RazPsiShield PsiShield
Game: Engine Decorator1 global.props.Decorator
Game: Engine PlayerInvulIndicator global.effects.RazDamageFX
Game: Engine RazPreDeathFX2 global.effects.RazPreDeathFX
Game: Engine RazRespawnFX3 global.effects.RazRespawnFX
Game: Engine Dart_FXa global.effects.InvisoEyeFX
Game: Engine Dart_FXb global.effects.PsiShieldFailFX
Game: Engine Dart_FXe global.effects.NoAmmoFX
Game: Engine PsiBlast5DeflectedPsiBlast global.props.Geometry
Game: Engine PsiBlast5 PsiBlast
Game: Engine PsiBlast4DeflectedPsiBlast global.props.Geometry
Game: Engine PsiBlast4 PsiBlast
Game: Engine FireStartExplodeSuperFX4 global.effects.FireStartExplodeSuperFX
Game: Engine RazSteamRecoverFX5 global.effects.RazSteamRecoverFX
Game: Engine RazLH global.props.DartMeleeHand
Game: Engine RazRH global.props.DartMeleeHand
Game: Engine PsiBlast3DeflectedPsiBlast global.props.Geometry
Game: Engine PsiBlast3 PsiBlast
Game: Engine PsiBlast2DeflectedPsiBlast global.props.Geometry
Game: Engine GenGibsA global.effects.GenGibs
Game: Engine GenGibsA_affector dummy
Game: Engine GenGibsB global.effects.GenGibs
Game: Engine GenGibsB_affector dummy
Game: Engine GenGibsC global.effects.GenGibs
Game: Engine GenGibsC_affector dummy
Game: Engine ClairCamUpdaterD global.otherentities.ClairCamUpdater
Game: Engine ConfusionGrenadeF global.props.ConfusionGrenade
Game: Engine ConfusionGrenadeF_fx1 global.effects.ConfusionFuseFX
Game: Engine ConfusionGrenadeF_fx2 global.effects.ConfusionBombFX
Game: Engine ConfusionGrenadeF_fx2_StreakPopa1 dummy
Game: Engine BallPopFX10 global.effects.BallPopFX
Game: Engine ThoughtBubbleRings global.effects.PsiBallRingsFX
Game: Engine ThoughtBubbleBounce global.effects.PsiBallRingsBounceFX
Game: Engine ThoughtBubbleRings2 global.effects.PsiBallRingsFX
Game: Engine ThoughtBubbleBounce2 global.effects.PsiBallRingsBounceFX
Game: Engine ball_trail engine.BallTrail
Game: Engine ThoughtBubbleSpikes ScriptBase
Game: Engine PsiRailFX11 global.effects.PsiRailFX
Game: Engine PsiBlastFX12 global.effects.PsiBlastFX
Game: Engine PsiBlastHitFX13 global.effects.PsiBlastHitFX
Game: Engine PsiBlastAirHit14 global.effects.PsiBlastAirHit
Game: Engine PsiBlastDeflectFX15 global.effects.PsiBlastDeflectFX
Game: Engine PsiBlastHitSuperFX16 global.effects.PsiBlastHitSuperFX
Game: Engine SplashFX3F_Dropsa1 dummy
Game: Engine PsiBlast2 PsiBlast
Game: Engine PsiBlast1DeflectedPsiBlast global.props.Geometry
Game: Engine PsiBlast1 PsiBlast
Game: Engine PsiBlast0DeflectedPsiBlast global.props.Geometry
Game: Engine PsiBlast0 PsiBlast
Game: Engine SplashFX3F global.effects.SplashFX
Game: Engine PsiChallengeCardFX1C global.effects.PsiChallengeCardFX
Game: Engine PsiChallengeCardFX1D global.effects.PsiChallengeCardFX
Game: Engine PsiChallengeCardFX1E global.effects.PsiChallengeCardFX
Game: Engine SplashFX3E_Dropsa1 dummy
Game: Engine braintumblerUpCollision global.props.Geometry
Game: Engine braintumblerDownCollision global.props.Geometry
Game: Engine Mud22 ca.effects.Mud
Game: Engine Mud22_Muda1 dummy
Game: Engine LedgeDirtFX5B global.effects.LedgeDirtFX
Game: Engine ThoughtBubble ThoughtBubble
Game: Engine TelekinesisClaw2RazTKClawLine ParticleEmitter
Game: Engine SaltFX global.props.Geometry
Game: Engine ConfusionFX29 global.effects.ConfusionFX
Game: Engine ConfusionFX2A global.effects.ConfusionFX
Game: Engine ConfusionFX2B global.effects.ConfusionFX
Game: Engine ConfusionFX2C global.effects.ConfusionFX
Game: Engine ConfusionFX2D global.effects.ConfusionFX
Game: Engine ConfusionFX2E global.effects.ConfusionFX
Game: Engine ConfusionFX2F global.effects.ConfusionFX
Game: Engine ConfusionFX30 global.effects.ConfusionFX
Game: Engine HealthAmmo31 global.collectibles.HealthAmmo
Game: Engine HealthAmmo32 global.collectibles.HealthAmmo
Game: Engine HealthAmmo33 global.collectibles.HealthAmmo
Game: Engine ConfusionAmmo34 global.collectibles.ConfusionAmmo
Game: Engine ConfusionAmmo35 global.collectibles.ConfusionAmmo
Game: Engine ConfusionAmmo36 global.collectibles.ConfusionAmmo
Game: Engine PsiBlastAmmo37 global.collectibles.PsiBlastAmmo
Game: Engine PsiBlastAmmo38 global.collectibles.PsiBlastAmmo
Game: Engine PsiBlastAmmo39 global.collectibles.PsiBlastAmmo
Game: Engine ArrowheadAmmo3A global.collectibles.ArrowheadAmmo
Game: Engine ArrowheadAmmo3B global.collectibles.ArrowheadAmmo
Game: Engine ArrowheadAmmo3C global.collectibles.ArrowheadAmmo
Game: Engine ca.CASACutscenes ca.CASACutscenes
Game: Engine EZSceneTools3D global.camera.EZSceneTools
Game: Engine cutsceneEmoTag ScriptBase
Game: Engine WaterFXManager global.effects.WaterFXManager
Game: Engine RunningRippleFX global.effects.RunningRippleFX
Game: Engine WaterRingsFX global.effects.WaterRingsFX
Game: Engine SplashFX3E global.effects.SplashFX
Game: Engine gio_GIO_82 global.props.GIO
Game: Engine gio_GIO_83 global.props.GIO
Game: Engine Sasha ca.characters.Sasha
Game: Engine gio_GIO_56 global.props.GIO
Game: Engine screen1b global.props.Geometry
Game: Engine gio_GIO_55 global.props.GIO
Game: Engine gio_GIO_0 global.props.GIO
Game: Engine gio_GIO_62 global.props.GIO
Game: Engine gio_GIO_28 global.props.GIO
Game: Engine gio_GIO_65 global.props.GIO
Game: Engine gio_GIO_27 global.props.GIO
Game: Engine gio_GIO_30 global.props.GIO
Game: Engine gio_GIO_73 global.props.GIO
Game: Engine gio_GIO_16 global.props.GIO
Game: Engine gio_GIO_19 global.props.GIO
Game: Engine gio_GIO_84 global.props.GIO
Game: Engine screen1 global.props.Geometry
Game: Engine gio_GIO_88 global.props.GIO
Game: Engine gio_GIO_15 global.props.GIO
Game: Engine gio_GIO_89 global.props.GIO
Game: Engine gio_GIO_90 global.props.GIO
Game: Engine gio_GIO_14 global.props.GIO
Game: Engine gio_GIO_11 global.props.GIO
Game: Engine gio_GIO_44 global.props.GIO
Game: Engine gio_GIO_53 global.props.GIO
Game: Engine gio_GIO_42 global.props.GIO
Game: Engine gio_GIO_43 global.props.GIO
Game: Engine gio_GIO_52 global.props.GIO
Game: Engine gio_GIO_41 global.props.GIO
Game: Engine gio_GIO_77 global.props.GIO
Game: Engine gio_GIO_76 global.props.GIO
Game: Engine gio_GIO_91 global.props.GIO
Game: Engine gio_GIO_45 global.props.GIO
Game: Engine Geometry18 global.props.Geometry
Game: Engine scavFossil ca.props.ScavengerHuntItem
Game: Engine InterestFX17 global.effects.InterestFX
Game: Engine doorframe09 global.props.Geometry
Game: Engine gio_GIO_9 global.props.GIO
Game: Engine casaStump ca.props.TreestumpTeleporter
Game: Engine gio_GIO_75 global.props.GIO
Game: Engine gio_GIO_68 global.props.GIO
Game: Engine gio_GIO_39 global.props.GIO
Game: Engine gio_GIO_38 global.props.GIO
Game: Engine gio_GIO_23 global.props.GIO
Game: Engine gio_GIO_22 global.props.GIO
Game: Engine gio_GIO_86 global.props.GIO
Game: Engine gio_GIO_21 global.props.GIO
Game: Engine gio_GIO_36 global.props.GIO
Game: Engine gio_GIO_64 global.props.GIO
Game: Engine gio_GIO_92 global.props.GIO
Game: Engine gio_GIO_37 global.props.GIO
Game: Engine TreestumpGag1 ca.props.TreestumpTeleporterGag
Game: Engine gio_GIO_40 global.props.GIO
Game: Engine gio_GIO_35 global.props.GIO
Game: Engine gio_GIO_32 global.props.GIO
Game: Engine gio_GIO_34 global.props.GIO
Game: Engine gio_GIO_1 global.props.GIO
Game: Engine gio_GIO_46 global.props.GIO
Game: Engine gio_GIO_78 global.props.GIO
Game: Engine lo global.props.Geometry
Game: Engine gio_GIO_8 global.props.GIO
Game: Engine gio_GIO_33 global.props.GIO
Game: Engine gio_GIO_69 global.props.GIO
Game: Engine PsiChallengeCardFX1B global.effects.PsiChallengeCardFX
Game: Engine gio_GIO_18 global.props.GIO
Game: Engine gio_GIO_24 global.props.GIO
Game: Engine InterestFX1F global.effects.InterestFX
Game: Engine PsiCard1 global.collectibles.PSIChallengeCard
Game: Engine gio_GIO_17 global.props.GIO
Game: Engine gio_GIO_87 global.props.GIO
Game: Engine gio_GIO_74 global.props.GIO
Game: Engine gio_GIO_31 global.props.GIO
Game: Engine gio_GIO_70 global.props.GIO
Game: Engine gio_GIO_26 global.props.GIO
Game: Engine gio_GIO_25 global.props.GIO
Game: Engine doorframe08b global.props.Geometry
Game: Engine bigtop1 global.props.Geometry
Game: Engine doorframe01 global.props.Geometry
Game: Engine doorframe07 global.props.Geometry
Game: Engine milkmanframe global.props.Geometry
Game: Engine doorframe06 global.props.Geometry
Game: Engine doorframe08 global.props.Geometry
Game: Engine sashasayline sa.characters.Sasha
Game: Engine CU_WWdoor ca.props.CUDoor
Game: Engine CU_WWteleporter global.props.Teleporter
Game: Engine CU_MMdoor ca.props.CUDoor
Game: Engine CU_MIdoor ca.props.CUDoor
Game: Engine MI_vault_on global.props.Geometry
Game: Engine MI_tag_off global.props.Geometry
Game: Engine MI_vault_off global.props.Geometry
Game: Engine MI_figment_on global.props.Geometry
Game: Engine MI_tag_on global.props.Geometry
Game: Engine MI_web_off global.props.Geometry
Game: Engine MI_web_on global.props.Geometry
Game: Engine MI_figment_off global.props.Geometry
Game: Engine MM_web_on global.props.Geometry
Game: Engine MM_tag_on global.props.Geometry
Game: Engine MM_figment_on global.props.Geometry
Game: Engine MM_figment_off global.props.Geometry
Game: Engine MM_web_off global.props.Geometry
Game: Engine MM_vault_off global.props.Geometry
Game: Engine MM_tag_off global.props.Geometry
Game: Engine MM_vault_on global.props.Geometry
Game: Engine CU_MMteleporter global.props.Teleporter
Game: Engine CU_MIteleporter global.props.Teleporter
Game: Engine CU_NIteleporter global.props.Teleporter
Game: Engine CU_NIdoor ca.props.CUDoor
Game: Engine NI_tag_on global.props.Geometry
Game: Engine NI_figment_on global.props.Geometry
Game: Engine NI_web_on global.props.Geometry
Game: Engine NI_figment_off global.props.Geometry
Game: Engine NI_web_off global.props.Geometry
Game: Engine NI_tag_off global.props.Geometry
Game: Engine NI_vault_on global.props.Geometry
Game: Engine NI_vault_off global.props.Geometry
Game: Engine CUExit global.props.Teleporter
Game: Engine ScriptBase54 ScriptBase
Game: Engine ScriptBase57 ScriptBase
Game: Engine CU_MCteleporter global.props.Teleporter
Game: Engine CUBrainTumbler global.props.Geometry
Game: Engine CU_LOteleporter global.props.Teleporter
Game: Engine CU_MCdoor ca.props.CUDoor
Game: Engine MC_tag_on global.props.Geometry
Game: Engine MC_vault_off global.props.Geometry
Game: Engine MC_figment_off global.props.Geometry
Game: Engine MC_tag_off global.props.Geometry
Game: Engine MC_web_on global.props.Geometry
Game: Engine MC_figment_on global.props.Geometry
Game: Engine MC_vault_on global.props.Geometry
Game: Engine MC_web_off global.props.Geometry
Game: Engine CU_LOdoor ca.props.CUDoor
Game: Engine LO_vault_on global.props.Geometry
Game: Engine LO_tag_off global.props.Geometry
Game: Engine LO_figment_off global.props.Geometry
Game: Engine LO_web_off global.props.Geometry
Game: Engine LO_tag_on global.props.Geometry
Game: Engine LO_web_on global.props.Geometry
Game: Engine LO_figment_on global.props.Geometry
Game: Engine LO_vault_off global.props.Geometry
Game: Engine CU_BVdoor ca.props.CUDoor
Game: Engine CU_BBteleporter global.props.Teleporter
Game: Engine CU_BVteleporter global.props.Teleporter
Game: Engine BV_tag_off global.props.Geometry
Game: Engine BV_vault_off global.props.Geometry
Game: Engine BV_figment_on global.props.Geometry
Game: Engine BV_web_off global.props.Geometry
Game: Engine BV_figment_off global.props.Geometry
Game: Engine BV_tag_on global.props.Geometry
Game: Engine BV_web_on global.props.Geometry
Game: Engine BV_vault_on global.props.Geometry
Game: Engine BB_vault_on global.props.Geometry
Game: Engine BB_web_on global.props.Geometry
Game: Engine BB_vault_off global.props.Geometry
Game: Engine BB_tag_off global.props.Geometry
Game: Engine BB_web_off global.props.Geometry
Game: Engine BB_figment_off global.props.Geometry
Game: Engine BB_tag_on global.props.Geometry
Game: Engine BB_figment_on global.props.Geometry
Game: Engine CU_BBdoor ca.props.CUDoor
Game: Engine CreditFigment1 global.collectibles.SplineCredits
Game: Engine CU_SAteleporter global.props.Teleporter
Game: Engine CU_THteleporter global.props.Teleporter
Game: Engine TH_tag_off global.props.Geometry
Game: Engine TH_vault_off global.props.Geometry
Game: Engine TH_web_off global.props.Geometry
Game: Engine TH_tag_on global.props.Geometry
Game: Engine TH_vault_on global.props.Geometry
Game: Engine TH_web_on global.props.Geometry
Game: Engine TH_figment_on global.props.Geometry
Game: Engine TH_figment_off global.props.Geometry
Game: Engine CU_SAdoor ca.props.CUDoor
Game: Engine CU_THdoor ca.props.CUDoor
Game: Engine SA_web_off global.props.Geometry
Game: Engine SA_tag_off global.props.Geometry
Game: Engine SA_vault_off global.props.Geometry
Game: Engine SA_figment_on global.props.Geometry
Game: Engine SA_web_on global.props.Geometry
Game: Engine SA_tag_on global.props.Geometry
Game: Engine SA_vault_on global.props.Geometry
Game: Engine SA_figment_off global.props.Geometry
Game: Engine Minecart ca.props.MineCart