Listing objects of class global.collectibles.PSIChallengeCard
global.collectibles.PSIChallengeCard PsiCard3 Position X,Y,Z 1771 5214 -2217 Orientation OX,OY,OZ 0 0 0
global.collectibles.PSIChallengeCard PsiCard5 Position X,Y,Z 1026 4971 -2473 Orientation OX,OY,OZ 0 0 0
global.collectibles.PSIChallengeCard PsiCard4 Position X,Y,Z -1547 3633 831 Orientation OX,OY,OZ 0 0 0
global.collectibles.PSIChallengeCard PsiCard1 Position X,Y,Z -357 4380 3650 Orientation OX,OY,OZ 0 0 0
global.collectibles.PSIChallengeCard PsiCard2 Position X,Y,Z -1723 3617 2137 Orientation OX,OY,OZ 0 0 0
global.collectibles.PSIChallengeCard PsiCard7 Position X,Y,Z 1296 6544 -3663 Orientation OX,OY,OZ 0 0 0
global.collectibles.PSIChallengeCard PsiCard6 Position X,Y,Z -1954 6401 -3281 Orientation OX,OY,OZ 0 -47 0
global.collectibles.PSIChallengeCard PsiCard8 Position X,Y,Z -969 7468 -3794 Orientation OX,OY,OZ 0 0 0
global.collectibles.PSIChallengeCard PsiCard9 Position X,Y,Z -1649 8398 -2675 Orientation OX,OY,OZ 0 0 0
global.collectibles.PSIChallengeCard PsiCard10 Position X,Y,Z 151 10061 -1786 Orientation OX,OY,OZ 0 0 0
global.collectibles.PSIChallengeCard PsiCard11 Position X,Y,Z -121 10762 -466 Orientation OX,OY,OZ 0 0 0
global.collectibles.PSIChallengeCard PsiCard12 Position X,Y,Z 344 12358 -428 Orientation OX,OY,OZ 0 0 0
global.collectibles.PSIChallengeCard PsiCard13 Position X,Y,Z 1893 13857 740 Orientation OX,OY,OZ 0 0 0
global.collectibles.PSIChallengeCard PsiCard14 Position X,Y,Z -676 15603 -1402 Orientation OX,OY,OZ 0 0 0
global.collectibles.PSIChallengeCard PsiCard15 Position X,Y,Z 1226 17755 -240 Orientation OX,OY,OZ 0 0 0
global.collectibles.PSIChallengeCard PsiCard16 Position X,Y,Z 563 20956 -475 Orientation OX,OY,OZ 0 0 0
!!!!!!!!!!!!!!!!!
Listing objects of class global.collectibles.PSIChallengeMarker
global.collectibles.PsiChallengeMarker PsiChallengeMarker Position X,Y,Z 830 18831 -1992 Orientation OX,OY,OZ 0 -41 0
!!!!!!!!!!!!!!!!!
Listing objects of class global.collectibles.BrainJar
global.collectibles.BrainJar BrainJarElka Position X,Y,Z 2421 6422 -2933 Orientation OX,OY,OZ 0 0 0
global.collectibles.BrainJar BrainJarBobby Position X,Y,Z -457 4299 -3572 Orientation OX,OY,OZ 0 0 0
global.collectibles.BrainJar BrainJarBenny Position X,Y,Z -2719 4300 3080 Orientation OX,OY,OZ 0 137 0
global.collectibles.BrainJar BrainJarQuentin Position X,Y,Z -312 11220 -2910 Orientation OX,OY,OZ 0 0 0
global.collectibles.BrainJar BrainJarDogen Position X,Y,Z -1385 13121 -1413 Orientation OX,OY,OZ 0 0 0
global.collectibles.BrainJar BrainJarPhoebe Position X,Y,Z -1120 14462 -903 Orientation OX,OY,OZ 0 0 0
global.collectibles.BrainJar BrainJarCrystal Position X,Y,Z 994 17737 -148 Orientation OX,OY,OZ 0 0 0
global.collectibles.BrainJar BrainJarClem Position X,Y,Z 1350 19200 -2349 Orientation OX,OY,OZ 0 0 0
global.collectibles.BrainJar BrainJarNils Position X,Y,Z 74 22016 -2318 Orientation OX,OY,OZ 0 0 0
!!!!!!!!!!!!!!!!!