Game: Engine InvDisplayer global.otherentities.InvAdder
Game: Engine Dart Dart
Game: Engine dartstart GEN_dartstart
Game: Engine lampstreetlight23 lo.props.TiltingGeometry
Game: Engine RazLH_EntryFX global.props.Geometry
Game: Engine palmtree188 lo.props.TiltingGeometry
Game: Engine RankBling global.otherentities.RankBling
Game: Engine billboard33 lo.props.TiltingGeometry
Game: Engine smalldestro4 lo.props.SmallBuilding
Game: Engine palmtree187 lo.props.TiltingGeometry
Game: Engine palmtree185 lo.props.TiltingGeometry
Game: Engine palmtree186 lo.props.TiltingGeometry
Game: Engine bldg9_med15 lo.props.MediumBuilding
Game: Engine palmtree190 lo.props.TiltingGeometry
Game: Engine Dart_FXf global.effects.invisibilityShockwaveFX
Game: Engine Dart_FXf_Streamersa1 dummy
Game: Engine palmtree189 lo.props.TiltingGeometry
Game: Engine palmtree199 lo.props.TiltingGeometry
Game: Engine palmtree197 lo.props.TiltingGeometry
Game: Engine InterestFX10 global.effects.InterestFX
Game: Engine TelekinesisClaw2RazTKClawLine ParticleEmitter
Game: Engine PsiBlast0 PsiBlast
Game: Engine PsiBlast0DeflectedPsiBlast global.props.Geometry
Game: Engine PsiBlast1 PsiBlast
Game: Engine PsiBlast1DeflectedPsiBlast global.props.Geometry
Game: Engine PsiBlast2 PsiBlast
Game: Engine PsiBlast2DeflectedPsiBlast global.props.Geometry
Game: Engine PsiBlast3 PsiBlast
Game: Engine PsiBlast3DeflectedPsiBlast global.props.Geometry
Game: Engine PsiBlast4 PsiBlast
Game: Engine PsiBlast4DeflectedPsiBlast global.props.Geometry
Game: Engine PsiBlast5 PsiBlast
Game: Engine PsiBlast5DeflectedPsiBlast global.props.Geometry
Game: Engine Clairvoyance_Cloud ParticleEmitter
Game: Engine Dialog_Cloud ParticleEmitter
Game: Engine DialogBubble_SubCloud_0 ParticleEmitter
Game: Engine DialogBubble_SubCloud_1 ParticleEmitter
Game: Engine DialogBubble_SubCloud_2 ParticleEmitter
Game: Engine LedgeDirtFX57 global.effects.LedgeDirtFX
Game: Engine RazRH_SwishFX3 global.props.Geometry
Game: Engine RazRH_SwishFX2 global.props.Geometry
Game: Engine RazRH_SwishFX1 global.props.Geometry
Game: Engine MeleeCraneFX52 global.effects.MeleeCraneFX
Game: Engine MeleeFistFade51 global.effects.MeleeFistFade
Game: Engine RazRHBall2 Gen_CollideBall
Game: Engine RazRHBall1 Gen_CollideBall
Game: Engine PalmBombSuperFeetFX4F global.effects.PalmBombSuperFeetFX
Game: Engine PalmBombSuperFX4E global.effects.PalmBombSuperFX
Game: Engine RazLH_ShockFX global.props.DartShockwave
Game: Engine RazLH_SwishFX4 global.props.Geometry
Game: Engine RazLH_SwishFX3 global.props.Geometry
Game: Engine RazLH_SwishFX2 global.props.Geometry
Game: Engine RazLH_SwishFX1 global.props.Geometry
Game: Engine PalmBombFX4D global.effects.PalmBombFX
Game: Engine MeleeFistFade4C global.effects.MeleeFistFade
Game: Engine MeleeHitNot4B global.effects.MeleeHitNot
Game: Engine MeleeHitNot4A global.effects.MeleeHitNot
Game: Engine TelekinesisClaw2TKHolder dummy
Game: Engine TelekinesisClaw2 TKClaw
Game: Engine TelekinesisClaw1RazTKClawLine ParticleEmitter
Game: Engine MeleeHit49 global.effects.MeleeHit
Game: Engine MeleeHit48 global.effects.MeleeHit
Game: Engine TelekinesisClaw1TKHolder dummy
Game: Engine MeleeHit47 global.effects.MeleeHit
Game: Engine TelekinesisClaw1 TKClaw
Game: Engine RazLHBall2 Gen_CollideBall
Game: Engine RazLHBall1 Gen_CollideBall
Game: Engine Decorator46 global.props.Decorator
Game: Engine RazPsiShieldFX global.effects.PsiShieldFX
Game: Engine RankUpFX45_Sparka1 dummy
Game: Engine RankUpFX45 global.effects.RankUpFX
Game: Engine FigmentFX44_Mista1 dummy
Game: Engine FigmentFX44 global.effects.FigmentFX
Game: Engine PutAwayFX43 global.effects.PutAwayFX
Game: Engine knockDown lo.characters.UltraCoachRazKnockDown
Game: Engine SpecialPsiBlastAmmo42 lo.props.SpecialPsiBlastAmmo
Game: Engine SpecialPsiBlastAmmo41 lo.props.SpecialPsiBlastAmmo
Game: Engine SpecialPsiBlastAmmo40 lo.props.SpecialPsiBlastAmmo
Game: Engine SpecialPsiBlastAmmo3F lo.props.SpecialPsiBlastAmmo
Game: Engine SpecialPsiBlastAmmo3E lo.props.SpecialPsiBlastAmmo
Game: Engine SpecialPsiBlastAmmo3D lo.props.SpecialPsiBlastAmmo
Game: Engine SpecialPsiBlastAmmo3C lo.props.SpecialPsiBlastAmmo
Game: Engine SpecialPsiBlastAmmo3B lo.props.SpecialPsiBlastAmmo
Game: Engine SpecialPsiBlastAmmo3A lo.props.SpecialPsiBlastAmmo
Game: Engine SpecialPsiBlastAmmo39 lo.props.SpecialPsiBlastAmmo
Game: Engine CharResponseHandler38 global.util.CharResponseHandler
Game: Engine RightHandCollideBall Gen_CollideBall
Game: Engine LeftHandCollideBall Gen_CollideBall
Game: Engine RightFootCollideBall Gen_CollideBall
Game: Engine LeftFootCollideBall Gen_CollideBall
Game: Engine UCShieldOnOffFX37 lo.effects.UCShieldOnOffFX
Game: Engine UltraCoachBeamFX36 lo.effects.UltraCoachBeamFX
Game: Engine UltraCoachBeamFX35 lo.effects.UltraCoachBeamFX
Game: Engine UltraCoachBlast34 lo.props.UltraCoachBlast
Game: Engine FlashyEyes lo.effects.UltraCoachFlashyEyes
Game: Engine UltraCoachMeleeHits33 lo.effects.UltraCoachMeleeHits
Game: Engine TKClawRazTKClawLine ParticleEmitter
Game: Engine muzzle lo.effects.UltraCoachBeamMuzzle
Game: Engine aura global.props.Geometry
Game: Engine SparkAffector dummy
Game: Engine SatelliteHUD32 lo.props.SatelliteHUD
Game: Engine ShieldFX lo.effects.UltraCoachShield
Game: Engine AreaFX lo.effects.UltraCoachAreaFX
Game: Engine baconPoofFX31 global.effects.baconPoofFX
Game: Engine InstaHintFord global.characters.InstaHintFord
Game: Engine WaterRingsFX30 global.effects.WaterRingsFX
Game: Engine WaterRingsFX2F global.effects.WaterRingsFX
Game: Engine WaterSplash2E global.effects.WaterSplash
Game: Engine SplashFX2D_Dropsa1 dummy
Game: Engine TKClawTKHolder dummy
Game: Engine TKClaw TKClaw
Game: Engine waterbeforedam gen_WaterPlane
Game: Engine tower1 global.props.Geometry
Game: Engine tower2 global.props.Geometry
Game: Engine Global global.GlobalClass
Game: Engine towerdoor global.props.Geometry
Game: Engine SplashFX2D global.effects.SplashFX
Game: Engine SplashFX2C_Dropsa1 dummy
Game: Engine FigmentGlobals global.collectibles.FigmentGlobals
Game: Engine FireStartExplodeFX0 global.effects.FireStartExplodeFX
Game: Engine Thought_Bubble_Spring ParticleEmitter
Game: Engine RazPsiShield PsiShield
Game: Engine Decorator1 global.props.Decorator
Game: Engine PlayerInvulIndicator global.effects.RazDamageFX
Game: Engine RazPreDeathFX2 global.effects.RazPreDeathFX
Game: Engine RazRespawnFX3 global.effects.RazRespawnFX
Game: Engine Dart_FXa global.effects.InvisoEyeFX
Game: Engine Dart_FXb global.effects.PsiShieldFailFX
Game: Engine Dart_FXe global.effects.NoAmmoFX
Game: Engine Thought_SubCloud_2 ParticleEmitter
Game: Engine Thought_SubCloud_1 ParticleEmitter
Game: Engine Thought_SubCloud_0 ParticleEmitter
Game: Engine Thought_Cloud ParticleEmitter
Game: Engine FireStartExplodeSuperFX4 global.effects.FireStartExplodeSuperFX
Game: Engine RazSteamRecoverFX5 global.effects.RazSteamRecoverFX
Game: Engine RazLH global.props.DartMeleeHand
Game: Engine RazRH global.props.DartMeleeHand
Game: Engine ClairCamUpdater6 global.otherentities.ClairCamUpdater
Game: Engine ConfusionGrenade8 global.props.ConfusionGrenade
Game: Engine ConfusionGrenade8_fx1 global.effects.ConfusionFuseFX
Game: Engine ConfusionGrenade8_fx2 global.effects.ConfusionBombFX
Game: Engine ConfusionGrenade8_fx2_StreakPopa1 dummy
Game: Engine BallPopFX9 global.effects.BallPopFX
Game: Engine ThoughtBubbleRings global.effects.PsiBallRingsFX
Game: Engine ThoughtBubbleBounce global.effects.PsiBallRingsBounceFX
Game: Engine ThoughtBubbleRings2 global.effects.PsiBallRingsFX
Game: Engine ThoughtBubbleBounce2 global.effects.PsiBallRingsBounceFX
Game: Engine ball_trail engine.BallTrail
Game: Engine ThoughtBubbleSpikes ScriptBase
Game: Engine PsiRailFXA global.effects.PsiRailFX
Game: Engine PsiBlastFXB global.effects.PsiBlastFX
Game: Engine PsiBlastHitFXC global.effects.PsiBlastHitFX
Game: Engine PsiBlastAirHitD global.effects.PsiBlastAirHit
Game: Engine PsiBlastDeflectFXE global.effects.PsiBlastDeflectFX
Game: Engine PsiBlastHitSuperFXF global.effects.PsiBlastHitSuperFX
Game: Engine Thought_Bubble_Roll ParticleEmitter
Game: Engine ThoughtBubble ThoughtBubble
Game: Engine SplashFX2C global.effects.SplashFX
Game: Engine SplashFX2B_Dropsa1 dummy
Game: Engine SaltFX global.props.Geometry
Game: Engine ConfusionFX14 global.effects.ConfusionFX
Game: Engine ConfusionFX15 global.effects.ConfusionFX
Game: Engine ConfusionFX16 global.effects.ConfusionFX
Game: Engine ConfusionFX17 global.effects.ConfusionFX
Game: Engine ConfusionFX18 global.effects.ConfusionFX
Game: Engine ConfusionFX19 global.effects.ConfusionFX
Game: Engine ConfusionFX1A global.effects.ConfusionFX
Game: Engine ConfusionFX1B global.effects.ConfusionFX
Game: Engine HealthAmmo1C global.collectibles.HealthAmmo
Game: Engine HealthAmmo1D global.collectibles.HealthAmmo
Game: Engine HealthAmmo1E global.collectibles.HealthAmmo
Game: Engine ConfusionAmmo1F global.collectibles.ConfusionAmmo
Game: Engine ConfusionAmmo20 global.collectibles.ConfusionAmmo
Game: Engine ConfusionAmmo21 global.collectibles.ConfusionAmmo
Game: Engine PsiBlastAmmo22 global.collectibles.PsiBlastAmmo
Game: Engine PsiBlastAmmo23 global.collectibles.PsiBlastAmmo
Game: Engine PsiBlastAmmo24 global.collectibles.PsiBlastAmmo
Game: Engine ArrowheadAmmo25 global.collectibles.ArrowheadAmmo
Game: Engine SplashFX2B global.effects.SplashFX
Game: Engine lo.LOCBCutscenes lo.LOCBCutscenes
Game: Engine EZSceneTools28 global.camera.EZSceneTools
Game: Engine cutsceneEmoTag ScriptBase
Game: Engine WaterFXManager global.effects.WaterFXManager
Game: Engine RunningRippleFX global.effects.RunningRippleFX
Game: Engine WaterRingsFX global.effects.WaterRingsFX
Game: Engine SplashFX29 global.effects.SplashFX
Game: Engine SplashFX29_Dropsa1 dummy
Game: Engine SplashFX2A global.effects.SplashFX
Game: Engine SplashFX2A_Dropsa1 dummy
Game: Engine towerwavesFX_Boltsa1 dummy
Game: Engine towerwavesFX lo.effects.RadioWavesFX
Game: Engine palmtree198 lo.props.TiltingGeometry
Game: Engine palmtree202 lo.props.TiltingGeometry
Game: Engine palmtree203 lo.props.TiltingGeometry
Game: Engine palmtree200 lo.props.TiltingGeometry
Game: Engine palmtree195 lo.props.TiltingGeometry
Game: Engine palmtree196 lo.props.TiltingGeometry
Game: Engine palmtree192 lo.props.TiltingGeometry
Game: Engine palmtree191 lo.props.TiltingGeometry
Game: Engine palmtree201 lo.props.TiltingGeometry
Game: Engine palmtree180 lo.props.TiltingGeometry
Game: Engine palmtree184 lo.props.TiltingGeometry
Game: Engine palmtree179 lo.props.TiltingGeometry
Game: Engine palmtree194 lo.props.TiltingGeometry
Game: Engine palmtree193 lo.props.TiltingGeometry
Game: Engine palmtree52 lo.props.TiltingGeometry
Game: Engine palmtree48 lo.props.TiltingGeometry
Game: Engine palmtree176 lo.props.TiltingGeometry
Game: Engine palmtree51 lo.props.TiltingGeometry
Game: Engine palmtree177 lo.props.TiltingGeometry
Game: Engine palmtree53 lo.props.TiltingGeometry
Game: Engine billboard32 lo.props.TiltingGeometry
Game: Engine lampstreetlight22 lo.props.TiltingGeometry
Game: Engine palmtree71 lo.props.TiltingGeometry
Game: Engine lampstreetlight21 lo.props.TiltingGeometry
Game: Engine palmtree178 lo.props.TiltingGeometry
Game: Engine palmtree72 lo.props.TiltingGeometry
Game: Engine bldg_med lo.props.MediumBuilding
Game: Engine bldg9_med14 lo.props.MediumBuilding
Game: Engine palmtree169 lo.props.TiltingGeometry
Game: Engine bldg10_med lo.props.MediumBuilding
Game: Engine palmtree183 lo.props.TiltingGeometry
Game: Engine palmtree181 lo.props.TiltingGeometry
Game: Engine palmtree182 lo.props.TiltingGeometry
Game: Engine bldg8_med26 lo.props.MediumBuilding
Game: Engine palmtree175 lo.props.TiltingGeometry
Game: Engine palmtree152 lo.props.TiltingGeometry
Game: Engine palmtree150 lo.props.TiltingGeometry
Game: Engine palmtree162 lo.props.TiltingGeometry
Game: Engine palmtree174 lo.props.TiltingGeometry
Game: Engine palmtree153 lo.props.TiltingGeometry
Game: Engine lampstreetlight13 lo.props.TiltingGeometry
Game: Engine ArrowheadAmmo27 global.collectibles.ArrowheadAmmo
Game: Engine MentalArrowheadFX5C global.effects.MentalArrowheadFX
Game: Engine palmtree168 lo.props.TiltingGeometry
Game: Engine lampstreetlight12 lo.props.TiltingGeometry
Game: Engine palmtree173 lo.props.TiltingGeometry
Game: Engine ShieldCoach global.characters.ActionActor
Game: Engine UltraCoach lo.characters.UltraCoach
Game: Engine billboard28 lo.props.TiltingGeometry
Game: Engine bldg_med15 lo.props.MediumBuilding
Game: Engine bldg_med18 lo.props.MediumBuilding
Game: Engine BuildingExplosion59_MeshEmitterCa1 dummy
Game: Engine BuildingExplosion59_WooshSmokea1 dummy
Game: Engine bldg4_med13 lo.props.MediumBuilding
Game: Engine BuildingExplosion59_MeshEmitterAa1 dummy
Game: Engine BuildingExplosion59 lo.effects.BuildingExplosion
Game: Engine BuildingExplosion59_MeshEmitterBa1 dummy
Game: Engine palmtree154 lo.props.TiltingGeometry
Game: Engine palmtree47 lo.props.TiltingGeometry
Game: Engine bldg4_med18 lo.props.MediumBuilding
Game: Engine lampstreetlight11 lo.props.TiltingGeometry
Game: Engine smalldestro3 lo.props.SmallBuilding
Game: Engine bldg5_med15 lo.props.MediumBuilding
Game: Engine palmtree171 lo.props.TiltingGeometry
Game: Engine palmtree147 lo.props.TiltingGeometry
Game: Engine bldg10_med12 lo.props.MediumBuilding
Game: Engine palmtree172 lo.props.TiltingGeometry
Game: Engine bldg9_med11 lo.props.MediumBuilding
Game: Engine bldg8_med25 lo.props.MediumBuilding
Game: Engine palmtree110 lo.props.TiltingGeometry
Game: Engine lampstreetlight17 lo.props.TiltingGeometry
Game: Engine lampstreetlight14 lo.props.TiltingGeometry
Game: Engine bldg4_med19 lo.props.MediumBuilding
Game: Engine bldg2_med6 lo.props.MediumBuilding
Game: Engine bldg_med31 lo.props.MediumBuilding
Game: Engine BuildingExplosion5B_MeshEmitterBa1 dummy
Game: Engine BuildingExplosion5B_WooshSmokea1 dummy
Game: Engine BuildingExplosion5B_MeshEmitterAa1 dummy
Game: Engine BuildingExplosion5B_MeshEmitterCa1 dummy
Game: Engine BuildingExplosion5B lo.effects.BuildingExplosion
Game: Engine bldg9_med lo.props.MediumBuilding
Game: Engine lampstreetlight9 lo.props.TiltingGeometry
Game: Engine bldg8_med24 lo.props.MediumBuilding
Game: Engine bldg8_med2 lo.props.MediumBuilding
Game: Engine bldg_med16 lo.props.MediumBuilding
Game: Engine bldg4_med16 lo.props.MediumBuilding
Game: Engine palmtree170 lo.props.TiltingGeometry
Game: Engine bldg_med32 lo.props.MediumBuilding
Game: Engine billboard30 lo.props.TiltingGeometry
Game: Engine palmtree156 lo.props.TiltingGeometry
Game: Engine lampstreetlight10 lo.props.TiltingGeometry
Game: Engine palmtree158 lo.props.TiltingGeometry
Game: Engine ArrowheadAmmo26 global.collectibles.ArrowheadAmmo
Game: Engine MentalArrowheadFX5A global.effects.MentalArrowheadFX
Game: Engine palmtree157 lo.props.TiltingGeometry
Game: Engine bldg4_med15 lo.props.MediumBuilding
Game: Engine billboard27 lo.props.TiltingGeometry
Game: Engine bldg5_med lo.props.MediumBuilding
Game: Engine bldg8_med3 lo.props.MediumBuilding
Game: Engine bldg_med2 lo.props.MediumBuilding
Game: Engine bldg_med29 lo.props.MediumBuilding
Game: Engine bldg2_med8 lo.props.MediumBuilding
Game: Engine bldg4_med20 lo.props.MediumBuilding
Game: Engine lampstreetlight20 lo.props.TiltingGeometry
Game: Engine bldg9_med12 lo.props.MediumBuilding
Game: Engine lampstreetlight18 lo.props.TiltingGeometry
Game: Engine bldg_med19 lo.props.MediumBuilding
Game: Engine palmtree55 lo.props.TiltingGeometry
Game: Engine palmtree155 lo.props.TiltingGeometry
Game: Engine palmtree159 lo.props.TiltingGeometry
Game: Engine lampstreetlight16 lo.props.TiltingGeometry
Game: Engine bldg2_med7 lo.props.MediumBuilding
Game: Engine lampstreetlight15 lo.props.TiltingGeometry
Game: Engine lampstreetlight19 lo.props.TiltingGeometry
Game: Engine billboard26 lo.props.TiltingGeometry
Game: Engine palmtree58 lo.props.TiltingGeometry
Game: Engine billboard29 lo.props.TiltingGeometry
Game: Engine bldg6_med9 lo.props.MediumBuilding
Game: Engine bldg_med33 lo.props.MediumBuilding
Game: Engine palmtree148 lo.props.TiltingGeometry
Game: Engine bldg10_med13 lo.props.MediumBuilding
Game: Engine palmtree160 lo.props.TiltingGeometry
Game: Engine bldg8_med5 lo.props.MediumBuilding
Game: Engine bldg8_med4 lo.props.MediumBuilding
Game: Engine bldg9_med13 lo.props.MediumBuilding
Game: Engine billboard31 lo.props.TiltingGeometry
Game: Engine palmtree161 lo.props.TiltingGeometry
Game: Engine bldg9_med2 lo.props.MediumBuilding
Game: Engine palmtree61 lo.props.TiltingGeometry
Game: Engine bldg10_med1 lo.props.MediumBuilding
Game: Engine bldg_med1 lo.props.MediumBuilding
Game: Engine palmtree88 lo.props.TiltingGeometry
Game: Engine palmtree56 lo.props.TiltingGeometry
Game: Engine palmtree64 lo.props.TiltingGeometry
Game: Engine CoachLaser lo.props.SatelliteLaser
Game: Engine palmtree66 lo.props.TiltingGeometry
Game: Engine palmtree62 lo.props.TiltingGeometry
Game: Engine palmtree63 lo.props.TiltingGeometry
Game: Engine palmtree65 lo.props.TiltingGeometry
Game: Engine soundRadiobeam global.sound.SoundSource
Game: Engine NewsCaster lo.characters.NewsCaster
Game: Engine ScriptBase53 ScriptBase
Game: Engine ScriptBase50 ScriptBase
Game: Engine watercurse global.characters.Watercurse