Game: Engine RazLH_EntryFX global.props.Geometry
Game: Engine GEN_dartstart GEN_dartstart
Game: Engine RankBling global.otherentities.RankBling
Game: Engine palmtree70 lo.props.TiltingGeometry
Game: Engine palmtree217 lo.props.TiltingGeometry
Game: Engine lampstreetlight43 lo.props.TiltingGeometry
Game: Engine palmtree229 lo.props.TiltingGeometry
Game: Engine respawnpoint0 GEN_respawnpoint
Game: Engine billboard1 lo.props.TiltingGeometry
Game: Engine palmtree60 lo.props.TiltingGeometry
Game: Engine billboard3 lo.props.TiltingGeometry
Game: Engine bldg4_med7 lo.props.MediumBuilding
Game: Engine lampstreetlight44 lo.props.TiltingGeometry
Game: Engine palmtree56 lo.props.TiltingGeometry
Game: Engine gio_Figment_1 global.collectibles.Figment
Game: Engine bldg2_med6 lo.props.MediumBuilding
Game: Engine palmtree59 lo.props.TiltingGeometry
Game: Engine Car1B lo.props.Car
Game: Engine bldg4_med6 lo.props.MediumBuilding
Game: Engine gio_Figment_0 global.collectibles.Figment
Game: Engine bldg6_med lo.props.MediumBuilding
Game: Engine CitizenB7 lo.characters.Citizen
Game: Engine bldg9_med9 lo.props.MediumBuilding
Game: Engine CitizenBD lo.characters.Citizen
Game: Engine gio_Figment_49 global.collectibles.Figment
Game: Engine palmtree230 lo.props.TiltingGeometry
Game: Engine pier1_med4 lo.props.MediumBuilding
Game: Engine palmtree206 lo.props.TiltingGeometry
Game: Engine palmtree226 lo.props.TiltingGeometry
Game: Engine billboard5 lo.props.TiltingGeometry
Game: Engine gio_Figment_23 global.collectibles.Figment
Game: Engine palmtree53 lo.props.TiltingGeometry
Game: Engine bldg9_med32 lo.props.MediumBuilding
Game: Engine bldg5_med1 lo.props.MediumBuilding
Game: Engine gio_Figment_2 global.collectibles.Figment
Game: Engine CitizenBF lo.characters.Citizen
Game: Engine palmtree54 lo.props.TiltingGeometry
Game: Engine bldg4_med lo.props.MediumBuilding
Game: Engine CitizenC0 lo.characters.Citizen
Game: Engine palmtree231 lo.props.TiltingGeometry
Game: Engine OneUp3 global.collectibles.OneUp
Game: Engine Geometry50 global.props.Geometry
Game: Engine SupremeInterestFX4F global.effects.SupremeInterestFX
Game: Engine CitizenBE lo.characters.Citizen
Game: Engine palmtree232 lo.props.TiltingGeometry
Game: Engine bldg2_med9 lo.props.MediumBuilding
Game: Engine lampstreetlight37 lo.props.TiltingGeometry
Game: Engine palmtree228 lo.props.TiltingGeometry
Game: Engine bldg4_med49 lo.props.MediumBuilding
Game: Engine billboard4 lo.props.TiltingGeometry
Game: Engine palmtree227 lo.props.TiltingGeometry
Game: Engine bldg4_med47 lo.props.MediumBuilding
Game: Engine Car1A lo.props.Car
Game: Engine lampstreetlight36 lo.props.TiltingGeometry
Game: Engine CitizenB6 lo.characters.Citizen
Game: Engine lampstreetlight45 lo.props.TiltingGeometry
Game: Engine palmtree234 lo.props.TiltingGeometry
Game: Engine lampstreetlight46 lo.props.TiltingGeometry
Game: Engine prison1exclamationsEmitterAffector dummy
Game: Engine prison1exclamations global.props.Exclamations
Game: Engine prison1 lo.props.SmallBuilding
Game: Engine billboard6 lo.props.TiltingGeometry
Game: Engine Car16 lo.props.Car
Game: Engine bldg6_med1 lo.props.MediumBuilding
Game: Engine gio_Figment_102 global.collectibles.Figment
Game: Engine bldg6_med3 lo.props.MediumBuilding
Game: Engine palmtree55 lo.props.TiltingGeometry
Game: Engine palmtree47 lo.props.TiltingGeometry
Game: Engine gio_Figment_3 global.collectibles.Figment
Game: Engine smalldestro3 lo.props.SmallBuilding
Game: Engine gio_Figment_9 global.collectibles.Figment
Game: Engine billboard7 lo.props.TiltingGeometry
Game: Engine palmtree57 lo.props.TiltingGeometry
Game: Engine lampstreetlight39 lo.props.TiltingGeometry
Game: Engine gio_Figment_4 global.collectibles.Figment
Game: Engine palmtree48 lo.props.TiltingGeometry
Game: Engine bldg5_med4 lo.props.MediumBuilding
Game: Engine bldg_med3 lo.props.MediumBuilding
Game: Engine bldg6_med4 lo.props.MediumBuilding
Game: Engine ElectroTruck67Beam lo.characters.Beam
Game: Engine dummy3F dummy
Game: Engine dummy40 dummy
Game: Engine dummy41 dummy
Game: Engine dummy42 dummy
Game: Engine TKClawRazTKClawLine ParticleEmitter
Game: Engine RazRH_SwishFX2 global.props.Geometry
Game: Engine RazRH_SwishFX1 global.props.Geometry
Game: Engine dummy3E dummy
Game: Engine MeleeCraneFX10B global.effects.MeleeCraneFX
Game: Engine MeleeFistFade10A global.effects.MeleeFistFade
Game: Engine RazRHBall2 Gen_CollideBall
Game: Engine RazRHBall1 Gen_CollideBall
Game: Engine PalmBombSuperFeetFX108 global.effects.PalmBombSuperFeetFX
Game: Engine PalmBombSuperFX107 global.effects.PalmBombSuperFX
Game: Engine RazLH_ShockFX global.props.DartShockwave
Game: Engine Thought_Bubble_Roll ParticleEmitter
Game: Engine RazLH_SwishFX4 global.props.Geometry
Game: Engine dummy3D dummy
Game: Engine dummy3C dummy
Game: Engine SniperMuzzleBlast mm.effects.SniperMuzzleBlastFX
Game: Engine RazLH_SwishFX3 global.props.Geometry
Game: Engine RazLH_SwishFX2 global.props.Geometry
Game: Engine RazLH_SwishFX1 global.props.Geometry
Game: Engine LO_TankPlaneExplosion23_ExpSmokeEmittera1 dummy
Game: Engine LO_TankPlaneExplosion23 lo.characters.LO_TankPlaneExplosion
Game: Engine Teleporter global.props.Teleporter
Game: Engine RazRH_SwishFX3 global.props.Geometry
Game: Engine PalmBombFX106 global.effects.PalmBombFX
Game: Engine MeleeFistFade105 global.effects.MeleeFistFade
Game: Engine MeleeHitNot104 global.effects.MeleeHitNot
Game: Engine MeleeHitNot103 global.effects.MeleeHitNot
Game: Engine MeleeHit102 global.effects.MeleeHit
Game: Engine MeleeHit101 global.effects.MeleeHit
Game: Engine MeleeHit100 global.effects.MeleeHit
Game: Engine RazLHBall2 Gen_CollideBall
Game: Engine RazLHBall1 Gen_CollideBall
Game: Engine DecoratorFF global.props.Decorator
Game: Engine RazPsiShieldFX global.effects.PsiShieldFX
Game: Engine RankUpFXFE_Sparka1 dummy
Game: Engine RankUpFXFE global.effects.RankUpFX
Game: Engine FigmentFXFD_Mista1 dummy
Game: Engine FigmentFXFD global.effects.FigmentFX
Game: Engine PutAwayFXFC global.effects.PutAwayFX
Game: Engine GuidedMissileFX22 lo.effects.GuidedMissileFX
Game: Engine BigCannonProjectile21 lo.characters.BigCannonProjectile
Game: Engine ThoughtBubble ThoughtBubble
Game: Engine CitizenC9 lo.characters.Citizen
Game: Engine CitizenC8 lo.characters.Citizen
Game: Engine CitizenC7 lo.characters.Citizen
Game: Engine CitizenC6 lo.characters.Citizen
Game: Engine CitizenC5 lo.characters.Citizen
Game: Engine CitizenC4 lo.characters.Citizen
Game: Engine CitizenC3 lo.characters.Citizen
Game: Engine CitizenC2 lo.characters.Citizen
Game: Engine CitizenC1 lo.characters.Citizen
Game: Engine Thought_Cloud ParticleEmitter
Game: Engine Thought_SubCloud_0 ParticleEmitter
Game: Engine Thought_SubCloud_1 ParticleEmitter
Game: Engine Thought_SubCloud_2 ParticleEmitter
Game: Engine TKClawTKHolder dummy
Game: Engine CitizenBC lo.characters.Citizen
Game: Engine CitizenBB lo.characters.Citizen
Game: Engine LedgeDirtFX110 global.effects.LedgeDirtFX
Game: Engine TelekinesisClaw1 TKClaw
Game: Engine CitizenBA lo.characters.Citizen
Game: Engine CitizenB9 lo.characters.Citizen
Game: Engine CitizenB8 lo.characters.Citizen
Game: Engine Thought_Bubble_Spring ParticleEmitter
Game: Engine MissileImpactFXB5 lo.effects.MissileImpactFX
Game: Engine MissileImpactFXB4 lo.effects.MissileImpactFX
Game: Engine MissileImpactFXB3 lo.effects.MissileImpactFX
Game: Engine MissileImpactFXB2 lo.effects.MissileImpactFX
Game: Engine DialogBubble_SubCloud_2 ParticleEmitter
Game: Engine DialogBubble_SubCloud_1 ParticleEmitter
Game: Engine DialogBubble_SubCloud_0 ParticleEmitter
Game: Engine Dialog_Cloud ParticleEmitter
Game: Engine Clairvoyance_Cloud ParticleEmitter
Game: Engine PsiBlast5DeflectedPsiBlast global.props.Geometry
Game: Engine PsiBlast5 PsiBlast
Game: Engine PsiBlast4DeflectedPsiBlast global.props.Geometry
Game: Engine PsiBlast4 PsiBlast
Game: Engine PsiBlast3DeflectedPsiBlast global.props.Geometry
Game: Engine TelekinesisClaw1TKHolder dummy
Game: Engine PsiBlast3 PsiBlast
Game: Engine PsiBlast2DeflectedPsiBlast global.props.Geometry
Game: Engine PsiBlast2 PsiBlast
Game: Engine MissileImpactFXB1 lo.effects.MissileImpactFX
Game: Engine PsiBlast1DeflectedPsiBlast global.props.Geometry
Game: Engine MissileImpactFXB0 lo.effects.MissileImpactFX
Game: Engine carcontroller1 lo.props.CarController
Game: Engine microwaveTunnel lo.props.MicrowaveTunnel
Game: Engine MissileImpactFXAF lo.effects.MissileImpactFX
Game: Engine MissileImpactFXAE lo.effects.MissileImpactFX
Game: Engine LO_TankPlaneExplosionAD_ExpSmokeEmittera1 dummy
Game: Engine LO_TankPlaneExplosionAD lo.characters.LO_TankPlaneExplosion
Game: Engine LO_TankPlaneExplosionAC_ExpSmokeEmittera1 dummy
Game: Engine PsiBlast1 PsiBlast
Game: Engine PsiBlast0DeflectedPsiBlast global.props.Geometry
Game: Engine PsiBlast0 PsiBlast
Game: Engine watersurface global.props.Geometry
Game: Engine waterbeforedam gen_WaterPlane
Game: Engine LO_TankPlaneExplosionAC lo.characters.LO_TankPlaneExplosion
Game: Engine LO_TankPlaneExplosionAB_ExpSmokeEmittera1 dummy
Game: Engine LO_TankPlaneExplosionAB lo.characters.LO_TankPlaneExplosion
Game: Engine LO_TankPlaneExplosionAA_ExpSmokeEmittera1 dummy
Game: Engine LO_TankPlaneExplosionAA lo.characters.LO_TankPlaneExplosion
Game: Engine LO_TankPlaneExplosionA9_ExpSmokeEmittera1 dummy
Game: Engine LO_TankPlaneExplosionA9 lo.characters.LO_TankPlaneExplosion
Game: Engine LO_TankPlaneExplosionA8_ExpSmokeEmittera1 dummy
Game: Engine LO_TankPlaneExplosionA8 lo.characters.LO_TankPlaneExplosion
Game: Engine LO_TankPlaneExplosionA7_ExpSmokeEmittera1 dummy
Game: Engine LO_TankPlaneExplosionA7 lo.characters.LO_TankPlaneExplosion
Game: Engine SmallBuildingExplosionA6_WooshSmokea1 dummy
Game: Engine SmallBuildingExplosionA6 lo.effects.SmallBuildingExplosion
Game: Engine SmallBuildingExplosionA5_WooshSmokea1 dummy
Game: Engine SmallBuildingExplosionA5 lo.effects.SmallBuildingExplosion
Game: Engine SmallBuildingExplosionA4_WooshSmokea1 dummy
Game: Engine SmallBuildingExplosionA4 lo.effects.SmallBuildingExplosion
Game: Engine SmallBuildingExplosionA3_WooshSmokea1 dummy
Game: Engine SmallBuildingExplosionA3 lo.effects.SmallBuildingExplosion
Game: Engine SmallBuildingExplosionA2_WooshSmokea1 dummy
Game: Engine SmallBuildingExplosionA2 lo.effects.SmallBuildingExplosion
Game: Engine SmallBuildingExplosionA1_WooshSmokea1 dummy
Game: Engine SmallBuildingExplosionA1 lo.effects.SmallBuildingExplosion
Game: Engine SmallBuildingExplosionA0_WooshSmokea1 dummy
Game: Engine SmallBuildingExplosionA0 lo.effects.SmallBuildingExplosion
Game: Engine SmallBuildingExplosion9F_WooshSmokea1 dummy
Game: Engine SmallBuildingExplosion9F lo.effects.SmallBuildingExplosion
Game: Engine BuildingExplosion9E_MeshEmitterBa1 dummy
Game: Engine BuildingExplosion9E_MeshEmitterAa1 dummy
Game: Engine BuildingExplosion9E_MeshEmitterCa1 dummy
Game: Engine BuildingExplosion9E_WooshSmokea1 dummy
Game: Engine BuildingExplosion9E lo.effects.BuildingExplosion
Game: Engine BuildingExplosion9D_MeshEmitterBa1 dummy
Game: Engine BuildingExplosion9D_MeshEmitterAa1 dummy
Game: Engine BuildingExplosion9D_MeshEmitterCa1 dummy
Game: Engine BuildingExplosion9D_WooshSmokea1 dummy
Game: Engine BuildingExplosion9D lo.effects.BuildingExplosion
Game: Engine BuildingExplosion9C_MeshEmitterBa1 dummy
Game: Engine BuildingExplosion9C_MeshEmitterAa1 dummy
Game: Engine BuildingExplosion9C_MeshEmitterCa1 dummy
Game: Engine BuildingExplosion9C_WooshSmokea1 dummy
Game: Engine BuildingExplosion9C lo.effects.BuildingExplosion
Game: Engine BuildingExplosion9B_MeshEmitterBa1 dummy
Game: Engine BuildingExplosion9B_MeshEmitterAa1 dummy
Game: Engine BuildingExplosion9B_MeshEmitterCa1 dummy
Game: Engine BuildingExplosion9B_WooshSmokea1 dummy
Game: Engine BuildingExplosion9B lo.effects.BuildingExplosion
Game: Engine BuildingExplosion9A_MeshEmitterBa1 dummy
Game: Engine BuildingExplosion9A_MeshEmitterAa1 dummy
Game: Engine BuildingExplosion9A_MeshEmitterCa1 dummy
Game: Engine BuildingExplosion9A_WooshSmokea1 dummy
Game: Engine BuildingExplosion9A lo.effects.BuildingExplosion
Game: Engine BuildingExplosion99_MeshEmitterBa1 dummy
Game: Engine BuildingExplosion99_MeshEmitterAa1 dummy
Game: Engine BuildingExplosion99_MeshEmitterCa1 dummy
Game: Engine BuildingExplosion99_WooshSmokea1 dummy
Game: Engine BuildingExplosion99 lo.effects.BuildingExplosion
Game: Engine BuildingExplosion98_MeshEmitterBa1 dummy
Game: Engine BuildingExplosion98_MeshEmitterAa1 dummy
Game: Engine BuildingExplosion98_MeshEmitterCa1 dummy
Game: Engine BuildingExplosion98_WooshSmokea1 dummy
Game: Engine BuildingExplosion98 lo.effects.BuildingExplosion
Game: Engine BuildingExplosion97_MeshEmitterBa1 dummy
Game: Engine BuildingExplosion97_MeshEmitterAa1 dummy
Game: Engine BuildingExplosion97_MeshEmitterCa1 dummy
Game: Engine BuildingExplosion97_WooshSmokea1 dummy
Game: Engine BuildingExplosion97 lo.effects.BuildingExplosion
Game: Engine baconPoofFX96 global.effects.baconPoofFX
Game: Engine InstaHintFord global.characters.InstaHintFord
Game: Engine WaterRingsFX95 global.effects.WaterRingsFX
Game: Engine WaterRingsFX94 global.effects.WaterRingsFX
Game: Engine WaterSplash93 global.effects.WaterSplash
Game: Engine SplashFX92_Dropsa1 dummy
Game: Engine SplashFX92 global.effects.SplashFX
Game: Engine SplashFX91_Dropsa1 dummy
Game: Engine SplashFX91 global.effects.SplashFX
Game: Engine SplashFX90_Dropsa1 dummy
Game: Engine SplashFX90 global.effects.SplashFX
Game: Engine SplashFX8F_Dropsa1 dummy
Game: Engine SplashFX8F global.effects.SplashFX
Game: Engine SplashFX8E_Dropsa1 dummy
Game: Engine SplashFX8E global.effects.SplashFX
Game: Engine WaterRingsFX global.effects.WaterRingsFX
Game: Engine RunningRippleFX global.effects.RunningRippleFX
Game: Engine WaterFXManager global.effects.WaterFXManager
Game: Engine TankTurret8D lo.characters.TankTurret
Game: Engine TankProp lo.characters.Tank
Game: Engine cutsceneEmoTag ScriptBase
Game: Engine EZSceneTools8C global.camera.EZSceneTools
Game: Engine lo.LOMACutscenes lo.LOMACutscenes
Game: Engine ArrowheadAmmo8B global.collectibles.ArrowheadAmmo
Game: Engine ArrowheadAmmo8A global.collectibles.ArrowheadAmmo
Game: Engine ArrowheadAmmo89 global.collectibles.ArrowheadAmmo
Game: Engine PsiBlastAmmo88 global.collectibles.PsiBlastAmmo
Game: Engine PsiBlastAmmo87 global.collectibles.PsiBlastAmmo
Game: Engine PsiBlastAmmo86 global.collectibles.PsiBlastAmmo
Game: Engine ConfusionAmmo85 global.collectibles.ConfusionAmmo
Game: Engine ConfusionAmmo84 global.collectibles.ConfusionAmmo
Game: Engine ConfusionAmmo83 global.collectibles.ConfusionAmmo
Game: Engine ConfusionFX82 global.effects.ConfusionFX
Game: Engine TelekinesisClaw2RazTKClawLine ParticleEmitter
Game: Engine ConfusionFX81 global.effects.ConfusionFX
Game: Engine ConfusionFX80 global.effects.ConfusionFX
Game: Engine ConfusionFX7F global.effects.ConfusionFX
Game: Engine ConfusionFX7E global.effects.ConfusionFX
Game: Engine ConfusionFX7D global.effects.ConfusionFX
Game: Engine ConfusionFX7C global.effects.ConfusionFX
Game: Engine ConfusionFX7B global.effects.ConfusionFX
Game: Engine SaltFX global.props.Geometry
Game: Engine Global global.GlobalClass
Game: Engine dummy3B dummy
Game: Engine HomingTankProjectile72 lo.characters.HomingTankProjectile
Game: Engine MissileTrail6B lo.effects.MissileTrail
Game: Engine TankProjectile6A lo.characters.TankProjectile
Game: Engine LOcarBangFX17_ExpSmokeEmittera1 dummy
Game: Engine ElectroTruck67BeamFX lo.effects.ElectroTruckBeamFX
Game: Engine ElectroTruck67 lo.characters.ElectroTruck
Game: Engine ElectroTruck66BeamFX lo.effects.ElectroTruckBeamFX
Game: Engine GunShipProjectile63 lo.characters.GunShipProjectile
Game: Engine HealthAmmo60 global.collectibles.HealthAmmo
Game: Engine HealthAmmo5F global.collectibles.HealthAmmo
Game: Engine HealthAmmo5E global.collectibles.HealthAmmo
Game: Engine HealthAmmo5D global.collectibles.HealthAmmo
Game: Engine InvDisplayer global.otherentities.InvAdder
Game: Engine FigmentGlobals global.collectibles.FigmentGlobals
Game: Engine FireStartExplodeFX0 global.effects.FireStartExplodeFX
Game: Engine TelekinesisClaw2TKHolder dummy
Game: Engine RazPsiShield PsiShield
Game: Engine Decorator1 global.props.Decorator
Game: Engine PlayerInvulIndicator global.effects.RazDamageFX
Game: Engine RazPreDeathFX2 global.effects.RazPreDeathFX
Game: Engine RazRespawnFX3 global.effects.RazRespawnFX
Game: Engine Dart_FXa global.effects.InvisoEyeFX
Game: Engine Dart_FXb global.effects.PsiShieldFailFX
Game: Engine Dart_FXe global.effects.NoAmmoFX
Game: Engine LOcarBangFX17 lo.effects.LOcarBangFX
Game: Engine FireStartExplodeSuperFX4 global.effects.FireStartExplodeSuperFX
Game: Engine RazSteamRecoverFX5 global.effects.RazSteamRecoverFX
Game: Engine RazLH global.props.DartMeleeHand
Game: Engine RazRH global.props.DartMeleeHand
Game: Engine HealthAmmo5C global.collectibles.HealthAmmo
Game: Engine CSZealot1 global.props.Animator
Game: Engine CSZealot2 global.props.Animator
Game: Engine CSZealot3 global.props.Animator
Game: Engine CSZealot4 global.props.Animator
Game: Engine CSCitizen1 global.props.Animator
Game: Engine CSCitizen2 global.props.Animator
Game: Engine CSCitizen3 global.props.Animator
Game: Engine CSCitizen4 global.props.Animator
Game: Engine ClairCamUpdater7 global.otherentities.ClairCamUpdater
Game: Engine ConfusionGrenade9 global.props.ConfusionGrenade
Game: Engine ConfusionGrenade9_fx1 global.effects.ConfusionFuseFX
Game: Engine ConfusionGrenade9_fx2 global.effects.ConfusionBombFX
Game: Engine ConfusionGrenade9_fx2_StreakPopa1 dummy
Game: Engine BallPopFXA global.effects.BallPopFX
Game: Engine ThoughtBubbleRings global.effects.PsiBallRingsFX
Game: Engine ThoughtBubbleBounce global.effects.PsiBallRingsBounceFX
Game: Engine ThoughtBubbleRings2 global.effects.PsiBallRingsFX
Game: Engine ThoughtBubbleBounce2 global.effects.PsiBallRingsBounceFX
Game: Engine ball_trail engine.BallTrail
Game: Engine ThoughtBubbleSpikes ScriptBase
Game: Engine PsiRailFXB global.effects.PsiRailFX
Game: Engine PsiBlastFXC global.effects.PsiBlastFX
Game: Engine PsiBlastHitFXD global.effects.PsiBlastHitFX
Game: Engine TelekinesisClaw2 TKClaw
Game: Engine PsiBlastAirHitE global.effects.PsiBlastAirHit
Game: Engine PsiBlastDeflectFXF global.effects.PsiBlastDeflectFX
Game: Engine PsiBlastHitSuperFX10 global.effects.PsiBlastHitSuperFX
Game: Engine TelekinesisClaw1RazTKClawLine ParticleEmitter
Game: Engine HealthAmmo5B global.collectibles.HealthAmmo
Game: Engine HealthAmmo5A global.collectibles.HealthAmmo
Game: Engine RailSlideElectroFX11 global.effects.RailSlideElectroFX
Game: Engine HealthAmmo59 global.collectibles.HealthAmmo
Game: Engine TKClaw TKClaw
Game: Engine BiPlaneProjectile3A lo.characters.BiPlaneProjectile
Game: Engine Dart_FXf_Streamersa1 dummy
Game: Engine Dart_FXf global.effects.invisibilityShockwaveFX
Game: Engine bldg_med4 lo.props.MediumBuilding
Game: Engine gio_Figment_5 global.collectibles.Figment
Game: Engine palmtree63 lo.props.TiltingGeometry
Game: Engine bldg8_med7 lo.props.MediumBuilding
Game: Engine palmtree233 lo.props.TiltingGeometry
Game: Engine EmoBag1LeftTear global.effects.EmoBagTearFX
Game: Engine EmoBag1 global.collectibles.EmotionalBaggage
Game: Engine EmoBag1RightTear global.effects.EmoBagTearFX
Game: Engine palmtree62 lo.props.TiltingGeometry
Game: Engine gio_Figment_47 global.collectibles.Figment
Game: Engine lampstreetlight41 lo.props.TiltingGeometry
Game: Engine lampstreetlight35 lo.props.TiltingGeometry
Game: Engine billboard9 lo.props.TiltingGeometry
Game: Engine bldg4_med9 lo.props.MediumBuilding
Game: Engine bldg8_med6 lo.props.MediumBuilding
Game: Engine gio_Figment_46 global.collectibles.Figment
Game: Engine palmtree64 lo.props.TiltingGeometry
Game: Engine gio_Figment_10 global.collectibles.Figment
Game: Engine palmtree66 lo.props.TiltingGeometry
Game: Engine bldg8_med4 lo.props.MediumBuilding
Game: Engine gio_Figment_11 global.collectibles.Figment
Game: Engine bldg6_med5 lo.props.MediumBuilding
Game: Engine gio_Figment_48 global.collectibles.Figment
Game: Engine Car19 lo.props.Car
Game: Engine palmtree65 lo.props.TiltingGeometry
Game: Engine palmtree67 lo.props.TiltingGeometry
Game: Engine bldg9_med4 lo.props.MediumBuilding
Game: Engine gio_Figment_45 global.collectibles.Figment
Game: Engine bldg8_med5 lo.props.MediumBuilding
Game: Engine bldg_med1 lo.props.MediumBuilding
Game: Engine bldg_med6 lo.props.MediumBuilding
Game: Engine bldg6_med6 lo.props.MediumBuilding
Game: Engine palmtree69 lo.props.TiltingGeometry
Game: Engine bldg4_med8 lo.props.MediumBuilding
Game: Engine gio_Figment_44 global.collectibles.Figment
Game: Engine palmtree68 lo.props.TiltingGeometry
Game: Engine gio_Figment_12 global.collectibles.Figment
Game: Engine lampstreetlight34 lo.props.TiltingGeometry
Game: Engine TankTurretD1 lo.characters.TankTurret
Game: Engine TankD0 lo.characters.Tank
Game: Engine palmtree212 lo.props.TiltingGeometry
Game: Engine TankD2 lo.characters.Tank
Game: Engine TankTurretD3 lo.characters.TankTurret
Game: Engine palmtree214 lo.props.TiltingGeometry
Game: Engine Car18 lo.props.Car
Game: Engine TankTurretCD lo.characters.TankTurret
Game: Engine TankCC lo.characters.Tank
Game: Engine Car20 lo.props.Car
Game: Engine lampstreetlight42 lo.props.TiltingGeometry
Game: Engine palmtree213 lo.props.TiltingGeometry
Game: Engine palmtree72 lo.props.TiltingGeometry
Game: Engine bldg2_med2 lo.props.MediumBuilding
Game: Engine bldg5_med2 lo.props.MediumBuilding
Game: Engine palmtree76 lo.props.TiltingGeometry
Game: Engine gio_Figment_13 global.collectibles.Figment
Game: Engine palmtree73 lo.props.TiltingGeometry
Game: Engine gio_Figment_14 global.collectibles.Figment
Game: Engine bldg10_med1 lo.props.MediumBuilding
Game: Engine gio_Figment_42 global.collectibles.Figment
Game: Engine bldg_med5 lo.props.MediumBuilding
Game: Engine TankTurretCF lo.characters.TankTurret
Game: Engine TankCE lo.characters.Tank
Game: Engine bldg5_med23 lo.props.MediumBuilding
Game: Engine palmtree74 lo.props.TiltingGeometry
Game: Engine bldg2_med3 lo.props.MediumBuilding
Game: Engine bldg5_med10 lo.props.MediumBuilding
Game: Engine gio_Figment_16 global.collectibles.Figment
Game: Engine lampstreetlight33 lo.props.TiltingGeometry
Game: Engine billboard8 lo.props.TiltingGeometry
Game: Engine palmtree219 lo.props.TiltingGeometry
Game: Engine bldg5_med3 lo.props.MediumBuilding
Game: Engine bldg4_med2 lo.props.MediumBuilding
Game: Engine gio_Figment_15 global.collectibles.Figment
Game: Engine bldg9_med31 lo.props.MediumBuilding
Game: Engine palmtree96 lo.props.TiltingGeometry
Game: Engine bldg_med8 lo.props.MediumBuilding
Game: Engine palmtree211 lo.props.TiltingGeometry
Game: Engine palmtree225 lo.props.TiltingGeometry
Game: Engine bldg9_med6 lo.props.MediumBuilding
Game: Engine billboard11 lo.props.TiltingGeometry
Game: Engine bldg9_med7 lo.props.MediumBuilding
Game: Engine palmtree218 lo.props.TiltingGeometry
Game: Engine palmtree98 lo.props.TiltingGeometry
Game: Engine bldg5_med22 lo.props.MediumBuilding
Game: Engine bldg4_med3 lo.props.MediumBuilding
Game: Engine palmtree78 lo.props.TiltingGeometry
Game: Engine Car1F lo.props.Car
Game: Engine palmtree77 lo.props.TiltingGeometry
Game: Engine lampstreetlight32 lo.props.TiltingGeometry
Game: Engine bldg_med9 lo.props.MediumBuilding
Game: Engine bldg5_med24 lo.props.MediumBuilding
Game: Engine bldg4_med46 lo.props.MediumBuilding
Game: Engine TankTurretD7 lo.characters.TankTurret
Game: Engine TankD6 lo.characters.Tank
Game: Engine bldg2_med7 lo.props.MediumBuilding
Game: Engine lampstreetlight30 lo.props.TiltingGeometry
Game: Engine TankTurretCB lo.characters.TankTurret
Game: Engine TankCA lo.characters.Tank
Game: Engine billboard17 lo.props.TiltingGeometry
Game: Engine palmtree99 lo.props.TiltingGeometry
Game: Engine palmtree80 lo.props.TiltingGeometry
Game: Engine lampstreetlight31 lo.props.TiltingGeometry
Game: Engine respawnpoint4 GEN_respawnpoint
Game: Engine lampstreetlight29 lo.props.TiltingGeometry
Game: Engine bldg4_med38 lo.props.MediumBuilding
Game: Engine carcontroller3 lo.props.CarController
Game: Engine billboard13 lo.props.TiltingGeometry
Game: Engine billboard12 lo.props.TiltingGeometry
Game: Engine palmtree220 lo.props.TiltingGeometry
Game: Engine bldg5_med21 lo.props.MediumBuilding
Game: Engine bldg5_med8 lo.props.MediumBuilding
Game: Engine TankD8 lo.characters.Tank
Game: Engine TankTurretD9 lo.characters.TankTurret
Game: Engine bldg9_med22 lo.props.MediumBuilding
Game: Engine bldg_med11 lo.props.MediumBuilding
Game: Engine bldg2_med4 lo.props.MediumBuilding
Game: Engine bldg4_med5 lo.props.MediumBuilding
Game: Engine Tank6C lo.characters.Tank
Game: Engine TankTurret6D lo.characters.TankTurret
Game: Engine smallcranecantilever5 global.props.Geometry
Game: Engine bldg_med42 lo.props.MediumBuilding
Game: Engine bldg_med41 lo.props.MediumBuilding
Game: Engine palmtree106 lo.props.TiltingGeometry
Game: Engine palmtree100 lo.props.TiltingGeometry
Game: Engine billboard14 lo.props.TiltingGeometry
Game: Engine palmtree223 lo.props.TiltingGeometry
Game: Engine bldg2_med8 lo.props.MediumBuilding
Game: Engine lampstreetlight28 lo.props.TiltingGeometry
Game: Engine palmtree221 lo.props.TiltingGeometry
Game: Engine TankTurret69 lo.characters.TankTurret
Game: Engine Tank68 lo.characters.Tank
Game: Engine billboard10 lo.props.TiltingGeometry
Game: Engine palmtree97 lo.props.TiltingGeometry
Game: Engine EmoTag3 global.collectibles.EmotionalBaggageTag
Game: Engine CobWebSparkleFX48 global.effects.CobWebSparkleFX
Game: Engine Cobweb1 global.collectibles.Cobweb
Game: Engine palmtree222 lo.props.TiltingGeometry
Game: Engine Tank6E lo.characters.Tank
Game: Engine TankTurret6F lo.characters.TankTurret
Game: Engine bldg8_med10 lo.props.MediumBuilding
Game: Engine lampstreetlight27 lo.props.TiltingGeometry
Game: Engine TankTurretD5 lo.characters.TankTurret
Game: Engine TankD4 lo.characters.Tank
Game: Engine palmtree84 lo.props.TiltingGeometry
Game: Engine palmtree86 lo.props.TiltingGeometry
Game: Engine bldg5_med9 lo.props.MediumBuilding
Game: Engine palmtree224 lo.props.TiltingGeometry
Game: Engine TankDC lo.characters.Tank
Game: Engine TankTurretDD lo.characters.TankTurret
Game: Engine bldg10_med5 lo.props.MediumBuilding
Game: Engine smalldestro4 lo.props.SmallBuilding
Game: Engine Car1C lo.props.Car
Game: Engine palmtree235 lo.props.TiltingGeometry
Game: Engine bldg2_med5 lo.props.MediumBuilding
Game: Engine palmtree88 lo.props.TiltingGeometry
Game: Engine TankE2 lo.characters.Tank
Game: Engine TankTurretE3 lo.characters.TankTurret
Game: Engine pier1_med1 lo.props.MediumBuilding
Game: Engine TankTurretF1 lo.characters.TankTurret
Game: Engine TankF0 lo.characters.Tank
Game: Engine bldg8_med18 lo.props.MediumBuilding
Game: Engine TankTurretE7 lo.characters.TankTurret
Game: Engine TankE6 lo.characters.Tank
Game: Engine billboard16 lo.props.TiltingGeometry
Game: Engine palmtree90 lo.props.TiltingGeometry
Game: Engine chainfence5 lo.props.TiltingGeometry
Game: Engine TankDE lo.characters.Tank
Game: Engine TankTurretDF lo.characters.TankTurret
Game: Engine palmtree236 lo.props.TiltingGeometry
Game: Engine TankTurretE5 lo.characters.TankTurret
Game: Engine TankE4 lo.characters.Tank
Game: Engine EmoTag1 global.collectibles.EmotionalBaggageTag
Game: Engine InterestFX51 global.effects.InterestFX
Game: Engine prisontower12 lo.props.TiltingGeometry
Game: Engine lampstreetlight26 lo.props.TiltingGeometry
Game: Engine chainfence13 lo.props.TiltingGeometry
Game: Engine smalldestro5 lo.props.SmallBuilding
Game: Engine bldg10_med7 lo.props.MediumBuilding
Game: Engine chainfence12 lo.props.TiltingGeometry
Game: Engine chainfence14 lo.props.TiltingGeometry
Game: Engine TankEA lo.characters.Tank
Game: Engine TankTurretEB lo.characters.TankTurret
Game: Engine bldg5_med13 lo.props.MediumBuilding
Game: Engine chainfence6 lo.props.TiltingGeometry
Game: Engine prisontower13 lo.props.TiltingGeometry
Game: Engine TankTurretE1 lo.characters.TankTurret
Game: Engine TankE0 lo.characters.Tank
Game: Engine chainfence16 lo.props.TiltingGeometry
Game: Engine Cobweb3 global.collectibles.Cobweb
Game: Engine TankEE lo.characters.Tank
Game: Engine TankTurretEF lo.characters.TankTurret
Game: Engine prisonVault global.characters.Vault
Game: Engine prisontower11 lo.props.TiltingGeometry
Game: Engine billboard15 lo.props.TiltingGeometry
Game: Engine chainfence4 lo.props.TiltingGeometry
Game: Engine bldg4_med37 lo.props.MediumBuilding
Game: Engine bldg10_med6 lo.props.MediumBuilding
Game: Engine palmtree92 lo.props.TiltingGeometry
Game: Engine TankEC lo.characters.Tank
Game: Engine TankTurretED lo.characters.TankTurret
Game: Engine chainfence17 lo.props.TiltingGeometry
Game: Engine smallcranecantilever4 global.props.Geometry
Game: Engine chainfence1 lo.props.TiltingGeometry
Game: Engine prisontower1 lo.props.TiltingGeometry
Game: Engine prisontower4 lo.props.TiltingGeometry
Game: Engine bldg4_med43 lo.props.MediumBuilding
Game: Engine bldg2_med10 lo.props.MediumBuilding
Game: Engine chainfence18 lo.props.TiltingGeometry
Game: Engine chainfence35 lo.props.TiltingGeometry
Game: Engine TankE8 lo.characters.Tank
Game: Engine TankTurretE9 lo.characters.TankTurret
Game: Engine blimp lo.props.Blimp
Game: Engine bldg4_med42 lo.props.MediumBuilding
Game: Engine chainfence34 lo.props.TiltingGeometry
Game: Engine prisontower10 lo.props.TiltingGeometry
Game: Engine chainfence15 lo.props.TiltingGeometry
Game: Engine chainfence33 lo.props.TiltingGeometry
Game: Engine bldg4_med44 lo.props.MediumBuilding
Game: Engine prisontower5 lo.props.TiltingGeometry
Game: Engine chainfence20 lo.props.TiltingGeometry
Game: Engine bldg4_med39 lo.props.MediumBuilding
Game: Engine lampstreetlight47 lo.props.TiltingGeometry
Game: Engine chainfence19 lo.props.TiltingGeometry
Game: Engine chainfence32 lo.props.TiltingGeometry
Game: Engine chainfence21 lo.props.TiltingGeometry
Game: Engine prison2 lo.props.SmallBuilding
Game: Engine prison2blimpexclamationsEmitterAffector dummy
Game: Engine prison2blimpexclamations global.props.Exclamations
Game: Engine bldg4_med41 lo.props.MediumBuilding
Game: Engine chainfence22 lo.props.TiltingGeometry
Game: Engine prisontower9 lo.props.TiltingGeometry
Game: Engine bballhoop1 lo.props.TiltingGeometry
Game: Engine chainfence31 lo.props.TiltingGeometry
Game: Engine chainfence24 lo.props.TiltingGeometry
Game: Engine lampstreetlight48 lo.props.TiltingGeometry
Game: Engine bldg4_med45 lo.props.MediumBuilding
Game: Engine bballhoop4 lo.props.TiltingGeometry
Game: Engine bballhoop3 lo.props.TiltingGeometry
Game: Engine chainfence25 lo.props.TiltingGeometry
Game: Engine prisontower6 lo.props.TiltingGeometry
Game: Engine chainfence30 lo.props.TiltingGeometry
Game: Engine bballhoop5 lo.props.TiltingGeometry
Game: Engine waterafterdam gen_WaterPlane
Game: Engine prisontower8 lo.props.TiltingGeometry
Game: Engine chainfence26 lo.props.TiltingGeometry
Game: Engine Cobweb4 global.collectibles.Cobweb
Game: Engine TankF8 lo.characters.Tank
Game: Engine TankTurretF9 lo.characters.TankTurret
Game: Engine chainfence27 lo.props.TiltingGeometry
Game: Engine chainfence29 lo.props.TiltingGeometry
Game: Engine Geometry4E global.props.Geometry
Game: Engine OneUp2 global.collectibles.OneUp
Game: Engine Car1E lo.props.Car
Game: Engine SupremeInterestFX4D global.effects.SupremeInterestFX
Game: Engine chainfence28 lo.props.TiltingGeometry
Game: Engine TankTurretFB lo.characters.TankTurret
Game: Engine TankFA lo.characters.Tank
Game: Engine BigCannon lo.characters.BigCannon
Game: Engine prisontower7 lo.props.TiltingGeometry
Game: Engine chainfence23 lo.props.TiltingGeometry
Game: Engine EmoBag3LeftTear global.effects.EmoBagTearFX
Game: Engine EmoBag3RightTear global.effects.EmoBagTearFX
Game: Engine EmoBag3 global.collectibles.EmotionalBaggage
Game: Engine smallcranecantilever6 global.props.Geometry
Game: Engine TankTurretDB lo.characters.TankTurret
Game: Engine TankDA lo.characters.Tank
Game: Engine EmoBag2 global.collectibles.EmotionalBaggage
Game: Engine EmoBag2LeftTear global.effects.EmoBagTearFX
Game: Engine EmoBag2RightTear global.effects.EmoBagTearFX
Game: Engine BPIZealot lo.characters.Zealot
Game: Engine cranecantilever global.props.Geometry
Game: Engine Car1D lo.props.Car
Game: Engine EmoTag2 global.collectibles.EmotionalBaggageTag
Game: Engine palmtree114 lo.props.TiltingGeometry
Game: Engine Car43 lo.props.Car
Game: Engine Car44 lo.props.Car
Game: Engine Car47 lo.props.Car
Game: Engine Car46 lo.props.Car
Game: Engine Car45 lo.props.Car
Game: Engine carcontroller2 lo.props.CarController
Game: Engine billboard18 lo.props.TiltingGeometry
Game: Engine respawnpoint1 GEN_respawnpoint
Game: Engine bldg8_med30 lo.props.MediumBuilding
Game: Engine bldg8_med31 lo.props.MediumBuilding
Game: Engine respawnpoint6 GEN_waterrespawnpoint
Game: Engine respawnpoint5 GEN_waterrespawnpoint
Game: Engine palmtree113 lo.props.TiltingGeometry
Game: Engine bldg9_med25 lo.props.MediumBuilding
Game: Engine palmtree116 lo.props.TiltingGeometry
Game: Engine lampstreetlight24 lo.props.TiltingGeometry
Game: Engine bldg9_med23 lo.props.MediumBuilding
Game: Engine palmtree112 lo.props.TiltingGeometry
Game: Engine bldg9_med16 lo.props.MediumBuilding
Game: Engine bldg8_med37 lo.props.MediumBuilding
Game: Engine palmtree111 lo.props.TiltingGeometry
Game: Engine bldg8_med29 lo.props.MediumBuilding
Game: Engine bldg_med21 lo.props.MediumBuilding
Game: Engine bldg8_med33 lo.props.MediumBuilding
Game: Engine bldg9_med15 lo.props.MediumBuilding
Game: Engine lampstreetlight23 lo.props.TiltingGeometry
Game: Engine bldg4_med12 lo.props.MediumBuilding
Game: Engine bldg4_med14 lo.props.MediumBuilding
Game: Engine palmtree172 lo.props.TiltingGeometry
Game: Engine palmtree173 lo.props.TiltingGeometry
Game: Engine bldg6_med11 lo.props.MediumBuilding
Game: Engine bldg_med32 lo.props.MediumBuilding
Game: Engine bldg_med33 lo.props.MediumBuilding
Game: Engine bldg8_med23 lo.props.MediumBuilding
Game: Engine bldg_med14 lo.props.MediumBuilding
Game: Engine bldg9_med17 lo.props.MediumBuilding
Game: Engine bldg9_med14 lo.props.MediumBuilding
Game: Engine bldg9_med26 lo.props.MediumBuilding
Game: Engine bldg_med34 lo.props.MediumBuilding
Game: Engine palmtree179 lo.props.TiltingGeometry
Game: Engine lampstreetlight22 lo.props.TiltingGeometry
Game: Engine bldg_med22 lo.props.MediumBuilding
Game: Engine GunShip61 lo.characters.GunShip
Game: Engine GunShipTurret62 lo.characters.GunShipTurret
Game: Engine bldg9_med27 lo.props.MediumBuilding
Game: Engine bldg4_med30 lo.props.MediumBuilding
Game: Engine palmtree120 lo.props.TiltingGeometry
Game: Engine palmtree171 lo.props.TiltingGeometry
Game: Engine bldg_med36 lo.props.MediumBuilding
Game: Engine bldg4_med29 lo.props.MediumBuilding
Game: Engine HomingTank73 lo.characters.HomingTank
Game: Engine HomingTankTurret74 lo.characters.HomingTankTurret
Game: Engine bldg_med35 lo.props.MediumBuilding
Game: Engine bldg9_med10 lo.props.MediumBuilding
Game: Engine Geometry58 global.props.Geometry
Game: Engine MaxAmmoUP global.collectibles.MaxAmmoUp
Game: Engine bldg4_med28 lo.props.MediumBuilding
Game: Engine palmtree181 lo.props.TiltingGeometry
Game: Engine palmtree108 lo.props.TiltingGeometry
Game: Engine bldg5_med14 lo.props.MediumBuilding
Game: Engine bldg6_med8 lo.props.MediumBuilding
Game: Engine billboard19 lo.props.TiltingGeometry
Game: Engine bldg4_med11 lo.props.MediumBuilding
Game: Engine lampstreetlight21 lo.props.TiltingGeometry
Game: Engine palmtree119 lo.props.TiltingGeometry
Game: Engine bldg9_med28 lo.props.MediumBuilding
Game: Engine respawnpoint2 GEN_respawnpoint
Game: Engine HomingTank75 lo.characters.HomingTank
Game: Engine HomingTankTurret76 lo.characters.HomingTankTurret
Game: Engine TankTurretF5 lo.characters.TankTurret
Game: Engine TankF4 lo.characters.Tank
Game: Engine bldg9_med29 lo.props.MediumBuilding
Game: Engine bldg_med20 lo.props.MediumBuilding
Game: Engine floatingBoat2 lo.props.FloatingPlatform
Game: Engine palmtree182 lo.props.TiltingGeometry
Game: Engine bldg_med38 lo.props.MediumBuilding
Game: Engine bldg_med37 lo.props.MediumBuilding
Game: Engine ElectroTruck66Beam lo.characters.Beam
Game: Engine ElectroTruck66 lo.characters.ElectroTruck
Game: Engine bldg_med13 lo.props.MediumBuilding
Game: Engine bldg9_med18 lo.props.MediumBuilding
Game: Engine palmtree205 lo.props.TiltingGeometry
Game: Engine HomingTankTurret71 lo.characters.HomingTankTurret
Game: Engine HomingTank70 lo.characters.HomingTank
Game: Engine palmtree183 lo.props.TiltingGeometry
Game: Engine GunShip64 lo.characters.GunShip
Game: Engine billboard20 lo.props.TiltingGeometry
Game: Engine GunShipTurret65 lo.characters.GunShipTurret
Game: Engine bldg5_med20 lo.props.MediumBuilding
Game: Engine TankTurretF3 lo.characters.TankTurret
Game: Engine TankF2 lo.characters.Tank
Game: Engine EmoTag4 global.collectibles.EmotionalBaggageTag
Game: Engine lampstreetlight19 lo.props.TiltingGeometry
Game: Engine bldg10_med11 lo.props.MediumBuilding
Game: Engine billboard22 lo.props.TiltingGeometry
Game: Engine bldg6_med13 lo.props.MediumBuilding
Game: Engine bldg_med12 lo.props.MediumBuilding
Game: Engine palmtree185 lo.props.TiltingGeometry
Game: Engine bldg4_med31 lo.props.MediumBuilding
Game: Engine palmtree190 lo.props.TiltingGeometry
Game: Engine palmtree184 lo.props.TiltingGeometry
Game: Engine bldg9_med30 lo.props.MediumBuilding
Game: Engine smallcranecantilever1 global.props.Geometry
Game: Engine lampstreetlight20 lo.props.TiltingGeometry
Game: Engine palmtree186 lo.props.TiltingGeometry
Game: Engine bldg10_med13 lo.props.MediumBuilding
Game: Engine bldg8_med40 lo.props.MediumBuilding
Game: Engine billboard21 lo.props.TiltingGeometry
Game: Engine chainfence47 lo.props.TiltingGeometry
Game: Engine ScriptBase10C ScriptBase
Game: Engine ScriptBase109 ScriptBase
Game: Engine palmtree107 lo.props.TiltingGeometry
Game: Engine bldg8_med41 lo.props.MediumBuilding
Game: Engine bldg4_med10 lo.props.MediumBuilding
Game: Engine lampstreetlight49 lo.props.TiltingGeometry
Game: Engine palmtree187 lo.props.TiltingGeometry
Game: Engine lampstreetlight18 lo.props.TiltingGeometry
Game: Engine chainfence48 lo.props.TiltingGeometry
Game: Engine palmtree193 lo.props.TiltingGeometry
Game: Engine bldg9_med20 lo.props.MediumBuilding
Game: Engine billboard24 lo.props.TiltingGeometry
Game: Engine floatingBoat1 lo.props.FloatingPlatform
Game: Engine palmtree194 lo.props.TiltingGeometry
Game: Engine chainfence49 lo.props.TiltingGeometry
Game: Engine palmtree188 lo.props.TiltingGeometry
Game: Engine bldg8_med22 lo.props.MediumBuilding
Game: Engine Cobweb2 global.collectibles.Cobweb
Game: Engine bldg6_med14 lo.props.MediumBuilding
Game: Engine chainfence50 lo.props.TiltingGeometry
Game: Engine bldg4_med34 lo.props.MediumBuilding
Game: Engine palmtree196 lo.props.TiltingGeometry
Game: Engine lampstreetlight17 lo.props.TiltingGeometry
Game: Engine billboard25 lo.props.TiltingGeometry
Game: Engine GunShipF6 lo.characters.GunShip
Game: Engine GunShipTurretF7 lo.characters.GunShipTurret
Game: Engine bldg4_med33 lo.props.MediumBuilding
Game: Engine bldg_med39 lo.props.MediumBuilding
Game: Engine NewsCaster lo.characters.NewsCaster
Game: Engine chainfence51 lo.props.TiltingGeometry
Game: Engine palmtree203 lo.props.TiltingGeometry
Game: Engine bldg6_med15 lo.props.MediumBuilding
Game: Engine palmtree195 lo.props.TiltingGeometry
Game: Engine palmtree27 lo.props.TiltingGeometry
Game: Engine bldg4_med32 lo.props.MediumBuilding
Game: Engine palmtree189 lo.props.TiltingGeometry
Game: Engine bldg9_med19 lo.props.MediumBuilding
Game: Engine bldg10_med9 lo.props.MediumBuilding
Game: Engine splRope7 global.props.Tightrope
Game: Engine splRope5 global.props.Tightrope
Game: Engine splRope6 global.props.Tightrope
Game: Engine palmtree204 lo.props.TiltingGeometry
Game: Engine bldg4_med35 lo.props.MediumBuilding
Game: Engine palmtree197 lo.props.TiltingGeometry
Game: Engine palmtree202 lo.props.TiltingGeometry
Game: Engine towerwavesFX_Boltsa1 dummy
Game: Engine towerwavesFX lo.effects.RadioWavesFX
Game: Engine splRail0 global.props.Railslide
Game: Engine palmtree201 lo.props.TiltingGeometry
Game: Engine bldg4_med36 lo.props.MediumBuilding
Game: Engine respawnpoint8 GEN_waterrespawnpoint
Game: Engine palmtree200 lo.props.TiltingGeometry
Game: Engine bldg_med40 lo.props.MediumBuilding
Game: Engine palmtree199 lo.props.TiltingGeometry
Game: Engine palmtree198 lo.props.TiltingGeometry
Game: Engine floatingBoat7 lo.props.FloatingPlatform
Game: Engine splRope2 global.props.Tightrope
Game: Engine splRope1 global.props.Tightrope
Game: Engine splRope3 global.props.Tightrope
Game: Engine Geometry13 global.props.Geometry
Game: Engine OneUp1 global.collectibles.OneUp
Game: Engine SupremeInterestFX12 global.effects.SupremeInterestFX
Game: Engine splRope9 global.props.Tightrope
Game: Engine splRope8 global.props.Tightrope
Game: Engine splRope4 global.props.Tightrope
Game: Engine palmtree151 lo.props.TiltingGeometry
Game: Engine palmtree149 lo.props.TiltingGeometry
Game: Engine billboard29 lo.props.TiltingGeometry
Game: Engine palmtree154 lo.props.TiltingGeometry
Game: Engine bldg8_med26 lo.props.MediumBuilding
Game: Engine bldg_med18 lo.props.MediumBuilding
Game: Engine palmtree150 lo.props.TiltingGeometry
Game: Engine palmtree152 lo.props.TiltingGeometry
Game: Engine palmtree153 lo.props.TiltingGeometry
Game: Engine bldg_med17 lo.props.MediumBuilding
Game: Engine palmtree169 lo.props.TiltingGeometry
Game: Engine bldg8_med25 lo.props.MediumBuilding
Game: Engine islandVault global.characters.Vault
Game: Engine lampstreetlight13 lo.props.TiltingGeometry
Game: Engine EmoBag4LeftTear global.effects.EmoBagTearFX
Game: Engine billboard28 lo.props.TiltingGeometry
Game: Engine palmtree162 lo.props.TiltingGeometry
Game: Engine EmoBag4RightTear global.effects.EmoBagTearFX
Game: Engine lampstreetlight12 lo.props.TiltingGeometry
Game: Engine EmoBag4 global.collectibles.EmotionalBaggage
Game: Engine palmtree168 lo.props.TiltingGeometry
Game: Engine palmtree155 lo.props.TiltingGeometry
Game: Engine bldg_med15 lo.props.MediumBuilding
Game: Engine palmtree148 lo.props.TiltingGeometry
Game: Engine respawnpoint7 GEN_waterrespawnpoint
Game: Engine palmtree163 lo.props.TiltingGeometry
Game: Engine bldg4_med13 lo.props.MediumBuilding
Game: Engine bldg8_med24 lo.props.MediumBuilding
Game: Engine bldg4_med18 lo.props.MediumBuilding
Game: Engine Cobweb5 global.collectibles.Cobweb
Game: Engine palmtree147 lo.props.TiltingGeometry
Game: Engine lampstreetlight11 lo.props.TiltingGeometry
Game: Engine bldg9_med11 lo.props.MediumBuilding
Game: Engine palmtree156 lo.props.TiltingGeometry
Game: Engine bldg5_med15 lo.props.MediumBuilding
Game: Engine bldg4_med17 lo.props.MediumBuilding
Game: Engine lampstreetlight14 lo.props.TiltingGeometry
Game: Engine lampstreetlight9 lo.props.TiltingGeometry
Game: Engine palmtree164 lo.props.TiltingGeometry
Game: Engine palmtree157 lo.props.TiltingGeometry
Game: Engine palmtree110 lo.props.TiltingGeometry
Game: Engine palmtree167 lo.props.TiltingGeometry
Game: Engine bldg4_med16 lo.props.MediumBuilding
Game: Engine smallcranecantilever2 global.props.Geometry
Game: Engine palmtree158 lo.props.TiltingGeometry
Game: Engine bldg_med31 lo.props.MediumBuilding
Game: Engine billboard27 lo.props.TiltingGeometry
Game: Engine bldg_med16 lo.props.MediumBuilding
Game: Engine palmtree165 lo.props.TiltingGeometry
Game: Engine TowerWindAmbPlayer global.sound.TrigVolParamAmbPlayer
Game: Engine bldg_med29 lo.props.MediumBuilding
Game: Engine lampstreetlight10 lo.props.TiltingGeometry
Game: Engine bldg4_med15 lo.props.MediumBuilding
Game: Engine bldg10_med12 lo.props.MediumBuilding
Game: Engine palmtree161 lo.props.TiltingGeometry
Game: Engine palmtree166 lo.props.TiltingGeometry
Game: Engine lampstreetlight16 lo.props.TiltingGeometry
Game: Engine billboard26 lo.props.TiltingGeometry
Game: Engine palmtree159 lo.props.TiltingGeometry
Game: Engine lampstreetlight15 lo.props.TiltingGeometry
Game: Engine bldg6_med9 lo.props.MediumBuilding
Game: Engine palmtree160 lo.props.TiltingGeometry
Game: Engine bldg_med19 lo.props.MediumBuilding
Game: Engine floatingBoat6 lo.props.FloatingPlatform
Game: Engine floatingBoat3 lo.props.FloatingPlatform
Game: Engine floatingBoat5 lo.props.FloatingPlatform
Game: Engine EmoTag5 global.collectibles.EmotionalBaggageTag
Game: Engine plane1group7 lo.characters.Plane
Game: Engine plane1group8 lo.characters.Plane
Game: Engine plane1group5 lo.characters.Plane
Game: Engine plane1group6 lo.characters.Plane
Game: Engine plane1group3 lo.characters.Plane
Game: Engine plane1group4 lo.characters.Plane
Game: Engine Car39 lo.props.Car
Game: Engine Car34 lo.props.Car
Game: Engine Car38 lo.props.Car
Game: Engine Car37 lo.props.Car
Game: Engine Car36 lo.props.Car
Game: Engine Car35 lo.props.Car
Game: Engine carcontroller5 lo.props.CarController
Game: Engine floatingBoat4 lo.props.FloatingPlatform
Game: Engine plane1group2 lo.characters.Plane
Game: Engine Car28 lo.props.Car
Game: Engine Car29 lo.props.Car
Game: Engine Car2A lo.props.Car
Game: Engine Car2B lo.props.Car
Game: Engine Car27 lo.props.Car
Game: Engine Car2C lo.props.Car
Game: Engine Car25 lo.props.Car
Game: Engine Car2D lo.props.Car
Game: Engine Car2E lo.props.Car
Game: Engine Car24 lo.props.Car
Game: Engine Car2F lo.props.Car
Game: Engine Car33 lo.props.Car
Game: Engine Car32 lo.props.Car
Game: Engine Car26 lo.props.Car
Game: Engine Car31 lo.props.Car
Game: Engine Car30 lo.props.Car
Game: Engine carcontroller4 lo.props.CarController
Game: Engine palmtree128 lo.props.TiltingGeometry
Game: Engine palmtree127 lo.props.TiltingGeometry
Game: Engine palmtree123 lo.props.TiltingGeometry
Game: Engine billboard36 lo.props.TiltingGeometry
Game: Engine plane1group1 lo.characters.Plane
Game: Engine palmtree129 lo.props.TiltingGeometry
Game: Engine palmtree134 lo.props.TiltingGeometry
Game: Engine pier1_med5 lo.props.MediumBuilding
Game: Engine palmtree126 lo.props.TiltingGeometry
Game: Engine bldg4_med23 lo.props.MediumBuilding
Game: Engine billboard34 lo.props.TiltingGeometry
Game: Engine bldg5_med16 lo.props.MediumBuilding
Game: Engine bldg4_med22 lo.props.MediumBuilding
Game: Engine palmtree135 lo.props.TiltingGeometry
Game: Engine respawnpoint3 GEN_respawnpoint
Game: Engine respawnpoint9 GEN_waterrespawnpoint
Game: Engine palmtree136 lo.props.TiltingGeometry
Game: Engine palmtree121 lo.props.TiltingGeometry
Game: Engine billboard37 lo.props.TiltingGeometry
Game: Engine bldg_med26 lo.props.MediumBuilding
Game: Engine bldg8_med34 lo.props.MediumBuilding
Game: Engine lampstreetlight8 lo.props.TiltingGeometry
Game: Engine bldg6_med10 lo.props.MediumBuilding
Game: Engine palmtree133 lo.props.TiltingGeometry
Game: Engine palmtree137 lo.props.TiltingGeometry
Game: Engine EmoBag5RightTear global.effects.EmoBagTearFX
Game: Engine bldg4_med20 lo.props.MediumBuilding
Game: Engine palmtree122 lo.props.TiltingGeometry
Game: Engine EmoBag5 global.collectibles.EmotionalBaggage
Game: Engine bldg8_med35 lo.props.MediumBuilding
Game: Engine palmtree144 lo.props.TiltingGeometry
Game: Engine EmoBag5LeftTear global.effects.EmoBagTearFX
Game: Engine palmtree139 lo.props.TiltingGeometry
Game: Engine palmtree130 lo.props.TiltingGeometry
Game: Engine bldg8_med36 lo.props.MediumBuilding
Game: Engine lampstreetlight7 lo.props.TiltingGeometry
Game: Engine bldg10_med14 lo.props.MediumBuilding
Game: Engine palmtree140 lo.props.TiltingGeometry
Game: Engine palmtree141 lo.props.TiltingGeometry
Game: Engine palmtree170 lo.props.TiltingGeometry
Game: Engine bldg9_med12 lo.props.MediumBuilding
Game: Engine palmtree125 lo.props.TiltingGeometry
Game: Engine lampstreetlight6 lo.props.TiltingGeometry
Game: Engine bldg4_med27 lo.props.MediumBuilding
Game: Engine lampstreetlight1 lo.props.TiltingGeometry
Game: Engine palmtree131 lo.props.TiltingGeometry
Game: Engine lampstreetlight4 lo.props.TiltingGeometry
Game: Engine palmtree138 lo.props.TiltingGeometry
Game: Engine palmtree143 lo.props.TiltingGeometry
Game: Engine smallcranecantilever3 global.props.Geometry
Game: Engine lampstreetlight5 lo.props.TiltingGeometry
Game: Engine bldg4_med26 lo.props.MediumBuilding
Game: Engine bldg4_med21 lo.props.MediumBuilding
Game: Engine palmtree142 lo.props.TiltingGeometry
Game: Engine TrainController lo.characters.TrainController
Game: Engine billboard35 lo.props.TiltingGeometry
Game: Engine palmtree124 lo.props.TiltingGeometry
Game: Engine bldg_med28 lo.props.MediumBuilding
Game: Engine bldg9_med13 lo.props.MediumBuilding
Game: Engine Geometry15 global.props.Geometry
Game: Engine MaxLivesUp1 global.collectibles.MaxLivesUp
Game: Engine SupremeInterestFX14 global.effects.SupremeInterestFX
Game: Engine bldg5_med18 lo.props.MediumBuilding
Game: Engine palmtree145 lo.props.TiltingGeometry
Game: Engine bldg_med24 lo.props.MediumBuilding
Game: Engine bldg_med27 lo.props.MediumBuilding
Game: Engine palmtree132 lo.props.TiltingGeometry
Game: Engine watercurse global.characters.Watercurse