Game: Engine Dart Dart
Game: Engine GEN_dartstart GEN_dartstart
Game: Engine RazLH_EntryFX global.props.Geometry
Game: Engine RankBling global.otherentities.RankBling
Game: Engine Sasha sa.characters.Sasha
Game: Engine LampPedal sa.props.LampPedal
Game: Engine Vault2 sa.characters.Vault
Game: Engine MegaCensorVentTrigger4 sa.props.CensorSpawnerTrigger
Game: Engine MegaCensorVent4 sa.props.CensorSpawner
Game: Engine CensorSpawnerTargetFX57 global.effects.CensorSpawnerTargetFX
Game: Engine Lamp2 sa.props.Lamp
Game: Engine Lamp1 sa.props.Lamp
Game: Engine Lamp3 sa.props.Lamp
Game: Engine LampNum1 global.props.Geometry
Game: Engine LampNum2 global.props.Geometry
Game: Engine LampNum3 global.props.Geometry
Game: Engine gio_Figment_58 global.collectibles.Figment
Game: Engine Face3SpawnTrigger1 sa.props.CensorSpawnerTrigger
Game: Engine Face3Spawner1Collision global.props.Geometry
Game: Engine Face3Spawner1 sa.props.CensorSpawner
Game: Engine Face6SpawnTrigger1 sa.props.CensorSpawnerTrigger
Game: Engine Face6Spawner1Collision global.props.Geometry
Game: Engine Face6Spawner1 sa.props.CensorSpawner
Game: Engine CensorSpawnerTargetFX2D global.effects.CensorSpawnerTargetFX
Game: Engine gio_Figment_68 global.collectibles.Figment
Game: Engine CensorSpawnerTargetFX26 global.effects.CensorSpawnerTargetFX
Game: Engine gio_Figment_61 global.collectibles.Figment
Game: Engine gio_Figment_38 global.collectibles.Figment
Game: Engine gio_Figment_44 global.collectibles.Figment
Game: Engine Face6Center dummy
Game: Engine Flamer15 sa.props.FlameThrower
Game: Engine FlameThrowerB0 sa.effects.FlameThrower
Game: Engine gio_Figment_62 global.collectibles.Figment
Game: Engine gio_Figment_42 global.collectibles.Figment
Game: Engine MC sa.characters.MegaCensor
Game: Engine HandBoil sa.characters.MegaCensorBoil
Game: Engine StampCollideBall Gen_CollideBall
Game: Engine InterestFX2A global.effects.InterestFX
Game: Engine EmoTag4 global.collectibles.EmotionalBaggageTag
Game: Engine MegaCensorVent3 sa.props.CensorSpawner
Game: Engine MegaCensorVentTrigger3 sa.props.CensorSpawnerTrigger
Game: Engine Face3Ladder1 gen_proploader
Game: Engine EmoBag1 global.collectibles.EmotionalBaggage
Game: Engine FlameThrowerAF sa.effects.FlameThrower
Game: Engine Flamer14 sa.props.FlameThrower
Game: Engine Face3Center dummy
Game: Engine Face3Ladder global.props.Ladder
Game: Engine FlameThrowerA7 sa.effects.FlameThrower
Game: Engine Flamer6 sa.props.FlameThrower
Game: Engine EmoBag1LeftTear global.effects.EmoBagTearFX
Game: Engine EmoBag1RightTear global.effects.EmoBagTearFX
Game: Engine gio_Figment_13 global.collectibles.Figment
Game: Engine FlameThrowerAE sa.effects.FlameThrower
Game: Engine Flamer13 sa.props.FlameThrower
Game: Engine CensorSpawnerTargetFX5B global.effects.CensorSpawnerTargetFX
Game: Engine Flamer7 sa.props.FlameThrower
Game: Engine FlameThrowerA8 sa.effects.FlameThrower
Game: Engine Face1SpawnTrigger2 sa.props.CensorSpawnerTrigger
Game: Engine Face1Spawner2 sa.props.CensorSpawner
Game: Engine Face1Spawner2Collision global.props.Geometry
Game: Engine gio_Figment_11 global.collectibles.Figment
Game: Engine MegaCensorVent5 sa.props.CensorSpawner
Game: Engine MegaCensorVentTrigger5 sa.props.CensorSpawnerTrigger
Game: Engine InterestFX30 global.effects.InterestFX
Game: Engine EmoTag5 global.collectibles.EmotionalBaggageTag
Game: Engine FlameThrowerA9 sa.effects.FlameThrower
Game: Engine Flamer8 sa.props.FlameThrower
Game: Engine CensorSpawnerTargetFX11 global.effects.CensorSpawnerTargetFX
Game: Engine gio_Figment_59 global.collectibles.Figment
Game: Engine Pole1 global.props.Geometry
Game: Engine gio_Figment_45 global.collectibles.Figment
Game: Engine gio_Figment_60 global.collectibles.Figment
Game: Engine RazLH global.props.DartMeleeHand
Game: Engine RazRH global.props.DartMeleeHand
Game: Engine InterestFX5C global.effects.InterestFX
Game: Engine PalmBombSuperHandsFX9A global.effects.PalmBombSuperHandsFX
Game: Engine TelekinesisClaw2TKHolder dummy
Game: Engine MeleeFistFade9C global.effects.MeleeFistFade
Game: Engine PalmBombSuperFX99 global.effects.PalmBombSuperFX
Game: Engine RazLH_ShockFX global.props.DartShockwave
Game: Engine TelekinesisClaw2RazTKClawLine ParticleEmitter
Game: Engine MeleeCraneFX9D global.effects.MeleeCraneFX
Game: Engine Thought_Bubble_Roll ParticleEmitter
Game: Engine RazLH_SwishFX4 global.props.Geometry
Game: Engine RazLH_SwishFX3 global.props.Geometry
Game: Engine RazLH_SwishFX2 global.props.Geometry
Game: Engine TelekinesisClaw2 TKClaw
Game: Engine RazLH_SwishFX1 global.props.Geometry
Game: Engine TelekinesisClaw1RazTKClawLine ParticleEmitter
Game: Engine TelekinesisClaw1TKHolder dummy
Game: Engine RazRH_SwishFX1 global.props.Geometry
Game: Engine TelekinesisClaw1 TKClaw
Game: Engine TKClawRazTKClawLine ParticleEmitter
Game: Engine PalmBombFX98 global.effects.PalmBombFX
Game: Engine RazRH_SwishFX2 global.props.Geometry
Game: Engine RazRH_SwishFX3 global.props.Geometry
Game: Engine MeleeFistFade97 global.effects.MeleeFistFade
Game: Engine RailSlideSACUFX9F global.effects.RailSlideSACUFX
Game: Engine MeleeHitNot96 global.effects.MeleeHitNot
Game: Engine face6 sa.props.Extruder
Game: Engine face1 sa.props.Extruder
Game: Engine face3 sa.props.Extruder
Game: Engine SACUGravity sa.SACUGravity
Game: Engine FigmentGlobals global.collectibles.FigmentGlobals
Game: Engine FireStartExplodeFX0 global.effects.FireStartExplodeFX
Game: Engine RazPsiShield PsiShield
Game: Engine Decorator1 global.props.Decorator
Game: Engine PlayerInvulIndicator global.effects.RazDamageFX
Game: Engine RazPreDeathFX2 global.effects.RazPreDeathFX
Game: Engine RazRespawnFX3 global.effects.RazRespawnFX
Game: Engine Dart_FXa global.effects.InvisoEyeFX
Game: Engine Dart_FXb global.effects.PsiShieldFailFX
Game: Engine Dart_FXe global.effects.NoAmmoFX
Game: Engine MeleeHitNot95 global.effects.MeleeHitNot
Game: Engine MeleeHit94 global.effects.MeleeHit
Game: Engine FireStartExplodeSuperFX4 global.effects.FireStartExplodeSuperFX
Game: Engine RazSteamRecoverFX5 global.effects.RazSteamRecoverFX
Game: Engine LedgeDirtFXA3 global.effects.LedgeDirtFX
Game: Engine ClairCamUpdater6 global.otherentities.ClairCamUpdater
Game: Engine ConfusionGrenade8 global.props.ConfusionGrenade
Game: Engine ConfusionGrenade8_fx1 global.effects.ConfusionFuseFX
Game: Engine ConfusionGrenade8_fx2 global.effects.ConfusionBombFX
Game: Engine ConfusionGrenade8_fx2_StreakPopa1 dummy
Game: Engine BallPopFX9 global.effects.BallPopFX
Game: Engine ThoughtBubbleRings global.effects.PsiBallRingsFX
Game: Engine ThoughtBubbleBounce global.effects.PsiBallRingsBounceFX
Game: Engine ThoughtBubbleRings2 global.effects.PsiBallRingsFX
Game: Engine ThoughtBubbleBounce2 global.effects.PsiBallRingsBounceFX
Game: Engine ball_trail engine.BallTrail
Game: Engine ThoughtBubbleSpikes ScriptBase
Game: Engine PsiRailFXA global.effects.PsiRailFX
Game: Engine PsiBlastFXB global.effects.PsiBlastFX
Game: Engine PsiBlastHitFXC global.effects.PsiBlastHitFX
Game: Engine PsiBlastAirHitD global.effects.PsiBlastAirHit
Game: Engine PsiBlastDeflectFXE global.effects.PsiBlastDeflectFX
Game: Engine PsiBlastHitSuperFXF global.effects.PsiBlastHitSuperFX
Game: Engine MeleeHit93 global.effects.MeleeHit
Game: Engine MeleeHit92 global.effects.MeleeHit
Game: Engine BottleTramp global.props.Trampoline
Game: Engine ThoughtBubble ThoughtBubble
Game: Engine DialogBubble_SubCloud_2 ParticleEmitter
Game: Engine Decorator91 global.props.Decorator
Game: Engine RazPsiShieldFX global.effects.PsiShieldFX
Game: Engine RankUpFX90_Sparka1 dummy
Game: Engine RankUpFX90 global.effects.RankUpFX
Game: Engine FigmentFX8F_Mista1 dummy
Game: Engine FigmentFX8F global.effects.FigmentFX
Game: Engine PutAwayFX8E global.effects.PutAwayFX
Game: Engine baconPoofFX8D global.effects.baconPoofFX
Game: Engine DialogBubble_SubCloud_1 ParticleEmitter
Game: Engine WaterRingsFX8C global.effects.WaterRingsFX
Game: Engine WaterRingsFX8B global.effects.WaterRingsFX
Game: Engine WaterSplash8A global.effects.WaterSplash
Game: Engine SplashFX89_Dropsa1 dummy
Game: Engine SplashFX89 global.effects.SplashFX
Game: Engine Face3Sniper1_Ball Gen_CollideBall
Game: Engine CensorProjectile1D global.enemies.CensorProjectile
Game: Engine Censor2BlastFX_SACU1E global.effects.Censor2BlastFX_SACU
Game: Engine Censor2BlastFX_SACU1E_Nosa1 dummy
Game: Engine CensorProjectileFX_SACU1F global.effects.CensorProjectileFX_SACU
Game: Engine CensorProjectile20 global.enemies.CensorProjectile
Game: Engine Face3Sniper1_MeleeSwish global.props.Geometry
Game: Engine CensorSniper21_Ball Gen_CollideBall
Game: Engine CensorProjectile22 global.enemies.CensorProjectile
Game: Engine CensorSniper21_MeleeSwish global.props.Geometry
Game: Engine GenGibs23 global.effects.GenGibs
Game: Engine GenGibs23_affector dummy
Game: Engine EnemyDeathFX24 global.effects.EnemyDeathFX
Game: Engine Face3Sniper2_Ball Gen_CollideBall
Game: Engine CensorProjectile25 global.enemies.CensorProjectile
Game: Engine Face3Sniper2_MeleeSwish global.props.Geometry
Game: Engine DialogBubble_SubCloud_0 ParticleEmitter
Game: Engine Dialog_Cloud ParticleEmitter
Game: Engine SplashFX88_Dropsa1 dummy
Game: Engine SplashFX88 global.effects.SplashFX
Game: Engine Clairvoyance_Cloud ParticleEmitter
Game: Engine PsiBlast5DeflectedPsiBlast global.props.Geometry
Game: Engine SplashFX87_Dropsa1 dummy
Game: Engine PsiBlast5 PsiBlast
Game: Engine PsiBlast4DeflectedPsiBlast global.props.Geometry
Game: Engine SplashFX87 global.effects.SplashFX
Game: Engine SplashFX86_Dropsa1 dummy
Game: Engine TKClawTKHolder dummy
Game: Engine TKClaw TKClaw
Game: Engine Global global.GlobalClass
Game: Engine SplashFX86 global.effects.SplashFX
Game: Engine PsiBlast4 PsiBlast
Game: Engine PsiBlast3DeflectedPsiBlast global.props.Geometry
Game: Engine PsiBlast3 PsiBlast
Game: Engine SplashFX85_Dropsa1 dummy
Game: Engine SplashFX85 global.effects.SplashFX
Game: Engine WaterRingsFX global.effects.WaterRingsFX
Game: Engine SashaDoorOuter global.props.Geometry
Game: Engine SashaDoorInner global.props.Geometry
Game: Engine Thought_Bubble_Spring ParticleEmitter
Game: Engine Thought_SubCloud_2 ParticleEmitter
Game: Engine GenGibs34 global.effects.GenGibs
Game: Engine GenGibs34_affector dummy
Game: Engine GenGibs35 global.effects.GenGibs
Game: Engine GenGibs35_affector dummy
Game: Engine GenGibs36 global.effects.GenGibs
Game: Engine GenGibs36_affector dummy
Game: Engine MegaCensorBoil37 sa.characters.MegaCensorBoil
Game: Engine RunningRippleFX global.effects.RunningRippleFX
Game: Engine MegaCensorMinion38_Ball Gen_CollideBall
Game: Engine MegaCensorMinion38_MeleeSwish global.props.Geometry
Game: Engine SmokelessExplosion39 global.effects.SmokelessExplosion
Game: Engine SmokelessExplosion39_StreakPopa1 dummy
Game: Engine SmokelessExplosion3A global.effects.SmokelessExplosion
Game: Engine SmokelessExplosion3A_StreakPopa1 dummy
Game: Engine SmokelessExplosion3B global.effects.SmokelessExplosion
Game: Engine SmokelessExplosion3B_StreakPopa1 dummy
Game: Engine CensorAbsorbFX3C sa.effects.CensorAbsorbFX
Game: Engine Thought_SubCloud_1 ParticleEmitter
Game: Engine CensorBallBurstFX3D sa.effects.CensorBallBurstFX
Game: Engine CensorBallBurstFX3E sa.effects.CensorBallBurstFX
Game: Engine CensorBallBurstFX3F sa.effects.CensorBallBurstFX
Game: Engine CensorBallBurstFX40 sa.effects.CensorBallBurstFX
Game: Engine CensorBallBurstFX41 sa.effects.CensorBallBurstFX
Game: Engine MegaCensorBoil42 sa.characters.MegaCensorBoil
Game: Engine MegaCensorBoil43 sa.characters.MegaCensorBoil
Game: Engine MegaCensorBoil44 sa.characters.MegaCensorBoil
Game: Engine MegaCensorBoil45 sa.characters.MegaCensorBoil
Game: Engine MegaCensorBoil46 sa.characters.MegaCensorBoil
Game: Engine MegaCensorBoil47 sa.characters.MegaCensorBoil
Game: Engine MegaCensorBoil48 sa.characters.MegaCensorBoil
Game: Engine PsiBlast2DeflectedPsiBlast global.props.Geometry
Game: Engine PsiBlast2 PsiBlast
Game: Engine WaterFXManager global.effects.WaterFXManager
Game: Engine MegaCensorMinion49_Ball Gen_CollideBall
Game: Engine MegaCensorMinion49_MeleeSwish global.props.Geometry
Game: Engine SACDbadge dummy
Game: Engine MegaCensorMinion4A_Ball Gen_CollideBall
Game: Engine MegaCensorMinion4A_MeleeSwish global.props.Geometry
Game: Engine SACUDoorLocator dummy
Game: Engine MegaCensorMinion4B_Ball Gen_CollideBall
Game: Engine MegaCensorMinion4B_MeleeSwish global.props.Geometry
Game: Engine cutsceneEmoTag ScriptBase
Game: Engine MegaCensorMinion4C_Ball Gen_CollideBall
Game: Engine MegaCensorMinion4C_MeleeSwish global.props.Geometry
Game: Engine EZSceneTools84 global.camera.EZSceneTools
Game: Engine MegaCensorMinion4D_Ball Gen_CollideBall
Game: Engine MegaCensorMinion4D_MeleeSwish global.props.Geometry
Game: Engine sa.SACUCutscenes sa.SACUCutscenes
Game: Engine MegaCensorMinion4E_Ball Gen_CollideBall
Game: Engine MegaCensorMinion4E_MeleeSwish global.props.Geometry
Game: Engine ArrowheadAmmo83 global.collectibles.ArrowheadAmmo
Game: Engine MegaCensorMinion4F_Ball Gen_CollideBall
Game: Engine MegaCensorMinion4F_MeleeSwish global.props.Geometry
Game: Engine ArrowheadAmmo82 global.collectibles.ArrowheadAmmo
Game: Engine MegaCensorMinion50_Ball Gen_CollideBall
Game: Engine MegaCensorMinion50_MeleeSwish global.props.Geometry
Game: Engine ArrowheadAmmo81 global.collectibles.ArrowheadAmmo
Game: Engine MegaCensorMinion51_Ball Gen_CollideBall
Game: Engine MegaCensorMinion51_MeleeSwish global.props.Geometry
Game: Engine CensorAbsorbFX52 sa.effects.CensorAbsorbFX
Game: Engine CensorAbsorbFX53 sa.effects.CensorAbsorbFX
Game: Engine CensorAbsorbFX54 sa.effects.CensorAbsorbFX
Game: Engine CensorAbsorbFX55 sa.effects.CensorAbsorbFX
Game: Engine CensorAbsorbFX56 sa.effects.CensorAbsorbFX
Game: Engine Thought_SubCloud_0 ParticleEmitter
Game: Engine Thought_Cloud ParticleEmitter
Game: Engine PsiBlastAmmo80 global.collectibles.PsiBlastAmmo
Game: Engine PsiBlastAmmo7F global.collectibles.PsiBlastAmmo
Game: Engine PsiBlastAmmo7E global.collectibles.PsiBlastAmmo
Game: Engine ConfusionAmmo7D global.collectibles.ConfusionAmmo
Game: Engine ConfusionAmmo7C global.collectibles.ConfusionAmmo
Game: Engine ConfusionAmmo7B global.collectibles.ConfusionAmmo
Game: Engine PsiBlast1DeflectedPsiBlast global.props.Geometry
Game: Engine PsiBlast1 PsiBlast
Game: Engine HealthAmmo7A global.collectibles.HealthAmmo
Game: Engine HealthAmmo79 global.collectibles.HealthAmmo
Game: Engine HealthAmmo78 global.collectibles.HealthAmmo
Game: Engine PsiBlast0DeflectedPsiBlast global.props.Geometry
Game: Engine InstaHintFord global.characters.InstaHintFord
Game: Engine PsiBlast0 PsiBlast
Game: Engine SaltFX global.props.Geometry
Game: Engine CensorSuicide60_Ball Gen_CollideBall
Game: Engine CensorSuicide60_MeleeSwish global.props.Geometry
Game: Engine GenGibs61 global.effects.GenGibs
Game: Engine GenGibs61_affector dummy
Game: Engine BombCensorFuseFX62 global.effects.BombCensorFuseFX
Game: Engine CensorSuicideFX63 global.effects.CensorSuicideFX
Game: Engine CensorSuicide64_Ball Gen_CollideBall
Game: Engine CensorSuicide64_MeleeSwish global.props.Geometry
Game: Engine CensorSuicide65_Ball Gen_CollideBall
Game: Engine CensorSuicide65_MeleeSwish global.props.Geometry
Game: Engine CensorSuicide66_Ball Gen_CollideBall
Game: Engine CensorSuicide66_MeleeSwish global.props.Geometry
Game: Engine CensorSuicide67_Ball Gen_CollideBall
Game: Engine CensorSuicide67_MeleeSwish global.props.Geometry
Game: Engine ConfusionFX77 global.effects.ConfusionFX
Game: Engine CensorMelee68_Ball Gen_CollideBall
Game: Engine CensorMelee68_MeleeSwish global.props.Geometry
Game: Engine GenGibs69 global.effects.GenGibs
Game: Engine GenGibs69_affector dummy
Game: Engine CensorMelee6A_Ball Gen_CollideBall
Game: Engine CensorMelee6A_MeleeSwish global.props.Geometry
Game: Engine CensorMelee6B_Ball Gen_CollideBall
Game: Engine CensorMelee6B_MeleeSwish global.props.Geometry
Game: Engine CensorMelee6C_Ball Gen_CollideBall
Game: Engine CensorMelee6C_MeleeSwish global.props.Geometry
Game: Engine CensorMelee6D_Ball Gen_CollideBall
Game: Engine CensorMelee6D_MeleeSwish global.props.Geometry
Game: Engine CensorSniper6E_Ball Gen_CollideBall
Game: Engine CensorProjectile6F global.enemies.CensorProjectile
Game: Engine CensorSniper6E_MeleeSwish global.props.Geometry
Game: Engine ConfusionFX70 global.effects.ConfusionFX
Game: Engine ConfusionFX71 global.effects.ConfusionFX
Game: Engine ConfusionFX72 global.effects.ConfusionFX
Game: Engine ConfusionFX73 global.effects.ConfusionFX
Game: Engine ConfusionFX74 global.effects.ConfusionFX
Game: Engine ConfusionFX75 global.effects.ConfusionFX
Game: Engine ConfusionFX76 global.effects.ConfusionFX
Game: Engine InvDisplayer global.otherentities.InvAdder
Game: Engine MegaCensorVentTrigger1 sa.props.CensorSpawnerTrigger
Game: Engine MegaCensorVent1 sa.props.CensorSpawner
Game: Engine Face1Center dummy
Game: Engine Pole2 global.props.Geometry
Game: Engine gio_Figment_63 global.collectibles.Figment
Game: Engine CensorSpawnerTargetFX59 global.effects.CensorSpawnerTargetFX
Game: Engine gio_Figment_49 global.collectibles.Figment
Game: Engine gio_Figment_52 global.collectibles.Figment
Game: Engine Dart_FXf_Streamersa1 dummy
Game: Engine Dart_FXf global.effects.invisibilityShockwaveFX
Game: Engine gio_Figment_17 global.collectibles.Figment
Game: Engine CobWebSparkleFX16 global.effects.CobWebSparkleFX
Game: Engine Cobweb1 global.collectibles.Cobweb
Game: Engine gio_Figment_64 global.collectibles.Figment
Game: Engine gio_Figment_67 global.collectibles.Figment
Game: Engine Pole3 global.props.Geometry
Game: Engine gio_Figment_18 global.collectibles.Figment
Game: Engine gio_Figment_7 global.collectibles.Figment
Game: Engine EmoTag2 global.collectibles.EmotionalBaggageTag
Game: Engine InterestFX15 global.effects.InterestFX
Game: Engine gio_Figment_20 global.collectibles.Figment
Game: Engine gio_Figment_39 global.collectibles.Figment
Game: Engine CensorSwitchGlow global.props.Geometry
Game: Engine CensorSwitch sa.props.CensorSwitch
Game: Engine gio_Figment_65 global.collectibles.Figment
Game: Engine InterestFX14 global.effects.InterestFX
Game: Engine EmoTag1 global.collectibles.EmotionalBaggageTag
Game: Engine OneUp4 global.collectibles.OneUp
Game: Engine Geometry2F global.props.Geometry
Game: Engine SupremeInterestFX2E global.effects.SupremeInterestFX
Game: Engine CensorSpawnerTargetFX5A global.effects.CensorSpawnerTargetFX
Game: Engine Pole4 global.props.Geometry
Game: Engine Vault1 sa.characters.Vault
Game: Engine EmoBag5LeftTear global.effects.EmoBagTearFX
Game: Engine gio_Figment_43 global.collectibles.Figment
Game: Engine EmoBag5 global.collectibles.EmotionalBaggage
Game: Engine gio_Figment_5 global.collectibles.Figment
Game: Engine gio_Figment_15 global.collectibles.Figment
Game: Engine EmoBag5RightTear global.effects.EmoBagTearFX
Game: Engine TutorialSpawnerCollision global.props.Geometry
Game: Engine TutorialSpawner sa.props.TutorialCensorSpawner
Game: Engine gio_Figment_66 global.collectibles.Figment
Game: Engine EmoBag4 global.collectibles.EmotionalBaggage
Game: Engine gio_Figment_35 global.collectibles.Figment
Game: Engine EmoBag4LeftTear global.effects.EmoBagTearFX
Game: Engine gio_Figment_50 global.collectibles.Figment
Game: Engine CensorSpawnerTargetFX27 global.effects.CensorSpawnerTargetFX
Game: Engine FlameThrowerAB sa.effects.FlameThrower
Game: Engine Flamer10 sa.props.FlameThrower
Game: Engine FlameThrowerAA sa.effects.FlameThrower
Game: Engine Flamer9 sa.props.FlameThrower
Game: Engine Face3Spawner2Collision global.props.Geometry
Game: Engine Face3Spawner2 sa.props.CensorSpawner
Game: Engine Face3SpawnTrigger2 sa.props.CensorSpawnerTrigger
Game: Engine EmoBag4RightTear global.effects.EmoBagTearFX
Game: Engine gio_Figment_41 global.collectibles.Figment
Game: Engine Face2Center dummy
Game: Engine face2 sa.props.Extruder
Game: Engine Flamer3 sa.props.FlameThrower
Game: Engine FlameThrowerA4 sa.effects.FlameThrower
Game: Engine Face2Spawner1 sa.props.CensorSpawner
Game: Engine Face2SpawnTrigger1 sa.props.CensorSpawnerTrigger
Game: Engine Face2Spawner1Collision global.props.Geometry
Game: Engine MegaCensorVent2 sa.props.CensorSpawner
Game: Engine MegaCensorVentTrigger2 sa.props.CensorSpawnerTrigger
Game: Engine Flamer11 sa.props.FlameThrower
Game: Engine FlameThrowerAC sa.effects.FlameThrower
Game: Engine gio_Figment_16 global.collectibles.Figment
Game: Engine FlameThrowerAD sa.effects.FlameThrower
Game: Engine Flamer12 sa.props.FlameThrower
Game: Engine gio_Figment_1 global.collectibles.Figment
Game: Engine gio_Figment_32 global.collectibles.Figment
Game: Engine Cobweb2 global.collectibles.Cobweb
Game: Engine gio_Figment_14 global.collectibles.Figment
Game: Engine gio_Figment_10 global.collectibles.Figment
Game: Engine Flamer4 sa.props.FlameThrower
Game: Engine FlameThrowerA5 sa.effects.FlameThrower
Game: Engine Cobweb5 global.collectibles.Cobweb
Game: Engine gio_Figment_21 global.collectibles.Figment
Game: Engine gio_Figment_0 global.collectibles.Figment
Game: Engine FlameThrowerA6 sa.effects.FlameThrower
Game: Engine Flamer5 sa.props.FlameThrower
Game: Engine gio_Figment_26 global.collectibles.Figment
Game: Engine CensorSpawnerTargetFX18 global.effects.CensorSpawnerTargetFX
Game: Engine gio_Figment_12 global.collectibles.Figment
Game: Engine CensorSpawnerTargetFX58 global.effects.CensorSpawnerTargetFX
Game: Engine Pole9 global.props.Geometry
Game: Engine EmoTag3 global.collectibles.EmotionalBaggageTag
Game: Engine InterestFX1C global.effects.InterestFX
Game: Engine Pole8 global.props.Geometry
Game: Engine gio_Figment_4 global.collectibles.Figment
Game: Engine Face2SpawnTrigger2 sa.props.CensorSpawnerTrigger
Game: Engine Face2Spawner2Collision global.props.Geometry
Game: Engine Face2Spawner2 sa.props.CensorSpawner
Game: Engine Cobweb3 global.collectibles.Cobweb
Game: Engine gio_Figment_25 global.collectibles.Figment
Game: Engine gio_Figment_29 global.collectibles.Figment
Game: Engine Pole7 global.props.Geometry
Game: Engine gio_Figment_2 global.collectibles.Figment
Game: Engine gio_Figment_57 global.collectibles.Figment
Game: Engine CensorSpawnerTargetFX19 global.effects.CensorSpawnerTargetFX
Game: Engine gio_Figment_46 global.collectibles.Figment
Game: Engine CensorSpawnerTargetFX10 global.effects.CensorSpawnerTargetFX
Game: Engine gio_Figment_30 global.collectibles.Figment
Game: Engine Pole5 global.props.Geometry
Game: Engine Face1Spawner1Collision global.props.Geometry
Game: Engine Face1Spawner1 sa.props.CensorSpawner
Game: Engine Face1SpawnTrigger1 sa.props.CensorSpawnerTrigger
Game: Engine gio_Figment_9 global.collectibles.Figment
Game: Engine gio_Figment_6 global.collectibles.Figment
Game: Engine Face2Platform10 global.props.Geometry
Game: Engine gio_Figment_19 global.collectibles.Figment
Game: Engine EmoBag2 global.collectibles.EmotionalBaggage
Game: Engine gio_Figment_31 global.collectibles.Figment
Game: Engine EmoBag2LeftTear global.effects.EmoBagTearFX
Game: Engine EmoBag2RightTear global.effects.EmoBagTearFX
Game: Engine Cobweb4 global.collectibles.Cobweb
Game: Engine Face3Sniper1 global.enemies.CensorSniper
Game: Engine gio_Figment_8 global.collectibles.Figment
Game: Engine gio_Figment_3 global.collectibles.Figment
Game: Engine Face2Platform1 global.props.Geometry
Game: Engine OneUp1 global.collectibles.OneUp
Game: Engine Geometry13 global.props.Geometry
Game: Engine SupremeInterestFX12 global.effects.SupremeInterestFX
Game: Engine Face3Sniper2 global.enemies.CensorSniper
Game: Engine Face2Platform2 global.props.Geometry
Game: Engine Face2Platform5 global.props.Geometry
Game: Engine respawnpoint0 GEN_respawnpoint
Game: Engine OneUp3 global.collectibles.OneUp
Game: Engine Geometry29 global.props.Geometry
Game: Engine splRail0 global.props.Railslide
Game: Engine SupremeInterestFX28 global.effects.SupremeInterestFX
Game: Engine Face2Platform3 global.props.Geometry
Game: Engine Face2Platform6 global.props.Geometry
Game: Engine Geometry1B global.props.Geometry
Game: Engine OneUp2 global.collectibles.OneUp
Game: Engine Face2Platform8 global.props.Geometry
Game: Engine SupremeInterestFX1A global.effects.SupremeInterestFX
Game: Engine Face2Platform4 global.props.Geometry
Game: Engine EmoBag3 global.collectibles.EmotionalBaggage
Game: Engine EmoBag3LeftTear global.effects.EmoBagTearFX
Game: Engine EmoBag3RightTear global.effects.EmoBagTearFX
Game: Engine Face2Platform7 global.props.Geometry
Game: Engine Face2MobileChild2 SA_Face2MobileChild2
Game: Engine Face2Platform9 global.props.Geometry
Game: Engine Face2MobileChild1 SA_Face2MobileChild1
Game: Engine Face2MobileParent SA_Face2MobileParent
Game: Engine MegaCensorMinion50 sa.characters.MegaCensorMinion
Game: Engine MegaCensorMinion4F sa.characters.MegaCensorMinion
Game: Engine ScriptBase9B ScriptBase
Game: Engine ScriptBase9E ScriptBase
Game: Engine CensorSniper21 global.enemies.CensorSniper
Game: Engine MegaCensorMinion4C sa.characters.MegaCensorMinion
Game: Engine MegaCensorMinion4A sa.characters.MegaCensorMinion
Game: Engine MegaCensorMinion49 sa.characters.MegaCensorMinion
Game: Engine MegaCensorMinion38 sa.characters.MegaCensorMinion
Game: Engine MegaCensorMinion4D sa.characters.MegaCensorMinion
Game: Engine CensorSuicide60 global.enemies.CensorSuicide
Game: Engine CensorSuicide64 global.enemies.CensorSuicide
Game: Engine MegaCensorMinion4B sa.characters.MegaCensorMinion
Game: Engine CensorSuicide65 global.enemies.CensorSuicide
Game: Engine MegaCensorMinion51 sa.characters.MegaCensorMinion
Game: Engine CensorSuicide66 global.enemies.CensorSuicide
Game: Engine CensorSuicide67 global.enemies.CensorSuicide
Game: Engine MegaCensorMinion4E sa.characters.MegaCensorMinion
Game: Engine CensorMelee68 global.enemies.CensorMelee
Game: Engine CensorMelee6A global.enemies.CensorMelee
Game: Engine CensorMelee6B global.enemies.CensorMelee
Game: Engine CensorMelee6C global.enemies.CensorMelee
Game: Engine CensorMelee6D global.enemies.CensorMelee
Game: Engine CensorSniper6E global.enemies.CensorSniper