Game: Engine Listing objects of class global.collectibles.PSIChallengeCard
Game: Engine global.collectibles.PSIChallengeCard PsiCard8 Position X,Y,Z -3200 -85 -2505 Orientation OX,OY,OZ 0 0 0
Game: Engine global.collectibles.PSIChallengeCard PsiCard7 Position X,Y,Z -1400 1815 -4198 Orientation OX,OY,OZ 0 0 0
Game: Engine global.collectibles.PSIChallengeCard PsiCard5 Position X,Y,Z 1798 1349 -3488 Orientation OX,OY,OZ 0 0 0
Game: Engine global.collectibles.PSIChallengeCard PsiCard6 Position X,Y,Z 266 2537 -5568 Orientation OX,OY,OZ 0 0 0
Game: Engine global.collectibles.PSIChallengeCard PsiCard9 Position X,Y,Z 2955 866 -2113 Orientation OX,OY,OZ 0 0 0
Game: Engine global.collectibles.PSIChallengeCard PsiCard Position X,Y,Z 1626 1730 -7104 Orientation OX,OY,OZ 0 0 0
Game: Engine global.collectibles.PSIChallengeCard PsiCard17 Position X,Y,Z 3200 1086 -8546 Orientation OX,OY,OZ 0 0 0
Game: Engine global.collectibles.PSIChallengeCard PsiCard3 Position X,Y,Z 6257 2282 -5951 Orientation OX,OY,OZ 0 0 0
Game: Engine global.collectibles.PSIChallengeCard PsiCard1 Position X,Y,Z 5703 2543 -7240 Orientation OX,OY,OZ 0 0 0
Game: Engine global.collectibles.PSIChallengeCard PsiCard4 Position X,Y,Z 8571 628 -9 Orientation OX,OY,OZ 0 0 0
Game: Engine global.collectibles.PSIChallengeCard PsiCard2 Position X,Y,Z 7571 2747 -5830 Orientation OX,OY,OZ 0 0 0
Game: Engine global.collectibles.PSIChallengeCard PsiCard13 Position X,Y,Z 6018 607 -9088 Orientation OX,OY,OZ 0 0 0
Game: Engine global.collectibles.PSIChallengeCard PsiCard15 Position X,Y,Z 7253 556 -7460 Orientation OX,OY,OZ 0 0 0
Game: Engine global.collectibles.PSIChallengeCard PsiCard11 Position X,Y,Z 9262 1626 -4003 Orientation OX,OY,OZ 0 0 0
Game: Engine global.collectibles.PSIChallengeCard PsiCard12 Position X,Y,Z 9382 460 -6267 Orientation OX,OY,OZ 0 0 0
Game: Engine global.collectibles.PSIChallengeCard PsiCard10 Position X,Y,Z 10620 1122 -1017 Orientation OX,OY,OZ 0 0 0
Game: Engine global.collectibles.PSIChallengeCard PsiCard14 Position X,Y,Z 8753 621 -8998 Orientation OX,OY,OZ 0 0 0
Game: Engine global.collectibles.PSIChallengeCard PsiCard16 Position X,Y,Z 10946 78 -6199 Orientation OX,OY,OZ 0 0 0
Game: Engine !!!!!!!!!!!!!!!!!
Game: Engine Listing objects of class global.collectibles.PSIChallengeMarker
Game: Engine global.collectibles.PsiChallengeMarker PsiChallengeMarker Position X,Y,Z 67 666 -4448 Orientation OX,OY,OZ 0 0 0
Game: Engine global.collectibles.PsiChallengeMarker PsiChallengeMarker30 Position X,Y,Z 6913 4212 -4829 Orientation OX,OY,OZ 0 0 0
Game: Engine !!!!!!!!!!!!!!!!!
Game: Engine Listing objects of class ca.props.ScavengerHuntItem
Game: Engine ca.props.ScavengerHuntItem ScavEye Position X,Y,Z 5084 -208 -3311 Orientation OX,OY,OZ 0 0 0
Game: Engine ca.props.ScavengerHuntItem ScavGoldenAcorn Position X,Y,Z 10455 0 -3724 Orientation OX,OY,OZ 0 0 0
Game: Engine ca.props.ScavengerHuntItem ScavPirateScope Position X,Y,Z 11570 1996 -2299 Orientation OX,OY,OZ 0 0 0
Game: Engine ca.props.ScavengerHuntItem ScavSkull Position X,Y,Z 10498 -34 -8117 Orientation OX,OY,OZ 0 0 0
Game: Engine !!!!!!!!!!!!!!!!!