Game: Engine InvDisplayer global.otherentities.InvAdder
Game: Engine Dart Dart
Game: Engine RazLH_EntryFX global.props.Geometry
Game: Engine DartStart GEN_dartstart
Game: Engine respawnpoint0 GEN_respawnpoint
Game: Engine RankBling global.otherentities.RankBling
Game: Engine sffigment00233 global.collectibles.SplineFigment
Game: Engine sffigment00231 global.collectibles.SplineFigment
Game: Engine sffigment00232 global.collectibles.SplineFigment
Game: Engine NIMPOatmeal1 global.characters.Oatmeal
Game: Engine CaravanDoor global.props.Geometry
Game: Engine CaravanInterior global.props.Geometry
Game: Engine CaravanInteriorBack global.props.Geometry
Game: Engine NI_caravanFog NI_caravanFog
Game: Engine sffigment00234 global.collectibles.SplineFigment
Game: Engine CaravanVault global.characters.Vault
Game: Engine punchysteak12 ni.props.Steak
Game: Engine EmoBagHatbox global.collectibles.EmotionalBaggage
Game: Engine EmoBagHatboxRightTear global.effects.EmoBagTearFX
Game: Engine EmoBagHatboxLeftTear global.effects.EmoBagTearFX
Game: Engine MediumFogFX2E ni.effects.MediumFogFX
Game: Engine TubVault global.characters.Vault
Game: Engine Geometry3B global.props.Geometry
Game: Engine MaxLivesUp1 global.collectibles.MaxLivesUp
Game: Engine SupremeInterestFX3A global.effects.SupremeInterestFX
Game: Engine punchysteak11 ni.props.Steak
Game: Engine MediumFogFX2F ni.effects.MediumFogFX
Game: Engine briars20 ni.props.Briars
Game: Engine gassymeat1lipGasEmitter1 ni.effects.MeatGasBurst
Game: Engine gassymeat1 ni.props.GassyMeat
Game: Engine gassymeat1gas global.otherentities.VerticalThrust
Game: Engine gassymeat1lipGasAffector dummy
Game: Engine gassymeat1stinkLines global.props.Geometry
Game: Engine sffigment0065 global.collectibles.SplineFigment
Game: Engine gassymeat1lipGasEmitter3 ni.effects.MeatGasBurst
Game: Engine gassymeat1lipGasEmitter2 ni.effects.MeatGasBurst
Game: Engine sffigment0066 global.collectibles.SplineFigment
Game: Engine Attacky5 ni.characters.AttackTendon
Game: Engine MediumFogFX2D ni.effects.MediumFogFX
Game: Engine briars19 ni.props.Briars
Game: Engine sffigment0058 global.collectibles.SplineFigment
Game: Engine MediumFogFX2C ni.effects.MediumFogFX
Game: Engine LabCam dummy
Game: Engine LabStart dummy
Game: Engine NI_dogen NI_dogen
Game: Engine Cobweb5 global.collectibles.Cobweb
Game: Engine punchysteak10 ni.props.Steak
Game: Engine NI_chute NI_chute
Game: Engine briars21 ni.props.Briars
Game: Engine ScriptBase8B ScriptBase
Game: Engine CensorSuicide4F global.enemies.CensorSuicide
Game: Engine CensorSuicide50 global.enemies.CensorSuicide
Game: Engine CensorSniper35 global.enemies.CensorSniper
Game: Engine CensorSuicide51 global.enemies.CensorSuicide
Game: Engine CensorSuicide47 global.enemies.CensorSuicide
Game: Engine CensorMelee54 global.enemies.CensorMelee
Game: Engine CensorMelee56 global.enemies.CensorMelee
Game: Engine CensorMelee57 global.enemies.CensorMelee
Game: Engine MegaCensorMinion58 sa.characters.MegaCensorMinion
Game: Engine MegaCensorMinion5A sa.characters.MegaCensorMinion
Game: Engine MegaCensorMinion5B sa.characters.MegaCensorMinion
Game: Engine MegaCensorMinion5C sa.characters.MegaCensorMinion
Game: Engine ScriptBase8E ScriptBase
Game: Engine CensorSniper52 global.enemies.CensorSniper
Game: Engine CensorSuicide4E global.enemies.CensorSuicide
Game: Engine MegaCensorMinion5D sa.characters.MegaCensorMinion
Game: Engine Attacky6 ni.characters.AttackTendon
Game: Engine SmallFogFX2B ni.effects.SmallFogFX
Game: Engine Tornado1D_Tornadoa1 dummy
Game: Engine Tornado1D ni.effects.Tornado
Game: Engine CobWebSparkleFX3C global.effects.CobWebSparkleFX
Game: Engine Cobweb1 global.collectibles.Cobweb
Game: Engine gassymeatlipGasEmitter1 ni.effects.MeatGasBurst
Game: Engine gassymeat ni.props.GassyMeat
Game: Engine gassymeatlipGasAffector dummy
Game: Engine gassymeatgas global.otherentities.VerticalThrust
Game: Engine gassymeatstinkLines global.props.Geometry
Game: Engine gassymeatlipGasEmitter3 ni.effects.MeatGasBurst
Game: Engine gassymeatlipGasEmitter2 ni.effects.MeatGasBurst
Game: Engine briars4 ni.props.Briars
Game: Engine SmallFogFX21 ni.effects.SmallFogFX
Game: Engine briars3 ni.props.Briars
Game: Engine EmoTagSteamertrunk global.collectibles.EmotionalBaggageTag
Game: Engine punchysteak1 ni.props.Steak
Game: Engine respawnpoint3 GEN_respawnpoint
Game: Engine foggy global.otherentities.SetFogAndZ
Game: Engine briars2 ni.props.Briars
Game: Engine SmallFogFX20 ni.effects.SmallFogFX
Game: Engine briars75 ni.props.Briars
Game: Engine Attacky1 ni.characters.AttackTendon
Game: Engine briars8 ni.props.Briars
Game: Engine punchysteak3 ni.props.Steak
Game: Engine CensorPortal6_PortalAnimator global.props.Animator
Game: Engine CensorPortal6 global.enemies.CensorPortal
Game: Engine punchysteak ni.props.Steak
Game: Engine MeleeHitNot85 global.effects.MeleeHitNot
Game: Engine MeleeHit84 global.effects.MeleeHit
Game: Engine MeleeHit83 global.effects.MeleeHit
Game: Engine MeleeHit82 global.effects.MeleeHit
Game: Engine Decorator81 global.props.Decorator
Game: Engine MeleeFistFade8C global.effects.MeleeFistFade
Game: Engine dripMesh global.props.Geometry
Game: Engine RazPsiShieldFX global.effects.PsiShieldFX
Game: Engine RankUpFX80_Sparka1 dummy
Game: Engine RazLH_SwishFX1 global.props.Geometry
Game: Engine RankUpFX80 global.effects.RankUpFX
Game: Engine FigmentFX7F_Mista1 dummy
Game: Engine MeleeCraneFX8D global.effects.MeleeCraneFX
Game: Engine FigmentFX7F global.effects.FigmentFX
Game: Engine RazRH_SwishFX1 global.props.Geometry
Game: Engine FigmentGlobals global.collectibles.FigmentGlobals
Game: Engine FireStartExplodeFX0 global.effects.FireStartExplodeFX
Game: Engine RazRH_SwishFX2 global.props.Geometry
Game: Engine RazPsiShield PsiShield
Game: Engine Decorator1 global.props.Decorator
Game: Engine PlayerInvulIndicator global.effects.RazDamageFX
Game: Engine RazPreDeathFX2 global.effects.RazPreDeathFX
Game: Engine RazRespawnFX3 global.effects.RazRespawnFX
Game: Engine Dart_FXa global.effects.InvisoEyeFX
Game: Engine Dart_FXb global.effects.PsiShieldFailFX
Game: Engine Dart_FXe global.effects.NoAmmoFX
Game: Engine PutAwayFX7E global.effects.PutAwayFX
Game: Engine FireStartExplodeSuperFX4 global.effects.FireStartExplodeSuperFX
Game: Engine RazSteamRecoverFX5 global.effects.RazSteamRecoverFX
Game: Engine RazLH global.props.DartMeleeHand
Game: Engine RazRH global.props.DartMeleeHand
Game: Engine GenGibsA global.effects.GenGibs
Game: Engine GenGibsA_affector dummy
Game: Engine ClairCamUpdaterC global.otherentities.ClairCamUpdater
Game: Engine ConfusionGrenadeE global.props.ConfusionGrenade
Game: Engine ConfusionGrenadeE_fx1 global.effects.ConfusionFuseFX
Game: Engine ConfusionGrenadeE_fx2 global.effects.ConfusionBombFX
Game: Engine ConfusionGrenadeE_fx2_StreakPopa1 dummy
Game: Engine BallPopFXF global.effects.BallPopFX
Game: Engine ThoughtBubbleRings global.effects.PsiBallRingsFX
Game: Engine ThoughtBubbleBounce global.effects.PsiBallRingsBounceFX
Game: Engine ThoughtBubbleRings2 global.effects.PsiBallRingsFX
Game: Engine ThoughtBubbleBounce2 global.effects.PsiBallRingsBounceFX
Game: Engine ball_trail engine.BallTrail
Game: Engine ThoughtBubbleSpikes ScriptBase
Game: Engine PsiRailFX10 global.effects.PsiRailFX
Game: Engine MeleeHitNot86 global.effects.MeleeHitNot
Game: Engine PsiBlastFX11 global.effects.PsiBlastFX
Game: Engine PsiBlastHitFX12 global.effects.PsiBlastHitFX
Game: Engine PsiBlastAirHit13 global.effects.PsiBlastAirHit
Game: Engine PsiBlastDeflectFX14 global.effects.PsiBlastDeflectFX
Game: Engine PsiBlastHitSuperFX15 global.effects.PsiBlastHitSuperFX
Game: Engine PhlegmBall16 ni.props.PhlegmBall
Game: Engine tubWaterDrip as.effects.WaterDripFX
Game: Engine RazRH_SwishFX3 global.props.Geometry
Game: Engine fog ni.effects.CaravanGroundFogFX
Game: Engine RazLH_SwishFX2 global.props.Geometry
Game: Engine Attacky8Ball Gen_CollideBall
Game: Engine LedgeDirtFX92 global.effects.LedgeDirtFX
Game: Engine baconPoofFX7B global.effects.baconPoofFX
Game: Engine InstaHintFord global.characters.InstaHintFord
Game: Engine WaterRingsFX7A global.effects.WaterRingsFX
Game: Engine WaterRingsFX79 global.effects.WaterRingsFX
Game: Engine WaterSplash78 global.effects.WaterSplash
Game: Engine SplashFX77_Dropsa1 dummy
Game: Engine SplashFX77 global.effects.SplashFX
Game: Engine Attacky1Ball Gen_CollideBall
Game: Engine Attacky2Ball Gen_CollideBall
Game: Engine Attacky4Ball Gen_CollideBall
Game: Engine Attacky5Ball Gen_CollideBall
Game: Engine Attacky6Ball Gen_CollideBall
Game: Engine RazLH_SwishFX3 global.props.Geometry
Game: Engine gassymeatgasEmitter1 ni.effects.MeatGas
Game: Engine gassymeatgasEmitter1_StinkBubblesa1 dummy
Game: Engine gassymeatgasEmitter2 ni.effects.MeatGas
Game: Engine gassymeatgasEmitter2_StinkBubblesa1 dummy
Game: Engine MeleeFistFade87 global.effects.MeleeFistFade
Game: Engine EggInside ni.props.CaravanInside
Game: Engine PalmBombSuperFX89 global.effects.PalmBombSuperFX
Game: Engine PalmBombFX88 global.effects.PalmBombFX
Game: Engine Caravan global.props.Geometry
Game: Engine DialogBubble_SubCloud_2 ParticleEmitter
Game: Engine gassymeat1gasEmitter1 ni.effects.MeatGas
Game: Engine gassymeat1gasEmitter1_StinkBubblesa1 dummy
Game: Engine gassymeat1gasEmitter2 ni.effects.MeatGas
Game: Engine gassymeat1gasEmitter2_StinkBubblesa1 dummy
Game: Engine DialogBubble_SubCloud_1 ParticleEmitter
Game: Engine DialogBubble_SubCloud_0 ParticleEmitter
Game: Engine Dialog_Cloud ParticleEmitter
Game: Engine Clairvoyance_Cloud ParticleEmitter
Game: Engine PsiBlast5DeflectedPsiBlast global.props.Geometry
Game: Engine PsiBlast5 PsiBlast
Game: Engine PsiBlast4DeflectedPsiBlast global.props.Geometry
Game: Engine PsiBlast4 PsiBlast
Game: Engine PsiBlast3DeflectedPsiBlast global.props.Geometry
Game: Engine PsiBlast3 PsiBlast
Game: Engine PsiBlast2DeflectedPsiBlast global.props.Geometry
Game: Engine PsiBlast2 PsiBlast
Game: Engine PsiBlast1DeflectedPsiBlast global.props.Geometry
Game: Engine PsiBlast1 PsiBlast
Game: Engine SplashFX76_Dropsa1 dummy
Game: Engine SplashFX76 global.effects.SplashFX
Game: Engine PsiBlast0DeflectedPsiBlast global.props.Geometry
Game: Engine PsiBlast0 PsiBlast
Game: Engine SplashFX75_Dropsa1 dummy
Game: Engine SplashFX75 global.effects.SplashFX
Game: Engine vine153 CameraAlphaEntity
Game: Engine bigBlueVine1 CameraAlphaEntity
Game: Engine bigBlueVine CameraAlphaEntity
Game: Engine SplashFX74_Dropsa1 dummy
Game: Engine PalmBombSuperHandsFX8A global.effects.PalmBombSuperHandsFX
Game: Engine SplashFX74 global.effects.SplashFX
Game: Engine SplashFX73_Dropsa1 dummy
Game: Engine SplashFX73 global.effects.SplashFX
Game: Engine WaterRingsFX global.effects.WaterRingsFX
Game: Engine RunningRippleFX global.effects.RunningRippleFX
Game: Engine WaterFXManager global.effects.WaterFXManager
Game: Engine cutsceneEmoTag ScriptBase
Game: Engine EZSceneTools72 global.camera.EZSceneTools
Game: Engine ni.NIMPCutscenes ni.NIMPCutscenes
Game: Engine vine70 CameraAlphaEntity
Game: Engine bluebigVine CameraAlphaEntity
Game: Engine TelekinesisClaw2RazTKClawLine ParticleEmitter
Game: Engine TelekinesisClaw2TKHolder dummy
Game: Engine TelekinesisClaw2 TKClaw
Game: Engine TelekinesisClaw1RazTKClawLine ParticleEmitter
Game: Engine ArrowheadAmmo71 global.collectibles.ArrowheadAmmo
Game: Engine SpawnerFX30 global.effects.SpawnerFX
Game: Engine ArrowheadAmmo70 global.collectibles.ArrowheadAmmo
Game: Engine ArrowheadAmmo6F global.collectibles.ArrowheadAmmo
Game: Engine PsiBlastAmmo6E global.collectibles.PsiBlastAmmo
Game: Engine Sniper1_Ball Gen_CollideBall
Game: Engine CensorProjectile31 global.enemies.CensorProjectile
Game: Engine Censor2BlastFX32 global.effects.Censor2BlastFX
Game: Engine Censor2BlastFX32_Nosa1 dummy
Game: Engine CensorProjectileFX33 global.effects.CensorProjectileFX
Game: Engine CensorProjectile34 global.enemies.CensorProjectile
Game: Engine Sniper1_MeleeSwish global.props.Geometry
Game: Engine CensorSniper35_Ball Gen_CollideBall
Game: Engine CensorProjectile36 global.enemies.CensorProjectile
Game: Engine CensorSniper35_MeleeSwish global.props.Geometry
Game: Engine GenGibs37 global.effects.GenGibs
Game: Engine GenGibs37_affector dummy
Game: Engine EnemyDeathFX38 global.effects.EnemyDeathFX
Game: Engine PsiBlastAmmo6D global.collectibles.PsiBlastAmmo
Game: Engine Sniper2_Ball Gen_CollideBall
Game: Engine CensorProjectile39 global.enemies.CensorProjectile
Game: Engine Sniper2_MeleeSwish global.props.Geometry
Game: Engine PsiBlastAmmo6C global.collectibles.PsiBlastAmmo
Game: Engine TelekinesisClaw1TKHolder dummy
Game: Engine TelekinesisClaw1 TKClaw
Game: Engine TKClawRazTKClawLine ParticleEmitter
Game: Engine RazLH_SwishFX4 global.props.Geometry
Game: Engine RazLH_ShockFX global.props.DartShockwave
Game: Engine Attacky7Ball Gen_CollideBall
Game: Engine SaltFX global.props.Geometry
Game: Engine CensorSuicide47_Ball Gen_CollideBall
Game: Engine CensorSuicide47_MeleeSwish global.props.Geometry
Game: Engine GenGibs48 global.effects.GenGibs
Game: Engine GenGibs48_affector dummy
Game: Engine SmokelessExplosion49 global.effects.SmokelessExplosion
Game: Engine SmokelessExplosion49_StreakPopa1 dummy
Game: Engine SmokelessExplosion4A global.effects.SmokelessExplosion
Game: Engine SmokelessExplosion4A_StreakPopa1 dummy
Game: Engine SmokelessExplosion4B global.effects.SmokelessExplosion
Game: Engine SmokelessExplosion4B_StreakPopa1 dummy
Game: Engine BombCensorFuseFX4C global.effects.BombCensorFuseFX
Game: Engine CensorSuicideFX4D global.effects.CensorSuicideFX
Game: Engine CensorSuicide4E_Ball Gen_CollideBall
Game: Engine CensorSuicide4E_MeleeSwish global.props.Geometry
Game: Engine TKClawTKHolder dummy
Game: Engine CensorSuicide4F_Ball Gen_CollideBall
Game: Engine CensorSuicide4F_MeleeSwish global.props.Geometry
Game: Engine TKClaw TKClaw
Game: Engine CensorSuicide50_Ball Gen_CollideBall
Game: Engine CensorSuicide50_MeleeSwish global.props.Geometry
Game: Engine Global global.GlobalClass
Game: Engine CensorSuicide51_Ball Gen_CollideBall
Game: Engine CensorSuicide51_MeleeSwish global.props.Geometry
Game: Engine CensorSniper52_Ball Gen_CollideBall
Game: Engine CensorProjectile53 global.enemies.CensorProjectile
Game: Engine CensorSniper52_MeleeSwish global.props.Geometry
Game: Engine Thought_Bubble_Spring ParticleEmitter
Game: Engine CensorMelee54_Ball Gen_CollideBall
Game: Engine CensorMelee54_MeleeSwish global.props.Geometry
Game: Engine GenGibs55 global.effects.GenGibs
Game: Engine GenGibs55_affector dummy
Game: Engine Thought_SubCloud_2 ParticleEmitter
Game: Engine CensorMelee56_Ball Gen_CollideBall
Game: Engine CensorMelee56_MeleeSwish global.props.Geometry
Game: Engine Thought_SubCloud_1 ParticleEmitter
Game: Engine CensorMelee57_Ball Gen_CollideBall
Game: Engine CensorMelee57_MeleeSwish global.props.Geometry
Game: Engine Thought_SubCloud_0 ParticleEmitter
Game: Engine MegaCensorMinion58_Ball Gen_CollideBall
Game: Engine MegaCensorMinion58_MeleeSwish global.props.Geometry
Game: Engine CensorAbsorbFX59 sa.effects.CensorAbsorbFX
Game: Engine Thought_Cloud ParticleEmitter
Game: Engine MegaCensorMinion5A_Ball Gen_CollideBall
Game: Engine MegaCensorMinion5A_MeleeSwish global.props.Geometry
Game: Engine Thought_Bubble_Roll ParticleEmitter
Game: Engine MegaCensorMinion5B_Ball Gen_CollideBall
Game: Engine MegaCensorMinion5B_MeleeSwish global.props.Geometry
Game: Engine ThoughtBubble ThoughtBubble
Game: Engine MegaCensorMinion5C_Ball Gen_CollideBall
Game: Engine MegaCensorMinion5C_MeleeSwish global.props.Geometry
Game: Engine MegaCensorMinion5D_Ball Gen_CollideBall
Game: Engine MegaCensorMinion5D_MeleeSwish global.props.Geometry
Game: Engine ConfusionFX5E global.effects.ConfusionFX
Game: Engine ConfusionFX5F global.effects.ConfusionFX
Game: Engine ConfusionFX60 global.effects.ConfusionFX
Game: Engine ConfusionFX61 global.effects.ConfusionFX
Game: Engine ConfusionFX62 global.effects.ConfusionFX
Game: Engine ConfusionFX63 global.effects.ConfusionFX
Game: Engine ConfusionFX64 global.effects.ConfusionFX
Game: Engine ConfusionFX65 global.effects.ConfusionFX
Game: Engine HealthAmmo66 global.collectibles.HealthAmmo
Game: Engine HealthAmmo67 global.collectibles.HealthAmmo
Game: Engine HealthAmmo68 global.collectibles.HealthAmmo
Game: Engine ConfusionAmmo69 global.collectibles.ConfusionAmmo
Game: Engine ConfusionAmmo6A global.collectibles.ConfusionAmmo
Game: Engine ConfusionAmmo6B global.collectibles.ConfusionAmmo
Game: Engine Dart_FXf_Streamersa1 dummy
Game: Engine Dart_FXf global.effects.invisibilityShockwaveFX
Game: Engine Attacky8 ni.characters.AttackTendon
Game: Engine Cobweb2 global.collectibles.Cobweb
Game: Engine EmoBagPurseLeftTear global.effects.EmoBagTearFX
Game: Engine EmoBagPurse global.collectibles.EmotionalBaggage
Game: Engine EmoBagPurseRightTear global.effects.EmoBagTearFX
Game: Engine MediumFogFX25 ni.effects.MediumFogFX
Game: Engine CensorPortal5 global.enemies.CensorPortal
Game: Engine CensorPortal5_PortalAnimator global.props.Animator
Game: Engine punchysteak9 ni.props.Steak
Game: Engine CensorPortal7 global.enemies.CensorPortal
Game: Engine CensorPortal7_PortalAnimator global.props.Animator
Game: Engine briars7 ni.props.Briars
Game: Engine LungfishMouthBlowFX global.props.Geometry
Game: Engine briars6 ni.props.Briars
Game: Engine Attacky7 ni.characters.AttackTendon
Game: Engine LungfishSmoke ni.effects.BlackFogFX
Game: Engine fakelungfish ni.characters.FakeLungfish
Game: Engine EmoTagHatbox global.collectibles.EmotionalBaggageTag
Game: Engine punchysteak8 ni.props.Steak
Game: Engine briars18 ni.props.Briars
Game: Engine bunny ni.characters.Bunny
Game: Engine SmallFogFX29 ni.effects.SmallFogFX
Game: Engine Cobweb4 global.collectibles.Cobweb
Game: Engine briars16 ni.props.Briars
Game: Engine SmallFogFX2A ni.effects.SmallFogFX
Game: Engine NIMPOatmeal2 global.characters.Oatmeal
Game: Engine Sniper2 global.enemies.CensorSniper
Game: Engine SmallFogFX28 ni.effects.SmallFogFX
Game: Engine EmoBagSteamertrunkLeftTear global.effects.EmoBagTearFX
Game: Engine EmoBagSteamertrunk global.collectibles.EmotionalBaggage
Game: Engine punchysteak2 ni.props.Steak
Game: Engine EmoBagSteamertrunkRightTear global.effects.EmoBagTearFX
Game: Engine SmallFogFX22 ni.effects.SmallFogFX
Game: Engine punchysteak5 ni.props.Steak
Game: Engine respawnpoint1 GEN_respawnpoint
Game: Engine briars5 ni.props.Briars
Game: Engine briars10 ni.props.Briars
Game: Engine SmallFogFX1E ni.effects.SmallFogFX
Game: Engine EmoTagPurse global.collectibles.EmotionalBaggageTag
Game: Engine respawnpoint2 GEN_respawnpoint
Game: Engine Attacky2 ni.characters.AttackTendon
Game: Engine punchysteak4 ni.props.Steak
Game: Engine MediumFogFX1F ni.effects.MediumFogFX
Game: Engine EmoBagSuitcaseRightTear global.effects.EmoBagTearFX
Game: Engine briars9 ni.props.Briars
Game: Engine EmoBagSuitcase global.collectibles.EmotionalBaggage
Game: Engine EmoBagSuitcaseLeftTear global.effects.EmoBagTearFX
Game: Engine Tornado1C_Tornadoa1 dummy
Game: Engine Tornado1C ni.effects.Tornado
Game: Engine CensorPortal1_PortalAnimator global.props.Animator
Game: Engine CensorPortal1 global.enemies.CensorPortal
Game: Engine SmallFogFX23 ni.effects.SmallFogFX
Game: Engine Cant1 global.props.Geometry
Game: Engine Cant11 global.props.Geometry
Game: Engine CensorPortal3 global.enemies.CensorPortal
Game: Engine CensorPortal3_PortalAnimator global.props.Animator
Game: Engine briars74 ni.props.Briars
Game: Engine Trap2 trapeez
Game: Engine sffigment0054 global.collectibles.SplineFigment
Game: Engine SmallFogFX24 ni.effects.SmallFogFX
Game: Engine EmoTagDufflebag global.collectibles.EmotionalBaggageTag
Game: Engine InterestFX17 global.effects.InterestFX
Game: Engine CensorPortal4 global.enemies.CensorPortal
Game: Engine CensorPortal4_PortalAnimator global.props.Animator
Game: Engine EmoTagSuitcase global.collectibles.EmotionalBaggageTag
Game: Engine Cobweb3 global.collectibles.Cobweb
Game: Engine Attacky4 ni.characters.AttackTendon
Game: Engine briars11 ni.props.Briars
Game: Engine Sniper1 global.enemies.CensorSniper
Game: Engine briars73 ni.props.Briars
Game: Engine EmoBagDufflebagRightTear global.effects.EmoBagTearFX
Game: Engine CensorPortal2 global.enemies.CensorPortal
Game: Engine CensorPortal2_PortalAnimator global.props.Animator
Game: Engine EmoBagDufflebagLeftTear global.effects.EmoBagTearFX
Game: Engine EmoBagDufflebag global.collectibles.EmotionalBaggage
Game: Engine Pole1 global.props.Geometry
Game: Engine MediumFogFX27 ni.effects.MediumFogFX
Game: Engine briars71 ni.props.Briars
Game: Engine sffigment00241 global.collectibles.SplineFigment
Game: Engine Trap1 trapeez
Game: Engine briars77 ni.props.Briars
Game: Engine Trap5 trapeez
Game: Engine briars72 ni.props.Briars
Game: Engine briars76 ni.props.Briars
Game: Engine briars13 ni.props.Briars
Game: Engine punchysteak7 ni.props.Steak
Game: Engine briars12 ni.props.Briars
Game: Engine briars15 ni.props.Briars
Game: Engine SmallFogFX26 ni.effects.SmallFogFX
Game: Engine sffigment00235 global.collectibles.SplineFigment
Game: Engine sffigment00236 global.collectibles.SplineFigment
Game: Engine punchysteak6 ni.props.Steak
Game: Engine sffigment00237 global.collectibles.SplineFigment
Game: Engine sffigment00238 global.collectibles.SplineFigment
Game: Engine sffigment00240 global.collectibles.SplineFigment
Game: Engine sffigment00239 global.collectibles.SplineFigment
Game: Engine vine73 CameraAlphaEntity
Game: Engine sashasayline sa.characters.Sasha
Game: Engine Sasha sa.characters.Sasha