Game: Engine InvDisplayer global.otherentities.InvAdder
Game: Engine Dart Dart
Game: Engine RazLH_EntryFX global.props.Geometry
Game: Engine Group4Maindebris global.props.Geometry
Game: Engine Group4Main bb.props.Target
Game: Engine RankBling global.otherentities.RankBling
Game: Engine Group3Main bb.props.Target
Game: Engine Group3Maindebris global.props.Geometry
Game: Engine Group12Main bb.props.Target
Game: Engine Group12Maindebris global.props.Geometry
Game: Engine Group11Maindebris global.props.Geometry
Game: Engine Group11Main bb.props.Target
Game: Engine SnowFX bb.effects.SnowFlurryFX
Game: Engine Group5Main bb.props.Target
Game: Engine Group5Maindebris global.props.Geometry
Game: Engine TargetButton bb.props.TargetButton
Game: Engine Group13Maindebris global.props.Geometry
Game: Engine Group13Main bb.props.Target
Game: Engine Group4MainLampNum2 global.props.Geometry
Game: Engine Group4MainLampNum3 global.props.Geometry
Game: Engine Group4MainLampNum1 global.props.Geometry
Game: Engine Group4MainLampNum4 global.props.Geometry
Game: Engine Group2Maindebris global.props.Geometry
Game: Engine Group2Main bb.props.Target
Game: Engine Group3MainLampNum2 global.props.Geometry
Game: Engine Group3MainLampNum3 global.props.Geometry
Game: Engine Group3MainLampNum1 global.props.Geometry
Game: Engine Group3MainLampNum4 global.props.Geometry
Game: Engine Group12MainLampNum2 global.props.Geometry
Game: Engine Group12MainLampNum4 global.props.Geometry
Game: Engine Group12MainLampNum3 global.props.Geometry
Game: Engine Group12MainLampNum1 global.props.Geometry
Game: Engine Group11MainLampNum1 global.props.Geometry
Game: Engine Group11MainLampNum3 global.props.Geometry
Game: Engine Group11MainLampNum2 global.props.Geometry
Game: Engine Group11MainLampNum4 global.props.Geometry
Game: Engine Group5MainLampNum4 global.props.Geometry
Game: Engine Group5MainLampNum1 global.props.Geometry
Game: Engine Group5MainLampNum3 global.props.Geometry
Game: Engine Group5MainLampNum2 global.props.Geometry
Game: Engine Group6Main bb.props.Target
Game: Engine Group6Maindebris global.props.Geometry
Game: Engine Group13MainLampNum2 global.props.Geometry
Game: Engine Group13MainLampNum3 global.props.Geometry
Game: Engine Group13MainLampNum4 global.props.Geometry
Game: Engine Group13MainLampNum1 global.props.Geometry
Game: Engine Group1Maindebris global.props.Geometry
Game: Engine Group1Main bb.props.Target
Game: Engine Group2MainLampNum2 global.props.Geometry
Game: Engine Group2MainLampNum1 global.props.Geometry
Game: Engine Group2MainLampNum3 global.props.Geometry
Game: Engine Group2MainLampNum4 global.props.Geometry
Game: Engine Group14Maindebris global.props.Geometry
Game: Engine Group14Main bb.props.Target
Game: Engine Group7Main bb.props.Target
Game: Engine Group7Maindebris global.props.Geometry
Game: Engine SnowmanBurstFX_SnowDusta1 dummy
Game: Engine SnowmanBurstFX_Sparklesa1 dummy
Game: Engine SnowmanBurstFX_Sparkles2a1 dummy
Game: Engine SnowmanBurstFX bb.effects.BBsnowBurstFX
Game: Engine area2start GEN_dartstart
Game: Engine FallSoundSource global.sound.SoundSource
Game: Engine GenGibs11_affector dummy
Game: Engine GenGibs11 global.effects.GenGibs
Game: Engine Group6MainLampNum3 global.props.Geometry
Game: Engine Group6MainLampNum1 global.props.Geometry
Game: Engine Group6MainLampNum2 global.props.Geometry
Game: Engine Group6MainLampNum4 global.props.Geometry
Game: Engine Group1MainLampNum1 global.props.Geometry
Game: Engine Group1MainLampNum2 global.props.Geometry
Game: Engine Group1MainLampNum3 global.props.Geometry
Game: Engine Group1MainLampNum4 global.props.Geometry
Game: Engine Group14MainLampNum4 global.props.Geometry
Game: Engine Group14MainLampNum2 global.props.Geometry
Game: Engine Group14MainLampNum3 global.props.Geometry
Game: Engine Group14MainLampNum1 global.props.Geometry
Game: Engine Group10Main bb.props.Target
Game: Engine Group10Maindebris global.props.Geometry
Game: Engine Group7MainLampNum4 global.props.Geometry
Game: Engine Group7MainLampNum3 global.props.Geometry
Game: Engine Group7MainLampNum2 global.props.Geometry
Game: Engine Group7MainLampNum1 global.props.Geometry
Game: Engine Group10MainLampNum3 global.props.Geometry
Game: Engine Group10MainLampNum4 global.props.Geometry
Game: Engine Group10MainLampNum2 global.props.Geometry
Game: Engine Group10MainLampNum1 global.props.Geometry
Game: Engine Group15Maindebris global.props.Geometry
Game: Engine Group15Main bb.props.Target
Game: Engine Group9Main bb.props.Target
Game: Engine Group9Maindebris global.props.Geometry
Game: Engine Group8Maindebris global.props.Geometry
Game: Engine Group8Main bb.props.Target
Game: Engine Group15MainLampNum2 global.props.Geometry
Game: Engine Group15MainLampNum3 global.props.Geometry
Game: Engine Group15MainLampNum4 global.props.Geometry
Game: Engine Group15MainLampNum1 global.props.Geometry
Game: Engine Group9MainLampNum4 global.props.Geometry
Game: Engine Group9MainLampNum1 global.props.Geometry
Game: Engine Group9MainLampNum2 global.props.Geometry
Game: Engine Group9MainLampNum3 global.props.Geometry
Game: Engine Group8MainLampNum3 global.props.Geometry
Game: Engine Group8MainLampNum4 global.props.Geometry
Game: Engine Group8MainLampNum2 global.props.Geometry
Game: Engine Group8MainLampNum1 global.props.Geometry
Game: Engine gio_GIO_15 global.props.GIO
Game: Engine gio_Figment_1 global.collectibles.Figment
Game: Engine gio_Figment_0 global.collectibles.Figment
Game: Engine Clem bb.characters.Clem
Game: Engine Crystal bb.characters.Crystal
Game: Engine MortarExplosion54_Firea1 dummy
Game: Engine MortarExplosion54 bb.effects.MortarExplosion
Game: Engine dummy9C dummy
Game: Engine gate global.props.BreakableGeometry
Game: Engine gio_GIO_13 global.props.GIO
Game: Engine gio_GIO_14 global.props.GIO
Game: Engine gio_GIO_12 global.props.GIO
Game: Engine vault1 global.characters.Vault
Game: Engine gio_Figment_30 global.collectibles.Figment
Game: Engine gio_Figment_2 global.collectibles.Figment
Game: Engine BBA2Oatmeal1 global.characters.Oatmeal
Game: Engine Towerofpower bb.props.TowerOfPower
Game: Engine respwaner GEN_respawnpoint
Game: Engine punchwall1 bb.props.PunchingWall
Game: Engine EmoTagHatbox global.collectibles.EmotionalBaggageTag
Game: Engine punchwall3 bb.props.PunchingWall
Game: Engine punchwall4 bb.props.PunchingWall
Game: Engine Bunny15 bb.characters.Bunny
Game: Engine Bunny6 bb.characters.Bunny
Game: Engine Bunny26 bb.characters.Bunny
Game: Engine Bunny25 bb.characters.Bunny
Game: Engine Bunny5 bb.characters.Bunny
Game: Engine punchwall5 bb.props.PunchingWall
Game: Engine EmoBagHatboxRightTear global.effects.EmoBagTearFX
Game: Engine EmoBagHatboxLeftTear global.effects.EmoBagTearFX
Game: Engine EmoBagHatbox bb.props.EmotionalBaggage
Game: Engine Bunny4 bb.characters.Bunny
Game: Engine punchwall8 bb.props.PunchingWall
Game: Engine Bunny27 bb.characters.Bunny
Game: Engine Bunny23 bb.characters.Bunny
Game: Engine Bunny24 bb.characters.Bunny
Game: Engine Bunny19 bb.characters.Bunny
Game: Engine punchwall6 bb.props.PunchingWall
Game: Engine Bunny20 bb.characters.Bunny
Game: Engine Bunny21 bb.characters.Bunny
Game: Engine punchwall7 bb.props.PunchingWall
Game: Engine punchwall9 bb.props.PunchingWall
Game: Engine pole57 global.props.Geometry
Game: Engine Dart_FXf_Streamersa1 dummy
Game: Engine Dart_FXf global.effects.invisibilityShockwaveFX
Game: Engine LedgeDirtFX71 global.effects.LedgeDirtFX
Game: Engine Thought_Cloud ParticleEmitter
Game: Engine RazRH_SwishFX3 global.props.Geometry
Game: Engine RazRH_SwishFX2 global.props.Geometry
Game: Engine RazRH_SwishFX1 global.props.Geometry
Game: Engine MeleeCraneFX6C global.effects.MeleeCraneFX
Game: Engine MeleeFistFade6B global.effects.MeleeFistFade
Game: Engine PalmBombSuperHandsFX69 global.effects.PalmBombSuperHandsFX
Game: Engine FigmentGlobals global.collectibles.FigmentGlobals
Game: Engine FireStartExplodeFX0 global.effects.FireStartExplodeFX
Game: Engine RazPsiShield PsiShield
Game: Engine Decorator1 global.props.Decorator
Game: Engine PlayerInvulIndicator global.effects.RazDamageFX
Game: Engine RazPreDeathFX2 global.effects.RazPreDeathFX
Game: Engine RazRespawnFX3 global.effects.RazRespawnFX
Game: Engine Dart_FXa global.effects.InvisoEyeFX
Game: Engine Dart_FXb global.effects.PsiShieldFailFX
Game: Engine Dart_FXe global.effects.NoAmmoFX
Game: Engine Thought_Bubble_Spring ParticleEmitter
Game: Engine Thought_SubCloud_2 ParticleEmitter
Game: Engine FireStartExplodeSuperFX4 global.effects.FireStartExplodeSuperFX
Game: Engine RazSteamRecoverFX5 global.effects.RazSteamRecoverFX
Game: Engine RazLH global.props.DartMeleeHand
Game: Engine RazRH global.props.DartMeleeHand
Game: Engine PalmBombSuperFX68 global.effects.PalmBombSuperFX
Game: Engine RazLH_ShockFX global.props.DartShockwave
Game: Engine RazLH_SwishFX4 global.props.Geometry
Game: Engine RazLH_SwishFX3 global.props.Geometry
Game: Engine RazLH_SwishFX2 global.props.Geometry
Game: Engine GenGibsC global.effects.GenGibs
Game: Engine GenGibsC_affector dummy
Game: Engine GenGibsD global.effects.GenGibs
Game: Engine GenGibsD_affector dummy
Game: Engine GenGibsE global.effects.GenGibs
Game: Engine GenGibsE_affector dummy
Game: Engine GenGibsF global.effects.GenGibs
Game: Engine GenGibsF_affector dummy
Game: Engine GenGibs10 global.effects.GenGibs
Game: Engine GenGibs10_affector dummy
Game: Engine RazLH_SwishFX1 global.props.Geometry
Game: Engine PalmBombFX67 global.effects.PalmBombFX
Game: Engine ClairCamUpdater12 global.otherentities.ClairCamUpdater
Game: Engine ConfusionGrenade14 global.props.ConfusionGrenade
Game: Engine ConfusionGrenade14_fx1 global.effects.ConfusionFuseFX
Game: Engine ConfusionGrenade14_fx2 global.effects.ConfusionBombFX
Game: Engine ConfusionGrenade14_fx2_StreakPopa1 dummy
Game: Engine BallPopFX15 global.effects.BallPopFX
Game: Engine ThoughtBubbleRings global.effects.PsiBallRingsFX
Game: Engine ThoughtBubbleBounce global.effects.PsiBallRingsBounceFX
Game: Engine ThoughtBubbleRings2 global.effects.PsiBallRingsFX
Game: Engine ThoughtBubbleBounce2 global.effects.PsiBallRingsBounceFX
Game: Engine ball_trail engine.BallTrail
Game: Engine ThoughtBubbleSpikes ScriptBase
Game: Engine PsiRailFX16 global.effects.PsiRailFX
Game: Engine PsiBlastFX17 global.effects.PsiBlastFX
Game: Engine PsiBlastHitFX18 global.effects.PsiBlastHitFX
Game: Engine PsiBlastAirHit19 global.effects.PsiBlastAirHit
Game: Engine PsiBlastDeflectFX1A global.effects.PsiBlastDeflectFX
Game: Engine PsiBlastHitSuperFX1B global.effects.PsiBlastHitSuperFX
Game: Engine MeleeFistFade66 global.effects.MeleeFistFade
Game: Engine GenericExplosion1D global.effects.GenericExplosion
Game: Engine GenericExplosion1D_StreakPopa1 dummy
Game: Engine RailSlideMetalFX1E global.effects.RailSlideMetalFX
Game: Engine MeleeHitNot65 global.effects.MeleeHitNot
Game: Engine MeleeHitNot64 global.effects.MeleeHitNot
Game: Engine MeleeHit63 global.effects.MeleeHit
Game: Engine MeleeHit62 global.effects.MeleeHit
Game: Engine BBsnowBurstFX74_Sparklesa1 dummy
Game: Engine BBsnowBurstFX74_SnowDusta1 dummy
Game: Engine Bunny4Explosion bb.effects.BunnyExplosion
Game: Engine Bunny4Explosion_Firea1 dummy
Game: Engine Bunny4Explosion_Gibs1a1 dummy
Game: Engine Bunny4Explosion_Gibs3a1 dummy
Game: Engine Bunny4Explosion_Gibs2a1 dummy
Game: Engine Bunny5Explosion bb.effects.BunnyExplosion
Game: Engine Bunny5Explosion_Firea1 dummy
Game: Engine Bunny5Explosion_Gibs1a1 dummy
Game: Engine Bunny5Explosion_Gibs3a1 dummy
Game: Engine Bunny5Explosion_Gibs2a1 dummy
Game: Engine Bunny6Explosion bb.effects.BunnyExplosion
Game: Engine Bunny6Explosion_Firea1 dummy
Game: Engine Bunny6Explosion_Gibs1a1 dummy
Game: Engine Bunny6Explosion_Gibs3a1 dummy
Game: Engine Bunny6Explosion_Gibs2a1 dummy
Game: Engine Bunny15Explosion bb.effects.BunnyExplosion
Game: Engine Bunny15Explosion_Firea1 dummy
Game: Engine Bunny15Explosion_Gibs1a1 dummy
Game: Engine Thought_SubCloud_1 ParticleEmitter
Game: Engine Thought_Bubble_Roll ParticleEmitter
Game: Engine Bunny15Explosion_Gibs2a1 dummy
Game: Engine Bunny19Explosion bb.effects.BunnyExplosion
Game: Engine Bunny19Explosion_Firea1 dummy
Game: Engine Bunny19Explosion_Gibs1a1 dummy
Game: Engine Bunny19Explosion_Gibs3a1 dummy
Game: Engine Bunny19Explosion_Gibs2a1 dummy
Game: Engine Bunny20Explosion bb.effects.BunnyExplosion
Game: Engine Bunny20Explosion_Firea1 dummy
Game: Engine Bunny20Explosion_Gibs1a1 dummy
Game: Engine Bunny20Explosion_Gibs3a1 dummy
Game: Engine Bunny20Explosion_Gibs2a1 dummy
Game: Engine Bunny21Explosion bb.effects.BunnyExplosion
Game: Engine Bunny21Explosion_Firea1 dummy
Game: Engine Bunny21Explosion_Gibs1a1 dummy
Game: Engine Bunny21Explosion_Gibs3a1 dummy
Game: Engine Bunny21Explosion_Gibs2a1 dummy
Game: Engine Bunny23Explosion bb.effects.BunnyExplosion
Game: Engine Bunny23Explosion_Firea1 dummy
Game: Engine Bunny23Explosion_Gibs1a1 dummy
Game: Engine Bunny23Explosion_Gibs3a1 dummy
Game: Engine Bunny23Explosion_Gibs2a1 dummy
Game: Engine Bunny24Explosion bb.effects.BunnyExplosion
Game: Engine Bunny24Explosion_Firea1 dummy
Game: Engine Bunny24Explosion_Gibs1a1 dummy
Game: Engine Bunny24Explosion_Gibs3a1 dummy
Game: Engine Bunny24Explosion_Gibs2a1 dummy
Game: Engine Bunny25Explosion bb.effects.BunnyExplosion
Game: Engine Bunny25Explosion_Firea1 dummy
Game: Engine Bunny25Explosion_Gibs1a1 dummy
Game: Engine Bunny25Explosion_Gibs3a1 dummy
Game: Engine Bunny25Explosion_Gibs2a1 dummy
Game: Engine Bunny26Explosion bb.effects.BunnyExplosion
Game: Engine Bunny26Explosion_Firea1 dummy
Game: Engine Bunny26Explosion_Gibs1a1 dummy
Game: Engine Bunny26Explosion_Gibs3a1 dummy
Game: Engine Bunny26Explosion_Gibs2a1 dummy
Game: Engine Bunny27Explosion bb.effects.BunnyExplosion
Game: Engine Bunny27Explosion_Firea1 dummy
Game: Engine Bunny27Explosion_Gibs1a1 dummy
Game: Engine Bunny27Explosion_Gibs3a1 dummy
Game: Engine Bunny27Explosion_Gibs2a1 dummy
Game: Engine MeleeHit61 global.effects.MeleeHit
Game: Engine Decorator60 global.props.Decorator
Game: Engine RazPsiShieldFX global.effects.PsiShieldFX
Game: Engine ButtonExplosion bb.effects.MortarExplosion
Game: Engine ButtonExplosion_Firea1 dummy
Game: Engine RankUpFX5F_Sparka1 dummy
Game: Engine wallbits global.props.Geometry
Game: Engine wallbits1 global.props.Geometry
Game: Engine wallbits2 global.props.Geometry
Game: Engine RankUpFX5F global.effects.RankUpFX
Game: Engine FigmentFX5E_Mista1 dummy
Game: Engine GunBarrageEntity global.props.Geometry
Game: Engine FigmentFX5E global.effects.FigmentFX
Game: Engine PutAwayFX5D global.effects.PutAwayFX
Game: Engine BBsnowBurstFX74 bb.effects.BBsnowBurstFX
Game: Engine DialogBubble_SubCloud_2 ParticleEmitter
Game: Engine DialogBubble_SubCloud_1 ParticleEmitter
Game: Engine DialogBubble_SubCloud_0 ParticleEmitter
Game: Engine Dialog_Cloud ParticleEmitter
Game: Engine Clairvoyance_Cloud ParticleEmitter
Game: Engine PsiBlast5DeflectedPsiBlast global.props.Geometry
Game: Engine PsiBlast5 PsiBlast
Game: Engine PsiBlast4 PsiBlast
Game: Engine PsiBlast3DeflectedPsiBlast global.props.Geometry
Game: Engine PsiBlast3 PsiBlast
Game: Engine PsiBlast2DeflectedPsiBlast global.props.Geometry
Game: Engine PsiBlast2 PsiBlast
Game: Engine PsiBlast1DeflectedPsiBlast global.props.Geometry
Game: Engine PsiBlast1 PsiBlast
Game: Engine PsiBlast0DeflectedPsiBlast global.props.Geometry
Game: Engine PsiBlast0 PsiBlast
Game: Engine TelekinesisClaw2RazTKClawLine ParticleEmitter
Game: Engine TelekinesisClaw2TKHolder dummy
Game: Engine TelekinesisClaw2 TKClaw
Game: Engine TelekinesisClaw1RazTKClawLine ParticleEmitter
Game: Engine TelekinesisClaw1TKHolder dummy
Game: Engine TelekinesisClaw1 TKClaw
Game: Engine TKClawRazTKClawLine ParticleEmitter
Game: Engine PsiBlast4DeflectedPsiBlast global.props.Geometry
Game: Engine TKClawTKHolder dummy
Game: Engine Tracer22 bb.props.Tracer
Game: Engine SnowHit23 bb.effects.SnowHit
Game: Engine ConcreteHit24 bb.effects.ConcreteHit
Game: Engine Tracer25 bb.props.Tracer
Game: Engine Tracer26 bb.props.Tracer
Game: Engine Tracer27 bb.props.Tracer
Game: Engine Tracer28 bb.props.Tracer
Game: Engine Tracer29 bb.props.Tracer
Game: Engine Tracer2A bb.props.Tracer
Game: Engine Tracer2B bb.props.Tracer
Game: Engine Tracer2C bb.props.Tracer
Game: Engine Tracer2D bb.props.Tracer
Game: Engine GenGibs5C_affector dummy
Game: Engine GenGibs5C global.effects.GenGibs
Game: Engine dummy2E dummy
Game: Engine EltonExplosion bb.effects.MortarExplosion
Game: Engine EltonExplosion_Firea1 dummy
Game: Engine boom global.effects.FireStartExplodeFX
Game: Engine RailSlideMetalFX5A global.effects.RailSlideMetalFX
Game: Engine Bunny15Explosion_Gibs3a1 dummy
Game: Engine RailSlideObstacle58 global.props.RailSlideObstacle
Game: Engine Bobby bb.characters.Bobby
Game: Engine Tutorial bb.props.Tutorial
Game: Engine ElkaDummy global.props.MovingSphere
Game: Engine ChopsDummy global.props.MovingSphere
Game: Engine JTDummy global.props.MovingSphere
Game: Engine ThoughtBubble ThoughtBubble
Game: Engine Thought_SubCloud_0 ParticleEmitter
Game: Engine baconPoofFX53 global.effects.baconPoofFX
Game: Engine InstaHintFord global.characters.InstaHintFord
Game: Engine WaterRingsFX52 global.effects.WaterRingsFX
Game: Engine TKClaw TKClaw
Game: Engine Global global.GlobalClass
Game: Engine WaterRingsFX51 global.effects.WaterRingsFX
Game: Engine WaterSplash50 global.effects.WaterSplash
Game: Engine SplashFX4F_Dropsa1 dummy
Game: Engine SplashFX4F global.effects.SplashFX
Game: Engine SplashFX4E_Dropsa1 dummy
Game: Engine SplashFX4E global.effects.SplashFX
Game: Engine SplashFX4D_Dropsa1 dummy
Game: Engine SplashFX4D global.effects.SplashFX
Game: Engine SplashFX4C_Dropsa1 dummy
Game: Engine SplashFX4C global.effects.SplashFX
Game: Engine SplashFX4B_Dropsa1 dummy
Game: Engine SplashFX4B global.effects.SplashFX
Game: Engine WaterRingsFX global.effects.WaterRingsFX
Game: Engine RunningRippleFX global.effects.RunningRippleFX
Game: Engine WaterFXManager global.effects.WaterFXManager
Game: Engine cutsceneEmoTag ScriptBase
Game: Engine EZSceneTools4A global.camera.EZSceneTools
Game: Engine bb.BBA2Cutscenes bb.BBA2Cutscenes
Game: Engine ArrowheadAmmo49 global.collectibles.ArrowheadAmmo
Game: Engine ArrowheadAmmo48 global.collectibles.ArrowheadAmmo
Game: Engine ArrowheadAmmo47 global.collectibles.ArrowheadAmmo
Game: Engine PsiBlastAmmo46 global.collectibles.PsiBlastAmmo
Game: Engine PsiBlastAmmo45 global.collectibles.PsiBlastAmmo
Game: Engine PsiBlastAmmo44 global.collectibles.PsiBlastAmmo
Game: Engine ConfusionAmmo43 global.collectibles.ConfusionAmmo
Game: Engine ConfusionAmmo42 global.collectibles.ConfusionAmmo
Game: Engine ConfusionAmmo41 global.collectibles.ConfusionAmmo
Game: Engine HealthAmmo40 global.collectibles.HealthAmmo
Game: Engine HealthAmmo3F global.collectibles.HealthAmmo
Game: Engine HealthAmmo3E global.collectibles.HealthAmmo
Game: Engine BBsnowBurstFX74_Sparkles2a1 dummy
Game: Engine ConfusionFX3D global.effects.ConfusionFX
Game: Engine SaltFX global.props.Geometry
Game: Engine ConfusionFX36 global.effects.ConfusionFX
Game: Engine ConfusionFX37 global.effects.ConfusionFX
Game: Engine ConfusionFX38 global.effects.ConfusionFX
Game: Engine ConfusionFX39 global.effects.ConfusionFX
Game: Engine ConfusionFX3A global.effects.ConfusionFX
Game: Engine ConfusionFX3B global.effects.ConfusionFX
Game: Engine ConfusionFX3C global.effects.ConfusionFX
Game: Engine splLadd11 global.props.Ladder
Game: Engine InterestFX2F global.effects.InterestFX
Game: Engine EmoTagDufflebag global.collectibles.EmotionalBaggageTag
Game: Engine MuzzleBlast bb.effects.MuzzleBlast
Game: Engine Turret bb.props.GunTurret
Game: Engine BobbyblockerGibsEffect_MeshEmitterLargea1 dummy
Game: Engine BobbyblockerGibsEffect_MeshEmitterSmall1a1 dummy
Game: Engine Bobbyblocker bb.props.MeleeHatch
Game: Engine BobbyblockerGibsEffect global.effects.ExplodingGeometryGibs
Game: Engine BobbyblockerGibsEffect_MeshEmitterSmall2a1 dummy
Game: Engine snow bb.props.Snow
Game: Engine flag bb.props.FlagPole
Game: Engine Olemouth bb.props.PunchingWall
Game: Engine Deathspawner global.props.DeathPlane
Game: Engine vol22 gen_GravityVolume
Game: Engine vol23 gen_GravityVolume
Game: Engine vol24 gen_GravityVolume
Game: Engine vol25 gen_GravityVolume
Game: Engine Cantlever14 global.props.Geometry
Game: Engine EmoBagDufflebagLeftTear global.effects.EmoBagTearFX
Game: Engine Flamethrower1 bb.props.FlameThrower
Game: Engine Flamethrower1FlameWarning bb.effects.FlameWarningSnaps
Game: Engine Flamethrower1FlameOut bb.effects.FlameThrowerToasty
Game: Engine Flamethrower1FlameIdle bb.effects.FlameThrowerIdleSmoke
Game: Engine EmoBagDufflebagRightTear global.effects.EmoBagTearFX
Game: Engine EmoBagDufflebag bb.props.EmotionalBaggage
Game: Engine Cantlever13 global.props.Geometry
Game: Engine respwaner2 GEN_respawnpoint
Game: Engine Cantlever7 global.props.Geometry
Game: Engine Cantlever9 global.props.Geometry
Game: Engine Cantlever8 global.props.Geometry
Game: Engine FlamethrowerFlameWarning bb.effects.FlameWarningSnaps
Game: Engine FlamethrowerFlameOut bb.effects.FlameThrowerToasty
Game: Engine FlamethrowerFlameIdle bb.effects.FlameThrowerIdleSmoke
Game: Engine Flamethrower bb.props.FlameThrower
Game: Engine Flamethrower5FlameIdle bb.effects.FlameThrowerIdleSmoke
Game: Engine Flamethrower5 bb.props.FlameThrower
Game: Engine Flamethrower5FlameOut bb.effects.FlameThrowerToasty
Game: Engine Flamethrower5FlameWarning bb.effects.FlameWarningSnaps
Game: Engine Cantlever12 global.props.Geometry
Game: Engine Flamethrower2FlameOut bb.effects.FlameThrowerToasty
Game: Engine Flamethrower2FlameWarning bb.effects.FlameWarningSnaps
Game: Engine Flamethrower2FlameIdle bb.effects.FlameThrowerIdleSmoke
Game: Engine Flamethrower2 bb.props.FlameThrower
Game: Engine respwaner1 GEN_respawnpoint
Game: Engine Flamethrower3FlameIdle bb.effects.FlameThrowerIdleSmoke
Game: Engine Flamethrower3FlameOut bb.effects.FlameThrowerToasty
Game: Engine Flamethrower3 bb.props.FlameThrower
Game: Engine Flamethrower3FlameWarning bb.effects.FlameWarningSnaps
Game: Engine wallblocker bb.props.PunchingWall
Game: Engine SMASHME1_lf global.props.InteractiveObj
Game: Engine Cantlever5 global.props.Geometry
Game: Engine Cantlever11 global.props.Geometry
Game: Engine Cantlever6 global.props.Geometry
Game: Engine Flamethrower4FlameOut bb.effects.FlameThrowerToasty
Game: Engine Flamethrower4 bb.props.FlameThrower
Game: Engine Flamethrower4FlameWarning bb.effects.FlameWarningSnaps
Game: Engine Flamethrower4FlameIdle bb.effects.FlameThrowerIdleSmoke
Game: Engine splRope8 global.props.Tightrope
Game: Engine Cantlever10 global.props.Geometry
Game: Engine Cantlever global.props.Geometry
Game: Engine respwaner4 GEN_respawnpoint
Game: Engine splRope0 global.props.Tightrope
Game: Engine respwaner3 GEN_respawnpoint
Game: Engine Cantlever4 global.props.Geometry
Game: Engine sfFigment65 global.collectibles.SplineFigment
Game: Engine vault2 global.characters.Vault
Game: Engine splRope7 global.props.Tightrope
Game: Engine wallblocker2 bb.props.PunchingWall
Game: Engine splRope4 global.props.Tightrope
Game: Engine splRope5 global.props.Tightrope
Game: Engine Cantlever3 global.props.Geometry
Game: Engine SMASHME2_lf global.props.InteractiveObj
Game: Engine CobWebSparkleFX1F global.effects.CobWebSparkleFX
Game: Engine Cobweb1 global.collectibles.Cobweb
Game: Engine splRope6 global.props.Tightrope
Game: Engine splRope3 global.props.Tightrope
Game: Engine sfFigment45 global.collectibles.SplineFigment
Game: Engine splRope2 global.props.Tightrope
Game: Engine splRope1 global.props.Tightrope
Game: Engine trapeeze13 trapeez
Game: Engine trapeeze trapeez
Game: Engine Cobweb2 global.collectibles.Cobweb
Game: Engine ScriptBase6A ScriptBase
Game: Engine ScriptBase6D ScriptBase
Game: Engine trapeeze14 trapeez
Game: Engine sfFigment64 global.collectibles.SplineFigment
Game: Engine trapeeze2 trapeez
Game: Engine splLadd12 global.props.Ladder
Game: Engine EmoBagPurseLeftTear global.effects.EmoBagTearFX
Game: Engine EmoBagPurse bb.props.EmotionalBaggage
Game: Engine EmoBagPurseRightTear global.effects.EmoBagTearFX
Game: Engine splRailMiddleRail global.props.Railslide
Game: Engine splLadd13 global.props.Ladder
Game: Engine trapeeze4 trapeez
Game: Engine EmoTagPurse global.collectibles.EmotionalBaggageTag
Game: Engine InterestFX31 global.effects.InterestFX
Game: Engine OlemouthEnd bb.props.PunchingWall
Game: Engine sfFigment46 global.collectibles.SplineFigment
Game: Engine trapeeze12 trapeez
Game: Engine CampkidTrapezeBridge global.props.Geometry
Game: Engine Cobweb3 global.collectibles.Cobweb
Game: Engine GunshipMuzzleBlast7E bb.effects.GunshipMuzzleBlast
Game: Engine respwaner5 GEN_respawnpoint
Game: Engine GunshipMuzzleBlast77 bb.effects.GunshipMuzzleBlast
Game: Engine splRail10 global.props.Railslide
Game: Engine GunshipMuzzleBlast8A bb.effects.GunshipMuzzleBlast
Game: Engine GunshipMuzzleBlast94 bb.effects.GunshipMuzzleBlast
Game: Engine GunshipMuzzleBlast78 bb.effects.GunshipMuzzleBlast
Game: Engine Coach bb.characters.Coach
Game: Engine RSO global.props.RailSlideObstacle
Game: Engine GunshipMuzzleBlast7F bb.effects.GunshipMuzzleBlast
Game: Engine GunshipMuzzleBlast7D bb.effects.GunshipMuzzleBlast
Game: Engine GunshipMuzzleBlast7C bb.effects.GunshipMuzzleBlast
Game: Engine GunshipMuzzleBlast93 bb.effects.GunshipMuzzleBlast
Game: Engine RSO2 global.props.RailSlideObstacle
Game: Engine splRail9 global.props.Railslide
Game: Engine RSO3 global.props.RailSlideObstacle
Game: Engine GunshipMuzzleBlast95 bb.effects.GunshipMuzzleBlast
Game: Engine GunshipMuzzleBlast89 bb.effects.GunshipMuzzleBlast
Game: Engine RSO6 global.props.RailSlideObstacle
Game: Engine RSO7 global.props.RailSlideObstacle
Game: Engine GunshipMuzzleBlast82 bb.effects.GunshipMuzzleBlast
Game: Engine GunshipMuzzleBlast84 bb.effects.GunshipMuzzleBlast
Game: Engine GunshipMuzzleBlast8C bb.effects.GunshipMuzzleBlast
Game: Engine GunshipMuzzleBlast99 bb.effects.GunshipMuzzleBlast
Game: Engine GunshipMuzzleBlast85 bb.effects.GunshipMuzzleBlast
Game: Engine GunshipMuzzleBlast9B bb.effects.GunshipMuzzleBlast
Game: Engine GunshipMuzzleBlast87 bb.effects.GunshipMuzzleBlast
Game: Engine GunshipMuzzleBlast80 bb.effects.GunshipMuzzleBlast
Game: Engine RSO9 global.props.RailSlideObstacle
Game: Engine RSO15 global.props.RailSlideObstacle
Game: Engine RSO13 global.props.RailSlideObstacle
Game: Engine GunshipMuzzleBlast90 bb.effects.GunshipMuzzleBlast
Game: Engine RSO11 global.props.RailSlideObstacle
Game: Engine GunshipMuzzleBlast88 bb.effects.GunshipMuzzleBlast
Game: Engine GunshipMuzzleBlast8E bb.effects.GunshipMuzzleBlast
Game: Engine GunshipMuzzleBlast91 bb.effects.GunshipMuzzleBlast
Game: Engine GunshipMuzzleBlast92 bb.effects.GunshipMuzzleBlast
Game: Engine GunshipMuzzleBlast81 bb.effects.GunshipMuzzleBlast
Game: Engine GunshipMuzzleBlast96 bb.effects.GunshipMuzzleBlast
Game: Engine GunshipMuzzleBlast7B bb.effects.GunshipMuzzleBlast
Game: Engine RSO17 global.props.RailSlideObstacle
Game: Engine GunshipMuzzleBlast8D bb.effects.GunshipMuzzleBlast
Game: Engine GunshipMuzzleBlast97 bb.effects.GunshipMuzzleBlast
Game: Engine GunshipMuzzleBlast83 bb.effects.GunshipMuzzleBlast
Game: Engine GunshipMuzzleBlast8F bb.effects.GunshipMuzzleBlast
Game: Engine GunshipMuzzleBlast7A bb.effects.GunshipMuzzleBlast
Game: Engine GunshipMuzzleBlast76 bb.effects.GunshipMuzzleBlast
Game: Engine GunshipMuzzleBlast9A bb.effects.GunshipMuzzleBlast
Game: Engine GunshipMuzzleBlast86 bb.effects.GunshipMuzzleBlast
Game: Engine GunshipMuzzleBlast75 bb.effects.GunshipMuzzleBlast
Game: Engine GunshipMuzzleBlast8B bb.effects.GunshipMuzzleBlast
Game: Engine GunshipMuzzleBlast1C bb.effects.GunshipMuzzleBlast
Game: Engine GunshipMuzzleBlast79 bb.effects.GunshipMuzzleBlast
Game: Engine GunshipMuzzleBlast98 bb.effects.GunshipMuzzleBlast