Game: Engine Listing objects of class global.collectibles.EmotionalBaggageTag
Game: Engine global.collectibles.EmotionalBaggageTag EmoTag3 Position X,Y,Z 2328 685 -3129 Orientation OX,OY,OZ 0 15 0
Game: Engine global.collectibles.EmotionalBaggageTag EmoTag1 Position X,Y,Z -2233 11 -5273 Orientation OX,OY,OZ 0 0 0
Game: Engine global.collectibles.EmotionalBaggageTag EmoTag2 Position X,Y,Z 8421 2092 -4772 Orientation OX,OY,OZ 0 -12 0
Game: Engine global.collectibles.EmotionalBaggageTag EmoTag4 Position X,Y,Z 12049 2099 -6628 Orientation OX,OY,OZ 0 0 0
Game: Engine global.collectibles.EmotionalBaggageTag EmoTag5 Position X,Y,Z 18667 2196 -12753 Orientation OX,OY,OZ 0 -9 0
Game: Engine !!!!!!!!!!!!!!!!!
Game: Engine Listing objects of class global.collectibles.EmotionalBaggage
Game: Engine global.collectibles.EmotionalBaggage EmoBag1 Position X,Y,Z 224 4 -41 Orientation OX,OY,OZ 0 -132 0
Game: Engine global.collectibles.EmotionalBaggage EmoBag3 Position X,Y,Z -545 7 -7681 Orientation OX,OY,OZ 0 0 0
Game: Engine global.collectibles.EmotionalBaggage EmoBag2 Position X,Y,Z 8442 2076 -712 Orientation OX,OY,OZ 0 123 0
Game: Engine global.collectibles.EmotionalBaggage EmoBag4 Position X,Y,Z 17657 2761 -10112 Orientation OX,OY,OZ 0 -65 0
Game: Engine global.collectibles.EmotionalBaggage EmoBag5 Position X,Y,Z 21818 4446 -9950 Orientation OX,OY,OZ 0 -21 0
Game: Engine !!!!!!!!!!!!!!!!!
Game: Engine Listing objects of class global.collectibles.MaxLivesUp
Game: Engine global.collectibles.MaxLivesUp MaxLivesUp1 Position X,Y,Z 21356 4471 -11694 Orientation OX,OY,OZ 0 0 0
Game: Engine !!!!!!!!!!!!!!!!!
Game: Engine Listing objects of class global.collectibles.MaxAmmoUp
Game: Engine global.collectibles.MaxAmmoUp MaxAmmoUP Position X,Y,Z 10615 3051 -6002 Orientation OX,OY,OZ 0 -58 0
Game: Engine !!!!!!!!!!!!!!!!!
Game: Engine Listing objects of class global.collectibles.OneUp
Game: Engine global.collectibles.OneUp OneUp3 Position X,Y,Z -1665 916 2164 Orientation OX,OY,OZ 0 0 0
Game: Engine global.collectibles.OneUp OneUp2 Position X,Y,Z 7971 2402 106 Orientation OX,OY,OZ 0 0 0
Game: Engine global.collectibles.OneUp OneUp1 Position X,Y,Z 16172 2595 -9585 Orientation OX,OY,OZ 0 0 0
Game: Engine !!!!!!!!!!!!!!!!!
Game: Engine Listing objects of class global.characters.Vault
Game: Engine global.characters.Vault prisonVault Position X,Y,Z -1843 0 -5811 Orientation OX,OY,OZ 0 119 0
Game: Engine global.characters.Vault islandVault Position X,Y,Z 17297 2081 -10498 Orientation OX,OY,OZ 0 0 0
Game: Engine !!!!!!!!!!!!!!!!!