Game: Engine InvDisplayer global.otherentities.InvAdder
Game: Engine Dart Dart
Game: Engine RazLH_EntryFX global.props.Geometry
Game: Engine RankBling global.otherentities.RankBling
Game: Engine BucketCrows as.characters.AS_CrowController
Game: Engine GEN_dartStart GEN_dartstart
Game: Engine AS_hypnoTH dummy
Game: Engine gateGloriaLookTarget dummy
Game: Engine fromASGR dummy
Game: Engine gio_GIO_2 global.props.GIO
Game: Engine gio_GIO_6 global.props.GIO
Game: Engine gateGloriaCamPos dummy
Game: Engine teddybear as.props.FredProps
Game: Engine camerapos0 dummy
Game: Engine TikiTorchFX6B_TeenyFlame1a1 dummy
Game: Engine TikiTorchFX6B ca.effects.TikiTorchFX
Game: Engine TorchFire1 bb.props.Fire
Game: Engine TikiTorchFX6C_TeenyFlame1a1 dummy
Game: Engine TorchFire2 bb.props.Fire
Game: Engine TikiTorchFX6C ca.effects.TikiTorchFX
Game: Engine gateElevatorCamPos dummy
Game: Engine gateElevatorDartPos dummy
Game: Engine AS_Orderly as.characters.AS_Orderly
Game: Engine AS_elevatorDoorL as.props.AS_elevatorDoor
Game: Engine AS_elevator as.props.AS_elevator
Game: Engine ToASGR global.props.Teleporter
Game: Engine gateElevatorLookTarget dummy
Game: Engine RazClairDisguise0 mm.props.RazClairDisguise
Game: Engine InterestFX1E global.effects.InterestFX
Game: Engine PsiCard5 global.collectibles.PSIChallengeCard
Game: Engine PsiChallengeCardFX23 global.effects.PsiChallengeCardFX
Game: Engine AS_elevatorDoorR as.props.AS_elevatorDoor
Game: Engine AS_Fred as.characters.AS_Fred
Game: Engine StraightJacket as.props.AS_StraightJacket
Game: Engine InterestFX27 global.effects.InterestFX
Game: Engine AS_hypnoWW dummy
Game: Engine bouncy_bed1 global.props.Trampoline
Game: Engine MeleeCraneFX65 global.effects.MeleeCraneFX
Game: Engine PalmBombSuperHandsFX62 global.effects.PalmBombSuperHandsFX
Game: Engine polySurface163 CameraAlphaEntity
Game: Engine PalmBombSuperFX61 global.effects.PalmBombSuperFX
Game: Engine RazLH_ShockFX global.props.DartShockwave
Game: Engine DialogBubble_SubCloud_2 ParticleEmitter
Game: Engine BVGIOExplosion6E bv.props.BVGIOExplosion
Game: Engine RazLH_SwishFX4 global.props.Geometry
Game: Engine RazLH_SwishFX3 global.props.Geometry
Game: Engine DialogBubble_SubCloud_1 ParticleEmitter
Game: Engine TelekinesisClaw2TKHolder dummy
Game: Engine DialogBubble_SubCloud_0 ParticleEmitter
Game: Engine TelekinesisClaw2 TKClaw
Game: Engine Dialog_Cloud ParticleEmitter
Game: Engine Clairvoyance_Cloud ParticleEmitter
Game: Engine TelekinesisClaw1RazTKClawLine ParticleEmitter
Game: Engine ThoughtBubble ThoughtBubble
Game: Engine RazLH_SwishFX2 global.props.Geometry
Game: Engine Thought_Bubble_Roll ParticleEmitter
Game: Engine RazLH_SwishFX1 global.props.Geometry
Game: Engine Thought_Cloud ParticleEmitter
Game: Engine Thought_SubCloud_0 ParticleEmitter
Game: Engine Thought_SubCloud_1 ParticleEmitter
Game: Engine Thought_SubCloud_2 ParticleEmitter
Game: Engine PalmBombFX60 global.effects.PalmBombFX
Game: Engine MeleeFistFade64 global.effects.MeleeFistFade
Game: Engine Thought_Bubble_Spring ParticleEmitter
Game: Engine TelekinesisClaw1TKHolder dummy
Game: Engine TelekinesisClaw1 TKClaw
Game: Engine PsiBlast5DeflectedPsiBlast global.props.Geometry
Game: Engine PsiBlast5 PsiBlast
Game: Engine PsiBlast4DeflectedPsiBlast global.props.Geometry
Game: Engine PsiBlast4 PsiBlast
Game: Engine PsiBlast3DeflectedPsiBlast global.props.Geometry
Game: Engine PsiBlast3 PsiBlast
Game: Engine TKClawRazTKClawLine ParticleEmitter
Game: Engine MeleeFistFade5F global.effects.MeleeFistFade
Game: Engine MeleeHitNot5E global.effects.MeleeHitNot
Game: Engine FigmentGlobals global.collectibles.FigmentGlobals
Game: Engine FireStartExplodeFX1 global.effects.FireStartExplodeFX
Game: Engine RazPsiShield PsiShield
Game: Engine Decorator2 global.props.Decorator
Game: Engine PlayerInvulIndicator global.effects.RazDamageFX
Game: Engine RazPreDeathFX3 global.effects.RazPreDeathFX
Game: Engine RazRespawnFX4 global.effects.RazRespawnFX
Game: Engine Dart_FXa global.effects.InvisoEyeFX
Game: Engine Dart_FXb global.effects.PsiShieldFailFX
Game: Engine Dart_FXe global.effects.NoAmmoFX
Game: Engine MeleeHitNot5D global.effects.MeleeHitNot
Game: Engine FireStartExplodeSuperFX5 global.effects.FireStartExplodeSuperFX
Game: Engine PsiBlast2DeflectedPsiBlast global.props.Geometry
Game: Engine RazSteamRecoverFX6 global.effects.RazSteamRecoverFX
Game: Engine RazLH global.props.DartMeleeHand
Game: Engine RazRH global.props.DartMeleeHand
Game: Engine GenGibsA global.effects.GenGibs
Game: Engine GenGibsA_affector dummy
Game: Engine GenGibsD global.effects.GenGibs
Game: Engine GenGibsD_affector dummy
Game: Engine MeleeHit5C global.effects.MeleeHit
Game: Engine GenGibsF global.effects.GenGibs
Game: Engine GenGibsF_affector dummy
Game: Engine TKClawTKHolder dummy
Game: Engine MeleeHit5B global.effects.MeleeHit
Game: Engine ClairCamUpdater14 global.otherentities.ClairCamUpdater
Game: Engine ConfusionGrenade16 global.props.ConfusionGrenade
Game: Engine ConfusionGrenade16_fx1 global.effects.ConfusionFuseFX
Game: Engine ConfusionGrenade16_fx2 global.effects.ConfusionBombFX
Game: Engine ConfusionGrenade16_fx2_StreakPopa1 dummy
Game: Engine BallPopFX17 global.effects.BallPopFX
Game: Engine ThoughtBubbleRings global.effects.PsiBallRingsFX
Game: Engine ThoughtBubbleBounce global.effects.PsiBallRingsBounceFX
Game: Engine ThoughtBubbleRings2 global.effects.PsiBallRingsFX
Game: Engine ThoughtBubbleBounce2 global.effects.PsiBallRingsBounceFX
Game: Engine ball_trail engine.BallTrail
Game: Engine ThoughtBubbleSpikes ScriptBase
Game: Engine PsiRailFX18 global.effects.PsiRailFX
Game: Engine PsiBlastFX19 global.effects.PsiBlastFX
Game: Engine PsiBlastHitFX1A global.effects.PsiBlastHitFX
Game: Engine PsiBlastAirHit1B global.effects.PsiBlastAirHit
Game: Engine PsiBlastDeflectFX1C global.effects.PsiBlastDeflectFX
Game: Engine PsiBlastHitSuperFX1D global.effects.PsiBlastHitSuperFX
Game: Engine PsiBlast2 PsiBlast
Game: Engine PsiBlast1DeflectedPsiBlast global.props.Geometry
Game: Engine PsiBlast1 PsiBlast
Game: Engine PsiChallengeCardFX1F global.effects.PsiChallengeCardFX
Game: Engine MeleeHit5A global.effects.MeleeHit
Game: Engine Decorator59 global.props.Decorator
Game: Engine RazPsiShieldFX global.effects.PsiShieldFX
Game: Engine PsiBlast0DeflectedPsiBlast global.props.Geometry
Game: Engine PsiBlast0 PsiBlast
Game: Engine TKClaw TKClaw
Game: Engine LedgeDirtFX6A global.effects.LedgeDirtFX
Game: Engine RazRH_SwishFX3 global.props.Geometry
Game: Engine RankUpFX58_Sparka1 dummy
Game: Engine TelekinesisClaw2RazTKClawLine ParticleEmitter
Game: Engine RankUpFX58 global.effects.RankUpFX
Game: Engine FigmentFX57_Mista1 dummy
Game: Engine Global global.GlobalClass
Game: Engine RazRH_SwishFX2 global.props.Geometry
Game: Engine CrowPoofFX2E as.effects.CrowPoofFX
Game: Engine CrowPoofFX2E_Poofa1 dummy
Game: Engine CrowPoofFX2E_Feathersa1 dummy
Game: Engine CrowPoofFX2E_Feathersa2 dummy
Game: Engine CrowPoofFX2F as.effects.CrowPoofFX
Game: Engine CrowPoofFX2F_Poofa1 dummy
Game: Engine CrowPoofFX2F_Feathersa1 dummy
Game: Engine CrowPoofFX2F_Feathersa2 dummy
Game: Engine CrowPoofFX30 as.effects.CrowPoofFX
Game: Engine CrowPoofFX30_Poofa1 dummy
Game: Engine CrowPoofFX30_Feathersa1 dummy
Game: Engine CrowPoofFX30_Feathersa2 dummy
Game: Engine CrowPoofFX31 as.effects.CrowPoofFX
Game: Engine CrowPoofFX31_Poofa1 dummy
Game: Engine CrowPoofFX31_Feathersa1 dummy
Game: Engine CrowPoofFX31_Feathersa2 dummy
Game: Engine FigmentFX57 global.effects.FigmentFX
Game: Engine RazRH_SwishFX1 global.props.Geometry
Game: Engine BVGIOExplosion6E_WooshSmokea1 dummy
Game: Engine SaltFX global.props.Geometry
Game: Engine ConfusionFX38 global.effects.ConfusionFX
Game: Engine ConfusionFX39 global.effects.ConfusionFX
Game: Engine ConfusionFX3A global.effects.ConfusionFX
Game: Engine ConfusionFX3B global.effects.ConfusionFX
Game: Engine ConfusionFX3C global.effects.ConfusionFX
Game: Engine ConfusionFX3D global.effects.ConfusionFX
Game: Engine ConfusionFX3E global.effects.ConfusionFX
Game: Engine ConfusionFX3F global.effects.ConfusionFX
Game: Engine HealthAmmo40 global.collectibles.HealthAmmo
Game: Engine HealthAmmo41 global.collectibles.HealthAmmo
Game: Engine HealthAmmo42 global.collectibles.HealthAmmo
Game: Engine ConfusionAmmo43 global.collectibles.ConfusionAmmo
Game: Engine ConfusionAmmo44 global.collectibles.ConfusionAmmo
Game: Engine ConfusionAmmo45 global.collectibles.ConfusionAmmo
Game: Engine PsiBlastAmmo46 global.collectibles.PsiBlastAmmo
Game: Engine PsiBlastAmmo47 global.collectibles.PsiBlastAmmo
Game: Engine PsiBlastAmmo48 global.collectibles.PsiBlastAmmo
Game: Engine ArrowheadAmmo49 global.collectibles.ArrowheadAmmo
Game: Engine ArrowheadAmmo4A global.collectibles.ArrowheadAmmo
Game: Engine ArrowheadAmmo4B global.collectibles.ArrowheadAmmo
Game: Engine as.ASCOCutscenes as.ASCOCutscenes
Game: Engine EZSceneTools4C global.camera.EZSceneTools
Game: Engine cutsceneEmoTag ScriptBase
Game: Engine WaterFXManager global.effects.WaterFXManager
Game: Engine RunningRippleFX global.effects.RunningRippleFX
Game: Engine WaterRingsFX global.effects.WaterRingsFX
Game: Engine SplashFX4D global.effects.SplashFX
Game: Engine SplashFX4D_Dropsa1 dummy
Game: Engine SplashFX4E global.effects.SplashFX
Game: Engine SplashFX4E_Dropsa1 dummy
Game: Engine SplashFX4F global.effects.SplashFX
Game: Engine SplashFX4F_Dropsa1 dummy
Game: Engine SplashFX50 global.effects.SplashFX
Game: Engine SplashFX50_Dropsa1 dummy
Game: Engine SplashFX51 global.effects.SplashFX
Game: Engine SplashFX51_Dropsa1 dummy
Game: Engine WaterSplash52 global.effects.WaterSplash
Game: Engine WaterRingsFX53 global.effects.WaterRingsFX
Game: Engine WaterRingsFX54 global.effects.WaterRingsFX
Game: Engine InstaHintFord global.characters.InstaHintFord
Game: Engine baconPoofFX55 global.effects.baconPoofFX
Game: Engine crow666 as.characters.AS_ClairvoyanceCrow
Game: Engine PutAwayFX56 global.effects.PutAwayFX
Game: Engine Dart_FXf_Streamersa1 dummy
Game: Engine Dart_FXf global.effects.invisibilityShockwaveFX
Game: Engine gurneywheel as.props.FredProps
Game: Engine PsiCard2 global.collectibles.PSIChallengeCard
Game: Engine InterestFX25 global.effects.InterestFX
Game: Engine gnome as.props.FredProps
Game: Engine PsiChallengeCardFX21 global.effects.PsiChallengeCardFX
Game: Engine gio_GIO_9 global.props.GIO
Game: Engine Window11 global.props.Geometry
Game: Engine gio_GIO_3 global.props.GIO
Game: Engine AS_BucketCrow2 as.characters.AS_Crow_Bucket
Game: Engine AS_BucketCrow4 as.characters.AS_Crow_Bucket
Game: Engine gio_GIO_7 global.props.GIO
Game: Engine AS_Bucket as.props.AS_Bucket
Game: Engine BrainJarMilka global.collectibles.BrainJar
Game: Engine cantileverTrigger4 gen_proploader
Game: Engine AS_BucketCrow1 as.characters.AS_Crow_Bucket
Game: Engine AS_BucketCrow3 as.characters.AS_Crow_Bucket
Game: Engine gio_GIO_4 global.props.GIO
Game: Engine BrainJarChloe global.collectibles.BrainJar
Game: Engine CrowFeather as.props.AS_CrowFeather
Game: Engine splRope0 global.props.Tightrope
Game: Engine gio_GIO_5 global.props.GIO
Game: Engine cantileverTrigger2 gen_proploader
Game: Engine cantileverTrigger1 gen_proploader
Game: Engine BrainJarMaloof global.collectibles.BrainJar
Game: Engine gio_GIO_8 global.props.GIO
Game: Engine cantileverTrigger3 gen_proploader
Game: Engine BrainJarChops global.collectibles.BrainJar
Game: Engine AS_hypnoBV dummy
Game: Engine InterestFX26 global.effects.InterestFX
Game: Engine PsiCard1 global.collectibles.PSIChallengeCard
Game: Engine PsiChallengeCardFX20 global.effects.PsiChallengeCardFX
Game: Engine gio_GIO_0 global.props.GIO
Game: Engine LobatoPainting as.props.AS_Painting
Game: Engine TargetPainting dummy
Game: Engine InterestFX2A global.effects.InterestFX
Game: Engine gio_GIO_1 global.props.GIO
Game: Engine CardHouse as.props.AS_CardHouse
Game: Engine EdgarChain as.props.AS_EdgarChain
Game: Engine AS_Edgar as.characters.AS_Edgar
Game: Engine PsiChallengeMarker global.collectibles.PsiChallengeMarker
Game: Engine Geometry2D global.props.Geometry
Game: Engine InterestFX24 global.effects.InterestFX
Game: Engine PsiCard3 global.collectibles.PSIChallengeCard
Game: Engine PsiChallengeCardFX22 global.effects.PsiChallengeCardFX
Game: Engine DummyRaz2 dummy
Game: Engine DummyRaz dummy
Game: Engine AS_Paintbrush as.props.AS_Paintbrush
Game: Engine DogPokerPainting as.props.AS_DogPokerPainting
Game: Engine ScriptBase63 ScriptBase
Game: Engine ScriptBase66 ScriptBase