Game: Engine InvDisplayer global.otherentities.InvAdder
Game: Engine Dart Dart
Game: Engine RazLH_EntryFX global.props.Geometry
Game: Engine dartstart GEN_dartstart
Game: Engine SeaUrchinWhistle as.props.AS_SeaUrchinWhistle
Game: Engine RankBling global.otherentities.RankBling
Game: Engine gio_GIO_33 global.props.GIO
Game: Engine gio_GIO_50 global.props.GIO
Game: Engine gio_GIO_48 global.props.GIO
Game: Engine gio_GIO_25 global.props.GIO
Game: Engine gio_GIO_96 global.props.GIO
Game: Engine gio_GIO_49 global.props.GIO
Game: Engine gio_GIO_23 global.props.GIO
Game: Engine gio_GIO_10 global.props.GIO
Game: Engine gio_GIO_24 global.props.GIO
Game: Engine gio_GIO_47 global.props.GIO
Game: Engine gio_GIO_53 global.props.GIO
Game: Engine gio_GIO_22 global.props.GIO
Game: Engine gio_GIO_8 global.props.GIO
Game: Engine respawnpoint0 GEN_waterrespawnpoint
Game: Engine waypointRazTransit dummy
Game: Engine waypointRazTransit2 dummy
Game: Engine gio_GIO_7 global.props.GIO
Game: Engine gio_GIO_1 global.props.GIO
Game: Engine gio_GIO_54 global.props.GIO
Game: Engine gio_GIO_26 global.props.GIO
Game: Engine gio_GIO_46 global.props.GIO
Game: Engine gio_GIO_31 global.props.GIO
Game: Engine gio_GIO_9 global.props.GIO
Game: Engine gio_GIO_56 global.props.GIO
Game: Engine gio_GIO_98 global.props.GIO
Game: Engine Geometry3B global.props.Geometry
Game: Engine LiliBracelet as.props.LilisBracelet
Game: Engine InterestFX3A global.effects.InterestFX
Game: Engine gio_GIO_32 global.props.GIO
Game: Engine gio_GIO_6 global.props.GIO
Game: Engine LightLocator1 dummy
Game: Engine gio_GIO_35 global.props.GIO
Game: Engine gio_GIO_45 global.props.GIO
Game: Engine gio_GIO_21 global.props.GIO
Game: Engine gio_GIO_97 global.props.GIO
Game: Engine InterestFX2F global.effects.InterestFX
Game: Engine PsiCard7 global.collectibles.PSIChallengeCard
Game: Engine bouncy_bed global.props.Trampoline
Game: Engine bedcollision global.props.Geometry
Game: Engine gio_GIO_20 global.props.GIO
Game: Engine AS_Branch1 as.props.AS_Branch
Game: Engine gio_GIO_15 global.props.GIO
Game: Engine PsiChallengeCardFX2A global.effects.PsiChallengeCardFX
Game: Engine gio_GIO_34 global.props.GIO
Game: Engine gio_GIO_44 global.props.GIO
Game: Engine gio_GIO_19 global.props.GIO
Game: Engine bedBeachTarget dummy
Game: Engine gio_GIO_18 global.props.GIO
Game: Engine gio_GIO_30 global.props.GIO
Game: Engine gio_GIO_40 global.props.GIO
Game: Engine splLadd0 global.props.Ladder
Game: Engine gio_GIO_63 global.props.GIO
Game: Engine gio_GIO_43 global.props.GIO
Game: Engine gio_GIO_5 global.props.GIO
Game: Engine gio_GIO_42 global.props.GIO
Game: Engine gio_GIO_64 global.props.GIO
Game: Engine gio_GIO_16 global.props.GIO
Game: Engine SpotLightBugFX31_Bugsa2 dummy
Game: Engine SpotLightBugFX31 as.effects.SpotLightBugFX
Game: Engine SpotLightBugFX31_Bugsa1 dummy
Game: Engine LightLocator2 dummy
Game: Engine gio_GIO_41 global.props.GIO
Game: Engine gio_GIO_60 global.props.GIO
Game: Engine AS_WaterPlane gen_WaterPlane
Game: Engine gio_GIO_62 global.props.GIO
Game: Engine gio_GIO_61 global.props.GIO
Game: Engine gio_GIO_11 global.props.GIO
Game: Engine gio_GIO_29 global.props.GIO
Game: Engine waterCrawlTarg dummy
Game: Engine gio_GIO_57 global.props.GIO
Game: Engine gio_GIO_37 global.props.GIO
Game: Engine gio_GIO_4 global.props.GIO
Game: Engine gio_GIO_39 global.props.GIO
Game: Engine waterCrawlCam dummy
Game: Engine camerapos0 dummy
Game: Engine SpotLightBugFX32 as.effects.SpotLightBugFX
Game: Engine SpotLightBugFX32_Bugsa2 dummy
Game: Engine SpotLightBugFX32_Bugsa1 dummy
Game: Engine gio_GIO_3 global.props.GIO
Game: Engine gio_GIO_28 global.props.GIO
Game: Engine AS_Branch2 as.props.AS_Branch
Game: Engine waterRespawn dummy
Game: Engine gio_GIO_99 global.props.GIO
Game: Engine gio_GIO_13 global.props.GIO
Game: Engine gio_GIO_17 global.props.GIO
Game: Engine gio_GIO_59 global.props.GIO
Game: Engine gio_GIO_66 global.props.GIO
Game: Engine AS_Branch3 as.props.AS_Branch
Game: Engine gio_GIO_38 global.props.GIO
Game: Engine gio_GIO_14 global.props.GIO
Game: Engine gio_GIO_36 global.props.GIO
Game: Engine Crow3 as.characters.AS_CrowFlocking_ASGRCliff
Game: Engine Crow5 as.characters.AS_CrowFlocking_ASGRCliff
Game: Engine gio_GIO_65 global.props.GIO
Game: Engine gio_GIO_55 global.props.GIO
Game: Engine gio_GIO_67 global.props.GIO
Game: Engine gio_GIO_12 global.props.GIO
Game: Engine Crow2 as.characters.AS_CrowFlocking_ASGRCliff
Game: Engine Crow6 as.characters.AS_CrowFlocking_ASGRCliff
Game: Engine Crow1 as.characters.AS_CrowFlocking_ASGRCliff
Game: Engine Crows as.characters.AS_CrowSpawn
Game: Engine Crow4 as.characters.AS_CrowFlocking_ASGRCliff
Game: Engine gio_GIO_58 global.props.GIO
Game: Engine gio_GIO_68 global.props.GIO
Game: Engine AS_hypnoMM dummy
Game: Engine gio_GIO_124 global.props.GIO
Game: Engine gio_GIO_51 global.props.GIO
Game: Engine Chalk global.props.Geometry
Game: Engine AS_Boyd as.characters.AS_Boyd
Game: Engine gio_GIO_104 global.props.GIO
Game: Engine gio_GIO_121 global.props.GIO
Game: Engine gio_GIO_102 global.props.GIO
Game: Engine AS_BoydRant as.characters.AS_BoydRant
Game: Engine gio_GIO_103 global.props.GIO
Game: Engine gio_GIO_101 global.props.GIO
Game: Engine gio_GIO_119 global.props.GIO
Game: Engine BoydDrawing3 gen_spriteActivated
Game: Engine BoydDrawing1 gen_spriteActivated
Game: Engine BoydDrawing2 gen_spriteActivated
Game: Engine asgrMaingateOpen global.props.Geometry
Game: Engine asgrMaingateClosed as.props.AS_NewGate
Game: Engine Spline2Waypoint1 dummy
Game: Engine Spline2Waypoint8 dummy
Game: Engine Spline2Waypoint2 dummy
Game: Engine gio_GIO_52 global.props.GIO
Game: Engine Spline2Waypoint7 dummy
Game: Engine Geometry3D global.props.Geometry
Game: Engine InterestFX3C global.effects.InterestFX
Game: Engine PsiChallengeMarker global.collectibles.PsiChallengeMarker
Game: Engine Spline2Waypoint3 dummy
Game: Engine Spline2Waypoint6 dummy
Game: Engine Spline2Waypoint4 dummy
Game: Engine Spline2Waypoint5 dummy
Game: Engine Spline2ToWaypoint dummy
Game: Engine Spline1Waypoint1 dummy
Game: Engine Spline1Waypoint8 dummy
Game: Engine Spline1Waypoint2 dummy
Game: Engine gio_GIO_27 global.props.GIO
Game: Engine Spline1Waypoint7 dummy
Game: Engine Spline1Waypoint3 dummy
Game: Engine Spline1ToWaypoint dummy
Game: Engine Spline1Waypoint6 dummy
Game: Engine Spline1Waypoint4 dummy
Game: Engine Spline1Waypoint5 dummy
Game: Engine BrainJarJT global.collectibles.BrainJar
Game: Engine PsiCard8 global.collectibles.PSIChallengeCard
Game: Engine InterestFX30 global.effects.InterestFX
Game: Engine PsiChallengeCardFX2D global.effects.PsiChallengeCardFX
Game: Engine gio_GIO_123 global.props.GIO
Game: Engine InterestFX28 global.effects.InterestFX
Game: Engine PsiCard1 global.collectibles.PSIChallengeCard
Game: Engine PsiChallengeCardFX2C global.effects.PsiChallengeCardFX
Game: Engine gio_GIO_91 global.props.GIO
Game: Engine AS_CrowStatue1 as.characters.AS_Crow_Statue
Game: Engine AS_FireflyPatch08 as.props.AS_FireflyPatch
Game: Engine AS_FireflyPatch08Affector2 dummy
Game: Engine CrowFeather as.props.AS_CrowFeather
Game: Engine AS_FireflyPatch08Affector1 dummy
Game: Engine AS_CrowStatue2 as.characters.AS_Crow_Statue
Game: Engine gio_GIO_90 global.props.GIO
Game: Engine AS_CrowStatue3 as.characters.AS_Crow_Statue
Game: Engine gio_GIO_2 global.props.GIO
Game: Engine gio_GIO_100 global.props.GIO
Game: Engine Geometry38 global.props.Geometry
Game: Engine ScavHuntGoldWatch ca.props.ScavengerHuntItem
Game: Engine AS_FireflyPatch09 as.props.AS_FireflyPatch
Game: Engine AS_FireflyPatch09Affector2 dummy
Game: Engine AS_FireflyPatch09Affector1 dummy
Game: Engine AS_FireflyPatch07 as.props.AS_FireflyPatch
Game: Engine AS_FireflyPatch07Affector2 dummy
Game: Engine AS_FireflyPatch07Affector1 dummy
Game: Engine AS_CrowsForStatue as.characters.AS_CrowController
Game: Engine cameraFromHedge dummy
Game: Engine elevator1 as.props.AS_NewElevator
Game: Engine elevator1_RDoor global.props.SimpleDoor
Game: Engine elevator1_LDoor global.props.SimpleDoor
Game: Engine ASGRtoASLB global.props.Teleporter
Game: Engine AS_FireflyPatch05 as.props.AS_FireflyPatch
Game: Engine AS_FireflyPatch05Affector2 dummy
Game: Engine AS_FireflyPatch05Affector1 dummy
Game: Engine AS_FireflyPatch06Affector2 dummy
Game: Engine AS_FireflyPatch06 as.props.AS_FireflyPatch
Game: Engine AS_FireflyPatch06Affector1 dummy
Game: Engine AS_CrowBrain2 as.characters.AS_CrowFlocking
Game: Engine BrainCrows as.characters.AS_CrowController
Game: Engine AS_CrowBrain1 as.characters.AS_CrowFlocking
Game: Engine AS_FireflyPatch01Affector2 dummy
Game: Engine AS_FireflyPatch01 as.props.AS_FireflyPatch
Game: Engine AS_FireflyPatch01Affector1 dummy
Game: Engine AS_FireflyPatch03Affector2 dummy
Game: Engine AS_FireflyPatch03 as.props.AS_FireflyPatch
Game: Engine AS_FireflyPatch03Affector1 dummy
Game: Engine AS_FireflyPatch02Affector2 dummy
Game: Engine AS_FireflyPatch02 as.props.AS_FireflyPatch
Game: Engine AS_FireflyPatch02Affector1 dummy
Game: Engine PsiCard6 global.collectibles.PSIChallengeCard
Game: Engine PsiChallengeCardFX2B global.effects.PsiChallengeCardFX
Game: Engine BrainJarFranke global.collectibles.BrainJar
Game: Engine AS_FireflyPatch04Affector2 dummy
Game: Engine AS_FireflyPatch04 as.props.AS_FireflyPatch
Game: Engine AS_FireflyPatch04Affector1 dummy
Game: Engine window global.props.Geometry
Game: Engine BrainJarKitty global.collectibles.BrainJar
Game: Engine gateGloriaLookTarget dummy
Game: Engine ToASCO global.props.Teleporter
Game: Engine AS_hypnoTH dummy
Game: Engine fromASCO dummy
Game: Engine AS_Gloria as.characters.AS_Gloria
Game: Engine LobatoHand as.props.AS_hand
Game: Engine trophyGlintFX as.effects.TrohpyGlintFX
Game: Engine Geometry27 global.props.Geometry
Game: Engine InterestFX26 global.effects.InterestFX
Game: Engine gateGloriaCamPos dummy
Game: Engine RazRH global.props.DartMeleeHand
Game: Engine RazLH global.props.DartMeleeHand
Game: Engine PsiBlastHitFX22 global.effects.PsiBlastHitFX
Game: Engine PsiBlastAirHit23 global.effects.PsiBlastAirHit
Game: Engine PsiBlastDeflectFX24 global.effects.PsiBlastDeflectFX
Game: Engine PsiBlastHitSuperFX25 global.effects.PsiBlastHitSuperFX
Game: Engine ConfusionGrenade1E_fx2 global.effects.ConfusionBombFX
Game: Engine ConfusionGrenade1E_fx1 global.effects.ConfusionFuseFX
Game: Engine ThoughtBubbleRings global.effects.PsiBallRingsFX
Game: Engine ConfusionGrenade1E global.props.ConfusionGrenade
Game: Engine ClairCamUpdater1C global.otherentities.ClairCamUpdater
Game: Engine GenGibs12 global.effects.GenGibs
Game: Engine GenGibs8_affector dummy
Game: Engine GenGibs8 global.effects.GenGibs
Game: Engine RazSteamRecoverFX6 global.effects.RazSteamRecoverFX
Game: Engine BallPopFX1F global.effects.BallPopFX
Game: Engine PsiBlastFX21 global.effects.PsiBlastFX
Game: Engine PsiRailFX20 global.effects.PsiRailFX
Game: Engine PsiChallengeCardFX29 global.effects.PsiChallengeCardFX
Game: Engine FireStartExplodeSuperFX5 global.effects.FireStartExplodeSuperFX
Game: Engine ThoughtBubbleSpikes ScriptBase
Game: Engine ball_trail engine.BallTrail
Game: Engine Dart_FXe global.effects.NoAmmoFX
Game: Engine Dart_FXb global.effects.PsiShieldFailFX
Game: Engine Dart_FXa global.effects.InvisoEyeFX
Game: Engine ThoughtBubbleBounce2 global.effects.PsiBallRingsBounceFX
Game: Engine GenGibs1A_affector dummy
Game: Engine CrowPoofFX33 as.effects.CrowPoofFX
Game: Engine CrowPoofFX33_Poofa1 dummy
Game: Engine CrowPoofFX33_Feathersa1 dummy
Game: Engine CrowPoofFX33_Feathersa2 dummy
Game: Engine CrowPoofFX34 as.effects.CrowPoofFX
Game: Engine CrowPoofFX34_Poofa1 dummy
Game: Engine CrowPoofFX34_Feathersa1 dummy
Game: Engine CrowPoofFX34_Feathersa2 dummy
Game: Engine CrowPoofFX35 as.effects.CrowPoofFX
Game: Engine CrowPoofFX35_Poofa1 dummy
Game: Engine CrowPoofFX35_Feathersa1 dummy
Game: Engine CrowPoofFX35_Feathersa2 dummy
Game: Engine CrowPoofFX36 as.effects.CrowPoofFX
Game: Engine CrowPoofFX36_Poofa1 dummy
Game: Engine CrowPoofFX36_Feathersa1 dummy
Game: Engine CrowPoofFX36_Feathersa2 dummy
Game: Engine ThoughtBubbleRings2 global.effects.PsiBallRingsFX
Game: Engine RazRespawnFX4 global.effects.RazRespawnFX
Game: Engine CharResponseHandler39 global.util.CharResponseHandler
Game: Engine RazPreDeathFX3 global.effects.RazPreDeathFX
Game: Engine GenGibs1A global.effects.GenGibs
Game: Engine GenGibs12_affector dummy
Game: Engine ThoughtBubbleBounce global.effects.PsiBallRingsBounceFX
Game: Engine PlayerInvulIndicator global.effects.RazDamageFX
Game: Engine Decorator2 global.props.Decorator
Game: Engine SaltFX global.props.Geometry
Game: Engine ConfusionFX44 global.effects.ConfusionFX
Game: Engine ConfusionFX45 global.effects.ConfusionFX
Game: Engine ConfusionFX46 global.effects.ConfusionFX
Game: Engine ConfusionFX47 global.effects.ConfusionFX
Game: Engine ConfusionFX48 global.effects.ConfusionFX
Game: Engine ConfusionFX49 global.effects.ConfusionFX
Game: Engine ConfusionFX4A global.effects.ConfusionFX
Game: Engine ConfusionFX4B global.effects.ConfusionFX
Game: Engine HealthAmmo4C global.collectibles.HealthAmmo
Game: Engine HealthAmmo4D global.collectibles.HealthAmmo
Game: Engine HealthAmmo4E global.collectibles.HealthAmmo
Game: Engine ConfusionAmmo4F global.collectibles.ConfusionAmmo
Game: Engine ConfusionAmmo50 global.collectibles.ConfusionAmmo
Game: Engine ConfusionAmmo51 global.collectibles.ConfusionAmmo
Game: Engine PsiBlastAmmo52 global.collectibles.PsiBlastAmmo
Game: Engine PsiBlastAmmo53 global.collectibles.PsiBlastAmmo
Game: Engine PsiBlastAmmo54 global.collectibles.PsiBlastAmmo
Game: Engine ArrowheadAmmo55 global.collectibles.ArrowheadAmmo
Game: Engine ArrowheadAmmo56 global.collectibles.ArrowheadAmmo
Game: Engine ArrowheadAmmo57 global.collectibles.ArrowheadAmmo
Game: Engine as.ASGRCutscenes as.ASGRCutscenes
Game: Engine EZSceneTools58 global.camera.EZSceneTools
Game: Engine cutsceneEmoTag ScriptBase
Game: Engine DummyWhistle dummy
Game: Engine DummyLungfish global.characters.ActionActor
Game: Engine WaterFXManager global.effects.WaterFXManager
Game: Engine RunningRippleFX global.effects.RunningRippleFX
Game: Engine WaterRingsFX global.effects.WaterRingsFX
Game: Engine SplashFX59 global.effects.SplashFX
Game: Engine SplashFX59_Dropsa1 dummy
Game: Engine SplashFX5A global.effects.SplashFX
Game: Engine SplashFX5A_Dropsa1 dummy
Game: Engine SplashFX5B global.effects.SplashFX
Game: Engine SplashFX5B_Dropsa1 dummy
Game: Engine SplashFX5C global.effects.SplashFX
Game: Engine SplashFX5C_Dropsa1 dummy
Game: Engine SplashFX5D global.effects.SplashFX
Game: Engine SplashFX5D_Dropsa1 dummy
Game: Engine WaterSplash5E global.effects.WaterSplash
Game: Engine WaterRingsFX5F global.effects.WaterRingsFX
Game: Engine WaterRingsFX60 global.effects.WaterRingsFX
Game: Engine InstaHintFord global.characters.InstaHintFord
Game: Engine baconPoofFX61 global.effects.baconPoofFX
Game: Engine ConfusionGrenade1E_fx2_StreakPopa1 dummy
Game: Engine ASGR_domainControl as.props.ASGR_domainControl
Game: Engine crow666 as.characters.AS_ClairvoyanceCrow
Game: Engine PutAwayFX64 global.effects.PutAwayFX
Game: Engine FigmentFX65 global.effects.FigmentFX
Game: Engine FigmentFX65_Mista1 dummy
Game: Engine RankUpFX66 global.effects.RankUpFX
Game: Engine RankUpFX66_Sparka1 dummy
Game: Engine RazPsiShieldFX global.effects.PsiShieldFX
Game: Engine Decorator67 global.props.Decorator
Game: Engine MeleeHit68 global.effects.MeleeHit
Game: Engine MeleeHit69 global.effects.MeleeHit
Game: Engine MeleeHit6A global.effects.MeleeHit
Game: Engine MeleeHitNot6B global.effects.MeleeHitNot
Game: Engine MeleeHitNot6C global.effects.MeleeHitNot
Game: Engine MeleeFistFade6D global.effects.MeleeFistFade
Game: Engine PalmBombFX6E global.effects.PalmBombFX
Game: Engine RazLH_SwishFX1 global.props.Geometry
Game: Engine RazLH_SwishFX2 global.props.Geometry
Game: Engine RazLH_SwishFX3 global.props.Geometry
Game: Engine RazLH_SwishFX4 global.props.Geometry
Game: Engine RazPsiShield PsiShield
Game: Engine RazLH_ShockFX global.props.DartShockwave
Game: Engine PalmBombSuperFX6F global.effects.PalmBombSuperFX
Game: Engine PalmBombSuperHandsFX70 global.effects.PalmBombSuperHandsFX
Game: Engine MeleeFistFade72 global.effects.MeleeFistFade
Game: Engine MeleeCraneFX73 global.effects.MeleeCraneFX
Game: Engine RazRH_SwishFX1 global.props.Geometry
Game: Engine RazRH_SwishFX2 global.props.Geometry
Game: Engine RazRH_SwishFX3 global.props.Geometry
Game: Engine FigmentGlobals global.collectibles.FigmentGlobals
Game: Engine LedgeDirtFX78 global.effects.LedgeDirtFX
Game: Engine DialogBubble_SubCloud_2 ParticleEmitter
Game: Engine DialogBubble_SubCloud_1 ParticleEmitter
Game: Engine DialogBubble_SubCloud_0 ParticleEmitter
Game: Engine Dialog_Cloud ParticleEmitter
Game: Engine Clairvoyance_Cloud ParticleEmitter
Game: Engine PsiBlast5DeflectedPsiBlast global.props.Geometry
Game: Engine PsiBlast5 PsiBlast
Game: Engine PsiBlast4DeflectedPsiBlast global.props.Geometry
Game: Engine PsiBlast4 PsiBlast
Game: Engine PsiBlast3DeflectedPsiBlast global.props.Geometry
Game: Engine PsiBlast3 PsiBlast
Game: Engine PsiBlast2DeflectedPsiBlast global.props.Geometry
Game: Engine PsiBlast2 PsiBlast
Game: Engine PsiBlast1DeflectedPsiBlast global.props.Geometry
Game: Engine PsiBlast1 PsiBlast
Game: Engine PsiBlast0DeflectedPsiBlast global.props.Geometry
Game: Engine PsiBlast0 PsiBlast
Game: Engine TelekinesisClaw2RazTKClawLine ParticleEmitter
Game: Engine TelekinesisClaw2TKHolder dummy
Game: Engine TelekinesisClaw2 TKClaw
Game: Engine TelekinesisClaw1RazTKClawLine ParticleEmitter
Game: Engine TelekinesisClaw1TKHolder dummy
Game: Engine TelekinesisClaw1 TKClaw
Game: Engine TKClawRazTKClawLine ParticleEmitter
Game: Engine TKClawTKHolder dummy
Game: Engine TKClaw TKClaw
Game: Engine Global global.GlobalClass
Game: Engine Thought_Bubble_Spring ParticleEmitter
Game: Engine Thought_SubCloud_2 ParticleEmitter
Game: Engine Thought_SubCloud_1 ParticleEmitter
Game: Engine BVGIOExplosion7A bv.props.BVGIOExplosion
Game: Engine BVGIOExplosion7A_WooshSmokea1 dummy
Game: Engine Thought_SubCloud_0 ParticleEmitter
Game: Engine Thought_Cloud ParticleEmitter
Game: Engine Thought_Bubble_Roll ParticleEmitter
Game: Engine ThoughtBubble ThoughtBubble
Game: Engine FireStartExplodeFX1 global.effects.FireStartExplodeFX
Game: Engine Dart_FXf global.effects.invisibilityShockwaveFX
Game: Engine Dart_FXf_Streamersa1 dummy
Game: Engine ScriptBase71 ScriptBase
Game: Engine ScriptBase74 ScriptBase
Game: Engine watercurse global.characters.Watercurse