Game: Engine Dart Dart
Game: Engine AS_Start GEN_dartstart
Game: Engine RazLH_EntryFX global.props.Geometry
Game: Engine RankBling global.otherentities.RankBling
Game: Engine elevator2 as.props.AS_NewElevator
Game: Engine elevator2_LDoor global.props.SimpleDoor
Game: Engine elevator2_RDoor global.props.SimpleDoor
Game: Engine Dart_FXf global.effects.invisibilityShockwaveFX
Game: Engine Dart_FXf_Streamersa1 dummy
Game: Engine InterestFX21 global.effects.InterestFX
Game: Engine InvDisplayer global.otherentities.InvAdder
Game: Engine TelekinesisClaw1 TKClaw
Game: Engine TelekinesisClaw1TKHolder dummy
Game: Engine TelekinesisClaw1RazTKClawLine ParticleEmitter
Game: Engine TelekinesisClaw2 TKClaw
Game: Engine TelekinesisClaw2TKHolder dummy
Game: Engine TelekinesisClaw2RazTKClawLine ParticleEmitter
Game: Engine PsiBlast0 PsiBlast
Game: Engine PsiBlast0DeflectedPsiBlast global.props.Geometry
Game: Engine PsiBlast1 PsiBlast
Game: Engine PsiBlast1DeflectedPsiBlast global.props.Geometry
Game: Engine PsiBlast2 PsiBlast
Game: Engine PsiBlast2DeflectedPsiBlast global.props.Geometry
Game: Engine PsiBlast3 PsiBlast
Game: Engine PsiBlast3DeflectedPsiBlast global.props.Geometry
Game: Engine PsiBlast4 PsiBlast
Game: Engine PsiBlast4DeflectedPsiBlast global.props.Geometry
Game: Engine PsiBlast5 PsiBlast
Game: Engine PsiBlast5DeflectedPsiBlast global.props.Geometry
Game: Engine Clairvoyance_Cloud ParticleEmitter
Game: Engine Dialog_Cloud ParticleEmitter
Game: Engine DialogBubble_SubCloud_0 ParticleEmitter
Game: Engine DialogBubble_SubCloud_1 ParticleEmitter
Game: Engine DialogBubble_SubCloud_2 ParticleEmitter
Game: Engine BVGIOExplosion71 bv.props.BVGIOExplosion
Game: Engine stairs as.props.Stairs
Game: Engine ramp global.props.Geometry
Game: Engine lamp5 CameraAlphaEntity
Game: Engine lamp4 CameraAlphaEntity
Game: Engine lamp3 CameraAlphaEntity
Game: Engine lamp1 CameraAlphaEntity
Game: Engine lamp2 CameraAlphaEntity
Game: Engine ASLB_domainControl as.props.ASLB_domainControl
Game: Engine TKClawTKHolder dummy
Game: Engine TKClaw TKClaw
Game: Engine LedgeDirtFX6F global.effects.LedgeDirtFX
Game: Engine RazRH_SwishFX3 global.props.Geometry
Game: Engine RazRH_SwishFX2 global.props.Geometry
Game: Engine RazRH_SwishFX1 global.props.Geometry
Game: Engine MeleeCraneFX6A global.effects.MeleeCraneFX
Game: Engine death global.props.DeathPlane
Game: Engine teatable global.props.Geometry
Game: Engine ASLBtoASUP global.props.Teleporter
Game: Engine MeleeFistFade69 global.effects.MeleeFistFade
Game: Engine PalmBombSuperHandsFX67 global.effects.PalmBombSuperHandsFX
Game: Engine habitrail global.props.Geometry
Game: Engine TKClawRazTKClawLine ParticleEmitter
Game: Engine FigmentGlobals global.collectibles.FigmentGlobals
Game: Engine FireStartExplodeFX0 global.effects.FireStartExplodeFX
Game: Engine Global global.GlobalClass
Game: Engine RazPsiShield PsiShield
Game: Engine Decorator1 global.props.Decorator
Game: Engine PlayerInvulIndicator global.effects.RazDamageFX
Game: Engine RazPreDeathFX2 global.effects.RazPreDeathFX
Game: Engine RazRespawnFX3 global.effects.RazRespawnFX
Game: Engine Dart_FXa global.effects.InvisoEyeFX
Game: Engine Dart_FXb global.effects.PsiShieldFailFX
Game: Engine Dart_FXe global.effects.NoAmmoFX
Game: Engine Thought_Bubble_Spring ParticleEmitter
Game: Engine Thought_SubCloud_2 ParticleEmitter
Game: Engine Thought_SubCloud_1 ParticleEmitter
Game: Engine Thought_SubCloud_0 ParticleEmitter
Game: Engine FireStartExplodeSuperFX4 global.effects.FireStartExplodeSuperFX
Game: Engine RazSteamRecoverFX5 global.effects.RazSteamRecoverFX
Game: Engine RazLH global.props.DartMeleeHand
Game: Engine RazRH global.props.DartMeleeHand
Game: Engine ClairCamUpdaterE global.otherentities.ClairCamUpdater
Game: Engine ConfusionGrenade10 global.props.ConfusionGrenade
Game: Engine ConfusionGrenade10_fx1 global.effects.ConfusionFuseFX
Game: Engine ConfusionGrenade10_fx2 global.effects.ConfusionBombFX
Game: Engine ConfusionGrenade10_fx2_StreakPopa1 dummy
Game: Engine BallPopFX11 global.effects.BallPopFX
Game: Engine ThoughtBubbleRings global.effects.PsiBallRingsFX
Game: Engine ThoughtBubbleBounce global.effects.PsiBallRingsBounceFX
Game: Engine ThoughtBubbleRings2 global.effects.PsiBallRingsFX
Game: Engine ThoughtBubbleBounce2 global.effects.PsiBallRingsBounceFX
Game: Engine ball_trail engine.BallTrail
Game: Engine ThoughtBubbleSpikes ScriptBase
Game: Engine PsiRailFX12 global.effects.PsiRailFX
Game: Engine PsiBlastFX13 global.effects.PsiBlastFX
Game: Engine PsiBlastHitFX14 global.effects.PsiBlastHitFX
Game: Engine PsiBlastAirHit15 global.effects.PsiBlastAirHit
Game: Engine PsiBlastDeflectFX16 global.effects.PsiBlastDeflectFX
Game: Engine PsiBlastHitSuperFX17 global.effects.PsiBlastHitSuperFX
Game: Engine PalmBombSuperFX66 global.effects.PalmBombSuperFX
Game: Engine RazLH_ShockFX global.props.DartShockwave
Game: Engine Thought_Cloud ParticleEmitter
Game: Engine RazLH_SwishFX4 global.props.Geometry
Game: Engine RazLH_SwishFX3 global.props.Geometry
Game: Engine RazLH_SwishFX2 global.props.Geometry
Game: Engine PsiChallengeCardFX1A global.effects.PsiChallengeCardFX
Game: Engine RazLH_SwishFX1 global.props.Geometry
Game: Engine PalmBombFX65 global.effects.PalmBombFX
Game: Engine MeleeFistFade64 global.effects.MeleeFistFade
Game: Engine MeleeHitNot63 global.effects.MeleeHitNot
Game: Engine MeleeHitNot62 global.effects.MeleeHitNot
Game: Engine MeleeHit61 global.effects.MeleeHit
Game: Engine MeleeHit60 global.effects.MeleeHit
Game: Engine Thought_Bubble_Roll ParticleEmitter
Game: Engine ThoughtBubble ThoughtBubble
Game: Engine MeleeHit5F global.effects.MeleeHit
Game: Engine SaltFX global.props.Geometry
Game: Engine ConfusionFX27 global.effects.ConfusionFX
Game: Engine ConfusionFX28 global.effects.ConfusionFX
Game: Engine ConfusionFX29 global.effects.ConfusionFX
Game: Engine ConfusionFX2A global.effects.ConfusionFX
Game: Engine ConfusionFX2B global.effects.ConfusionFX
Game: Engine ConfusionFX2C global.effects.ConfusionFX
Game: Engine ConfusionFX2D global.effects.ConfusionFX
Game: Engine ConfusionFX2E global.effects.ConfusionFX
Game: Engine HealthAmmo2F global.collectibles.HealthAmmo
Game: Engine HealthAmmo30 global.collectibles.HealthAmmo
Game: Engine HealthAmmo31 global.collectibles.HealthAmmo
Game: Engine ConfusionAmmo32 global.collectibles.ConfusionAmmo
Game: Engine ConfusionAmmo33 global.collectibles.ConfusionAmmo
Game: Engine ConfusionAmmo34 global.collectibles.ConfusionAmmo
Game: Engine PsiBlastAmmo35 global.collectibles.PsiBlastAmmo
Game: Engine PsiBlastAmmo36 global.collectibles.PsiBlastAmmo
Game: Engine PsiBlastAmmo37 global.collectibles.PsiBlastAmmo
Game: Engine ArrowheadAmmo38 global.collectibles.ArrowheadAmmo
Game: Engine ArrowheadAmmo39 global.collectibles.ArrowheadAmmo
Game: Engine ArrowheadAmmo3A global.collectibles.ArrowheadAmmo
Game: Engine as.ASLBCutscenes as.ASLBCutscenes
Game: Engine EZSceneTools3B global.camera.EZSceneTools
Game: Engine cutsceneEmoTag ScriptBase
Game: Engine as.ASLBCutscenesPsiBlast PsiBlast
Game: Engine as.ASLBCutscenesPsiBlastDeflectedPsiBlast global.props.Geometry
Game: Engine WaterFXManager global.effects.WaterFXManager
Game: Engine RunningRippleFX global.effects.RunningRippleFX
Game: Engine WaterRingsFX global.effects.WaterRingsFX
Game: Engine SplashFX3C global.effects.SplashFX
Game: Engine SplashFX3C_Dropsa1 dummy
Game: Engine SplashFX3D global.effects.SplashFX
Game: Engine SplashFX3D_Dropsa1 dummy
Game: Engine SplashFX3E global.effects.SplashFX
Game: Engine SplashFX3E_Dropsa1 dummy
Game: Engine SplashFX3F global.effects.SplashFX
Game: Engine SplashFX3F_Dropsa1 dummy
Game: Engine SplashFX40 global.effects.SplashFX
Game: Engine SplashFX40_Dropsa1 dummy
Game: Engine WaterSplash41 global.effects.WaterSplash
Game: Engine WaterRingsFX42 global.effects.WaterRingsFX
Game: Engine WaterRingsFX43 global.effects.WaterRingsFX
Game: Engine InstaHintFord global.characters.InstaHintFord
Game: Engine baconPoofFX44 global.effects.baconPoofFX
Game: Engine Decorator5E global.props.Decorator
Game: Engine BrainFailFX45 as.effects.BrainFailFX
Game: Engine PokeyLopePsiBlastFX46 global.effects.PokeyLopePsiBlastFX
Game: Engine PokeyLopePsiBlastHitFX47 global.effects.PokeyLopePsiBlastHitFX
Game: Engine RazPsiShieldFX global.effects.PsiShieldFX
Game: Engine RankUpFX5D_Sparka1 dummy
Game: Engine PokeyProp as.props.PokeyProp
Game: Engine BVGIOExplosion71_WooshSmokea1 dummy
Game: Engine DummyTKClaw as.props.DummyTKClaw
Game: Engine PokeyBrain as.props.Brain
Game: Engine SashaPsiBlast PsiBlast
Game: Engine SashaPsiBlastDeflectedPsiBlast global.props.Geometry
Game: Engine MillaPsiBlast PsiBlast
Game: Engine MillaPsiBlastDeflectedPsiBlast global.props.Geometry
Game: Engine RankUpFX5D global.effects.RankUpFX
Game: Engine FigmentFX5C_Mista1 dummy
Game: Engine CharResponseHandler4F global.util.CharResponseHandler
Game: Engine CharResponseHandler50 global.util.CharResponseHandler
Game: Engine CharResponseHandler51 global.util.CharResponseHandler
Game: Engine FigmentFX5C global.effects.FigmentFX
Game: Engine PutAwayFX5B global.effects.PutAwayFX
Game: Engine BrainHelper2 as.props.BrainHelper
Game: Engine BrainHelper1 as.props.BrainHelper
Game: Engine CrowPoofFX56 as.effects.CrowPoofFX
Game: Engine CrowPoofFX56_Poofa1 dummy
Game: Engine CrowPoofFX56_Feathersa1 dummy
Game: Engine CrowPoofFX56_Feathersa2 dummy
Game: Engine CrowPoofFX57 as.effects.CrowPoofFX
Game: Engine CrowPoofFX57_Poofa1 dummy
Game: Engine CrowPoofFX57_Feathersa1 dummy
Game: Engine CrowPoofFX57_Feathersa2 dummy
Game: Engine CrowPoofFX58 as.effects.CrowPoofFX
Game: Engine CrowPoofFX58_Poofa1 dummy
Game: Engine CrowPoofFX58_Feathersa1 dummy
Game: Engine CrowPoofFX58_Feathersa2 dummy
Game: Engine CrowPoofFX59 as.effects.CrowPoofFX
Game: Engine CrowPoofFX59_Poofa1 dummy
Game: Engine CrowPoofFX59_Feathersa1 dummy
Game: Engine CrowPoofFX59_Feathersa2 dummy
Game: Engine CharResponseHandler5A global.util.CharResponseHandler
Game: Engine stairsCollide global.props.Geometry
Game: Engine InterestFX1F global.effects.InterestFX
Game: Engine PsiCard8 global.collectibles.PSIChallengeCard
Game: Engine PsiChallengeCardFX1C global.effects.PsiChallengeCardFX
Game: Engine stairsCrow as.characters.StairsCrow
Game: Engine Cage as.props.Cage
Game: Engine splLadd0 global.props.Ladder
Game: Engine BrainJarVernon global.collectibles.BrainJar
Game: Engine gio_GIO_5 global.props.GIO
Game: Engine lobatoShield as.props.LobatoShield
Game: Engine Lobato as.characters.Lobato
Game: Engine PsiCard3 global.collectibles.PSIChallengeCard
Game: Engine InterestFX20 global.effects.InterestFX
Game: Engine TableBrain as.props.Brain
Game: Engine PsiChallengeCardFX1D global.effects.PsiChallengeCardFX
Game: Engine Pokeylope as.characters.Pokeylope
Game: Engine Sashabrainjar global.props.Geometry
Game: Engine Millabrainjar global.props.Geometry
Game: Engine BrainTankClaw as.characters.BrainTankClaw
Game: Engine BrainHelper3 as.props.BrainHelper
Game: Engine BrainTank as.props.BrainTank
Game: Engine OutsideCamLoc dummy
Game: Engine Sasha as.characters.Sasha
Game: Engine PokeyPic ScriptBase
Game: Engine Sheegor as.characters.Sheegor
Game: Engine Lili as.characters.Lili
Game: Engine Helmet ScriptBase
Game: Engine Jacket ScriptBase
Game: Engine gio_GIO_2 global.props.GIO
Game: Engine PsiCard5 global.collectibles.PSIChallengeCard
Game: Engine InterestFX18 global.effects.InterestFX
Game: Engine gio_GIO_1 global.props.GIO
Game: Engine gio_GIO_0 global.props.GIO
Game: Engine gio_GIO_3 global.props.GIO
Game: Engine Milla as.characters.Milla
Game: Engine ASLBtoASGR global.props.Teleporter
Game: Engine gio_GIO_4 global.props.GIO
Game: Engine Cake as.props.Cake
Game: Engine Geometry55 global.props.Geometry
Game: Engine PsiChallengeCardFX19 global.effects.PsiChallengeCardFX
Game: Engine InterestFX54 global.effects.InterestFX
Game: Engine elevator1 as.props.AS_NewElevator
Game: Engine PsiCard6 global.collectibles.PSIChallengeCard
Game: Engine InterestFX1E global.effects.InterestFX
Game: Engine PsiChallengeCardFX1B global.effects.PsiChallengeCardFX
Game: Engine BrainJarMikhail global.collectibles.BrainJar
Game: Engine BrainJarElton global.collectibles.BrainJar
Game: Engine elevator1_LDoor global.props.SimpleDoor
Game: Engine elevator1_RDoor global.props.SimpleDoor
Game: Engine ScriptBase68 ScriptBase
Game: Engine ScriptBase6B ScriptBase