Game: Engine InvDisplayer global.otherentities.InvAdder
Game: Engine Dart Dart
Game: Engine RazLH_EntryFX global.props.Geometry
Game: Engine elevator1 as.props.AS_NewElevator
Game: Engine RankBling global.otherentities.RankBling
Game: Engine elevator1_LDoor global.props.SimpleDoor
Game: Engine elevator1_RDoor global.props.SimpleDoor
Game: Engine pole010 gen_proploader
Game: Engine GEN_dartStart GEN_dartstart
Game: Engine gio_GIO_38 global.props.GIO
Game: Engine gio_GIO_21 global.props.GIO
Game: Engine gio_GIO_24 global.props.GIO
Game: Engine SmallFogFX47 ni.effects.SmallFogFX
Game: Engine splRail3 global.props.Railslide
Game: Engine RatSpawner5 global.props.ScriptSpawner
Game: Engine SmallFogFX4A ni.effects.SmallFogFX
Game: Engine SmallFogFX41 ni.effects.SmallFogFX
Game: Engine cantilever4 global.props.Geometry
Game: Engine bed20 global.props.Geometry
Game: Engine bouncy_bed20 global.props.Trampoline
Game: Engine PsiCard3 global.collectibles.PSIChallengeCard
Game: Engine InterestFX28 global.effects.InterestFX
Game: Engine PsiChallengeCardFX24 global.effects.PsiChallengeCardFX
Game: Engine gio_GIO_58 global.props.GIO
Game: Engine gio_GIO_36 global.props.GIO
Game: Engine gio_GIO_19 global.props.GIO
Game: Engine cantilever9 global.props.Geometry
Game: Engine SmallFogFX43 ni.effects.SmallFogFX
Game: Engine gio_GIO_25 global.props.GIO
Game: Engine gio_GIO_66 global.props.GIO
Game: Engine InterestFX2A global.effects.InterestFX
Game: Engine PsiCard5 global.collectibles.PSIChallengeCard
Game: Engine PsiChallengeCardFX25 global.effects.PsiChallengeCardFX
Game: Engine trapeez4 trapeez
Game: Engine SmallFogFX45 ni.effects.SmallFogFX
Game: Engine SmallFogFX4B ni.effects.SmallFogFX
Game: Engine gio_GIO_20 global.props.GIO
Game: Engine gio_GIO_72 global.props.GIO
Game: Engine gio_GIO_73 global.props.GIO
Game: Engine splRail2 global.props.Railslide
Game: Engine gio_GIO_14 global.props.GIO
Game: Engine bed19 global.props.Geometry
Game: Engine bouncy_bed19 global.props.Trampoline
Game: Engine RatSpawner1 global.props.ScriptSpawner
Game: Engine gio_GIO_80 global.props.GIO
Game: Engine gio_GIO_67 global.props.GIO
Game: Engine splRail5 global.props.Railslide
Game: Engine respawnpoint0 GEN_respawnpoint
Game: Engine gio_GIO_29 global.props.GIO
Game: Engine gio_GIO_53 global.props.GIO
Game: Engine RatSpawner3 global.props.ScriptSpawner
Game: Engine BrainJarElka global.collectibles.BrainJar
Game: Engine gio_GIO_9 global.props.GIO
Game: Engine gio_GIO_43 global.props.GIO
Game: Engine gio_GIO_41 global.props.GIO
Game: Engine gio_GIO_74 global.props.GIO
Game: Engine gio_GIO_27 global.props.GIO
Game: Engine SmallFogFX46 ni.effects.SmallFogFX
Game: Engine gio_GIO_44 global.props.GIO
Game: Engine gio_GIO_52 global.props.GIO
Game: Engine bed18 global.props.Geometry
Game: Engine bouncy_bed18 global.props.Trampoline
Game: Engine SmallFogFX44 ni.effects.SmallFogFX
Game: Engine gio_GIO_70 global.props.GIO
Game: Engine gio_GIO_1 global.props.GIO
Game: Engine RatSpawner2 global.props.ScriptSpawner
Game: Engine gio_GIO_69 global.props.GIO
Game: Engine gio_GIO_26 global.props.GIO
Game: Engine gio_GIO_16 global.props.GIO
Game: Engine gio_GIO_22 global.props.GIO
Game: Engine BrainJarBobby global.collectibles.BrainJar
Game: Engine SmallFogFX42 ni.effects.SmallFogFX
Game: Engine trapeez1 trapeez
Game: Engine InterestFX2D global.effects.InterestFX
Game: Engine PsiCard7 global.collectibles.PSIChallengeCard
Game: Engine PsiChallengeCardFX2E global.effects.PsiChallengeCardFX
Game: Engine splRail4 global.props.Railslide
Game: Engine bouncy_bed8 global.props.Trampoline
Game: Engine bed8 global.props.Geometry
Game: Engine respawnpoint1 GEN_respawnpoint
Game: Engine bouncy_bed17 global.props.Trampoline
Game: Engine bed17 global.props.Geometry
Game: Engine Dart_FXf_Streamersa1 dummy
Game: Engine Dart_FXf global.effects.invisibilityShockwaveFX
Game: Engine trapeasy gen_proploader
Game: Engine gio_GIO_42 global.props.GIO
Game: Engine RazLH_SwishFX3 global.props.Geometry
Game: Engine RazLH_SwishFX2 global.props.Geometry
Game: Engine RazLH_SwishFX1 global.props.Geometry
Game: Engine ThoughtBubble ThoughtBubble
Game: Engine RazLH_SwishFX4 global.props.Geometry
Game: Engine PalmBombFX81 global.effects.PalmBombFX
Game: Engine MeleeFistFade80 global.effects.MeleeFistFade
Game: Engine MeleeHitNot7F global.effects.MeleeHitNot
Game: Engine Thought_Bubble_Spring ParticleEmitter
Game: Engine MeleeHitNot7E global.effects.MeleeHitNot
Game: Engine MeleeHit7D global.effects.MeleeHit
Game: Engine MeleeHit7C global.effects.MeleeHit
Game: Engine pCube2ff6_l global.props.Geometry
Game: Engine MeleeHit7B global.effects.MeleeHit
Game: Engine Decorator7A global.props.Decorator
Game: Engine dripMesh global.props.Geometry
Game: Engine debrisMesh global.props.Geometry
Game: Engine ToxicEmitter1 global.props.Geometry
Game: Engine window2 global.props.Geometry
Game: Engine RazPsiShieldFX global.effects.PsiShieldFX
Game: Engine RankUpFX79_Sparka1 dummy
Game: Engine RazLH_ShockFX global.props.DartShockwave
Game: Engine pCube2f6_l global.props.Geometry
Game: Engine DialogBubble_SubCloud_2 ParticleEmitter
Game: Engine DialogBubble_SubCloud_1 ParticleEmitter
Game: Engine RankUpFX79 global.effects.RankUpFX
Game: Engine PalmBombSuperFX82 global.effects.PalmBombSuperFX
Game: Engine FigmentFX78_Mista1 dummy
Game: Engine FigmentFX78 global.effects.FigmentFX
Game: Engine PutAwayFX77 global.effects.PutAwayFX
Game: Engine ToxicFX as.effects.ASUP_ToxicFX
Game: Engine ScarySheegor as.characters.ScarySheegor
Game: Engine DialogBubble_SubCloud_0 ParticleEmitter
Game: Engine Dialog_Cloud ParticleEmitter
Game: Engine asDebris as.effects.DebrisFX
Game: Engine asWaterDrip as.effects.WaterDripFX
Game: Engine baconPoofFX76 global.effects.baconPoofFX
Game: Engine InstaHintFord global.characters.InstaHintFord
Game: Engine collsionfix1 global.props.Geometry
Game: Engine WaterRingsFX75 global.effects.WaterRingsFX
Game: Engine Clairvoyance_Cloud ParticleEmitter
Game: Engine FigmentGlobals global.collectibles.FigmentGlobals
Game: Engine FireStartExplodeFX0 global.effects.FireStartExplodeFX
Game: Engine RazPsiShield PsiShield
Game: Engine Decorator1 global.props.Decorator
Game: Engine PlayerInvulIndicator global.effects.RazDamageFX
Game: Engine RazPreDeathFX2 global.effects.RazPreDeathFX
Game: Engine RazRespawnFX3 global.effects.RazRespawnFX
Game: Engine Dart_FXa global.effects.InvisoEyeFX
Game: Engine Dart_FXb global.effects.PsiShieldFailFX
Game: Engine Dart_FXe global.effects.NoAmmoFX
Game: Engine PalmBombSuperHandsFX83 global.effects.PalmBombSuperHandsFX
Game: Engine FireStartExplodeSuperFX4 global.effects.FireStartExplodeSuperFX
Game: Engine RazSteamRecoverFX5 global.effects.RazSteamRecoverFX
Game: Engine RazLH global.props.DartMeleeHand
Game: Engine RazRH global.props.DartMeleeHand
Game: Engine WaterRingsFX74 global.effects.WaterRingsFX
Game: Engine GenGibs7 global.effects.GenGibs
Game: Engine Thought_SubCloud_2 ParticleEmitter
Game: Engine Thought_SubCloud_1 ParticleEmitter
Game: Engine MeleeFistFade85 global.effects.MeleeFistFade
Game: Engine GenGibsA global.effects.GenGibs
Game: Engine GenGibsA_affector dummy
Game: Engine PsiBlast5DeflectedPsiBlast global.props.Geometry
Game: Engine GenGibsC global.effects.GenGibs
Game: Engine GenGibsC_affector dummy
Game: Engine PsiBlast5 PsiBlast
Game: Engine GenGibsE global.effects.GenGibs
Game: Engine GenGibsE_affector dummy
Game: Engine WaterSplash73 global.effects.WaterSplash
Game: Engine GenGibs11 global.effects.GenGibs
Game: Engine GenGibs11_affector dummy
Game: Engine PsiBlast4DeflectedPsiBlast global.props.Geometry
Game: Engine PsiBlast4 PsiBlast
Game: Engine PsiBlast3DeflectedPsiBlast global.props.Geometry
Game: Engine MeleeCraneFX86 global.effects.MeleeCraneFX
Game: Engine ClairCamUpdater16 global.otherentities.ClairCamUpdater
Game: Engine ConfusionGrenade18 global.props.ConfusionGrenade
Game: Engine ConfusionGrenade18_fx1 global.effects.ConfusionFuseFX
Game: Engine ConfusionGrenade18_fx2 global.effects.ConfusionBombFX
Game: Engine ConfusionGrenade18_fx2_StreakPopa1 dummy
Game: Engine BallPopFX19 global.effects.BallPopFX
Game: Engine ThoughtBubbleRings global.effects.PsiBallRingsFX
Game: Engine ThoughtBubbleBounce global.effects.PsiBallRingsBounceFX
Game: Engine ThoughtBubbleRings2 global.effects.PsiBallRingsFX
Game: Engine ThoughtBubbleBounce2 global.effects.PsiBallRingsBounceFX
Game: Engine ball_trail engine.BallTrail
Game: Engine ThoughtBubbleSpikes ScriptBase
Game: Engine PsiRailFX1A global.effects.PsiRailFX
Game: Engine PsiBlastFX1B global.effects.PsiBlastFX
Game: Engine PsiBlastHitFX1C global.effects.PsiBlastHitFX
Game: Engine PsiBlastAirHit1D global.effects.PsiBlastAirHit
Game: Engine PsiBlastDeflectFX1E global.effects.PsiBlastDeflectFX
Game: Engine PsiBlastHitSuperFX1F global.effects.PsiBlastHitSuperFX
Game: Engine PsiBlast3 PsiBlast
Game: Engine RailSlideMetalFX20 global.effects.RailSlideMetalFX
Game: Engine SplashFX72_Dropsa1 dummy
Game: Engine SplashFX72 global.effects.SplashFX
Game: Engine PsiBlast2DeflectedPsiBlast global.props.Geometry
Game: Engine PsiBlast2 PsiBlast
Game: Engine PsiBlast1DeflectedPsiBlast global.props.Geometry
Game: Engine PsiBlast1 PsiBlast
Game: Engine PsiBlast0DeflectedPsiBlast global.props.Geometry
Game: Engine PsiBlast0 PsiBlast
Game: Engine SplashFX71_Dropsa1 dummy
Game: Engine SplashFX71 global.effects.SplashFX
Game: Engine SplashFX70_Dropsa1 dummy
Game: Engine SplashFX70 global.effects.SplashFX
Game: Engine TelekinesisClaw2TKHolder dummy
Game: Engine SplashFX6F_Dropsa1 dummy
Game: Engine SplashFX6F global.effects.SplashFX
Game: Engine RazRH_SwishFX1 global.props.Geometry
Game: Engine RazRH_SwishFX2 global.props.Geometry
Game: Engine RazRH_SwishFX3 global.props.Geometry
Game: Engine LedgeDirtFX8B global.effects.LedgeDirtFX
Game: Engine SplashFX6E_Dropsa1 dummy
Game: Engine SplashFX6E global.effects.SplashFX
Game: Engine WaterRingsFX global.effects.WaterRingsFX
Game: Engine RunningRippleFX global.effects.RunningRippleFX
Game: Engine WaterFXManager global.effects.WaterFXManager
Game: Engine cutsceneEmoTag ScriptBase
Game: Engine EZSceneTools6D global.camera.EZSceneTools
Game: Engine as.ASUPCutscenes global.camera.CutsceneScript
Game: Engine ArrowheadAmmo6C global.collectibles.ArrowheadAmmo
Game: Engine ArrowheadAmmo6B global.collectibles.ArrowheadAmmo
Game: Engine TelekinesisClaw2 TKClaw
Game: Engine TelekinesisClaw1RazTKClawLine ParticleEmitter
Game: Engine window global.props.Geometry
Game: Engine Thought_Bubble_Roll ParticleEmitter
Game: Engine TelekinesisClaw1TKHolder dummy
Game: Engine TelekinesisClaw1 TKClaw
Game: Engine Thought_SubCloud_0 ParticleEmitter
Game: Engine Thought_Cloud ParticleEmitter
Game: Engine TKClawRazTKClawLine ParticleEmitter
Game: Engine ArrowheadAmmo6A global.collectibles.ArrowheadAmmo
Game: Engine PsiBlastAmmo69 global.collectibles.PsiBlastAmmo
Game: Engine PsiBlastAmmo68 global.collectibles.PsiBlastAmmo
Game: Engine PsiBlastAmmo67 global.collectibles.PsiBlastAmmo
Game: Engine TKClawTKHolder dummy
Game: Engine TKClaw TKClaw
Game: Engine Global global.GlobalClass
Game: Engine ConfusionAmmo66 global.collectibles.ConfusionAmmo
Game: Engine GenGibs7_affector dummy
Game: Engine TelekinesisClaw2RazTKClawLine ParticleEmitter
Game: Engine ConfusionAmmo65 global.collectibles.ConfusionAmmo
Game: Engine SaltFX global.props.Geometry
Game: Engine ConfusionAmmo64 global.collectibles.ConfusionAmmo
Game: Engine EnemyDeathFX55 global.effects.EnemyDeathFX
Game: Engine ConfusionCloud56 global.props.ConfusionCloud
Game: Engine HealthAmmo63 global.collectibles.HealthAmmo
Game: Engine HealthAmmo62 global.collectibles.HealthAmmo
Game: Engine ConfusionFX59 global.effects.ConfusionFX
Game: Engine ConfusionFX5A global.effects.ConfusionFX
Game: Engine ConfusionFX5B global.effects.ConfusionFX
Game: Engine ConfusionFX5C global.effects.ConfusionFX
Game: Engine ConfusionFX5D global.effects.ConfusionFX
Game: Engine ConfusionFX5E global.effects.ConfusionFX
Game: Engine ConfusionFX5F global.effects.ConfusionFX
Game: Engine ConfusionFX60 global.effects.ConfusionFX
Game: Engine HealthAmmo61 global.collectibles.HealthAmmo
Game: Engine gio_GIO_64 global.props.GIO
Game: Engine PsiCard4 global.collectibles.PSIChallengeCard
Game: Engine InterestFX29 global.effects.InterestFX
Game: Engine PsiChallengeCardFX26 global.effects.PsiChallengeCardFX
Game: Engine cantilever10 global.props.Geometry
Game: Engine RatSpawner6 global.props.ScriptSpawner
Game: Engine gio_GIO_40 global.props.GIO
Game: Engine gio_GIO_68 global.props.GIO
Game: Engine gio_GIO_7 global.props.GIO
Game: Engine bed21 global.props.Geometry
Game: Engine bouncy_bed21 global.props.Trampoline
Game: Engine RatSpawner4 global.props.ScriptSpawner
Game: Engine gio_GIO_30 global.props.GIO
Game: Engine gio_GIO_28 global.props.GIO
Game: Engine gio_GIO_23 global.props.GIO
Game: Engine gio_GIO_54 global.props.GIO
Game: Engine gio_GIO_51 global.props.GIO
Game: Engine gio_GIO_50 global.props.GIO
Game: Engine gio_GIO_49 global.props.GIO
Game: Engine gio_GIO_37 global.props.GIO
Game: Engine gio_GIO_55 global.props.GIO
Game: Engine bouncy_bed16 global.props.Trampoline
Game: Engine bed16 global.props.Geometry
Game: Engine PsiCard2 global.collectibles.PSIChallengeCard
Game: Engine InterestFX27 global.effects.InterestFX
Game: Engine PsiChallengeCardFX22 global.effects.PsiChallengeCardFX
Game: Engine bed9 global.props.Geometry
Game: Engine bouncy_bed9 global.props.Trampoline
Game: Engine bed22 global.props.Geometry
Game: Engine bouncy_bed22 global.props.Trampoline
Game: Engine bed global.props.Geometry
Game: Engine bouncy_bed global.props.Trampoline
Game: Engine PsiCard1 global.collectibles.PSIChallengeCard
Game: Engine InterestFX21 global.effects.InterestFX
Game: Engine PsiChallengeCardFX23 global.effects.PsiChallengeCardFX
Game: Engine bouncy_bed15 global.props.Trampoline
Game: Engine bed15 global.props.Geometry
Game: Engine InterestFX2B global.effects.InterestFX
Game: Engine PsiCard6 global.collectibles.PSIChallengeCard
Game: Engine RatSpawner7 global.props.ScriptSpawner
Game: Engine PsiChallengeCardFX2C global.effects.PsiChallengeCardFX
Game: Engine cantilever11 global.props.Geometry
Game: Engine PsiCard8 global.collectibles.PSIChallengeCard
Game: Engine InterestFX31 global.effects.InterestFX
Game: Engine PsiChallengeCardFX32 global.effects.PsiChallengeCardFX
Game: Engine bed10 global.props.Geometry
Game: Engine bouncy_bed10 global.props.Trampoline
Game: Engine bouncy_bed1 global.props.Trampoline
Game: Engine bed1 global.props.Geometry
Game: Engine bed11 global.props.Geometry
Game: Engine bouncy_bed11 global.props.Trampoline
Game: Engine bed12 global.props.Geometry
Game: Engine bouncy_bed12 global.props.Trampoline
Game: Engine PsiCard9 global.collectibles.PSIChallengeCard
Game: Engine BrainJarBenny global.collectibles.BrainJar
Game: Engine cantilever12 global.props.Geometry
Game: Engine splLadd0 global.props.Ladder
Game: Engine PsiCard10 global.collectibles.PSIChallengeCard
Game: Engine PsiChallengeCardFX34 global.effects.PsiChallengeCardFX
Game: Engine respawnpoint2 GEN_respawnpoint
Game: Engine bed4 global.props.Geometry
Game: Engine bouncy_bed4 global.props.Trampoline
Game: Engine PsiCard11 global.collectibles.PSIChallengeCard
Game: Engine PsiChallengeCardFX36 global.effects.PsiChallengeCardFX
Game: Engine deathplane global.props.DeathPlane
Game: Engine respawnpoint3 GEN_respawnpoint
Game: Engine BrainJarQuentin global.collectibles.BrainJar
Game: Engine cantilever16 global.props.Geometry
Game: Engine pole01 gen_proploader
Game: Engine pole09 gen_proploader
Game: Engine PsiCard12 global.collectibles.PSIChallengeCard
Game: Engine PsiChallengeCardFX38 global.effects.PsiChallengeCardFX
Game: Engine bed3 global.props.Geometry
Game: Engine bouncy_bed3 global.props.Trampoline
Game: Engine RatSpawner8 global.props.ScriptSpawner
Game: Engine BrainJarDogen global.collectibles.BrainJar
Game: Engine PsiCard13 global.collectibles.PSIChallengeCard
Game: Engine PsiChallengeCardFX3A global.effects.PsiChallengeCardFX
Game: Engine splRope20 global.props.Tightrope
Game: Engine cantilever13 global.props.Geometry
Game: Engine cantilever14 global.props.Geometry
Game: Engine splRope21 global.props.Tightrope
Game: Engine BrainJarPhoebe global.collectibles.BrainJar
Game: Engine respawnpoint4 GEN_respawnpoint
Game: Engine splRope22 global.props.Tightrope
Game: Engine PsiCard14 global.collectibles.PSIChallengeCard
Game: Engine bouncy_bed2 global.props.Trampoline
Game: Engine bed2 global.props.Geometry
Game: Engine respawnpoint5 GEN_respawnpoint
Game: Engine bed5 global.props.Geometry
Game: Engine bouncy_bed5 global.props.Trampoline
Game: Engine cantilever15 global.props.Geometry
Game: Engine RatSpawner9 global.props.ScriptSpawner
Game: Engine RatSpawner10 global.props.ScriptSpawner
Game: Engine PsiCard15 global.collectibles.PSIChallengeCard
Game: Engine BrainJarCrystal global.collectibles.BrainJar
Game: Engine ScriptBase87 ScriptBase
Game: Engine ScriptBase84 ScriptBase
Game: Engine ConfusionRat54 global.enemies.ConfusionRat
Game: Engine ConfusionRat58 global.enemies.ConfusionRat
Game: Engine ConfusionRat57 global.enemies.ConfusionRat
Game: Engine lamp4 CameraAlphaEntity
Game: Engine lamp2 CameraAlphaEntity
Game: Engine lamp3 CameraAlphaEntity
Game: Engine lamp1 CameraAlphaEntity
Game: Engine lamp5 CameraAlphaEntity
Game: Engine bouncy_bed6 global.props.Trampoline
Game: Engine bed6 global.props.Geometry
Game: Engine PsiChallengeMarker global.collectibles.PsiChallengeMarker
Game: Engine Geometry4D global.props.Geometry
Game: Engine bed7 global.props.Geometry
Game: Engine bouncy_bed7 global.props.Trampoline
Game: Engine chairdoor as.props.BlockedDoor
Game: Engine chairblocked as.props.Chair
Game: Engine BrainJarClem global.collectibles.BrainJar
Game: Engine door global.props.Geometry
Game: Engine respawnpoint6 GEN_respawnpoint
Game: Engine pole08 gen_proploader
Game: Engine SmallFogFX49 ni.effects.SmallFogFX
Game: Engine SmallFogFX48 ni.effects.SmallFogFX
Game: Engine splRail1 global.props.Railslide
Game: Engine splRope23 global.props.Tightrope
Game: Engine PsiCard16 global.collectibles.PSIChallengeCard
Game: Engine respawnpoint7 GEN_respawnpoint
Game: Engine lamp7 CameraAlphaEntity
Game: Engine lamp8 CameraAlphaEntity
Game: Engine lamp6 CameraAlphaEntity
Game: Engine lamp9 CameraAlphaEntity
Game: Engine lamp10 CameraAlphaEntity
Game: Engine BrainJarNils global.collectibles.BrainJar
Game: Engine ASUPtoASLB global.props.Teleporter
Game: Engine elevator2 as.props.AS_NewElevator
Game: Engine lamp11 CameraAlphaEntity
Game: Engine elevator2_LDoor global.props.SimpleDoor
Game: Engine elevator2_RDoor global.props.SimpleDoor