
Game: Engine InvDisplayer global.otherentities.InvAdder
Game: Engine Dart Dart
Game: Engine RazLH_EntryFX global.props.Geometry
Game: Engine start GEN_dartstart
Game: Engine Elton bb.characters.Elton
Game: Engine RankBling global.otherentities.RankBling
Game: Engine Projector bb.props.Projector
Game: Engine projectorlight global.props.Geometry
Game: Engine Pwall bb.props.PunchingWall
Game: Engine Door bb.props.ProjectorDoor
Game: Engine DoorCrashFX bb.effects.BBdoorCrashFX
Game: Engine DoorCrashFX_Dusta1 dummy
Game: Engine DustCrashFX_Dusta1 dummy
Game: Engine DustCrashFX bb.effects.BBofficeDoorPunchDustFX
Game: Engine gio_GIO_7 global.props.GIO
Game: Engine BBA1Oatmeal1 global.characters.Oatmeal
Game: Engine gio_GIO_0 global.props.GIO
Game: Engine gio_GIO_3 global.props.GIO
Game: Engine gio_GIO_1 global.props.GIO
Game: Engine gio_GIO_8 global.props.GIO
Game: Engine gio_GIO_11 global.props.GIO
Game: Engine gio_GIO_10 global.props.GIO
Game: Engine gio_GIO_2 global.props.GIO
Game: Engine gio_GIO_5 global.props.GIO
Game: Engine gio_GIO_6 global.props.GIO
Game: Engine gio_GIO_4 global.props.GIO
Game: Engine teleporter3 gen_quickTeleport
Game: Engine gio_GIO_9 global.props.GIO
Game: Engine GroundFire69 bb.effects.GroundFire
Game: Engine Firelightsource9 bb.props.Fire
Game: Engine GroundFire69_Embersa1 dummy
Game: Engine BridgeSection1GibsEffect_MeshEmitterLargea1 dummy
Game: Engine BridgeSection1GibsEffect_MeshEmitterSmall1a1 dummy
Game: Engine BridgeSection1GibsEffect global.effects.ExplodingGeometryGibs
Game: Engine BridgeSection1GibsEffect_MeshEmitterSmall2a1 dummy
Game: Engine BridgeSection1Effect_Blam2a1 dummy
Game: Engine BridgeSection1 global.props.ExplodingGeometry
Game: Engine BridgeSection1Effect_Blama1 dummy
Game: Engine BridgeSection1Effect_Blam3a1 dummy
Game: Engine BridgeSection1Effect_Dusta1 dummy
Game: Engine BridgeSection1Effect_Dust2a1 dummy
Game: Engine BridgeSection1Effect_Dust3a1 dummy
Game: Engine BridgeSection1Effect bb.effects.BridgeFireExplosion
Game: Engine BridgeSection2GibsEffect_MeshEmitterSmall1a1 dummy
Game: Engine BridgeSection2GibsEffect_MeshEmitterLargea1 dummy
Game: Engine BridgeSection2GibsEffect global.effects.ExplodingGeometryGibs
Game: Engine BridgeSection2Effect_Blama1 dummy
Game: Engine BridgeSection2Effect bb.effects.BridgeFireExplosion
Game: Engine BridgeSection2Effect_Dust3a1 dummy
Game: Engine BridgeSection2Effect_Dust2a1 dummy
Game: Engine BridgeSection2Effect_Blam2a1 dummy
Game: Engine BridgeSection2GibsEffect_MeshEmitterSmall2a1 dummy
Game: Engine BridgeSection2Effect_Dusta1 dummy
Game: Engine BridgeSection2Effect_Blam3a1 dummy
Game: Engine BridgeSection2 global.props.ExplodingGeometry
Game: Engine ILikeToJumpToMyDoom global.props.DeathPlane
Game: Engine BridgeSection3Effect_Dust2a1 dummy
Game: Engine BridgeSection3Effect bb.effects.PitFireExplosion
Game: Engine BridgeSection3GibsEffect_MeshEmitterLargea1 dummy
Game: Engine BridgeSection3GibsEffect_MeshEmitterSmall1a1 dummy
Game: Engine BridgeSection3GibsEffect_MeshEmitterSmall2a1 dummy
Game: Engine BridgeSection3 global.props.ExplodingGeometry
Game: Engine BridgeSection3Effect_Blam2a1 dummy
Game: Engine BridgeSection3GibsEffect global.effects.ExplodingGeometryGibs
Game: Engine BridgeSection4 global.props.ExplodingGeometry
Game: Engine BridgeSection4Effect bb.effects.BridgeFireExplosion
Game: Engine BridgeSection4Effect_Dust3a1 dummy
Game: Engine BridgeSection4Effect_Dust2a1 dummy
Game: Engine BridgeSection4Effect_Dusta1 dummy
Game: Engine BridgeSection4Effect_Blam3a1 dummy
Game: Engine BridgeSection4GibsEffect_MeshEmitterSmall2a1 dummy
Game: Engine BridgeSection4Effect_Blam2a1 dummy
Game: Engine BridgeSection4Effect_Blama1 dummy
Game: Engine BridgeSection4GibsEffect global.effects.ExplodingGeometryGibs
Game: Engine BridgeSection4GibsEffect_MeshEmitterLargea1 dummy
Game: Engine BridgeSection4GibsEffect_MeshEmitterSmall1a1 dummy
Game: Engine GroundFire60_Embersa1 dummy
Game: Engine GroundFire60 bb.effects.GroundFire
Game: Engine Firelightsource1 bb.props.Fire
Game: Engine BridgeSection5Effect_Blam3a1 dummy
Game: Engine BridgeSection5Effect_Dust3a1 dummy
Game: Engine BridgeSection5Effect bb.effects.BridgeFireExplosion
Game: Engine BridgeSection5Effect_Dust2a1 dummy
Game: Engine BridgeSection5Effect_Dusta1 dummy
Game: Engine BridgeSection5Effect_Blam2a1 dummy
Game: Engine BridgeSection5Effect_Blama1 dummy
Game: Engine BridgeSection5GibsEffect global.effects.ExplodingGeometryGibs
Game: Engine BridgeSection5GibsEffect_MeshEmitterLargea1 dummy
Game: Engine BridgeSection5GibsEffect_MeshEmitterSmall1a1 dummy
Game: Engine BridgeSection5GibsEffect_MeshEmitterSmall2a1 dummy
Game: Engine BridgeSection5 global.props.ExplodingGeometry
Game: Engine EmoBagSteamertrunkRightTear global.effects.EmoBagTearFX
Game: Engine EmoBagSteamertrunk bb.props.EmotionalBaggage
Game: Engine EmoBagSteamertrunkLeftTear global.effects.EmoBagTearFX
Game: Engine respwaner5 GEN_respawnpoint
Game: Engine BridgeSection6Effect_Dust2a1 dummy
Game: Engine BridgeSection6Effect_Dusta1 dummy
Game: Engine BridgeSection6Effect_Blam3a1 dummy
Game: Engine BridgeSection6Effect_Blam2a1 dummy
Game: Engine BridgeSection6Effect_Dust3a1 dummy
Game: Engine BridgeSection6GibsEffect global.effects.ExplodingGeometryGibs
Game: Engine BridgeSection6GibsEffect_MeshEmitterLargea1 dummy
Game: Engine BridgeSection6GibsEffect_MeshEmitterSmall1a1 dummy
Game: Engine BridgeSection6GibsEffect_MeshEmitterSmall2a1 dummy
Game: Engine BridgeSection6 global.props.ExplodingGeometry
Game: Engine BridgeSection6Effect bb.effects.BridgeFireExplosion
Game: Engine BridgeSection6Effect_Blama1 dummy
Game: Engine Firelightsource5 bb.props.Fire
Game: Engine GroundFire65_Embersa1 dummy
Game: Engine GroundFire65 bb.effects.GroundFire
Game: Engine GroundFire64 bb.effects.GroundFire
Game: Engine Firelightsource4 bb.props.Fire
Game: Engine GroundFire64_Embersa1 dummy
Game: Engine EmoTagSteamertrunk global.collectibles.EmotionalBaggageTag
Game: Engine Firelightsource3 bb.props.Fire
Game: Engine GroundFire63 bb.effects.GroundFire
Game: Engine GroundFire63_Embersa1 dummy
Game: Engine splLadd4 global.props.Ladder
Game: Engine tower_top global.props.Geometry
Game: Engine respwaner6 GEN_respawnpoint
Game: Engine splLadd3 global.props.Ladder
Game: Engine GroundFire61 bb.effects.GroundFire
Game: Engine Smoke bb.effects.SmokeColumn
Game: Engine Firelightsource bb.props.Fire
Game: Engine GroundFire61_Embersa1 dummy
Game: Engine InterestFX1B global.effects.InterestFX
Game: Engine EmoTagSuitcase global.collectibles.EmotionalBaggageTag
Game: Engine Smoke_Smokea2 dummy
Game: Engine Smoke_Smokea1 dummy
Game: Engine poles_of_doom3 global.props.Geometry
Game: Engine poles_of_doom global.props.Geometry
Game: Engine Bobby bb.characters.Bobby
Game: Engine splLadd0 global.props.Ladder
Game: Engine Flamer3 bb.props.FlameThrower
Game: Engine Flamer3FlameWarning bb.effects.FlameWarningSnaps
Game: Engine Flamer3FlameIdle bb.effects.FlameThrowerIdleSmoke
Game: Engine Flamer3FlameOut bb.effects.FlameThrowerToasty
Game: Engine Flamer2 bb.props.FlameThrower
Game: Engine Flamer2FlameWarning bb.effects.FlameWarningSnaps
Game: Engine Flamer2FlameOut bb.effects.FlameThrowerToasty
Game: Engine Flamer2FlameIdle bb.effects.FlameThrowerIdleSmoke
Game: Engine respwaner GEN_respawnpoint
Game: Engine Flamer1FlameWarning bb.effects.FlameWarningSnaps
Game: Engine Flamer1FlameOut bb.effects.FlameThrowerToasty
Game: Engine Flamer1FlameIdle bb.effects.FlameThrowerIdleSmoke
Game: Engine Flamer1 bb.props.FlameThrower
Game: Engine Flamer4 bb.props.FlameThrower
Game: Engine Flamer4FlameOut bb.effects.FlameThrowerToasty
Game: Engine Flamer4FlameIdle bb.effects.FlameThrowerIdleSmoke
Game: Engine Flamer4FlameWarning bb.effects.FlameWarningSnaps
Game: Engine splLadd1 global.props.Ladder
Game: Engine newblimp8 global.props.MovingPlatform
Game: Engine SmCloud5 bb.effects.CloudSmallFX
Game: Engine SMAREntranceBG global.props.Teleporter
Game: Engine SphereCloud6 bb.effects.CloudLargeSphereFX
Game: Engine PlaneLight global.props.Geometry
Game: Engine Lili bb.characters.Lili
Game: Engine SmCloud4 bb.effects.CloudSmallFX
Game: Engine SphereCloud5 bb.effects.CloudLargeSphereFX
Game: Engine RocketEngineFlameIdle bb.effects.FlameThrowerIdleSmoke
Game: Engine RocketEngineFlameAlwaysOn bb.effects.FlameThrowerToastyIdle
Game: Engine RocketEngine bb.props.FlameThrower
Game: Engine newblimp10 global.props.MovingPlatform
Game: Engine SmCloud3 bb.effects.CloudSmallFX
Game: Engine splLadd2 global.props.Ladder
Game: Engine sfFigment31 global.collectibles.SplineFigment
Game: Engine sfFigment67 global.collectibles.SplineFigment
Game: Engine LargeCloud1 bb.effects.CloudLargeFX
Game: Engine Clouds bb.effects.CloudLargeFX
Game: Engine SmCloud1 bb.effects.CloudSmallFX
Game: Engine newblimp global.props.MovingPlatform
Game: Engine propellor global.props.Animator
Game: Engine SmCloud bb.effects.CloudSmallFX
Game: Engine respwaner2 GEN_respawnpoint
Game: Engine sfFigment29 global.collectibles.SplineFigment
Game: Engine LargeCloud bb.effects.CloudLargeFX
Game: Engine SmCloud2 bb.effects.CloudSmallFX
Game: Engine SphereCloud2 bb.effects.CloudLargeSphereFX
Game: Engine LargeCloud3 bb.effects.CloudLargeFX
Game: Engine respwaner1 GEN_respawnpoint
Game: Engine newblimp1 global.props.MovingPlatform
Game: Engine propellor1 global.props.Animator
Game: Engine Firelightsource2 bb.props.Fire
Game: Engine GroundFire62_Embersa1 dummy
Game: Engine GroundFire62 bb.effects.GroundFire
Game: Engine LargeCloud2 bb.effects.CloudLargeFX
Game: Engine Firelightsource10 bb.props.Fire
Game: Engine GroundFire6A bb.effects.GroundFire
Game: Engine GroundFire6A_Embersa1 dummy
Game: Engine GroundFire6B_Embersa1 dummy
Game: Engine GroundFire6B bb.effects.GroundFire
Game: Engine Firelightsource11 bb.props.Fire
Game: Engine SUPERCANNONBigMuzzleBlast bb.effects.BigMuzzleBlast
Game: Engine SMARExitBG global.props.Teleporter
Game: Engine respwaner3 GEN_respawnpoint
Game: Engine SUPERCANNON2BigMuzzleBlast bb.effects.BigMuzzleBlast
Game: Engine sfFigment39 global.collectibles.SplineFigment
Game: Engine Vernon bb.characters.Vernon
Game: Engine SUPERCANNON bb.props.BigCannons
Game: Engine zeppelinambience global.sound.NoiseMaker
Game: Engine SUPERCANNON2 bb.props.BigCannons
Game: Engine DistanceFog global.otherentities.SetFogAndZ
Game: Engine GenGibs6_affector dummy
Game: Engine GenGibs7 global.effects.GenGibs
Game: Engine GenGibs7_affector dummy
Game: Engine MortarExplosion40_Firea1 dummy
Game: Engine ClairCamUpdaterF global.otherentities.ClairCamUpdater
Game: Engine ConfusionGrenade11 global.props.ConfusionGrenade
Game: Engine ConfusionGrenade11_fx1 global.effects.ConfusionFuseFX
Game: Engine ConfusionGrenade11_fx2 global.effects.ConfusionBombFX
Game: Engine ConfusionGrenade11_fx2_StreakPopa1 dummy
Game: Engine BallPopFX12 global.effects.BallPopFX
Game: Engine ThoughtBubbleRings global.effects.PsiBallRingsFX
Game: Engine ThoughtBubbleBounce global.effects.PsiBallRingsBounceFX
Game: Engine ThoughtBubbleRings2 global.effects.PsiBallRingsFX
Game: Engine ThoughtBubbleBounce2 global.effects.PsiBallRingsBounceFX
Game: Engine ball_trail engine.BallTrail
Game: Engine ThoughtBubbleSpikes ScriptBase
Game: Engine PsiRailFX13 global.effects.PsiRailFX
Game: Engine PsiBlastFX14 global.effects.PsiBlastFX
Game: Engine PsiBlastHitFX15 global.effects.PsiBlastHitFX
Game: Engine PsiBlastAirHit16 global.effects.PsiBlastAirHit
Game: Engine PsiBlastDeflectFX17 global.effects.PsiBlastDeflectFX
Game: Engine PsiBlastHitSuperFX18 global.effects.PsiBlastHitSuperFX
Game: Engine FigmentFX4C global.effects.FigmentFX
Game: Engine FireStartExplodeSuperFX4 global.effects.FireStartExplodeSuperFX
Game: Engine PutAwayFX4B global.effects.PutAwayFX
Game: Engine Dart_FXe global.effects.NoAmmoFX
Game: Engine Dart_FXb global.effects.PsiShieldFailFX
Game: Engine Dart_FXa global.effects.InvisoEyeFX
Game: Engine RazRespawnFX3 global.effects.RazRespawnFX
Game: Engine RazPreDeathFX2 global.effects.RazPreDeathFX
Game: Engine PlayerInvulIndicator global.effects.RazDamageFX
Game: Engine Decorator1 global.props.Decorator
Game: Engine RazPsiShield PsiShield
Game: Engine PalmBombSuperFX56 global.effects.PalmBombSuperFX
Game: Engine FireStartExplodeFX0 global.effects.FireStartExplodeFX
Game: Engine FigmentGlobals global.collectibles.FigmentGlobals
Game: Engine RazLH_ShockFX global.props.DartShockwave
Game: Engine TKClawRazTKClawLine ParticleEmitter
Game: Engine RazLH_SwishFX4 global.props.Geometry
Game: Engine RazLH_SwishFX3 global.props.Geometry
Game: Engine GenGibs6 global.effects.GenGibs
Game: Engine RazRH global.props.DartMeleeHand
Game: Engine portwall global.props.Geometry
Game: Engine Starbordjunk global.props.Geometry
Game: Engine PortJunk global.props.Geometry
Game: Engine boatdecal global.props.Geometry
Game: Engine FigmentFX4C_Mista1 dummy
Game: Engine RankUpFX4D global.effects.RankUpFX
Game: Engine RazLH_SwishFX2 global.props.Geometry
Game: Engine RazLH_SwishFX1 global.props.Geometry
Game: Engine MortarExplosion40 bb.effects.MortarExplosion
Game: Engine dummy3F dummy
Game: Engine TankTraps global.props.Geometry
Game: Engine polySurface3325 global.props.Geometry
Game: Engine polySurface3232 global.props.Geometry
Game: Engine polySurface3235 global.props.Geometry
Game: Engine polySurface3234 global.props.Geometry
Game: Engine polySurface3237 global.props.Geometry
Game: Engine polySurface3239 global.props.Geometry
Game: Engine polySurface3240 global.props.Geometry
Game: Engine PalmBombFX55 global.effects.PalmBombFX
Game: Engine baconPoofFX3E global.effects.baconPoofFX
Game: Engine InstaHintFord global.characters.InstaHintFord
Game: Engine WaterRingsFX3D global.effects.WaterRingsFX
Game: Engine RankUpFX4D_Sparka1 dummy
Game: Engine polySurface3243 global.props.Geometry
Game: Engine polySurface3242 global.props.Geometry
Game: Engine polySurface3241 global.props.Geometry
Game: Engine polySurface3238 global.props.Geometry
Game: Engine BobbyBridge global.props.Geometry
Game: Engine polySurface3233 global.props.Geometry
Game: Engine PalmBombSuperHandsFX57 global.effects.PalmBombSuperHandsFX
Game: Engine WaterRingsFX3C global.effects.WaterRingsFX
Game: Engine RazPsiShieldFX global.effects.PsiShieldFX
Game: Engine tail global.props.Geometry
Game: Engine MeleeFistFade59 global.effects.MeleeFistFade
Game: Engine MeleeCraneFX5A global.effects.MeleeCraneFX
Game: Engine Decorator4E global.props.Decorator
Game: Engine MeleeHit4F global.effects.MeleeHit
Game: Engine RazRH_SwishFX1 global.props.Geometry
Game: Engine RazRH_SwishFX2 global.props.Geometry
Game: Engine RazRH_SwishFX3 global.props.Geometry
Game: Engine MeleeFistFade54 global.effects.MeleeFistFade
Game: Engine LedgeDirtFX5F global.effects.LedgeDirtFX
Game: Engine TelekinesisClaw1 TKClaw
Game: Engine MeleeHit50 global.effects.MeleeHit
Game: Engine TKClawTKHolder dummy
Game: Engine TKClaw TKClaw
Game: Engine Global global.GlobalClass
Game: Engine DialogBubble_SubCloud_2 ParticleEmitter
Game: Engine DialogBubble_SubCloud_1 ParticleEmitter
Game: Engine DialogBubble_SubCloud_0 ParticleEmitter
Game: Engine Dialog_Cloud ParticleEmitter
Game: Engine Clairvoyance_Cloud ParticleEmitter
Game: Engine PsiBlast5DeflectedPsiBlast global.props.Geometry
Game: Engine PsiBlast5 PsiBlast
Game: Engine PsiBlast4DeflectedPsiBlast global.props.Geometry
Game: Engine PsiBlast4 PsiBlast
Game: Engine PsiBlast3DeflectedPsiBlast global.props.Geometry
Game: Engine PsiBlast3 PsiBlast
Game: Engine PsiBlast2DeflectedPsiBlast global.props.Geometry
Game: Engine PsiBlast2 PsiBlast
Game: Engine PsiBlast1DeflectedPsiBlast global.props.Geometry
Game: Engine PsiBlast1 PsiBlast
Game: Engine PsiBlast0DeflectedPsiBlast global.props.Geometry
Game: Engine PsiBlast0 PsiBlast
Game: Engine TelekinesisClaw2RazTKClawLine ParticleEmitter
Game: Engine TelekinesisClaw2TKHolder dummy
Game: Engine TelekinesisClaw2 TKClaw
Game: Engine TelekinesisClaw1RazTKClawLine ParticleEmitter
Game: Engine Thought_Bubble_Spring ParticleEmitter
Game: Engine RazSteamRecoverFX5 global.effects.RazSteamRecoverFX
Game: Engine Tutorial bb.props.Tutorial
Game: Engine RailSlideMetalFX48 global.effects.RailSlideMetalFX
Game: Engine boatback global.props.Geometry
Game: Engine RazLH global.props.DartMeleeHand
Game: Engine Starboardwall global.props.Geometry
Game: Engine MineExplosion1A_DustEmittera1 dummy
Game: Engine MineExplosion1A_Firea1 dummy
Game: Engine MineExplosion1A bb.effects.MineExplosion
Game: Engine GenGibs4A global.effects.GenGibs
Game: Engine TelekinesisClaw1TKHolder dummy
Game: Engine SaltFX global.props.Geometry
Game: Engine ConfusionFX21 global.effects.ConfusionFX
Game: Engine WaterSplash3B global.effects.WaterSplash
Game: Engine SplashFX3A_Dropsa1 dummy
Game: Engine SplashFX3A global.effects.SplashFX
Game: Engine SplashFX39_Dropsa1 dummy
Game: Engine SplashFX39 global.effects.SplashFX
Game: Engine SplashFX38_Dropsa1 dummy
Game: Engine SplashFX38 global.effects.SplashFX
Game: Engine SplashFX37_Dropsa1 dummy
Game: Engine SplashFX37 global.effects.SplashFX
Game: Engine SplashFX36_Dropsa1 dummy
Game: Engine SplashFX36 global.effects.SplashFX
Game: Engine WaterRingsFX global.effects.WaterRingsFX
Game: Engine RunningRippleFX global.effects.RunningRippleFX
Game: Engine WaterFXManager global.effects.WaterFXManager
Game: Engine cutsceneEmoTag ScriptBase
Game: Engine EZSceneTools35 global.camera.EZSceneTools
Game: Engine bb.BBA1Cutscenes bb.BBA1Cutscenes
Game: Engine ArrowheadAmmo34 global.collectibles.ArrowheadAmmo
Game: Engine ArrowheadAmmo33 global.collectibles.ArrowheadAmmo
Game: Engine ArrowheadAmmo32 global.collectibles.ArrowheadAmmo
Game: Engine PsiBlastAmmo31 global.collectibles.PsiBlastAmmo
Game: Engine PsiBlastAmmo30 global.collectibles.PsiBlastAmmo
Game: Engine PsiBlastAmmo2F global.collectibles.PsiBlastAmmo
Game: Engine ConfusionAmmo2E global.collectibles.ConfusionAmmo
Game: Engine ConfusionAmmo2D global.collectibles.ConfusionAmmo
Game: Engine ConfusionAmmo2C global.collectibles.ConfusionAmmo
Game: Engine HealthAmmo2B global.collectibles.HealthAmmo
Game: Engine HealthAmmo2A global.collectibles.HealthAmmo
Game: Engine HealthAmmo29 global.collectibles.HealthAmmo
Game: Engine ConfusionFX28 global.effects.ConfusionFX
Game: Engine ConfusionFX27 global.effects.ConfusionFX
Game: Engine ConfusionFX26 global.effects.ConfusionFX
Game: Engine ConfusionFX25 global.effects.ConfusionFX
Game: Engine ConfusionFX24 global.effects.ConfusionFX
Game: Engine ConfusionFX23 global.effects.ConfusionFX
Game: Engine MeleeHitNot53 global.effects.MeleeHitNot
Game: Engine MeleeHitNot52 global.effects.MeleeHitNot
Game: Engine MeleeHit51 global.effects.MeleeHit
Game: Engine ExplosionDogen bb.effects.MineExplosion
Game: Engine ExplosionDogen_Firea1 dummy
Game: Engine ExplosionDogen_DustEmittera1 dummy
Game: Engine dogenrespawn global.effects.RazRespawnFX
Game: Engine ConfusionFX22 global.effects.ConfusionFX
Game: Engine Thought_SubCloud_2 ParticleEmitter
Game: Engine Thought_SubCloud_1 ParticleEmitter
Game: Engine Thought_SubCloud_0 ParticleEmitter
Game: Engine GenGibs4A_affector dummy
Game: Engine Thought_Cloud ParticleEmitter
Game: Engine Thought_Bubble_Roll ParticleEmitter
Game: Engine ThoughtBubble ThoughtBubble
Game: Engine Dart_FXf global.effects.invisibilityShockwaveFX
Game: Engine Dart_FXf_Streamersa1 dummy
Game: Engine BBclimbingWallExplosionFX19_Dusta1 dummy
Game: Engine BBclimbingWallExplosionFX19 bb.effects.BBclimbingWallExplosionFX
Game: Engine BBclimbingWallExplosionFX19_Blama1 dummy
Game: Engine splLadd5 global.props.Ladder
Game: Engine SMAREntranceAG global.props.Teleporter
Game: Engine tramp global.props.BouncyTrampoline
Game: Engine sfFigment48 global.collectibles.SplineFigment
Game: Engine GroundFire67_Embersa1 dummy
Game: Engine GroundFire67 bb.effects.GroundFire
Game: Engine Firelightsource7 bb.props.Fire
Game: Engine sfFigment49 global.collectibles.SplineFigment
Game: Engine tramp5 global.props.BouncyTrampoline
Game: Engine SMARPlatform12 lo.props.FloatingPlatform
Game: Engine tramp2 global.props.BouncyTrampoline
Game: Engine SMARPlatform11 lo.props.FloatingPlatform
Game: Engine tramp6 global.props.BouncyTrampoline
Game: Engine GroundFire68_Embersa1 dummy
Game: Engine GroundFire68 bb.effects.GroundFire
Game: Engine Firelightsource8 bb.props.Fire
Game: Engine SMARPlatform16 lo.props.FloatingPlatform
Game: Engine SMARPlatform13 lo.props.FloatingPlatform
Game: Engine sfFigment50 global.collectibles.SplineFigment
Game: Engine polySurface3425GibsEffect_MeshEmitterSmall2a1 dummy
Game: Engine polySurface3425GibsEffect_MeshEmitterSmall1a1 dummy
Game: Engine polySurface3425Effect_Dusta1 dummy
Game: Engine polySurface3425Effect_Blama1 dummy
Game: Engine polySurface3425GibsEffect global.effects.ExplodingGeometryGibs
Game: Engine polySurface3425Effect bb.effects.BBclimbingWallExplosionFX
Game: Engine polySurface3425 bb.props.ExplodingNetPiece
Game: Engine polySurface3425GibsEffect_MeshEmitterLargea1 dummy
Game: Engine SMARPlatform14 lo.props.FloatingPlatform
Game: Engine GroundFire66_Embersa1 dummy
Game: Engine Smoke3 bb.effects.SmokeColumn
Game: Engine GroundFire66 bb.effects.GroundFire
Game: Engine Firelightsource6 bb.props.Fire
Game: Engine polySurface3424Effect_Dusta1 dummy
Game: Engine polySurface3424Effect bb.effects.BBclimbingWallExplosionFX
Game: Engine polySurface3424Effect_Blama1 dummy
Game: Engine polySurface3424GibsEffect global.effects.ExplodingGeometryGibs
Game: Engine polySurface3424GibsEffect_MeshEmitterLargea1 dummy
Game: Engine polySurface3424GibsEffect_MeshEmitterSmall1a1 dummy
Game: Engine polySurface3424GibsEffect_MeshEmitterSmall2a1 dummy
Game: Engine polySurface3424 bb.props.ExplodingNetPiece
Game: Engine Smoke3_Smokea2 dummy
Game: Engine Smoke3_Smokea1 dummy
Game: Engine SMARPlatform10 lo.props.FloatingPlatform
Game: Engine polySurface3427GibsEffect_MeshEmitterSmall1a1 dummy
Game: Engine polySurface3427GibsEffect_MeshEmitterLargea1 dummy
Game: Engine polySurface3427GibsEffect_MeshEmitterSmall2a1 dummy
Game: Engine polySurface3427GibsEffect global.effects.ExplodingGeometryGibs
Game: Engine polySurface3427Effect_Blama1 dummy
Game: Engine polySurface3427 bb.props.ExplodingNetPiece
Game: Engine polySurface3427Effect_Dusta1 dummy
Game: Engine polySurface3427Effect bb.effects.BBclimbingWallExplosionFX
Game: Engine SMARPlatform15 lo.props.FloatingPlatform
Game: Engine SMARPlatform lo.props.FloatingPlatform
Game: Engine EmoBagSuitcaseLeftTear global.effects.EmoBagTearFX
Game: Engine EmoBagSuitcase bb.props.EmotionalBaggage
Game: Engine EmoBagSuitcaseRightTear global.effects.EmoBagTearFX
Game: Engine polySurface3422GibsEffect_MeshEmitterLargea1 dummy
Game: Engine polySurface3422GibsEffect global.effects.ExplodingGeometryGibs
Game: Engine polySurface3422Effect_Blama1 dummy
Game: Engine polySurface3422Effect_Dusta1 dummy
Game: Engine polySurface3422Effect bb.effects.BBclimbingWallExplosionFX
Game: Engine polySurface3422GibsEffect_MeshEmitterSmall1a1 dummy
Game: Engine polySurface3422 bb.props.ExplodingNetPiece
Game: Engine polySurface3422GibsEffect_MeshEmitterSmall2a1 dummy
Game: Engine polySurface3426GibsEffect_MeshEmitterSmall2a1 dummy
Game: Engine polySurface3426Effect_Dusta1 dummy
Game: Engine polySurface3426Effect bb.effects.BBclimbingWallExplosionFX
Game: Engine polySurface3426 bb.props.ExplodingNetPiece
Game: Engine polySurface3426GibsEffect_MeshEmitterSmall1a1 dummy
Game: Engine polySurface3426GibsEffect_MeshEmitterLargea1 dummy
Game: Engine polySurface3426GibsEffect global.effects.ExplodingGeometryGibs
Game: Engine polySurface3426Effect_Blama1 dummy
Game: Engine polySurface3420GibsEffect global.effects.ExplodingGeometryGibs
Game: Engine polySurface3420Effect_Blama1 dummy
Game: Engine polySurface3420Effect_Dusta1 dummy
Game: Engine polySurface3420Effect bb.effects.BBclimbingWallExplosionFX
Game: Engine polySurface3420GibsEffect_MeshEmitterSmall1a1 dummy
Game: Engine polySurface3420GibsEffect_MeshEmitterSmall2a1 dummy
Game: Engine polySurface3420 bb.props.ExplodingNetPiece
Game: Engine polySurface3420GibsEffect_MeshEmitterLargea1 dummy
Game: Engine polySurface3423GibsEffect_MeshEmitterLargea1 dummy
Game: Engine polySurface3423GibsEffect_MeshEmitterSmall2a1 dummy
Game: Engine polySurface3423GibsEffect_MeshEmitterSmall1a1 dummy
Game: Engine polySurface3423 bb.props.ExplodingNetPiece
Game: Engine polySurface3423GibsEffect global.effects.ExplodingGeometryGibs
Game: Engine polySurface3423Effect_Blama1 dummy
Game: Engine polySurface3423Effect_Dusta1 dummy
Game: Engine polySurface3423Effect bb.effects.BBclimbingWallExplosionFX
Game: Engine Benny bb.characters.Benny
Game: Engine Tracers15 bb.effects.AmbientTracers
Game: Engine polySurface3421GibsEffect_MeshEmitterSmall1a1 dummy
Game: Engine polySurface3421GibsEffect_MeshEmitterLargea1 dummy
Game: Engine polySurface3421GibsEffect global.effects.ExplodingGeometryGibs
Game: Engine polySurface3421Effect_Blama1 dummy
Game: Engine polySurface3421 bb.props.ExplodingNetPiece
Game: Engine polySurface3421Effect_Dusta1 dummy
Game: Engine polySurface3421Effect bb.effects.BBclimbingWallExplosionFX
Game: Engine polySurface3421GibsEffect_MeshEmitterSmall2a1 dummy
Game: Engine SMARPlatform9 lo.props.FloatingPlatform
Game: Engine SMARPlatform2 lo.props.FloatingPlatform
Game: Engine dogen bb.characters.Dogen
Game: Engine lm53 bb.props.Mine
Game: Engine minerespawnpoint GEN_respawnpoint
Game: Engine lm52 bb.props.Mine
Game: Engine lm54 bb.props.Mine
Game: Engine Deathspawner global.props.DeathPlane
Game: Engine Tracers10 bb.effects.AmbientTracers
Game: Engine lm51 bb.props.Mine
Game: Engine lm55 bb.props.Mine
Game: Engine SMARPlatform3 lo.props.FloatingPlatform
Game: Engine SMARPlatform4 lo.props.FloatingPlatform
Game: Engine SMARPlatform5 lo.props.FloatingPlatform
Game: Engine SMARPlatform6 lo.props.FloatingPlatform
Game: Engine lm56 bb.props.Mine
Game: Engine sfFigment59 global.collectibles.SplineFigment
Game: Engine lm60 bb.props.Mine
Game: Engine lm50 bb.props.Mine
Game: Engine lm26 bb.props.Mine
Game: Engine lm57 bb.props.Mine
Game: Engine Tracers8 bb.effects.AmbientTracers
Game: Engine lm61 bb.props.Mine
Game: Engine lm88 bb.props.Mine
Game: Engine lm49 bb.props.Mine
Game: Engine lm59 bb.props.Mine
Game: Engine lm27 bb.props.Mine
Game: Engine Tracers11 bb.effects.AmbientTracers
Game: Engine lm89 bb.props.Mine
Game: Engine lm92 bb.props.Mine
Game: Engine lm25 bb.props.Mine
Game: Engine SMARPlatform7 lo.props.FloatingPlatform
Game: Engine SMARPlatform8 lo.props.FloatingPlatform
Game: Engine lm31 bb.props.Mine
Game: Engine lm48 bb.props.Mine
Game: Engine lm32 bb.props.Mine
Game: Engine lm30 bb.props.Mine
Game: Engine lm24 bb.props.Mine
Game: Engine Tracers13 bb.effects.AmbientTracers
Game: Engine lm28 bb.props.Mine
Game: Engine lm33 bb.props.Mine
Game: Engine lm23 bb.props.Mine
Game: Engine lm bb.props.Mine
Game: Engine lm47 bb.props.Mine
Game: Engine lm15 bb.props.Mine
Game: Engine lm21 bb.props.Mine
Game: Engine Tracers12 bb.effects.AmbientTracers
Game: Engine lm22 bb.props.Mine
Game: Engine lm16 bb.props.Mine
Game: Engine lm14 bb.props.Mine
Game: Engine lm91 bb.props.Mine
Game: Engine lm100 bb.props.Mine
Game: Engine lm62 bb.props.Mine
Game: Engine lm34 bb.props.Mine
Game: Engine lm2 bb.props.Mine
Game: Engine lm90 bb.props.Mine
Game: Engine lm13 bb.props.Mine
Game: Engine lm87 bb.props.Mine
Game: Engine lm46 bb.props.Mine
Game: Engine lm58 bb.props.Mine
Game: Engine lm17 bb.props.Mine
Game: Engine lm3 bb.props.Mine
Game: Engine Tracers14 bb.effects.AmbientTracers
Game: Engine lm20 bb.props.Mine
Game: Engine lm12 bb.props.Mine
Game: Engine lm35 bb.props.Mine
Game: Engine Tracers9 bb.effects.AmbientTracers
Game: Engine lm4 bb.props.Mine
Game: Engine lm41 bb.props.Mine
Game: Engine lm42 bb.props.Mine
Game: Engine lm18 bb.props.Mine
Game: Engine lm65 bb.props.Mine
Game: Engine lm11 bb.props.Mine
Game: Engine lm44 bb.props.Mine
Game: Engine lm64 bb.props.Mine
Game: Engine Tracers7 bb.effects.AmbientTracers
Game: Engine lm36 bb.props.Mine
Game: Engine lm66 bb.props.Mine
Game: Engine lm5 bb.props.Mine
Game: Engine lm40 bb.props.Mine
Game: Engine lm77 bb.props.Mine
Game: Engine lm76 bb.props.Mine
Game: Engine lm19 bb.props.Mine
Game: Engine lm43 bb.props.Mine
Game: Engine lm86 bb.props.Mine
Game: Engine lm63 bb.props.Mine
Game: Engine lm10 bb.props.Mine
Game: Engine lm6 bb.props.Mine
Game: Engine lm37 bb.props.Mine
Game: Engine SMARExitAG global.props.Teleporter
Game: Engine lm94 bb.props.Mine
Game: Engine Tracers bb.effects.AmbientTracers
Game: Engine splLadd6 global.props.Ladder
Game: Engine lm93 bb.props.Mine
Game: Engine lm95 bb.props.Mine
Game: Engine lm7 bb.props.Mine
Game: Engine lm83 bb.props.Mine
Game: Engine EndCannon bb.props.EndCannons
Game: Engine EndCannonBigMuzzleBlast bb.effects.BigMuzzleBlast
Game: Engine lm84 bb.props.Mine
Game: Engine Tracers5 bb.effects.AmbientTracers
Game: Engine Tracers1 bb.effects.AmbientTracers
Game: Engine Tracers4 bb.effects.AmbientTracers
Game: Engine flagpoleclimb global.props.Geometry
Game: Engine EndCannon1 bb.props.EndCannons
Game: Engine EndCannon1BigMuzzleBlast bb.effects.BigMuzzleBlast
Game: Engine Tracers2 bb.effects.AmbientTracers
Game: Engine FinishFlag bb.props.FlagPole
Game: Engine Coach bb.characters.Coach
Game: Engine Tracers6 bb.effects.AmbientTracers
Game: Engine Tracers3 bb.effects.AmbientTracers
Game: Engine ScriptBase5B ScriptBase
Game: Engine ScriptBase58 ScriptBase
Game: Engine polySurface3432 global.props.Geometry
Game: Engine respwaner4 GEN_respawnpoint
Game: Engine EndCannon2BigMuzzleBlast bb.effects.BigMuzzleBlast
Game: Engine EndCannon2 bb.props.EndCannons
Game: Engine EndCannon5BigMuzzleBlast bb.effects.BigMuzzleBlast
Game: Engine EndCannon5 bb.props.EndCannons
Game: Engine OleMouth bb.props.PunchingWall
Game: Engine EndCannon4BigMuzzleBlast bb.effects.BigMuzzleBlast
Game: Engine EndCannon4 bb.props.EndCannons
Game: Engine planedoor bb.props.PunchingWall
Game: Engine EndCannon3 bb.props.EndCannons
Game: Engine EndCannon3BigMuzzleBlast bb.effects.BigMuzzleBlast
Game: Engine GroundFire6E_Embersa1 dummy
Game: Engine GroundFire6E bb.effects.GroundFire
Game: Engine planefire1 bb.props.Fire
Game: Engine planefire bb.props.Fire
Game: Engine GroundFire6D bb.effects.GroundFire
Game: Engine GroundFire6D_Embersa1 dummy
Game: Engine sfFigment72 global.collectibles.SplineFigment
Game: Engine sfFigment73 global.collectibles.SplineFigment
Game: Engine sparks3sparks bb.effects.PlaneSparks
Game: Engine sparks1sparks bb.effects.PlaneSparks
Game: Engine sparks3 bb.props.PlaneSparks
Game: Engine sparks2sparks bb.effects.PlaneSparks
Game: Engine sparks2 bb.props.PlaneSparks
Game: Engine sparks1 bb.props.PlaneSparks
Game: Engine GroundFire6C_Embersa1 dummy
Game: Engine GroundFire6C bb.effects.GroundFire
Game: Engine planefire2 bb.props.Fire