Game: Engine Start GEN_dartstart
Game: Engine Dart Dart
Game: Engine RazLH_EntryFX global.props.Geometry
Game: Engine RankBling global.otherentities.RankBling
Game: Engine Logtunnelrespawn GEN_respawnpoint
Game: Engine BBLTOatmeal1 global.characters.Oatmeal
Game: Engine gio_Figment_0 global.collectibles.Figment
Game: Engine gio_Figment_1 global.collectibles.Figment
Game: Engine LogTunnelPointAmbienceSoundSource ScriptBase
Game: Engine gio_Figment_2 global.collectibles.Figment
Game: Engine sfFigment8 global.collectibles.SplineFigment
Game: Engine gio_Figment_3 global.collectibles.Figment
Game: Engine LogTrapRespawn GEN_respawnpoint
Game: Engine sfFigment9 global.collectibles.SplineFigment
Game: Engine Logrespawn3 global.props.DeathPlane
Game: Engine Logrespawn1 global.props.DeathPlane
Game: Engine Logrespawn global.props.DeathPlane
Game: Engine Logrespawn2 global.props.DeathPlane
Game: Engine BB_ToothRing5 BB_ToothRing
Game: Engine sfFigment7 global.collectibles.SplineFigment
Game: Engine BB_ToothRing4 BB_ToothRing
Game: Engine HeightFog global.otherentities.HeightFog
Game: Engine Coach bb.characters.Coach
Game: Engine InstaHintFord global.characters.InstaHintFord
Game: Engine BB_ToothRing3 BB_ToothRing
Game: Engine VictoryLog1 global.props.Geometry
Game: Engine PsiBlast0 PsiBlast
Game: Engine PsiBlast0DeflectedPsiBlast global.props.Geometry
Game: Engine PsiBlast1 PsiBlast
Game: Engine PsiBlast1DeflectedPsiBlast global.props.Geometry
Game: Engine PsiBlast2 PsiBlast
Game: Engine PsiBlast2DeflectedPsiBlast global.props.Geometry
Game: Engine PsiBlast3 PsiBlast
Game: Engine PsiBlast3DeflectedPsiBlast global.props.Geometry
Game: Engine PsiBlast4 PsiBlast
Game: Engine PsiBlast4DeflectedPsiBlast global.props.Geometry
Game: Engine PsiBlast5 PsiBlast
Game: Engine PsiBlast5DeflectedPsiBlast global.props.Geometry
Game: Engine Clairvoyance_Cloud ParticleEmitter
Game: Engine Dialog_Cloud ParticleEmitter
Game: Engine DialogBubble_SubCloud_0 ParticleEmitter
Game: Engine DialogBubble_SubCloud_1 ParticleEmitter
Game: Engine DialogBubble_SubCloud_2 ParticleEmitter
Game: Engine barbedwirelog2 global.props.Geometry
Game: Engine barbedwirelog1 global.props.Geometry
Game: Engine barbedwirelog14 global.props.Geometry
Game: Engine barbedwirelog4 global.props.Geometry
Game: Engine barbedwirelog3 global.props.Geometry
Game: Engine barbedwirelog7 global.props.Geometry
Game: Engine barbedwirelog6 global.props.Geometry
Game: Engine barbedwirelog5 global.props.Geometry
Game: Engine barbedwirelog10 global.props.Geometry
Game: Engine barbedwirelog9 global.props.Geometry
Game: Engine barbedwirelog8 global.props.Geometry
Game: Engine barbedwirelog13 global.props.Geometry
Game: Engine barbedwirelog12 global.props.Geometry
Game: Engine barbedwirelog11 global.props.Geometry
Game: Engine endroom global.props.Geometry
Game: Engine LedgeDirtFX49 global.effects.LedgeDirtFX
Game: Engine TelekinesisClaw1RazTKClawLine ParticleEmitter
Game: Engine ThoughtBubble ThoughtBubble
Game: Engine RazRH_SwishFX3 global.props.Geometry
Game: Engine RazRH_SwishFX2 global.props.Geometry
Game: Engine RazRH_SwishFX1 global.props.Geometry
Game: Engine MeleeCraneFX44 global.effects.MeleeCraneFX
Game: Engine MeleeFistFade43 global.effects.MeleeFistFade
Game: Engine PalmBombSuperHandsFX41 global.effects.PalmBombSuperHandsFX
Game: Engine TelekinesisClaw2RazTKClawLine ParticleEmitter
Game: Engine ambienceLogs global.sound.NoiseMaker
Game: Engine PalmBombSuperFX40 global.effects.PalmBombSuperFX
Game: Engine LogTunnelPointAmbience global.sound.PointAmbientSound
Game: Engine BunnyRoomDoor global.props.Geometry
Game: Engine ReturnBlocker global.props.Geometry
Game: Engine TelekinesisClaw1TKHolder dummy
Game: Engine RazLH_ShockFX global.props.DartShockwave
Game: Engine Thought_Bubble_Roll ParticleEmitter
Game: Engine RazLH_SwishFX4 global.props.Geometry
Game: Engine TelekinesisClaw1 TKClaw
Game: Engine TKClawRazTKClawLine ParticleEmitter
Game: Engine TKClawTKHolder dummy
Game: Engine TKClaw TKClaw
Game: Engine InvDisplayer global.otherentities.InvAdder
Game: Engine FigmentGlobals global.collectibles.FigmentGlobals
Game: Engine FireStartExplodeFX0 global.effects.FireStartExplodeFX
Game: Engine Global global.GlobalClass
Game: Engine RazPsiShield PsiShield
Game: Engine Decorator1 global.props.Decorator
Game: Engine PlayerInvulIndicator global.effects.RazDamageFX
Game: Engine RazPreDeathFX2 global.effects.RazPreDeathFX
Game: Engine RazRespawnFX3 global.effects.RazRespawnFX
Game: Engine Dart_FXa global.effects.InvisoEyeFX
Game: Engine Dart_FXb global.effects.PsiShieldFailFX
Game: Engine Dart_FXe global.effects.NoAmmoFX
Game: Engine RazLH_SwishFX3 global.props.Geometry
Game: Engine RazLH_SwishFX2 global.props.Geometry
Game: Engine RazLH_SwishFX1 global.props.Geometry
Game: Engine FireStartExplodeSuperFX4 global.effects.FireStartExplodeSuperFX
Game: Engine RazSteamRecoverFX5 global.effects.RazSteamRecoverFX
Game: Engine RazLH global.props.DartMeleeHand
Game: Engine RazRH global.props.DartMeleeHand
Game: Engine ClairCamUpdater6 global.otherentities.ClairCamUpdater
Game: Engine ConfusionGrenade8 global.props.ConfusionGrenade
Game: Engine ConfusionGrenade8_fx1 global.effects.ConfusionFuseFX
Game: Engine ConfusionGrenade8_fx2 global.effects.ConfusionBombFX
Game: Engine ConfusionGrenade8_fx2_StreakPopa1 dummy
Game: Engine BallPopFX9 global.effects.BallPopFX
Game: Engine ThoughtBubbleRings global.effects.PsiBallRingsFX
Game: Engine ThoughtBubbleBounce global.effects.PsiBallRingsBounceFX
Game: Engine ThoughtBubbleRings2 global.effects.PsiBallRingsFX
Game: Engine ThoughtBubbleBounce2 global.effects.PsiBallRingsBounceFX
Game: Engine ball_trail engine.BallTrail
Game: Engine ThoughtBubbleSpikes ScriptBase
Game: Engine PsiRailFXA global.effects.PsiRailFX
Game: Engine PsiBlastFXB global.effects.PsiBlastFX
Game: Engine TelekinesisClaw2TKHolder dummy
Game: Engine PsiBlastHitFXC global.effects.PsiBlastHitFX
Game: Engine PsiBlastAirHitD global.effects.PsiBlastAirHit
Game: Engine PsiBlastDeflectFXE global.effects.PsiBlastDeflectFX
Game: Engine PsiBlastHitSuperFXF global.effects.PsiBlastHitSuperFX
Game: Engine RailSlideMetalFX10 global.effects.RailSlideMetalFX
Game: Engine Thought_Bubble_Spring ParticleEmitter
Game: Engine Thought_SubCloud_2 ParticleEmitter
Game: Engine Thought_SubCloud_1 ParticleEmitter
Game: Engine PalmBombFX3F global.effects.PalmBombFX
Game: Engine MeleeFistFade3E global.effects.MeleeFistFade
Game: Engine MeleeHitNot3D global.effects.MeleeHitNot
Game: Engine Thought_SubCloud_0 ParticleEmitter
Game: Engine Thought_Cloud ParticleEmitter
Game: Engine SaltFX global.props.Geometry
Game: Engine ConfusionFX17 global.effects.ConfusionFX
Game: Engine ConfusionFX18 global.effects.ConfusionFX
Game: Engine ConfusionFX19 global.effects.ConfusionFX
Game: Engine ConfusionFX1A global.effects.ConfusionFX
Game: Engine ConfusionFX1B global.effects.ConfusionFX
Game: Engine ConfusionFX1C global.effects.ConfusionFX
Game: Engine ConfusionFX1D global.effects.ConfusionFX
Game: Engine ConfusionFX1E global.effects.ConfusionFX
Game: Engine HealthAmmo1F global.collectibles.HealthAmmo
Game: Engine HealthAmmo20 global.collectibles.HealthAmmo
Game: Engine HealthAmmo21 global.collectibles.HealthAmmo
Game: Engine ConfusionAmmo22 global.collectibles.ConfusionAmmo
Game: Engine ConfusionAmmo23 global.collectibles.ConfusionAmmo
Game: Engine ConfusionAmmo24 global.collectibles.ConfusionAmmo
Game: Engine PsiBlastAmmo25 global.collectibles.PsiBlastAmmo
Game: Engine PsiBlastAmmo26 global.collectibles.PsiBlastAmmo
Game: Engine PsiBlastAmmo27 global.collectibles.PsiBlastAmmo
Game: Engine ArrowheadAmmo28 global.collectibles.ArrowheadAmmo
Game: Engine ArrowheadAmmo29 global.collectibles.ArrowheadAmmo
Game: Engine ArrowheadAmmo2A global.collectibles.ArrowheadAmmo
Game: Engine bb.BBLTCutscenes bb.BBLTCutscenes
Game: Engine EZSceneTools2B global.camera.EZSceneTools
Game: Engine cutsceneEmoTag ScriptBase
Game: Engine WaterFXManager global.effects.WaterFXManager
Game: Engine RunningRippleFX global.effects.RunningRippleFX
Game: Engine WaterRingsFX global.effects.WaterRingsFX
Game: Engine SplashFX2C global.effects.SplashFX
Game: Engine SplashFX2C_Dropsa1 dummy
Game: Engine SplashFX2D global.effects.SplashFX
Game: Engine SplashFX2D_Dropsa1 dummy
Game: Engine SplashFX2E global.effects.SplashFX
Game: Engine SplashFX2E_Dropsa1 dummy
Game: Engine SplashFX2F global.effects.SplashFX
Game: Engine SplashFX2F_Dropsa1 dummy
Game: Engine SplashFX30 global.effects.SplashFX
Game: Engine SplashFX30_Dropsa1 dummy
Game: Engine WaterSplash31 global.effects.WaterSplash
Game: Engine WaterRingsFX32 global.effects.WaterRingsFX
Game: Engine WaterRingsFX33 global.effects.WaterRingsFX
Game: Engine baconPoofFX34 global.effects.baconPoofFX
Game: Engine TelekinesisClaw2 TKClaw
Game: Engine Tutorial bb.props.Tutorial
Game: Engine PutAwayFX35 global.effects.PutAwayFX
Game: Engine FigmentFX36 global.effects.FigmentFX
Game: Engine FigmentFX36_Mista1 dummy
Game: Engine RankUpFX37 global.effects.RankUpFX
Game: Engine RankUpFX37_Sparka1 dummy
Game: Engine RazPsiShieldFX global.effects.PsiShieldFX
Game: Engine Decorator38 global.props.Decorator
Game: Engine MeleeHit39 global.effects.MeleeHit
Game: Engine MeleeHit3A global.effects.MeleeHit
Game: Engine MeleeHit3B global.effects.MeleeHit
Game: Engine MeleeHitNot3C global.effects.MeleeHitNot
Game: Engine InterestFX13 global.effects.InterestFX
Game: Engine BB_CrazyLogs BB_CrazyLog
Game: Engine Dart_FXf_Streamersa1 dummy
Game: Engine Dart_FXf global.effects.invisibilityShockwaveFX
Game: Engine VictoryLog3 global.props.Geometry
Game: Engine VictoryLog6 global.props.Geometry
Game: Engine VictoryLog8 global.props.Geometry
Game: Engine BB_ToothRing2 BB_ToothRing
Game: Engine VictoryLog global.props.Geometry
Game: Engine BB_ToothRing1 BB_ToothRing
Game: Engine VictoryLog2 global.props.Geometry
Game: Engine VictoryLog4 global.props.Geometry
Game: Engine respawnpoint2 GEN_respawnpoint
Game: Engine deathplane global.props.DeathPlane
Game: Engine Cobweb4 global.collectibles.Cobweb
Game: Engine VictoryLog5 global.props.Geometry
Game: Engine VictoryLog7 global.props.Geometry
Game: Engine VictoryLog9 global.props.Geometry
Game: Engine SetFogAndZ global.otherentities.SetFogAndZ
Game: Engine VictoryRoomAmbSoundSource ScriptBase
Game: Engine respawnpoint3 GEN_respawnpoint
Game: Engine splRail0 global.props.Railslide
Game: Engine BB3_MirrorCam1 BB_MirrorCam
Game: Engine respawnpoint4 GEN_respawnpoint
Game: Engine VictoryRoomAmb global.sound.PointAmbientSound
Game: Engine CobWebSparkleFX11 global.effects.CobWebSparkleFX
Game: Engine Cobweb3 global.collectibles.Cobweb
Game: Engine ScriptBase45 ScriptBase
Game: Engine ScriptBase42 ScriptBase